./results/240620_124415/
{'apprentice_load_dir': '/workspace/_ext/data/models/amine250_reduced/XTransformer/240617_0319',
 'apprentice_sampling_batch_size': 16383,
 'apprentice_training_batch_size': 256,
 'apprentice_training_steps': 8,
 'benchmark_id': 15,
 'benchmark_type': 'amine',
 'dataset': 'amine250_reduced',
 'dataset_path': '/workspace/_ext/data/datasets/amine250_reduced/all.txt',
 'expert_sampling_batch_size': 1,
 'explainer_load_dir': None,
 'explainer_type': None,
 'genetic_experts': ['SMILES'],
 'learning_rate': 0.001,
 'logger_type': 'CommandLine',
 'max_sampling_batch_size': 1024,
 'max_smiles_length': 100,
 'model_type': 'XTransformer',
 'mutation_initial_rate': 0.01,
 'num_jobs': 8,
 'num_keep': 1024,
 'num_smiles_for_similarity': 100,
 'num_steps': 100,
 'project_qualified_name': '',
 'record_filtered': False,
 'sampling_strategy': 'softmax',
 'save_root': './results/',
 'seed': 404,
 'use_best': True,
 'use_cuda': True,
 'use_frozen_explainer': False,
 'use_initial': True}
benchmark_score
0.8055201886236371
[('CN1CCNCC1', 1.0), ('CN1CCNCCNCC1', 0.7179487179487178), ('[SiH4+106]N1CCNCC1', 0.6896551724137931), ('[SiH2+69]N1CCNCC1', 0.6896551724137931), ('[SiH+120]N1CCNCC1', 0.6896551724137931), ('[SH6+27]N1CCNCC1', 0.6896551724137931), ('[SH5+67]N1CCNCC1', 0.6896551724137931), ('[SH43+56]N1CCNCC1', 0.6896551724137931), ('[SH4+7]N1CCNCC1', 0.6896551724137931), ('[SH35+56]N1CCNCC1', 0.6896551724137931), ('[SH33+54]N1CCNCC1', 0.6896551724137931), ('[SH33+40]N1CCNCC1', 0.6896551724137931), ('[SH26+55]N1CCNCC1', 0.6896551724137931), ('[SH2+39]N1CCNCC1', 0.6896551724137931), ('[SH+57]N1CCNCC1', 0.6896551724137931), ('[SH+24]N1CCNCC1', 0.6896551724137931), ('[PH8+10]N1CCNCC1', 0.6896551724137931), ('[PH5+10]N1CCNCC1', 0.6896551724137931), ('[PH46+88]N1CCNCC1', 0.6896551724137931), ('[PH44+62]N1CCNCC1', 0.6896551724137931), ('[PH33+64]N1CCNCC1', 0.6896551724137931), ('[PH3+103]N1CCNCC1', 0.6896551724137931), ('[PH24+71]N1CCNCC1', 0.6896551724137931), ('[PH23+79]N1CCNCC1', 0.6896551724137931), ('[PH22+43]N1CCNCC1', 0.6896551724137931), ('[PH21+33]N1CCNCC1', 0.6896551724137931), ('[PH2+11]N1CCNCC1', 0.6896551724137931), ('[PH+85]N1CCNCC1', 0.6896551724137931), ('[PH+16]N1CCNCC1', 0.6896551724137931), ('[P+67]N1CCNCC1', 0.6896551724137931), ('[P+64]N1CCNCC1', 0.6896551724137931), ('[P+104]N1CCNCC1', 0.6896551724137931), ('[OH63+78]N1CCNCC1', 0.6896551724137931), ('[OH47+54]N1CCNCC1', 0.6896551724137931), ('[OH43+94]N1CCNCC1', 0.6896551724137931), ('[OH43+65]N1CCNCC1', 0.6896551724137931), ('[OH42+41]N1CCNCC1', 0.6896551724137931), ('[OH4+15]N1CCNCC1', 0.6896551724137931), ('[OH34+97]N1CCNCC1', 0.6896551724137931), ('[OH32+89]N1CCNCC1', 0.6896551724137931), ('[OH32+69]N1CCNCC1', 0.6896551724137931), ('[OH28+62]N1CCNCC1', 0.6896551724137931), ('[OH24+38]N1CCNCC1', 0.6896551724137931), ('[OH23+35]N1CCNCC1', 0.6896551724137931), ('[OH2+98]N1CCNCC1', 0.6896551724137931), ('[OH2+91]N1CCNCC1', 0.6896551724137931), ('[OH2+62]N1CCNCC1', 0.6896551724137931), ('[OH2+59]N1CCNCC1', 0.6896551724137931), ('[OH2+13]N1CCNCC1', 0.6896551724137931), ('[OH13+23]N1CCNCC1', 0.6896551724137931), ('[OH+89]N1CCNCC1', 0.6896551724137931), ('[OH+45]N1CCNCC1', 0.6896551724137931), ('[O+3]N1CCNCC1', 0.6896551724137931), ('[NH34+63]N1CCNCC1', 0.6896551724137931), ('[NH3+36]N1CCNCC1', 0.6896551724137931), ('[NH26+94]N1CCNCC1', 0.6896551724137931), ('[NH24+83]N1CCNCC1', 0.6896551724137931), ('[NH2+32]N1CCNCC1', 0.6896551724137931), ('[N+112]N1CCNCC1', 0.6896551724137931), ('[IH52+88]N1CCNCC1', 0.6896551724137931), ('[IH44+126]N1CCNCC1', 0.6896551724137931), ('[IH4+48]N1CCNCC1', 0.6896551724137931), ('[IH4+113]N1CCNCC1', 0.6896551724137931), ('[IH34+63]N1CCNCC1', 0.6896551724137931), ('[IH3+69]N1CCNCC1', 0.6896551724137931), ('[I+]N1CCNCC1', 0.6896551724137931), ('[I+64]N1CCNCC1', 0.6896551724137931), ('[I+45]N1CCNCC1', 0.6896551724137931), ('[I+18]N1CCNCC1', 0.6896551724137931), ('[ClH23+52]N1CCNCC1', 0.6896551724137931), ('[ClH2+77]N1CCNCC1', 0.6896551724137931), ('[Cl+73]N1CCNCC1', 0.6896551724137931), ('[Cl+53]N1CCNCC1', 0.6896551724137931), ('[CH6+45]N1CCNCC1', 0.6896551724137931), ('[CH5+42]N1CCNCC1', 0.6896551724137931), ('[CH48+93]N1CCNCC1', 0.6896551724137931), ('[CH43+49]N1CCNCC1', 0.6896551724137931), ('[CH4+90]N1CCNCC1', 0.6896551724137931), ('[CH38+55]N1CCNCC1', 0.6896551724137931), ('[CH36+60]N1CCNCC1', 0.6896551724137931), ('[CH34+125]N1CCNCC1', 0.6896551724137931), ('[CH33+39]N1CCNCC1', 0.6896551724137931), ('[CH32+79]N1CCNCC1', 0.6896551724137931), ('[CH3+95]N1CCNCC1', 0.6896551724137931), ('[CH3+13]N1CCNCC1', 0.6896551724137931), ('[CH3+107]N1CCNCC1', 0.6896551724137931), ('[CH3+105]N1CCNCC1', 0.6896551724137931), ('[CH25+87]N1CCNCC1', 0.6896551724137931), ('[CH24+39]N1CCNCC1', 0.6896551724137931), ('[CH23+76]N1CCNCC1', 0.6896551724137931), ('[CH23+62]N1CCNCC1', 0.6896551724137931), ('[CH2+54]N1CCNCC1', 0.6896551724137931), ('[CH2+43]N1CCNCC1', 0.6896551724137931), ('[CH2+10]N1CCNCC1', 0.6896551724137931), ('[CH+86]N1CCNCC1', 0.6896551724137931), ('[CH+125]N1CCNCC1', 0.6896551724137931), ('[BH-106]N1CCNCC1', 0.6896551724137931), ('[B-92]N1CCNCC1', 0.6896551724137931), ('[B-88]N1CCNCC1', 0.6896551724137931), ('[B-86]N1CCNCC1', 0.6896551724137931)]
