./results/240620_072149/
{'apprentice_load_dir': '/workspace/_ext/data/models/amine250_reduced/XTransformer/240617_0319',
 'apprentice_sampling_batch_size': 16383,
 'apprentice_training_batch_size': 256,
 'apprentice_training_steps': 8,
 'benchmark_id': 12,
 'benchmark_type': 'amine',
 'dataset': 'amine250_reduced',
 'dataset_path': '/workspace/_ext/data/datasets/amine250_reduced/all.txt',
 'expert_sampling_batch_size': 1,
 'explainer_load_dir': None,
 'explainer_type': None,
 'genetic_experts': ['SMILES'],
 'learning_rate': 0.001,
 'logger_type': 'CommandLine',
 'max_sampling_batch_size': 1024,
 'max_smiles_length': 100,
 'model_type': 'XTransformer',
 'mutation_initial_rate': 0.01,
 'num_jobs': 8,
 'num_keep': 1024,
 'num_smiles_for_similarity': 100,
 'num_steps': 100,
 'project_qualified_name': '',
 'record_filtered': False,
 'sampling_strategy': 'softmax',
 'save_root': './results/',
 'seed': 404,
 'use_best': True,
 'use_cuda': True,
 'use_frozen_explainer': False,
 'use_initial': True}
benchmark_score
0.8369534050179217
[('CC(C)NCCCO', 1.0), ('CC(C)NCCCCO', 0.9032258064516128), ('[CH2+69]C(C)NCCCO', 0.7311827956989246), ('[CH2+54]C(C)NCCCO', 0.7311827956989246), ('[C+43]C(C)NCCCO', 0.7311827956989246), ('[C+120]C(C)NCCCO', 0.7311827956989246), ('[BH9-116]C(C)NCCCO', 0.7311827956989246), ('[BH8-87]C(C)NCCCO', 0.7311827956989246), ('[BH8-44]C(C)NCCCO', 0.7311827956989246), ('[BH7-75]C(C)NCCCO', 0.7311827956989246), ('[BH7-28]C(C)NCCCO', 0.7311827956989246), ('[BH6-86]C(C)NCCCO', 0.7311827956989246), ('[BH4-125]C(C)NCCCO', 0.7311827956989246), ('[BH2-36]C(C)NCCCO', 0.7311827956989246), ('[BH2-20]C(C)NCCCO', 0.7311827956989246), ('[BH-94]C(C)NCCCO', 0.7311827956989246), ('[BH-6]C(C)NCCCO', 0.7311827956989246), ('[BH-60]C(C)NCCCO', 0.7311827956989246), ('[BH-119]C(C)NCCCO', 0.7311827956989246), ('[BH-117]C(C)NCCCO', 0.7311827956989246), ('[B-55]C(C)NCCCO', 0.7311827956989246), ('[B-123]C(C)NCCCO', 0.7311827956989246), ('CC([SeH6+123])NCCCO', 0.7311827956989246), ('CC([SeH4+82])NCCCO', 0.7311827956989246), ('CC([SeH2+33])NCCCO', 0.7311827956989246), ('CC([SeH2+116])NCCCO', 0.7311827956989246), ('CC([Se+97])NCCCO', 0.7311827956989246), ('CC([Se+22])NCCCO', 0.7311827956989246), ('CC([Se+19])NCCCO', 0.7311827956989246), ('CC([Se+10])NCCCO', 0.7311827956989246), ('CC([SH3+27])NCCCO', 0.7311827956989246), ('CC([SH3+12])NCCCO', 0.7311827956989246), ('CC([SH+2])NCCCO', 0.7311827956989246), ('CC([S+43])NCCCO', 0.7311827956989246), ('CC([PH6+29])NCCCO', 0.7311827956989246), ('CC([PH4+2])NCCCO', 0.7311827956989246), ('CC([PH4+28])NCCCO', 0.7311827956989246), ('CC([PH3+13])NCCCO', 0.7311827956989246), ('CC([PH2+81])NCCCO', 0.7311827956989246), ('CC([PH2+2])NCCCO', 0.7311827956989246), ('CC([P+12])NCCCO', 0.7311827956989246), ('CC([OH8+21])NCCCO', 0.7311827956989246), ('CC([OH7+37])NCCCO', 0.7311827956989246), ('CC([OH7+115])NCCCO', 0.7311827956989246), ('CC([OH2+62])NCCCO', 0.7311827956989246), ('CC([OH+113])NCCCO', 0.7311827956989246), ('CC([O+2])NCCCO', 0.7311827956989246), ('CC([O+14])NCCCO', 0.7311827956989246), ('CC([NH9+63])NCCCO', 0.7311827956989246), ('CC([NH7+82])NCCCO', 0.7311827956989246), ('CC([NH3+12])NCCCO', 0.7311827956989246), ('CC([NH2+24])NCCCO', 0.7311827956989246), ('CC([NH+16])NCCCO', 0.7311827956989246), ('CC([NH+118])NCCCO', 0.7311827956989246), ('CC([IH9+117])NCCCO', 0.7311827956989246), ('CC([IH8+62])NCCCO', 0.7311827956989246), ('CC([IH8+102])NCCCO', 0.7311827956989246), ('CC([IH7+71])NCCCO', 0.7311827956989246), ('CC([IH7+117])NCCCO', 0.7311827956989246), ('CC([IH7+102])NCCCO', 0.7311827956989246), ('CC([IH6+52])NCCCO', 0.7311827956989246), ('CC([IH6+32])NCCCO', 0.7311827956989246), ('CC([IH4+14])NCCCO', 0.7311827956989246), ('CC([IH3+24])NCCCO', 0.7311827956989246), ('CC([IH2+126])NCCCO', 0.7311827956989246), ('CC([IH+52])NCCCO', 0.7311827956989246), ('CC([IH+124])NCCCO', 0.7311827956989246), ('CC([I+61])NCCCO', 0.7311827956989246), ('CC([FH9+91])NCCCO', 0.7311827956989246), ('CC([FH7+41])NCCCO', 0.7311827956989246), ('CC([FH6+11])NCCCO', 0.7311827956989246), ('CC([FH6+101])NCCCO', 0.7311827956989246), ('CC([FH3+127])NCCCO', 0.7311827956989246), ('CC([F+100])NCCCO', 0.7311827956989246), ('CC([ClH3+119])NCCCO', 0.7311827956989246), ('CC([ClH3+118])NCCCO', 0.7311827956989246), ('CC([ClH+])NCCCO', 0.7311827956989246), ('CC([CH8+92])NCCCO', 0.7311827956989246), ('CC([CH8+31])NCCCO', 0.7311827956989246), ('CC([CH8+116])NCCCO', 0.7311827956989246), ('CC([CH7+15])NCCCO', 0.7311827956989246), ('CC([CH6+75])NCCCO', 0.7311827956989246), ('CC([CH6+33])NCCCO', 0.7311827956989246), ('CC([CH5+82])NCCCO', 0.7311827956989246), ('CC([CH3+17])NCCCO', 0.7311827956989246), ('CC([CH3+12])NCCCO', 0.7311827956989246), ('CC([BrH8+51])NCCCO', 0.7311827956989246), ('CC([BrH6+82])NCCCO', 0.7311827956989246), ('CC([BrH6+38])NCCCO', 0.7311827956989246), ('CC([BrH6+126])NCCCO', 0.7311827956989246), ('CC([BrH5+111])NCCCO', 0.7311827956989246), ('CC([BrH5+102])NCCCO', 0.7311827956989246), ('CC([BrH4+23])NCCCO', 0.7311827956989246), ('CC([BrH4+102])NCCCO', 0.7311827956989246), ('CC([BrH3+92])NCCCO', 0.7311827956989246), ('CC([BrH3+89])NCCCO', 0.7311827956989246), ('CC([BrH3+44])NCCCO', 0.7311827956989246), ('CC([BrH3+43])NCCCO', 0.7311827956989246), ('CC([BrH2+123])NCCCO', 0.7311827956989246), ('CC([Br+112])NCCCO', 0.7311827956989246)]
