./results/240620_164639/
{'apprentice_load_dir': '/workspace/_ext/data/models/amine250_reduced/XTransformer/240617_0319',
 'apprentice_sampling_batch_size': 16383,
 'apprentice_training_batch_size': 256,
 'apprentice_training_steps': 8,
 'benchmark_id': 17,
 'benchmark_type': 'amine',
 'dataset': 'amine250_reduced',
 'dataset_path': '/workspace/_ext/data/datasets/amine250_reduced/all.txt',
 'expert_sampling_batch_size': 1,
 'explainer_load_dir': None,
 'explainer_type': None,
 'genetic_experts': ['SMILES'],
 'learning_rate': 0.001,
 'logger_type': 'CommandLine',
 'max_sampling_batch_size': 1024,
 'max_smiles_length': 100,
 'model_type': 'XTransformer',
 'mutation_initial_rate': 0.01,
 'num_jobs': 8,
 'num_keep': 1024,
 'num_smiles_for_similarity': 100,
 'num_steps': 100,
 'project_qualified_name': '',
 'record_filtered': False,
 'sampling_strategy': 'softmax',
 'save_root': './results/',
 'seed': 404,
 'use_best': True,
 'use_cuda': True,
 'use_frozen_explainer': False,
 'use_initial': True}
benchmark_score
0.7661591942820016
[('C1CNCCN1', 1.0), ('C1CNCCNC1', 0.7555555555555555), ('C1CNCNCCN1', 0.7272727272727272), ('C1CNCCNCCN1', 0.7037037037037037), ('C1CCNCCNC1', 0.6666666666666666), ('C1CNCCNNCCN1', 0.6333333333333333), ('C1CNCCNCCNC1', 0.6333333333333333), ('C1CNCN1', 0.611111111111111), ('[BH4-76]1CNCCNCCN1', 0.5964912280701754), ('[BH3-103]1CNCCNCCN1', 0.5964912280701754), ('[B-49]1CNCCNCCN1', 0.5964912280701754), ('[B-15]1CNCCNCCN1', 0.5964912280701754), ('C1CNC[SiH9+73]NCCN1', 0.5964912280701754), ('C1CNC[SiH89+125]NCCN1', 0.5964912280701754), ('C1CNC[SiH7+13]NCCN1', 0.5964912280701754), ('C1CNC[SiH7+119]NCCN1', 0.5964912280701754), ('C1CNC[SiH7+112]NCCN1', 0.5964912280701754), ('C1CNC[SiH4+67]NCCN1', 0.5964912280701754), ('C1CNC[SiH3+122]NCCN1', 0.5964912280701754), ('C1CNC[SiH+18]NCCN1', 0.5964912280701754), ('C1CNC[Si+67]NCCN1', 0.5964912280701754), ('C1CNC[SH7+121]NCCN1', 0.5964912280701754), ('C1CNC[SH7+107]NCCN1', 0.5964912280701754), ('C1CNC[SH4+37]NCCN1', 0.5964912280701754), ('C1CNC[SH2+85]NCCN1', 0.5964912280701754), ('C1CNC[SH2+123]NCCN1', 0.5964912280701754), ('C1CNC[S+32]NCCN1', 0.5964912280701754), ('C1CNC[PH87+116]NCCN1', 0.5964912280701754), ('C1CNC[PH8+13]NCCN1', 0.5964912280701754), ('C1CNC[PH7+13]NCCN1', 0.5964912280701754), ('C1CNC[PH5+18]NCCN1', 0.5964912280701754), ('C1CNC[PH2+27]NCCN1', 0.5964912280701754), ('C1CNC[PH2+114]NCCN1', 0.5964912280701754), ('C1CNC[P+22]NCCN1', 0.5964912280701754), ('C1CNC[OH9+41]NCCN1', 0.5964912280701754), ('C1CNC[OH9+33]NCCN1', 0.5964912280701754), ('C1CNC[OH8+50]NCCN1', 0.5964912280701754), ('C1CNC[OH8+32]NCCN1', 0.5964912280701754), ('C1CNC[OH6+46]NCCN1', 0.5964912280701754), ('C1CNC[OH6+16]NCCN1', 0.5964912280701754), ('C1CNC[OH5+49]NCCN1', 0.5964912280701754), ('C1CNC[OH4+33]NCCN1', 0.5964912280701754), ('C1CNC[OH3+69]NCCN1', 0.5964912280701754), ('C1CNC[OH2+80]NCCN1', 0.5964912280701754), ('C1CNC[OH+12]NCCN1', 0.5964912280701754), ('C1CNC[O+93]NCCN1', 0.5964912280701754), ('C1CNC[O+36]NCCN1', 0.5964912280701754), ('C1CNC[O+103]NCCN1', 0.5964912280701754), ('C1CNC[NH9+9]NCCN1', 0.5964912280701754), ('C1CNC[NH5+115]NCCN1', 0.5964912280701754), ('C1CNC[N+3]NCCN1', 0.5964912280701754), ('C1CNC[N+26]NCCN1', 0.5964912280701754), ('C1CNC[N+106]NCCN1', 0.5964912280701754), ('C1CNC[IH7+17]NCCN1', 0.5964912280701754), ('C1CNC[IH6+48]NCCN1', 0.5964912280701754), ('C1CNC[IH6+115]NCCN1', 0.5964912280701754), ('C1CNC[IH3+124]NCCN1', 0.5964912280701754), ('C1CNC[IH2+93]NCCN1', 0.5964912280701754), ('C1CNC[IH2+6]NCCN1', 0.5964912280701754), ('C1CNC[IH+69]NCCN1', 0.5964912280701754), ('C1CNC[I+70]NCCN1', 0.5964912280701754), ('C1CNC[I+22]NCCN1', 0.5964912280701754), ('C1CNC[FH88+121]NCCN1', 0.5964912280701754), ('C1CNC[FH7+122]NCCN1', 0.5964912280701754), ('C1CNC[FH6+123]NCCN1', 0.5964912280701754), ('C1CNC[FH5+47]NCCN1', 0.5964912280701754), ('C1CNC[FH4+127]NCCN1', 0.5964912280701754), ('C1CNC[FH4+123]NCCN1', 0.5964912280701754), ('C1CNC[ClH82+95]NCCN1', 0.5964912280701754), ('C1CNC[ClH7+117]NCCN1', 0.5964912280701754), ('C1CNC[ClH6+47]NCCN1', 0.5964912280701754), ('C1CNC[ClH6+21]NCCN1', 0.5964912280701754), ('C1CNC[ClH4+25]NCCN1', 0.5964912280701754), ('C1CNC[ClH4+121]NCCN1', 0.5964912280701754), ('C1CNC[ClH3+93]NCCN1', 0.5964912280701754), ('C1CNC[ClH3+86]NCCN1', 0.5964912280701754), ('C1CNC[ClH3+60]NCCN1', 0.5964912280701754), ('C1CNC[ClH3+44]NCCN1', 0.5964912280701754), ('C1CNC[ClH3+15]NCCN1', 0.5964912280701754), ('C1CNC[ClH2+68]NCCN1', 0.5964912280701754), ('C1CNC[ClH+82]NCCN1', 0.5964912280701754), ('C1CNC[BrH9+97]NCCN1', 0.5964912280701754), ('C1CNC[BrH9+73]NCCN1', 0.5964912280701754), ('C1CNC[BrH9+37]NCCN1', 0.5964912280701754), ('C1CNC[BrH9+21]NCCN1', 0.5964912280701754), ('C1CNC[BrH89+112]NCCN1', 0.5964912280701754), ('C1CNC[BrH7+47]NCCN1', 0.5964912280701754), ('C1CNC[BrH6+77]NCCN1', 0.5964912280701754), ('C1CNC[BrH4+39]NCCN1', 0.5964912280701754), ('C1CNC[BrH4+17]NCCN1', 0.5964912280701754), ('C1CNC[BrH4+106]NCCN1', 0.5964912280701754), ('C1CNC[BrH3+86]NCCN1', 0.5964912280701754), ('C1CNC[BrH3+120]NCCN1', 0.5964912280701754), ('C1CNC[BrH2+4]NCCN1', 0.5964912280701754), ('C1CNC[BrH2+14]NCCN1', 0.5964912280701754), ('C1CNC[BrH2+122]NCCN1', 0.5964912280701754), ('C1CNC[Br+25]NCCN1', 0.5964912280701754), ('C1CNCC[PH3+]CCN1', 0.5964912280701754), ('C1CNCC[IH+72]CCN1', 0.5964912280701754), ('C1CNCCNCC[N+3]1', 0.5964912280701754)]
