./results/240620_190545/
{'apprentice_load_dir': '/workspace/_ext/data/models/amine250_reduced/XTransformer/240617_0319',
 'apprentice_sampling_batch_size': 16383,
 'apprentice_training_batch_size': 256,
 'apprentice_training_steps': 8,
 'benchmark_id': 18,
 'benchmark_type': 'amine',
 'dataset': 'amine250_reduced',
 'dataset_path': '/workspace/_ext/data/datasets/amine250_reduced/all.txt',
 'expert_sampling_batch_size': 1,
 'explainer_load_dir': None,
 'explainer_type': None,
 'genetic_experts': ['SMILES'],
 'learning_rate': 0.001,
 'logger_type': 'CommandLine',
 'max_sampling_batch_size': 1024,
 'max_smiles_length': 100,
 'model_type': 'XTransformer',
 'mutation_initial_rate': 0.01,
 'num_jobs': 8,
 'num_keep': 1024,
 'num_smiles_for_similarity': 100,
 'num_steps': 100,
 'project_qualified_name': '',
 'record_filtered': False,
 'sampling_strategy': 'softmax',
 'save_root': './results/',
 'seed': 404,
 'use_best': True,
 'use_cuda': True,
 'use_frozen_explainer': False,
 'use_initial': True}
benchmark_score
0.8625119126448954
[('NCCN1CCNCC1', 1.0), ('NCCCN1CCNCC1', 0.923076923076923), ('NCCN1CCCNCC1', 0.8780487804878049), ('SCCN1CCNCC1', 0.8421052631578947), ('BrCCN1CCNCC1', 0.8421052631578947), ('NCN1CCNCC1', 0.838095238095238), ('NCCCCN1CCNCC1', 0.8372093023255813), ('NBCCN1CCNCC1', 0.8130081300813008), ('NP(Br)CCN1CCNCC1', 0.7751937984496124), ('NN(N)CCN1CCNCC1', 0.7751937984496124), ('NN(Br)CCN1CCNCC1', 0.7751937984496124), ('NC(N)CCN1CCNCC1', 0.7751937984496124), ('NC(F)CCN1CCNCC1', 0.7751937984496124), ('NC(Br)CCN1CCNCC1', 0.7751937984496124), ('NB(N)CCN1CCNCC1', 0.7751937984496124), ('N=[N+](N)CCN1CCNCC1', 0.7751937984496124), ('NCC[IH+]CCN1CCNCC1', 0.7659574468085106), ('[P-][N+]CCN1CCNCC1', 0.7619047619047619), ('ClNCCN1CCNCC1', 0.7619047619047619), ('NC[P+3](Br)CCN1CCNCC1', 0.753623188405797), ('N[PH](Br)(Br)CCN1CCNCC1', 0.7407407407407407), ('N[P-](Br)(Br)CCN1CCNCC1', 0.7407407407407407), ('N[P+](Br)(Br)CCN1CCNCC1', 0.7407407407407407), ('N[P+](=O)([P-])CCN1CCNCC1', 0.7407407407407407), ('N[N+](F)(Br)CCN1CCNCC1', 0.7407407407407407), ('N[N+](Br)(Br)CCN1CCNCC1', 0.7407407407407407), ('NS(Cl)(Br)CCN1CCNCC1', 0.7407407407407407), ('NS(Br)(Br)CCN1CCNCC1', 0.7407407407407407), ('NOCCCN1CCNCC1', 0.7407407407407407), ('NC(N)(Br)CCN1CCNCC1', 0.7407407407407407), ('NC(F)(F)CCN1CCNCC1', 0.7407407407407407), ('NC(F)(Br)CCN1CCNCC1', 0.7407407407407407), ('NC(Cl)(Br)CCN1CCNCC1', 0.7407407407407407), ('NC(Br)(Br)CCN1CCNCC1', 0.7407407407407407), ('NCCN(N)CCN1CCNCC1', 0.7346938775510203), ('[P-][PH](Br)CCN1CCNCC1', 0.7272727272727272), ('ClC(Br)CCN1CCNCC1', 0.7272727272727272), ('C[N+3](Br)CCN1CCNCC1', 0.7272727272727272), ('Br[P-](Br)CCN1CCNCC1', 0.7272727272727272), ('BrC(Br)CCN1CCNCC1', 0.7272727272727272), ('N[SH]1[B][PH2+]1CCN1CCNCC1', 0.7092198581560283), ('N[S+]1[N][N+]1CCN1CCNCC1', 0.7092198581560283), ('N[S+]1[N][N+33]1CCN1CCNCC1', 0.7092198581560283), ('N[S+]1O[SH2+]1CCN1CCNCC1', 0.7092198581560283), ('N[S+]1=[N+]N1CCN1CCNCC1', 0.7092198581560283), ('N[S+]1=[I+][N+]1CCN1CCNCC1', 0.7092198581560283), ('N[S+2]1[N+2]N1CCN1CCNCC1', 0.7092198581560283), ('N[S+22]1[N+][NH+]1CCN1CCNCC1', 0.7092198581560283), ('N[PH]1[I][IH]1CCN1CCNCC1', 0.7092198581560283), ('N[PH]1=C[PH]1CCN1CCNCC1', 0.7092198581560283), ('N[PH2+]1[N+2]N1CCN1CCNCC1', 0.7092198581560283), ('N[PH+]1[N+][NH+]1CCN1CCNCC1', 0.7092198581560283), ('N[P+]1N[N+33]1CCN1CCNCC1', 0.7092198581560283), ('N[P+2]1[N+][S]1CCN1CCNCC1', 0.7092198581560283), ('N[N+]1[P-]N1CCN1CCNCC1', 0.7092198581560283), ('N[N+]1[NH+][IH]1CCN1CCNCC1', 0.7092198581560283), ('N[N+]1[I-]N1CCN1CCNCC1', 0.7092198581560283), ('N[N+]1C[NH+23]1CCN1CCNCC1', 0.7092198581560283), ('N[N+]1=[I+]N1CCN1CCNCC1', 0.7092198581560283), ('N[N+3]1[N+3][N+23]1CCN1CCNCC1', 0.7092198581560283), ('N[N+2]1O[PH2+]1CCN1CCNCC1', 0.7092198581560283), ('NP1[N][NH+]1CCN1CCNCC1', 0.7092198581560283), ('NP1[N+3][PH]1CCN1CCNCC1', 0.7092198581560283), ('NP1[N+33][NH3+3]1CCN1CCNCC1', 0.7092198581560283), ('NP1P[S+32]1CCN1CCNCC1', 0.7092198581560283), ('NP1P[IH2]1CCN1CCNCC1', 0.7092198581560283), ('NP1O[P-]1CCN1CCNCC1', 0.7092198581560283), ('NP1N[N+23]1CCN1CCNCC1', 0.7092198581560283), ('NN1[P][S+22]1CCN1CCNCC1', 0.7092198581560283), ('NN1[P][P-3]1CCN1CCNCC1', 0.7092198581560283), ('NN1P[PH3]1CCN1CCNCC1', 0.7092198581560283), ('NN1O[NH2+2]1CCN1CCNCC1', 0.7092198581560283), ('NN1C[PH2+]1CCN1CCNCC1', 0.7092198581560283), ('NN1C=[I+2]1CCN1CCNCC1', 0.7092198581560283), ('NI1[N][PH]1CCN1CCNCC1', 0.7092198581560283), ('NC1[NH2+2]=[IH]1CCN1CCNCC1', 0.7092198581560283), ('NC1[NH+]=[N+]1CCN1CCNCC1', 0.7092198581560283), ('NC1[NH+3][S+3]1CCN1CCNCC1', 0.7092198581560283), ('NC1[NH+33]N1CCN1CCNCC1', 0.7092198581560283), ('NC1[N+][S-]1CCN1CCNCC1', 0.7092198581560283), ('NC1[N+][NH+2]1CCN1CCNCC1', 0.7092198581560283), ('NC1[N+][I+2]1CCN1CCNCC1', 0.7092198581560283), ('NC1[N+23][IH+]1CCN1CCNCC1', 0.7092198581560283), ('NC1[N+117]B1CCN1CCNCC1', 0.7092198581560283), ('NC1[IH]C1CCN1CCNCC1', 0.7092198581560283), ('NC1[Cl+33][P+]1CCN1CCNCC1', 0.7092198581560283), ('NC1[Cl+22]B1CCN1CCNCC1', 0.7092198581560283), ('NC1P[PH2+]1CCN1CCNCC1', 0.7092198581560283), ('NC1O[IH+2]1CCN1CCNCC1', 0.7092198581560283), ('NC1N[NH+2]1CCN1CCNCC1', 0.7092198581560283), ('NC1C[PH2+]1CCN1CCNCC1', 0.7092198581560283), ('NC1=[SH]N1CCN1CCNCC1', 0.7092198581560283), ('NC1=BN1CCN1CCNCC1', 0.7092198581560283), ('NB1[N][P+22]1CCN1CCNCC1', 0.7092198581560283), ('NB1[I][IH+]1CCN1CCNCC1', 0.7092198581560283), ('NB1N=[SH+23]1CCN1CCNCC1', 0.7092198581560283), ('NB1N=[N+37]1CCN1CCNCC1', 0.7092198581560283), ('NB1C[P+3]1CCN1CCNCC1', 0.7092198581560283), ('NB1C[P+2]1CCN1CCNCC1', 0.7092198581560283), ('NB1C=[PH2+]1CCN1CCNCC1', 0.7092198581560283)]
