./results/240621_012518/
{'apprentice_load_dir': '/workspace/_ext/data/models/amine250_reduced/XTransformer/240617_0319',
 'apprentice_sampling_batch_size': 16383,
 'apprentice_training_batch_size': 256,
 'apprentice_training_steps': 8,
 'benchmark_id': 21,
 'benchmark_type': 'amine',
 'dataset': 'amine250_reduced',
 'dataset_path': '/workspace/_ext/data/datasets/amine250_reduced/all.txt',
 'expert_sampling_batch_size': 1,
 'explainer_load_dir': None,
 'explainer_type': None,
 'genetic_experts': ['SMILES'],
 'learning_rate': 0.001,
 'logger_type': 'CommandLine',
 'max_sampling_batch_size': 1024,
 'max_smiles_length': 100,
 'model_type': 'XTransformer',
 'mutation_initial_rate': 0.01,
 'num_jobs': 8,
 'num_keep': 1024,
 'num_smiles_for_similarity': 100,
 'num_steps': 100,
 'project_qualified_name': '',
 'record_filtered': False,
 'sampling_strategy': 'softmax',
 'save_root': './results/',
 'seed': 404,
 'use_best': True,
 'use_cuda': True,
 'use_frozen_explainer': False,
 'use_initial': True}
benchmark_score
0.36428802717102454
[('OCCOCCN(CO)CCN1CCCCC1', 0.3776316112335101), ('OCCOCCN(CF)CCN1CCCCC1', 0.3776316112335101), ('OCCOCCN(CBr)CCN1CCCCC1', 0.3776316112335101), ('OCCOCCN1CCCCC1', 0.3698352545411534), ('OCCOCCN(CO)CN1CCCCC1', 0.3694056772316881), ('OCCOCCN(CF)CN1CCCCC1', 0.3694056772316881), ('OCCOCCN(CBr)CN1CCCCC1', 0.3694056772316881), ('OCCOCCN(O)CCN1CCCCC1', 0.36182405589669797), ('OCCOCCN(F)CCN1CCCCC1', 0.36182405589669797), ('OCCOCCN(Br)CCN1CCCCC1', 0.36182405589669797), ('NN(CCOCCO)CCN1CCCCC1', 0.36182405589669797), ('OCCOCCCN1CCCCC1', 0.3582488604159193), ('OCCOCCN(CCO)CCN1CCCCC1', 0.35645311547160274), ('OCCOCCN(CCN1CCCCC1)CNO', 0.35645311547160274), ('OCCOCCN(CCF)CCN1CCCCC1', 0.35645311547160274), ('OCCOCCN(CO)CCN1CCCC1', 0.3481952815242834), ('OCCOCCN(CF)CCN1CCCC1', 0.3481952815242834), ('OCCOCCN(CBr)CCN1CCCC1', 0.3481952815242834), ('OCCOCCN(COF)CN1CCCCC1', 0.34797229380911426), ('OCCOCCN(COBr)CN1CCCCC1', 0.34797229380911426), ('OCCOCCN(CCO)CN1CCCCC1', 0.34797229380911426), ('OCCOCCN(CCF)CN1CCCCC1', 0.34797229380911426), ('OCCOCCN(CCBr)CN1CCCCC1', 0.34797229380911426), ('OCCOCCCCN1CCCCC1', 0.3477766763323707), ('OCCOCCN(CCN1CCCCC1)NO', 0.3460076354414506), ('OCCOCCN(CCN1CCCCC1)NF', 0.3460076354414506), ('[N+100]N(CCOCCO)CN1CCCCC1', 0.3429971702850177), ('OCCOCCN(O)CN1CCCCC1', 0.3429971702850177), ('OCCOCCN(F)CN1CCCCC1', 0.3429971702850177), ('OCCOCCN(Cl)CN1CCCCC1', 0.3429971702850177), ('OCCOCCN(Br)CN1CCCCC1', 0.3429971702850177), ('NN(CCOCCO)CN1CCCCC1', 0.3429971702850177), ('OCCOCCN1CCCC1', 0.34135820442581066), ('OCCOCCN(O)[SiH81+104]CCN1CCCCC1', 0.3410391360352831), ('OCCOCCN(O)[SiH46+74]CCN1CCCCC1', 0.3410391360352831), ('OCCOCCN(O)[SiH4+112]CCN1CCCCC1', 0.3410391360352831), ('OCCOCCN(O)[SiH27+61]CCN1CCCCC1', 0.3410391360352831), ('OCCOCCN(O)[SiH17+17]CCN1CCCCC1', 0.3410391360352831), ('OCCOCCN(O)[SiH14+12]CCN1CCCCC1', 0.3410391360352831), ('OCCOCCN(O)[SiH12+60]CCN1CCCCC1', 0.3410391360352831), ('OCCOCCN(O)[Si+108]CCN1CCCCC1', 0.3410391360352831), ('OCCOCCN(O)[OH4+101]CCN1CCCCC1', 0.3410391360352831), ('OCCOCCN(O)[OH35+109]CCN1CCCCC1', 0.3410391360352831), ('OCCOCCN(O)[OH28+119]CCN1CCCCC1', 0.3410391360352831), ('OCCOCCN(O)[OH27+104]CCN1CCCCC1', 0.3410391360352831), ('OCCOCCN(O)[OH19+92]CCN1CCCCC1', 0.3410391360352831), ('OCCOCCN(O)[OH18+72]CCN1CCCCC1', 0.3410391360352831), ('OCCOCCN(O)[NH82+113]CCN1CCCCC1', 0.3410391360352831), ('OCCOCCN(O)[NH5+121]CCN1CCCCC1', 0.3410391360352831), ('OCCOCCN(O)[NH41+49]CCN1CCCCC1', 0.3410391360352831), ('OCCOCCN(O)[NH21+83]CCN1CCCCC1', 0.3410391360352831), ('OCCOCCN(O)[NH14+68]CCN1CCCCC1', 0.3410391360352831), ('OCCOCCN(O)[IH85+121]CCN1CCCCC1', 0.3410391360352831), ('OCCOCCN(O)[IH62+101]CCN1CCCCC1', 0.3410391360352831), ('OCCOCCN(O)[IH61+119]CCN1CCCCC1', 0.3410391360352831), ('OCCOCCN(O)[IH6+21]CCN1CCCCC1', 0.3410391360352831), ('OCCOCCN(O)[IH51+85]CCN1CCCCC1', 0.3410391360352831), ('OCCOCCN(O)[IH45+119]CCN1CCCCC1', 0.3410391360352831), ('OCCOCCN(O)[IH41+104]CCN1CCCCC1', 0.3410391360352831), ('OCCOCCN(O)[IH31+80]CCN1CCCCC1', 0.3410391360352831), ('OCCOCCN(O)[IH16+50]CCN1CCCCC1', 0.3410391360352831), ('OCCOCCN(O)[IH12+104]CCN1CCCCC1', 0.3410391360352831), ('OCCOCCN(O)[IH11+127]CCN1CCCCC1', 0.3410391360352831), ('OCCOCCN(O)[IH+]CCN1CCCCC1', 0.3410391360352831), ('OCCOCCN(O)[IH+43]CCN1CCCCC1', 0.3410391360352831), ('OCCOCCN(O)[I+80]CCN1CCCCC1', 0.3410391360352831), ('OCCOCCN(O)[ClH73+107]CCN1CCCCC1', 0.3410391360352831), ('OCCOCCN(O)[ClH15+18]CCN1CCCCC1', 0.3410391360352831), ('OCCOCCN(O)[ClH12+121]CCN1CCCCC1', 0.3410391360352831), ('OCCOCCN(O)[CH26+84]CCN1CCCCC1', 0.3410391360352831), ('OCCOCCN(O)[BrH81+97]CCN1CCCCC1', 0.3410391360352831), ('OCCOCCN(O)[BrH78+81]CCN1CCCCC1', 0.3410391360352831), ('OCCOCCN(O)[BrH66+103]CCN1CCCCC1', 0.3410391360352831), ('OCCOCCN(O)[BrH61+72]CCN1CCCCC1', 0.3410391360352831), ('OCCOCCN(O)[BrH46+49]CCN1CCCCC1', 0.3410391360352831), ('OCCOCCN(O)[BrH45+94]CCN1CCCCC1', 0.3410391360352831), ('OCCOCCN(O)[BrH41+70]CCN1CCCCC1', 0.3410391360352831), ('OCCOCCN(O)[BrH38+108]CCN1CCCCC1', 0.3410391360352831), ('OCCOCCN(O)[BrH3+7]CCN1CCCCC1', 0.3410391360352831), ('OCCOCCN(O)[BrH29+82]CCN1CCCCC1', 0.3410391360352831), ('OCCOCCN(O)[BrH22+109]CCN1CCCCC1', 0.3410391360352831), ('OCCOCCN(O)[BrH19+47]CCN1CCCCC1', 0.3410391360352831), ('OCCOCCN(O)[BrH16+90]CCN1CCCCC1', 0.3410391360352831), ('OCCOCCN(O)[BrH16+122]CCN1CCCCC1', 0.3410391360352831), ('OCCOCCN(O)[BrH13+42]CCN1CCCCC1', 0.3410391360352831), ('OCCOCCN(O)[BrH13+25]CCN1CCCCC1', 0.3410391360352831), ('OCCOCCN(O)[BrH+116]CCN1CCCCC1', 0.3410391360352831), ('OCCOCCN(O)[BrH+105]CCN1CCCCC1', 0.3410391360352831), ('OCCOCCN(O)[Br+14]CCN1CCCCC1', 0.3410391360352831), ('OCCOCCN(F)[SiH51+120]CCN1CCCCC1', 0.3410391360352831), ('OCCOCCN(F)[SiH11+41]CCN1CCCCC1', 0.3410391360352831), ('OCCOCCN(F)[NH35+108]CCN1CCCCC1', 0.3410391360352831), ('OCCOCCN(F)[NH25+118]CCN1CCCCC1', 0.3410391360352831), ('OCCOCCN(F)[NH18+119]CCN1CCCCC1', 0.3410391360352831), ('OCCOCCN(F)[IH31+100]CCN1CCCCC1', 0.3410391360352831), ('OCCOCCN(F)[IH19+82]CCN1CCCCC1', 0.3410391360352831), ('OCCOCCN(F)[BrH17+94]CCN1CCCCC1', 0.3410391360352831), ('OCCOCCN(Br)[OH19+107]CCN1CCCCC1', 0.3410391360352831), ('OCCOCCN(Br)[BrH51+95]CCN1CCCCC1', 0.3410391360352831), ('OCCOCCN(Br)[Br+126]CCN1CCCCC1', 0.3410391360352831)]
