./results/240620_041907/
{'apprentice_load_dir': '/workspace/_ext/data/models/amine250_reduced/XTransformer/240617_0319',
 'apprentice_sampling_batch_size': 16383,
 'apprentice_training_batch_size': 256,
 'apprentice_training_steps': 8,
 'benchmark_id': 10,
 'benchmark_type': 'amine',
 'dataset': 'amine250_reduced',
 'dataset_path': '/workspace/_ext/data/datasets/amine250_reduced/all.txt',
 'expert_sampling_batch_size': 1,
 'explainer_load_dir': None,
 'explainer_type': None,
 'genetic_experts': ['SMILES'],
 'learning_rate': 0.001,
 'logger_type': 'CommandLine',
 'max_sampling_batch_size': 1024,
 'max_smiles_length': 100,
 'model_type': 'XTransformer',
 'mutation_initial_rate': 0.01,
 'num_jobs': 8,
 'num_keep': 1024,
 'num_smiles_for_similarity': 100,
 'num_steps': 100,
 'project_qualified_name': '',
 'record_filtered': False,
 'sampling_strategy': 'softmax',
 'save_root': './results/',
 'seed': 404,
 'use_best': True,
 'use_cuda': True,
 'use_frozen_explainer': False,
 'use_initial': True}
benchmark_score
0.8147058823529408
[('CC(C)(N)CO', 1.0), ('[CH+112]C(C)(N)CO', 0.7058823529411764), ('[C-]C(C)(N)CO', 0.7058823529411764), ('[C+50]C(C)(N)CO', 0.7058823529411764), ('[BH9-8]C(C)(N)CO', 0.7058823529411764), ('[BH9-48]C(C)(N)CO', 0.7058823529411764), ('[BH8-90]C(C)(N)CO', 0.7058823529411764), ('[BH6-85]C(C)(N)CO', 0.7058823529411764), ('[BH5-14]C(C)(N)CO', 0.7058823529411764), ('[BH5-10]C(C)(N)CO', 0.7058823529411764), ('[BH5-108]C(C)(N)CO', 0.7058823529411764), ('[BH5-104]C(C)(N)CO', 0.7058823529411764), ('[BH4-42]C(C)(N)CO', 0.7058823529411764), ('[BH3-90]C(C)(N)CO', 0.7058823529411764), ('[BH3-10]C(C)(N)CO', 0.7058823529411764), ('[BH-76]C(C)(N)CO', 0.7058823529411764), ('[BH-47]C(C)(N)CO', 0.7058823529411764), ('[B-95]C(C)(N)CO', 0.7058823529411764), ('CC([NH+60])(N)CO', 0.7058823529411764), ('CC([NH+120])(N)CO', 0.7058823529411764), ('CC([NH+106])(N)CO', 0.7058823529411764), ('CC([N+61])(N)CO', 0.7058823529411764), ('CC([CH9+112])(N)CO', 0.7058823529411764), ('CC(N)([SiH4+21])CO', 0.7058823529411764), ('CC(N)([SiH2+11])CO', 0.7058823529411764), ('CC(N)([SH2+119])CO', 0.7058823529411764), ('CC(N)([PH7+])CO', 0.7058823529411764), ('CC(N)([PH7+127])CO', 0.7058823529411764), ('CC(N)([P+22])CO', 0.7058823529411764), ('CC(N)([OH+23])CO', 0.7058823529411764), ('CC(N)([OH+126])CO', 0.7058823529411764), ('CC(N)([NH3+91])CO', 0.7058823529411764), ('CC(N)([NH2+5])CO', 0.7058823529411764), ('CC(N)([IH9+29])CO', 0.7058823529411764), ('CC(N)([IH6+61])CO', 0.7058823529411764), ('CC(N)([IH6+11])CO', 0.7058823529411764), ('CC(N)([IH2+37])CO', 0.7058823529411764), ('CC(N)([IH2+120])CO', 0.7058823529411764), ('CC(N)([IH2+114])CO', 0.7058823529411764), ('CC(N)([IH2+102])CO', 0.7058823529411764), ('CC(N)([FH9+113])CO', 0.7058823529411764), ('CC(N)([FH6+27])CO', 0.7058823529411764), ('CC(N)([FH5+120])CO', 0.7058823529411764), ('CC(N)([FH2+16])CO', 0.7058823529411764), ('CC(N)([FH2+14])CO', 0.7058823529411764), ('CC(N)([FH2+119])CO', 0.7058823529411764), ('CC(N)([FH2+112])CO', 0.7058823529411764), ('CC(N)([FH+69])CO', 0.7058823529411764), ('CC(N)([F+8])CO', 0.7058823529411764), ('CC(N)([ClH6+112])CO', 0.7058823529411764), ('CC(N)([ClH4+72])CO', 0.7058823529411764), ('CC(N)([ClH2+121])CO', 0.7058823529411764), ('CC(N)([ClH2+118])CO', 0.7058823529411764), ('CC(N)([ClH+9])CO', 0.7058823529411764), ('CC(N)([ClH+10])CO', 0.7058823529411764), ('CC(N)([Cl+124])CO', 0.7058823529411764), ('CC(N)([BrH9+42])CO', 0.7058823529411764), ('CC(N)([BrH8+99])CO', 0.7058823529411764), ('CC(N)([BrH7+95])CO', 0.7058823529411764), ('CC(N)([BrH6+99])CO', 0.7058823529411764), ('CC(N)([BrH6+80])CO', 0.7058823529411764), ('CC(N)([BrH6+66])CO', 0.7058823529411764), ('CC(N)([BrH5+83])CO', 0.7058823529411764), ('CC(N)([BrH5+20])CO', 0.7058823529411764), ('CC(N)([BrH3+90])CO', 0.7058823529411764), ('CC(N)([BrH3+19])CO', 0.7058823529411764), ('CC(N)([BrH2+29])CO', 0.7058823529411764), ('CC(N)([BrH+127])CO', 0.7058823529411764), ('CC(N)([Br+5])CO', 0.7058823529411764), ('CC(N)([Br+34])CO', 0.7058823529411764), ('CC(C)([FH9+60])CO', 0.7058823529411764), ('CC(C)([FH5+23])CO', 0.7058823529411764), ('CC(C)([FH2+76])CO', 0.7058823529411764), ('CC(C)([FH2+50])CO', 0.7058823529411764), ('CC(C)([FH2+121])CO', 0.7058823529411764), ('CC(C)([FH+41])CO', 0.7058823529411764), ('CC(C)([FH+20])CO', 0.7058823529411764), ('CC(C)([F+117])CO', 0.7058823529411764), ('CC(C)([ClH4+11])CO', 0.7058823529411764), ('CC(C)([ClH4+101])CO', 0.7058823529411764), ('CC(C)([ClH3+116])CO', 0.7058823529411764), ('CC(C)([ClH3+111])CO', 0.7058823529411764), ('CC(C)([ClH2+49])CO', 0.7058823529411764), ('CC(C)([ClH2+19])CO', 0.7058823529411764), ('CC(C)([ClH+91])CO', 0.7058823529411764), ('CC(C)([ClH+120])CO', 0.7058823529411764), ('CC(C)([Cl+22])CO', 0.7058823529411764), ('CC(C)([BrH9+25])CO', 0.7058823529411764), ('CC(C)([BrH8+60])CO', 0.7058823529411764), ('CC(C)([BrH7+12])CO', 0.7058823529411764), ('CC(C)([BrH5+32])CO', 0.7058823529411764), ('CC(C)([BrH5+107])CO', 0.7058823529411764), ('CC(C)([BrH3+82])CO', 0.7058823529411764), ('CC(C)([BrH2+9])CO', 0.7058823529411764), ('CC(C)([BrH2+86])CO', 0.7058823529411764), ('CC(C)([BrH2+50])CO', 0.7058823529411764), ('CC(C)([BrH2+103])CO', 0.7058823529411764), ('CC(C)([BrH+116])CO', 0.7058823529411764), ('CC(C)([Br+3])CO', 0.7058823529411764), ('CC(C)([Br+39])CO', 0.7058823529411764)]
