./results/240620_105438/
{'apprentice_load_dir': '/workspace/_ext/data/models/amine250_reduced/XTransformer/240617_0319',
 'apprentice_sampling_batch_size': 16383,
 'apprentice_training_batch_size': 256,
 'apprentice_training_steps': 8,
 'benchmark_id': 14,
 'benchmark_type': 'amine',
 'dataset': 'amine250_reduced',
 'dataset_path': '/workspace/_ext/data/datasets/amine250_reduced/all.txt',
 'expert_sampling_batch_size': 1,
 'explainer_load_dir': None,
 'explainer_type': None,
 'genetic_experts': ['SMILES'],
 'learning_rate': 0.001,
 'logger_type': 'CommandLine',
 'max_sampling_batch_size': 1024,
 'max_smiles_length': 100,
 'model_type': 'XTransformer',
 'mutation_initial_rate': 0.01,
 'num_jobs': 8,
 'num_keep': 1024,
 'num_smiles_for_similarity': 100,
 'num_steps': 100,
 'project_qualified_name': '',
 'record_filtered': False,
 'sampling_strategy': 'softmax',
 'save_root': './results/',
 'seed': 404,
 'use_best': True,
 'use_cuda': True,
 'use_frozen_explainer': False,
 'use_initial': True}
benchmark_score
0.830848484848485
[('CC(O)CN(C)C', 1.0), ('C[CH2+65]CN(C)C', 0.7999999999999999), ('[CH2+81]C(C)CN(C)C', 0.7272727272727272), ('[CH2+72]N(C)CC(C)O', 0.7272727272727272), ('[CH+92]N(C)CC(C)O', 0.7272727272727272), ('[CH+50]C(O)CN(C)C', 0.7272727272727272), ('[CH+123]N(C)CC(C)O', 0.7272727272727272), ('[CH+107]C(C)CN(C)C', 0.7272727272727272), ('[C+9]N(C)CC(C)O', 0.7272727272727272), ('[C+99]N(C)CC(C)O', 0.7272727272727272), ('[C+95]C(C)CN(C)C', 0.7272727272727272), ('[C+28]N(C)CC(C)O', 0.7272727272727272), ('CN(C)CC([O+13])O', 0.7272727272727272), ('CN(C)CC([CH7+81])O', 0.7272727272727272), ('CN(C)CC([CH3+8])O', 0.7272727272727272), ('CN(C)CC([CH3+56])O', 0.7272727272727272), ('CN(C)CC([CH22+81])O', 0.7272727272727272), ('CN(C)CC(O)[FH2+29]', 0.7272727272727272), ('CN(C)CC(O)[BrH21+110]', 0.7272727272727272), ('CN(C)CC(O)[BrH12+89]', 0.7272727272727272), ('CC([O+12])CN(C)C', 0.7272727272727272), ('CC([N+81])CN(C)C', 0.7272727272727272), ('CC([N+123])CN(C)C', 0.7272727272727272), ('CC([CH23+29])CN(C)C', 0.7272727272727272), ('CC(O)CN(C)[SiH3+37]', 0.7272727272727272), ('CC(O)CN(C)[SiH23+122]', 0.7272727272727272), ('CC(O)CN(C)[SiH23+107]', 0.7272727272727272), ('CC(O)CN(C)[SiH17+28]', 0.7272727272727272), ('CC(O)CN(C)[SiH12+121]', 0.7272727272727272), ('CC(O)CN(C)[SiH+71]', 0.7272727272727272), ('CC(O)CN(C)[Si+99]', 0.7272727272727272), ('CC(O)CN(C)[Si+14]', 0.7272727272727272), ('CC(O)CN(C)[PH4+26]', 0.7272727272727272), ('CC(O)CN(C)[PH3+113]', 0.7272727272727272), ('CC(O)CN(C)[PH22+98]', 0.7272727272727272), ('CC(O)CN(C)[PH22+87]', 0.7272727272727272), ('CC(O)CN(C)[PH2+14]', 0.7272727272727272), ('CC(O)CN(C)[PH12+105]', 0.7272727272727272), ('CC(O)CN(C)[PH12+101]', 0.7272727272727272), ('CC(O)CN(C)[PH+67]', 0.7272727272727272), ('CC(O)CN(C)[PH+22]', 0.7272727272727272), ('CC(O)CN(C)[OH4+61]', 0.7272727272727272), ('CC(O)CN(C)[OH2+49]', 0.7272727272727272), ('CC(O)CN(C)[OH+96]', 0.7272727272727272), ('CC(O)CN(C)[O+26]', 0.7272727272727272), ('CC(O)CN(C)[NH3+99]', 0.7272727272727272), ('CC(O)CN(C)[NH3+59]', 0.7272727272727272), ('CC(O)CN(C)[NH2+61]', 0.7272727272727272), ('CC(O)CN(C)[NH11+78]', 0.7272727272727272), ('CC(O)CN(C)[N+81]', 0.7272727272727272), ('CC(O)CN(C)[N+5]', 0.7272727272727272), ('CC(O)CN(C)[IH6+29]', 0.7272727272727272), ('CC(O)CN(C)[IH33+32]', 0.7272727272727272), ('CC(O)CN(C)[IH32+121]', 0.7272727272727272), ('CC(O)CN(C)[IH3+19]', 0.7272727272727272), ('CC(O)CN(C)[IH3+15]', 0.7272727272727272), ('CC(O)CN(C)[IH21+31]', 0.7272727272727272), ('CC(O)CN(C)[IH2+118]', 0.7272727272727272), ('CC(O)CN(C)[IH14+85]', 0.7272727272727272), ('CC(O)CN(C)[IH+7]', 0.7272727272727272), ('CC(O)CN(C)[IH+52]', 0.7272727272727272), ('CC(O)CN(C)[IH+17]', 0.7272727272727272), ('CC(O)CN(C)[I+78]', 0.7272727272727272), ('CC(O)CN(C)[FH7+22]', 0.7272727272727272), ('CC(O)CN(C)[FH3+85]', 0.7272727272727272), ('CC(O)CN(C)[FH3+75]', 0.7272727272727272), ('CC(O)CN(C)[FH22+91]', 0.7272727272727272), ('CC(O)CN(C)[FH22+73]', 0.7272727272727272), ('CC(O)CN(C)[FH21+25]', 0.7272727272727272), ('CC(O)CN(C)[FH2+29]', 0.7272727272727272), ('CC(O)CN(C)[FH12+104]', 0.7272727272727272), ('CC(O)CN(C)[FH+9]', 0.7272727272727272), ('CC(O)CN(C)[FH+96]', 0.7272727272727272), ('CC(O)CN(C)[FH+53]', 0.7272727272727272), ('CC(O)CN(C)[FH+20]', 0.7272727272727272), ('CC(O)CN(C)[ClH3+121]', 0.7272727272727272), ('CC(O)CN(C)[ClH21+69]', 0.7272727272727272), ('CC(O)CN(C)[ClH2+66]', 0.7272727272727272), ('CC(O)CN(C)[ClH2+112]', 0.7272727272727272), ('CC(O)CN(C)[Cl+69]', 0.7272727272727272), ('CC(O)CN(C)[Cl+14]', 0.7272727272727272), ('CC(O)CN(C)[CH6+38]', 0.7272727272727272), ('CC(O)CN(C)[BrH77+83]', 0.7272727272727272), ('CC(O)CN(C)[BrH6+84]', 0.7272727272727272), ('CC(O)CN(C)[BrH4+69]', 0.7272727272727272), ('CC(O)CN(C)[BrH33+86]', 0.7272727272727272), ('CC(O)CN(C)[BrH32+86]', 0.7272727272727272), ('CC(O)CN(C)[BrH31+59]', 0.7272727272727272), ('CC(O)CN(C)[BrH3+51]', 0.7272727272727272), ('CC(O)CN(C)[BrH3+4]', 0.7272727272727272), ('CC(O)CN(C)[BrH22+32]', 0.7272727272727272), ('CC(O)CN(C)[BrH2+7]', 0.7272727272727272), ('CC(O)CN(C)[BrH2+11]', 0.7272727272727272), ('CC(O)CN(C)[BrH17+24]', 0.7272727272727272), ('CC(O)CN(C)[BrH12+87]', 0.7272727272727272), ('CC(O)CN(C)[BrH+92]', 0.7272727272727272), ('CC(O)CN(C)[BrH+90]', 0.7272727272727272), ('CC(O)CN(C)[BrH+60]', 0.7272727272727272), ('CC(O)CN(C)[BrH+35]', 0.7272727272727272), ('CC(O)CN(C)[Br+22]', 0.7272727272727272)]
