./results/240620_230053/
{'apprentice_load_dir': '/workspace/_ext/data/models/amine250_reduced/XTransformer/240617_0319',
 'apprentice_sampling_batch_size': 16383,
 'apprentice_training_batch_size': 256,
 'apprentice_training_steps': 8,
 'benchmark_id': 20,
 'benchmark_type': 'amine',
 'dataset': 'amine250_reduced',
 'dataset_path': '/workspace/_ext/data/datasets/amine250_reduced/all.txt',
 'expert_sampling_batch_size': 1,
 'explainer_load_dir': None,
 'explainer_type': None,
 'genetic_experts': ['SMILES'],
 'learning_rate': 0.001,
 'logger_type': 'CommandLine',
 'max_sampling_batch_size': 1024,
 'max_smiles_length': 100,
 'model_type': 'XTransformer',
 'mutation_initial_rate': 0.01,
 'num_jobs': 8,
 'num_keep': 1024,
 'num_smiles_for_similarity': 100,
 'num_steps': 100,
 'project_qualified_name': '',
 'record_filtered': False,
 'sampling_strategy': 'softmax',
 'save_root': './results/',
 'seed': 404,
 'use_best': True,
 'use_cuda': True,
 'use_frozen_explainer': False,
 'use_initial': True}
benchmark_score
0.3133421720858154
[('CN1CCCCC1CCOCCO', 0.35082320772281167), ('CN1CCCC1CCOCCO', 0.30382181012509996), ('[N+18]N(CCOCCO)N1CCCCC1CO', 0.2944042959788306), ('[N+10]N(CCOCCO)N1CCCCC1CO', 0.2944042959788306), ('[CH7+45]N(CCOCCO)N1CCCCC1CO', 0.2944042959788306), ('[CH6+116]N(CCOCCO)N1CCCCC1CO', 0.2944042959788306), ('[CH2+102]N(CCOCCO)N1CCCCC1CO', 0.2944042959788306), ('[CH+10]N(CCOCCO)N1CCCCC1CO', 0.2944042959788306), ('[C+58]N(CCOCCO)N1CCCCC1CO', 0.2944042959788306), ('[C+16]N(CCOCCO)N1CCCCC1CO', 0.2944042959788306), ('[C+14]N(CCOCCO)N1CCCCC1CO', 0.2944042959788306), ('[C+125]N(CCOCCO)N1CCCCC1CO', 0.2944042959788306), ('[BH]N(CCOCCO)N1CCCCC1CO', 0.2944042959788306), ('[BH9-17]N(CCOCCO)N1CCCCC1CO', 0.2944042959788306), ('[BH8-51]N(CCOCCO)N1CCCCC1CO', 0.2944042959788306), ('[BH4-54]N(CCOCCO)N1CCCCC1CO', 0.2944042959788306), ('[BH3-5]N(CCOCCO)N1CCCCC1CO', 0.2944042959788306), ('[BH2-83]N(CCOCCO)N1CCCCC1CO', 0.2944042959788306), ('[BH2-81]N(CCOCCO)N1CCCCC1CO', 0.2944042959788306), ('[BH-69]N(CCOCCO)N1CCCCC1CO', 0.2944042959788306), ('[B-98]N(CCOCCO)N1CCCCC1CO', 0.2944042959788306), ('[B-6]N(CCOCCO)N1CCCCC1CO', 0.2944042959788306), ('[B-67]N(CCOCCO)N1CCCCC1CO', 0.2944042959788306), ('[B-116]N(CCOCCO)N1CCCCC1CO', 0.2944042959788306), ('OCCOCCN([OH8+117])N1CCCCC1CO', 0.2944042959788306), ('OCCOCCN([OH3+62])N1CCCCC1CO', 0.2944042959788306), ('OCCOCCN([OH2+117])N1CCCCC1CO', 0.2944042959788306), ('OCCOCCN([BrH+103])N1CCCCC1CO', 0.2944042959788306), ('CCN(C)N1CCCCC1CCOCCO', 0.29387690682262935), ('[CH2+62]N(CC)N1CCCCC1CCOCCO', 0.2847676531909548), ('[C+55]N(CC)N1CCCCC1CCOCCO', 0.2847676531909548), ('[C+18]N(CC)N1CCCCC1CCOCCO', 0.2847676531909548), ('[C+110]N(CC)N1CCCCC1CCOCCO', 0.2847676531909548), ('[BH9-94]N(CC)N1CCCCC1CCOCCO', 0.2847676531909548), ('[BH9-70]N(CC)N1CCCCC1CCOCCO', 0.2847676531909548), ('[BH9-58]N(CC)N1CCCCC1CCOCCO', 0.2847676531909548), ('[BH9-39]N(CC)N1CCCCC1CCOCCO', 0.2847676531909548), ('[BH9-36]N(CC)N1CCCCC1CCOCCO', 0.2847676531909548), ('[BH9-117]N(CC)N1CCCCC1CCOCCO', 0.2847676531909548), ('[BH7-60]N(CC)N1CCCCC1CCOCCO', 0.2847676531909548), ('[BH7-117]N(CC)N1CCCCC1CCOCCO', 0.2847676531909548), ('[BH7-108]N(CC)N1CCCCC1CCOCCO', 0.2847676531909548), ('[BH4-96]N(CC)N1CCCCC1CCOCCO', 0.2847676531909548), ('[BH4-66]N(CC)N1CCCCC1CCOCCO', 0.2847676531909548), ('[BH4-23]N(CC)N1CCCCC1CCOCCO', 0.2847676531909548), ('[BH4-106]N(CC)N1CCCCC1CCOCCO', 0.2847676531909548), ('[BH3-35]N(CC)N1CCCCC1CCOCCO', 0.2847676531909548), ('[BH3-104]N(CC)N1CCCCC1CCOCCO', 0.2847676531909548), ('[BH2-99]N(CC)N1CCCCC1CCOCCO', 0.2847676531909548), ('[BH-35]N(CC)N1CCCCC1CCOCCO', 0.2847676531909548), ('[B-75]N(CC)N1CCCCC1CCOCCO', 0.2847676531909548), ('[B-111]N(CC)N1CCCCC1CCOCCO', 0.2847676531909548), ('CCN([OH9+17])N1CCCCC1CCOCCO', 0.2847676531909548), ('CCN([OH7+93])N1CCCCC1CCOCCO', 0.2847676531909548), ('CCN([OH6+97])N1CCCCC1CCOCCO', 0.2847676531909548), ('CCN([OH6+115])N1CCCCC1CCOCCO', 0.2847676531909548), ('CCN([OH6+109])N1CCCCC1CCOCCO', 0.2847676531909548), ('CCN([OH6+100])N1CCCCC1CCOCCO', 0.2847676531909548), ('CCN([OH4+6])N1CCCCC1CCOCCO', 0.2847676531909548), ('CCN([OH4+43])N1CCCCC1CCOCCO', 0.2847676531909548), ('CCN([OH3+81])N1CCCCC1CCOCCO', 0.2847676531909548), ('CCN([OH+30])N1CCCCC1CCOCCO', 0.2847676531909548), ('CCN([O+83])N1CCCCC1CCOCCO', 0.2847676531909548), ('CCN([O+77])N1CCCCC1CCOCCO', 0.2847676531909548), ('CCN([O+122])N1CCCCC1CCOCCO', 0.2847676531909548), ('CCN([NH9+43])N1CCCCC1CCOCCO', 0.2847676531909548), ('CCN([NH9+42])N1CCCCC1CCOCCO', 0.2847676531909548), ('CCN([NH9+13])N1CCCCC1CCOCCO', 0.2847676531909548), ('CCN([NH8+6])N1CCCCC1CCOCCO', 0.2847676531909548), ('CCN([NH5+97])N1CCCCC1CCOCCO', 0.2847676531909548), ('CCN([NH5+43])N1CCCCC1CCOCCO', 0.2847676531909548), ('CCN([NH5+29])N1CCCCC1CCOCCO', 0.2847676531909548), ('CCN([NH4+95])N1CCCCC1CCOCCO', 0.2847676531909548), ('CCN([NH4+22])N1CCCCC1CCOCCO', 0.2847676531909548), ('CCN([NH3+32])N1CCCCC1CCOCCO', 0.2847676531909548), ('CCN([NH3+109])N1CCCCC1CCOCCO', 0.2847676531909548), ('CCN([NH2+91])N1CCCCC1CCOCCO', 0.2847676531909548), ('CCN([NH+60])N1CCCCC1CCOCCO', 0.2847676531909548), ('CCN([N+126])N1CCCCC1CCOCCO', 0.2847676531909548), ('CCN([CH9+51])N1CCCCC1CCOCCO', 0.2847676531909548), ('CCN([CH9+19])N1CCCCC1CCOCCO', 0.2847676531909548), ('CCN([CH9+11])N1CCCCC1CCOCCO', 0.2847676531909548), ('CCN([CH7+4])N1CCCCC1CCOCCO', 0.2847676531909548), ('CCN([CH7+35])N1CCCCC1CCOCCO', 0.2847676531909548), ('CCN([CH7+26])N1CCCCC1CCOCCO', 0.2847676531909548), ('CCN([CH7+14])N1CCCCC1CCOCCO', 0.2847676531909548), ('CCN([CH7+114])N1CCCCC1CCOCCO', 0.2847676531909548), ('CCN([CH6+21])N1CCCCC1CCOCCO', 0.2847676531909548), ('CCN([CH6+126])N1CCCCC1CCOCCO', 0.2847676531909548), ('CCN([CH6+122])N1CCCCC1CCOCCO', 0.2847676531909548), ('CCN([CH5+46])N1CCCCC1CCOCCO', 0.2847676531909548), ('CCN([CH5+37])N1CCCCC1CCOCCO', 0.2847676531909548), ('CCN([CH5+109])N1CCCCC1CCOCCO', 0.2847676531909548), ('CCN([CH4+88])N1CCCCC1CCOCCO', 0.2847676531909548), ('CCN([CH3+99])N1CCCCC1CCOCCO', 0.2847676531909548), ('CCN([CH3+5])N1CCCCC1CCOCCO', 0.2847676531909548), ('CCN([BrH6+50])N1CCCCC1CCOCCO', 0.2847676531909548), ('CCN([BrH2+20])N1CCCCC1CCOCCO', 0.2847676531909548), ('CCN([Br+57])N1CCCCC1CCOCCO', 0.2847676531909548), ('CCN([Br+15])N1CCCCC1CCOCCO', 0.2847676531909548)]
