./results/240620_210515/
{'apprentice_load_dir': '/workspace/_ext/data/models/amine250_reduced/XTransformer/240617_0319',
 'apprentice_sampling_batch_size': 16383,
 'apprentice_training_batch_size': 256,
 'apprentice_training_steps': 8,
 'benchmark_id': 19,
 'benchmark_type': 'amine',
 'dataset': 'amine250_reduced',
 'dataset_path': '/workspace/_ext/data/datasets/amine250_reduced/all.txt',
 'expert_sampling_batch_size': 1,
 'explainer_load_dir': None,
 'explainer_type': None,
 'genetic_experts': ['SMILES'],
 'learning_rate': 0.001,
 'logger_type': 'CommandLine',
 'max_sampling_batch_size': 1024,
 'max_smiles_length': 100,
 'model_type': 'XTransformer',
 'mutation_initial_rate': 0.01,
 'num_jobs': 8,
 'num_keep': 1024,
 'num_smiles_for_similarity': 100,
 'num_steps': 100,
 'project_qualified_name': '',
 'record_filtered': False,
 'sampling_strategy': 'softmax',
 'save_root': './results/',
 'seed': 404,
 'use_best': True,
 'use_cuda': True,
 'use_frozen_explainer': False,
 'use_initial': True}
benchmark_score
0.9434590013963113
[('NCCNCCNCC[NH+61]N', 1.0), ('NCCNCCNCCN', 1.0), ('NCCNCCNCCNCCN', 0.9855072463768115), ('[N+3][N+126](N)CCNCCNCCN', 0.9612403100775193), ('[N+33][N+126](N)CCNCCNCCN', 0.9612403100775193), ('NCCNCCNCC[N+126](N)F', 0.9612403100775193), ('NCCCNCCNCCN', 0.9523809523809523), ('[NH+57]CCNCCNCCN', 0.8780487804878049), ('[NH+25]CCNCCNCCN', 0.8780487804878049), ('[NH+24]CCNCCNCCN', 0.8780487804878049), ('[NH+118]CCNCCNCCN', 0.8780487804878049), ('[N+39]CCNCCNCCN', 0.8780487804878049), ('[N+120]CCNCCNCCN', 0.8780487804878049), ('[CH+111]CCNCCNCCN', 0.8780487804878049), ('[C+101]CCNCCNCCN', 0.8780487804878049), ('NCCNCCNCC[SiH9+9]', 0.8780487804878049), ('NCCNCCNCC[SiH7+106]', 0.8780487804878049), ('NCCNCCNCC[SiH4+68]', 0.8780487804878049), ('NCCNCCNCC[SiH3+88]', 0.8780487804878049), ('NCCNCCNCC[SiH3+28]', 0.8780487804878049), ('NCCNCCNCC[SiH23+111]', 0.8780487804878049), ('NCCNCCNCC[SiH22+71]', 0.8780487804878049), ('NCCNCCNCC[SiH+36]', 0.8780487804878049), ('NCCNCCNCC[SiH+35]', 0.8780487804878049), ('NCCNCCNCC[SiH+15]', 0.8780487804878049), ('NCCNCCNCC[Si+52]', 0.8780487804878049), ('NCCNCCNCC[Si+36]', 0.8780487804878049), ('NCCNCCNCC[Si+17]', 0.8780487804878049), ('NCCNCCNCC[SH2+117]', 0.8780487804878049), ('NCCNCCNCC[OH9+118]', 0.8780487804878049), ('NCCNCCNCC[OH8+7]', 0.8780487804878049), ('NCCNCCNCC[OH4+18]', 0.8780487804878049), ('NCCNCCNCC[OH4+108]', 0.8780487804878049), ('NCCNCCNCC[OH3+21]', 0.8780487804878049), ('NCCNCCNCC[OH2+87]', 0.8780487804878049), ('NCCNCCNCC[OH2+33]', 0.8780487804878049), ('NCCNCCNCC[OH2+23]', 0.8780487804878049), ('NCCNCCNCC[OH2+16]', 0.8780487804878049), ('NCCNCCNCC[OH2+108]', 0.8780487804878049), ('NCCNCCNCC[OH+32]', 0.8780487804878049), ('NCCNCCNCC[O+97]', 0.8780487804878049), ('NCCNCCNCC[O+111]', 0.8780487804878049), ('NCCNCCNCC[NH9+32]', 0.8780487804878049), ('NCCNCCNCC[NH7+11]', 0.8780487804878049), ('NCCNCCNCC[NH6+106]', 0.8780487804878049), ('NCCNCCNCC[NH5+8]', 0.8780487804878049), ('NCCNCCNCC[NH4+95]', 0.8780487804878049), ('NCCNCCNCC[NH4+41]', 0.8780487804878049), ('NCCNCCNCC[NH4+24]', 0.8780487804878049), ('NCCNCCNCC[NH3+76]', 0.8780487804878049), ('NCCNCCNCC[NH3+60]', 0.8780487804878049), ('NCCNCCNCC[NH3+31]', 0.8780487804878049), ('NCCNCCNCC[NH3+106]', 0.8780487804878049), ('NCCNCCNCC[NH23+117]', 0.8780487804878049), ('NCCNCCNCC[NH21+99]', 0.8780487804878049), ('NCCNCCNCC[NH2+68]', 0.8780487804878049), ('NCCNCCNCC[IH3+3]', 0.8780487804878049), ('NCCNCCNCC[I+20]', 0.8780487804878049), ('NCCNCCNCC[FH9+122]', 0.8780487804878049), ('NCCNCCNCC[FH9+116]', 0.8780487804878049), ('NCCNCCNCC[FH72+110]', 0.8780487804878049), ('NCCNCCNCC[FH7+8]', 0.8780487804878049), ('NCCNCCNCC[FH7+13]', 0.8780487804878049), ('NCCNCCNCC[FH6+51]', 0.8780487804878049), ('NCCNCCNCC[FH5+48]', 0.8780487804878049), ('NCCNCCNCC[FH5+13]', 0.8780487804878049), ('NCCNCCNCC[FH43+110]', 0.8780487804878049), ('NCCNCCNCC[FH4+85]', 0.8780487804878049), ('NCCNCCNCC[FH4+20]', 0.8780487804878049), ('NCCNCCNCC[FH4+15]', 0.8780487804878049), ('NCCNCCNCC[FH4+118]', 0.8780487804878049), ('NCCNCCNCC[FH4+100]', 0.8780487804878049), ('NCCNCCNCC[FH32+123]', 0.8780487804878049), ('NCCNCCNCC[FH32+112]', 0.8780487804878049), ('NCCNCCNCC[FH32+108]', 0.8780487804878049), ('NCCNCCNCC[FH3+31]', 0.8780487804878049), ('NCCNCCNCC[FH28+111]', 0.8780487804878049), ('NCCNCCNCC[FH23+91]', 0.8780487804878049), ('NCCNCCNCC[FH22+127]', 0.8780487804878049), ('NCCNCCNCC[FH2+124]', 0.8780487804878049), ('NCCNCCNCC[FH2+120]', 0.8780487804878049), ('NCCNCCNCC[FH+63]', 0.8780487804878049), ('NCCNCCNCC[F+98]', 0.8780487804878049), ('NCCNCCNCC[ClH4+123]', 0.8780487804878049), ('NCCNCCNCC[ClH+28]', 0.8780487804878049), ('NCCNCCNCC[Cl+126]', 0.8780487804878049), ('NCCNCCNCC[BrH9+101]', 0.8780487804878049), ('NCCNCCNCC[BrH6+30]', 0.8780487804878049), ('NCCNCCNCC[BrH42+106]', 0.8780487804878049), ('NCCNCCNCC[BrH3+82]', 0.8780487804878049), ('NCCNCCNCC[BrH3+79]', 0.8780487804878049), ('NCCNCCNCC[BrH3+71]', 0.8780487804878049), ('NCCNCCNCC[BrH2+4]', 0.8780487804878049), ('NCCNCCNCC[BrH2+116]', 0.8780487804878049), ('NCCNCCNCC[BrH2+110]', 0.8780487804878049), ('NCCNCCNCC[BrH+32]', 0.8780487804878049), ('NCCNCCNCC[BrH+2]', 0.8780487804878049), ('NCCNCCNCC[BrH+106]', 0.8780487804878049), ('NCCNCCNCC[Br+74]', 0.8780487804878049), ('NCCNCCNCCO', 0.8780487804878049)]
