./results/240621_045956/
{'apprentice_load_dir': '/workspace/_ext/data/models/amine250_reduced/XTransformer/240617_0319',
 'apprentice_sampling_batch_size': 16383,
 'apprentice_training_batch_size': 256,
 'apprentice_training_steps': 8,
 'benchmark_id': 23,
 'benchmark_type': 'amine',
 'dataset': 'amine250_reduced',
 'dataset_path': '/workspace/_ext/data/datasets/amine250_reduced/all.txt',
 'expert_sampling_batch_size': 1,
 'explainer_load_dir': None,
 'explainer_type': None,
 'genetic_experts': ['SMILES'],
 'learning_rate': 0.001,
 'logger_type': 'CommandLine',
 'max_sampling_batch_size': 1024,
 'max_smiles_length': 100,
 'model_type': 'XTransformer',
 'mutation_initial_rate': 0.01,
 'num_jobs': 8,
 'num_keep': 1024,
 'num_smiles_for_similarity': 100,
 'num_steps': 100,
 'project_qualified_name': '',
 'record_filtered': False,
 'sampling_strategy': 'softmax',
 'save_root': './results/',
 'seed': 404,
 'use_best': True,
 'use_cuda': True,
 'use_frozen_explainer': False,
 'use_initial': True}
benchmark_score
1.0
[('[OH2+]CC1CC[NH2+]1', 1.0), ('[NH2+]CCCCO', 1.0), ('NCCCC[OH+]', 1.0), ('NCCCCO', 1.0), ('C[OH+][NH+]1CC1C', 1.0), ('C[OH+]C1C[NH+]1C', 1.0), ('C[O+]1[NH2+]C1(C)C', 1.0), ('C[O+]1C[N+]1(C)C', 1.0), ('C[NH2+]C1C[O+]1C', 1.0), ('C[NH2+]C1CC1[OH2+]', 1.0), ('C[NH+]1[OH+]C1(C)C', 1.0), ('C[NH+]1CC1(C)[OH2+]', 1.0), ('C[N+]1([OH2+])CCC1', 1.0), ('CNCCOC', 1.0), ('CNCCCO', 1.0), ('CNC(C)CO', 1.0), ('CC[NH+]CCO', 1.0), ('CC[NH+]1C[O+]1C', 1.0), ('CC[N+](C)OC', 1.0), ('CCOCNC', 1.0), ('CCOCC[NH2+]', 1.0), ('CCOCCN', 1.0), ('CCNOCC', 1.0), ('CCNCOC', 1.0), ('CCNCCO', 1.0), ('CCN(C)OC', 1.0), ('CCC[NH+]OC', 1.0), ('CCC[NH+]CO', 1.0), ('CCCONC', 1.0), ('CCCOC[NH2+]', 1.0), ('CCCOCN', 1.0), ('CCCNCO', 1.0), ('CCCC[NH2+][O+]', 1.0), ('CCCC[NH+]O', 1.0), ('CCCC[NH+2]O', 1.0), ('CCCCO[NH2+]', 1.0), ('CCCCON', 1.0), ('CCCCNO', 1.0), ('CCCC([NH2+])O', 1.0), ('CCC([OH+])C[NH2+]', 1.0), ('CCC(O)[NH+]C', 1.0), ('CCC(O)C[NH2+]', 1.0), ('CCC(C)[NH2+][O+]', 1.0), ('CCC(C)O[NH2+]', 1.0), ('CC1[NH2+]C1(C)[OH2+]', 1.0), ('CC1C[NH2+][O+]1C', 1.0), ('CC1C[NH+]1C[OH2+]', 1.0), ('CC1C[NH+](C)[OH+]1', 1.0), ('CC1C[N+]1(C)[OH2+]', 1.0), ('CC(C)[NH2+]C[O-]', 1.0), ('CC(C)[NH2+]C[O+]', 1.0), ('CC(C)[NH+]1C[OH+]1', 1.0), ('CC(C)NCO', 1.0), ('CC(C)C[NH2+][O]', 1.0), ('CC(C)C[NH2+][O+]', 1.0), ('CC(C)CO[NH2+]', 1.0)]
