./results/240620_145612/
{'apprentice_load_dir': '/workspace/_ext/data/models/amine250_reduced/XTransformer/240617_0319',
 'apprentice_sampling_batch_size': 16383,
 'apprentice_training_batch_size': 256,
 'apprentice_training_steps': 8,
 'benchmark_id': 16,
 'benchmark_type': 'amine',
 'dataset': 'amine250_reduced',
 'dataset_path': '/workspace/_ext/data/datasets/amine250_reduced/all.txt',
 'expert_sampling_batch_size': 1,
 'explainer_load_dir': None,
 'explainer_type': None,
 'genetic_experts': ['SMILES'],
 'learning_rate': 0.001,
 'logger_type': 'CommandLine',
 'max_sampling_batch_size': 1024,
 'max_smiles_length': 100,
 'model_type': 'XTransformer',
 'mutation_initial_rate': 0.01,
 'num_jobs': 8,
 'num_keep': 1024,
 'num_smiles_for_similarity': 100,
 'num_steps': 100,
 'project_qualified_name': '',
 'record_filtered': False,
 'sampling_strategy': 'softmax',
 'save_root': './results/',
 'seed': 404,
 'use_best': True,
 'use_cuda': True,
 'use_frozen_explainer': False,
 'use_initial': True}
benchmark_score
0.895853615520282
[('CCN1CCNCC1', 1.0), ('CCN1CCCNCC1', 0.8518518518518517), ('CCCN1CCNCC1', 0.838095238095238), ('[SiH8+34]CN1CCNCC1', 0.8333333333333333), ('[SiH6+45]CN1CCNCC1', 0.8333333333333333), ('[SiH52+67]CN1CCNCC1', 0.8333333333333333), ('[SiH5+3]CN1CCNCC1', 0.8333333333333333), ('[SiH38+64]CN1CCNCC1', 0.8333333333333333), ('[SiH36+56]CN1CCNCC1', 0.8333333333333333), ('[SiH3+6]CN1CCNCC1', 0.8333333333333333), ('[SiH2+62]CN1CCNCC1', 0.8333333333333333), ('[SeH]CN1CCNCC1', 0.8333333333333333), ('[SeH55+57]CN1CCNCC1', 0.8333333333333333), ('[SeH5+73]CN1CCNCC1', 0.8333333333333333), ('[SeH4+75]CN1CCNCC1', 0.8333333333333333), ('[SeH4+45]CN1CCNCC1', 0.8333333333333333), ('[SeH3+]CN1CCNCC1', 0.8333333333333333), ('[SeH2+89]CN1CCNCC1', 0.8333333333333333), ('[SeH2+68]CN1CCNCC1', 0.8333333333333333), ('[SeH2+20]CN1CCNCC1', 0.8333333333333333), ('[SeH2+100]CN1CCNCC1', 0.8333333333333333), ('[SeH+76]CN1CCNCC1', 0.8333333333333333), ('[SeH+43]CN1CCNCC1', 0.8333333333333333), ('[Se+13]CN1CCNCC1', 0.8333333333333333), ('[Se+10]CN1CCNCC1', 0.8333333333333333), ('[Se+106]CN1CCNCC1', 0.8333333333333333), ('[SH6+41]CN1CCNCC1', 0.8333333333333333), ('[SH41+79]CN1CCNCC1', 0.8333333333333333), ('[SH4+94]CN1CCNCC1', 0.8333333333333333), ('[SH3+42]CN1CCNCC1', 0.8333333333333333), ('[SH3+23]CN1CCNCC1', 0.8333333333333333), ('[SH2+38]CN1CCNCC1', 0.8333333333333333), ('[SH2+23]CN1CCNCC1', 0.8333333333333333), ('[SH2+14]CN1CCNCC1', 0.8333333333333333), ('[SH2+118]CN1CCNCC1', 0.8333333333333333), ('[SH+84]CN1CCNCC1', 0.8333333333333333), ('[SH+82]CN1CCNCC1', 0.8333333333333333), ('[SH+73]CN1CCNCC1', 0.8333333333333333), ('[SH+50]CN1CCNCC1', 0.8333333333333333), ('[SH+19]CN1CCNCC1', 0.8333333333333333), ('[SH+15]CN1CCNCC1', 0.8333333333333333), ('[S+82]CN1CCNCC1', 0.8333333333333333), ('[S+6]CN1CCNCC1', 0.8333333333333333), ('[S+2]CN1CCNCC1', 0.8333333333333333), ('[PH9+77]CN1CCNCC1', 0.8333333333333333), ('[PH9+23]CN1CCNCC1', 0.8333333333333333), ('[PH6+32]CN1CCNCC1', 0.8333333333333333), ('[PH5+57]CN1CCNCC1', 0.8333333333333333), ('[PH5+16]CN1CCNCC1', 0.8333333333333333), ('[PH4+112]CN1CCNCC1', 0.8333333333333333), ('[PH3+59]CN1CCNCC1', 0.8333333333333333), ('[PH3+32]CN1CCNCC1', 0.8333333333333333), ('[PH3+12]CN1CCNCC1', 0.8333333333333333), ('[PH22+24]CN1CCNCC1', 0.8333333333333333), ('[PH2+93]CN1CCNCC1', 0.8333333333333333), ('[OH9+13]CN1CCNCC1', 0.8333333333333333), ('[OH9+122]CN1CCNCC1', 0.8333333333333333), ('[OH8+95]CN1CCNCC1', 0.8333333333333333), ('[OH66+72]CN1CCNCC1', 0.8333333333333333), ('[OH6+38]CN1CCNCC1', 0.8333333333333333), ('[OH5+97]CN1CCNCC1', 0.8333333333333333), ('[OH5+26]CN1CCNCC1', 0.8333333333333333), ('[OH5+100]CN1CCNCC1', 0.8333333333333333), ('[OH4+59]CN1CCNCC1', 0.8333333333333333), ('[OH24+24]CN1CCNCC1', 0.8333333333333333), ('[OH2+6]CN1CCNCC1', 0.8333333333333333), ('[OH2+45]CN1CCNCC1', 0.8333333333333333), ('[OH2+30]CN1CCNCC1', 0.8333333333333333), ('[OH+99]CN1CCNCC1', 0.8333333333333333), ('[OH+63]CN1CCNCC1', 0.8333333333333333), ('[OH+55]CN1CCNCC1', 0.8333333333333333), ('[O+110]CN1CCNCC1', 0.8333333333333333), ('[NH9+43]CN1CCNCC1', 0.8333333333333333), ('[NH9+11]CN1CCNCC1', 0.8333333333333333), ('[NH8+96]CN1CCNCC1', 0.8333333333333333), ('[NH8+8]CN1CCNCC1', 0.8333333333333333), ('[NH6+23]CN1CCNCC1', 0.8333333333333333), ('[NH4+86]CN1CCNCC1', 0.8333333333333333), ('[NH25+64]CN1CCNCC1', 0.8333333333333333), ('[NH2+69]CN1CCNCC1', 0.8333333333333333), ('[NH2+29]CN1CCNCC1', 0.8333333333333333), ('[NH+28]CN1CCNCC1', 0.8333333333333333), ('[IH8+56]CN1CCNCC1', 0.8333333333333333), ('[IH4+]CN1CCNCC1', 0.8333333333333333), ('[IH3+51]CN1CCNCC1', 0.8333333333333333), ('[IH3+14]CN1CCNCC1', 0.8333333333333333), ('[IH2+77]CN1CCNCC1', 0.8333333333333333), ('[IH2+42]CN1CCNCC1', 0.8333333333333333), ('[IH2+34]CN1CCNCC1', 0.8333333333333333), ('[IH+10]CN1CCNCC1', 0.8333333333333333), ('[CH5+11]CN1CCNCC1', 0.8333333333333333), ('[CH44+115]CN1CCNCC1', 0.8333333333333333), ('[CH4+95]CN1CCNCC1', 0.8333333333333333), ('[CH4+58]CN1CCNCC1', 0.8333333333333333), ('[CH3+11]CN1CCNCC1', 0.8333333333333333), ('[CH24+48]CN1CCNCC1', 0.8333333333333333), ('[CH2+83]CN1CCNCC1', 0.8333333333333333), ('[CH2+21]CN1CCNCC1', 0.8333333333333333), ('[CH+35]CN1CCNCC1', 0.8333333333333333), ('[C+89]CN1CCNCC1', 0.8333333333333333)]
