./results/240620_090714/
{'apprentice_load_dir': '/workspace/_ext/data/models/amine250_reduced/XTransformer/240617_0319',
 'apprentice_sampling_batch_size': 16383,
 'apprentice_training_batch_size': 256,
 'apprentice_training_steps': 8,
 'benchmark_id': 13,
 'benchmark_type': 'amine',
 'dataset': 'amine250_reduced',
 'dataset_path': '/workspace/_ext/data/datasets/amine250_reduced/all.txt',
 'expert_sampling_batch_size': 1,
 'explainer_load_dir': None,
 'explainer_type': None,
 'genetic_experts': ['SMILES'],
 'learning_rate': 0.001,
 'logger_type': 'CommandLine',
 'max_sampling_batch_size': 1024,
 'max_smiles_length': 100,
 'model_type': 'XTransformer',
 'mutation_initial_rate': 0.01,
 'num_jobs': 8,
 'num_keep': 1024,
 'num_smiles_for_similarity': 100,
 'num_steps': 100,
 'project_qualified_name': '',
 'record_filtered': False,
 'sampling_strategy': 'softmax',
 'save_root': './results/',
 'seed': 404,
 'use_best': True,
 'use_cuda': True,
 'use_frozen_explainer': False,
 'use_initial': True}
benchmark_score
0.7311827956989253
[('CN([SeH99+114])CCCCO', 0.7311827956989246), ('CN([SeH82+104])CCCCO', 0.7311827956989246), ('CN([SeH75+115])CCCCO', 0.7311827956989246), ('CN([SeH63+66])CCCCO', 0.7311827956989246), ('CN([SeH63+58])CCCCO', 0.7311827956989246), ('CN([SeH54+124])CCCCO', 0.7311827956989246), ('CN([SeH52+61])CCCCO', 0.7311827956989246), ('CN([SeH47+51])CCCCO', 0.7311827956989246), ('CN([SeH29+42])CCCCO', 0.7311827956989246), ('CN([SeH15+123])CCCCO', 0.7311827956989246), ('CN([SeH12+117])CCCCO', 0.7311827956989246), ('CN([SeH105+124])CCCCO', 0.7311827956989246), ('CN([SH98+101])CCCCO', 0.7311827956989246), ('CN([SH49+50])CCCCO', 0.7311827956989246), ('CN([SH4+51])CCCCO', 0.7311827956989246), ('CN([SH31+120])CCCCO', 0.7311827956989246), ('CN([SH31+118])CCCCO', 0.7311827956989246), ('CN([SH31+115])CCCCO', 0.7311827956989246), ('CN([SH21+112])CCCCO', 0.7311827956989246), ('CN([SH2+125])CCCCO', 0.7311827956989246), ('CN([SH19+121])CCCCO', 0.7311827956989246), ('CN([PH91+125])CCCCO', 0.7311827956989246), ('CN([PH87+100])CCCCO', 0.7311827956989246), ('CN([PH85+105])CCCCO', 0.7311827956989246), ('CN([PH83+100])CCCCO', 0.7311827956989246), ('CN([PH81+100])CCCCO', 0.7311827956989246), ('CN([PH7+31])CCCCO', 0.7311827956989246), ('CN([PH66+62])CCCCO', 0.7311827956989246), ('CN([PH65+115])CCCCO', 0.7311827956989246), ('CN([PH6+4])CCCCO', 0.7311827956989246), ('CN([PH5+21])CCCCO', 0.7311827956989246), ('CN([PH49+98])CCCCO', 0.7311827956989246), ('CN([PH49+110])CCCCO', 0.7311827956989246), ('CN([PH33+102])CCCCO', 0.7311827956989246), ('CN([PH28+102])CCCCO', 0.7311827956989246), ('CN([PH2+21])CCCCO', 0.7311827956989246), ('CN([PH15+112])CCCCO', 0.7311827956989246), ('CN([OH87+122])CCCCO', 0.7311827956989246), ('CN([OH54+114])CCCCO', 0.7311827956989246), ('CN([OH45+118])CCCCO', 0.7311827956989246), ('CN([OH37+102])CCCCO', 0.7311827956989246), ('CN([OH24+116])CCCCO', 0.7311827956989246), ('CN([OH+81])CCCCO', 0.7311827956989246), ('CN([OH+41])CCCCO', 0.7311827956989246), ('CN([NH83+117])CCCCO', 0.7311827956989246), ('CN([NH72+125])CCCCO', 0.7311827956989246), ('CN([NH65+102])CCCCO', 0.7311827956989246), ('CN([NH61+83])CCCCO', 0.7311827956989246), ('CN([NH57+113])CCCCO', 0.7311827956989246), ('CN([NH55+60])CCCCO', 0.7311827956989246), ('CN([NH5+42])CCCCO', 0.7311827956989246), ('CN([NH48+121])CCCCO', 0.7311827956989246), ('CN([NH47+51])CCCCO', 0.7311827956989246), ('CN([NH43+50])CCCCO', 0.7311827956989246), ('CN([NH4+98])CCCCO', 0.7311827956989246), ('CN([NH38+81])CCCCO', 0.7311827956989246), ('CN([NH34+45])CCCCO', 0.7311827956989246), ('CN([NH32+64])CCCCO', 0.7311827956989246), ('CN([NH32+33])CCCCO', 0.7311827956989246), ('CN([NH31+122])CCCCO', 0.7311827956989246), ('CN([NH29+112])CCCCO', 0.7311827956989246), ('CN([NH29+110])CCCCO', 0.7311827956989246), ('CN([NH25+54])CCCCO', 0.7311827956989246), ('CN([NH21+100])CCCCO', 0.7311827956989246), ('CN([NH2+111])CCCCO', 0.7311827956989246), ('CN([NH15+111])CCCCO', 0.7311827956989246), ('CN([NH12+76])CCCCO', 0.7311827956989246), ('CN([NH12+25])CCCCO', 0.7311827956989246), ('CN([NH12+19])CCCCO', 0.7311827956989246), ('CN([IH97+100])CCCCO', 0.7311827956989246), ('CN([IH84+104])CCCCO', 0.7311827956989246), ('CN([IH67+103])CCCCO', 0.7311827956989246), ('CN([IH66+69])CCCCO', 0.7311827956989246), ('CN([IH58+72])CCCCO', 0.7311827956989246), ('CN([IH33+64])CCCCO', 0.7311827956989246), ('CN([IH32+100])CCCCO', 0.7311827956989246), ('CN([IH25+33])CCCCO', 0.7311827956989246), ('CN([IH108+122])CCCCO', 0.7311827956989246), ('CN([ClH88+119])CCCCO', 0.7311827956989246), ('CN([ClH72+102])CCCCO', 0.7311827956989246), ('CN([ClH69+115])CCCCO', 0.7311827956989246), ('CN([CH4+82])CCCCO', 0.7311827956989246), ('CN([CH3+112])CCCCO', 0.7311827956989246), ('CN([BrH94+114])CCCCO', 0.7311827956989246), ('CN([BrH92+107])CCCCO', 0.7311827956989246), ('CN([BrH8+110])CCCCO', 0.7311827956989246), ('CN([BrH72+104])CCCCO', 0.7311827956989246), ('CN([BrH66+88])CCCCO', 0.7311827956989246), ('CN([BrH65+86])CCCCO', 0.7311827956989246), ('CN([BrH65+113])CCCCO', 0.7311827956989246), ('CN([BrH53+66])CCCCO', 0.7311827956989246), ('CN([BrH52+69])CCCCO', 0.7311827956989246), ('CN([BrH48+108])CCCCO', 0.7311827956989246), ('CN([BrH42+93])CCCCO', 0.7311827956989246), ('CN([BrH42+101])CCCCO', 0.7311827956989246), ('CN([BrH33+105])CCCCO', 0.7311827956989246), ('CN([BrH3+104])CCCCO', 0.7311827956989246), ('CN([BrH22+47])CCCCO', 0.7311827956989246), ('CN([BrH15+42])CCCCO', 0.7311827956989246), ('CN([BrH+88])CCCCO', 0.7311827956989246)]
