./results/240620_064452/
{'apprentice_load_dir': '/workspace/_ext/data/models/amine250_reduced/XTransformer/240617_0319',
 'apprentice_sampling_batch_size': 16383,
 'apprentice_training_batch_size': 256,
 'apprentice_training_steps': 8,
 'benchmark_id': 11,
 'benchmark_type': 'amine',
 'dataset': 'amine250_reduced',
 'dataset_path': '/workspace/_ext/data/datasets/amine250_reduced/all.txt',
 'expert_sampling_batch_size': 1,
 'explainer_load_dir': None,
 'explainer_type': None,
 'genetic_experts': ['SMILES'],
 'learning_rate': 0.001,
 'logger_type': 'CommandLine',
 'max_sampling_batch_size': 1024,
 'max_smiles_length': 100,
 'model_type': 'XTransformer',
 'mutation_initial_rate': 0.01,
 'num_jobs': 8,
 'num_keep': 1024,
 'num_smiles_for_similarity': 100,
 'num_steps': 100,
 'project_qualified_name': '',
 'record_filtered': False,
 'sampling_strategy': 'softmax',
 'save_root': './results/',
 'seed': 404,
 'use_best': True,
 'use_cuda': True,
 'use_frozen_explainer': False,
 'use_initial': True}
benchmark_score
1.0
[('CC(C)N.[OH2+]', 1.0), ('CC(C)N.[N]', 1.0), ('CC(C)N.[NH]', 1.0), ('CC(C)N.[NH3+].[N]', 1.0), ('CC(C)N.[NH3+]', 1.0), ('CC(C)N.[NH2].[N]', 1.0), ('CC(C)N.[NH2]', 1.0), ('CC(C)N.[NH2+].[N]', 1.0), ('CC(C)N.[NH2+].[NH3+]', 1.0), ('CC(C)N.[NH2+].[NH2]', 1.0), ('CC(C)N.[NH2+].[NH2+]', 1.0), ('CC(C)N.[NH+].[NH2]', 1.0), ('CC(C)N.[N-].[NH2]', 1.0), ('CC(C)N.[N+].[OH2+]', 1.0), ('CC(C)N.[N+].[NH2]', 1.0), ('CC(C)N.[ClH+].[NH+]', 1.0), ('CC(C)N.[BH2].[O]', 1.0), ('CC(C)N.[BH2].[N]', 1.0), ('CC(C)N.[BH2].[NH2+]', 1.0), ('CC(C)N.[BH2].[N+]', 1.0), ('CC(C)N.[BH2-].[NH2+]', 1.0), ('CC(C)N.[B+].[OH3+]', 1.0), ('CC(C)N.[B+].[NH+]', 1.0), ('CC(C)N.S.[NH2+]', 1.0), ('CC(C)N.P.[NH3+]', 1.0), ('CC(C)N.P', 1.0), ('CC(C)N.O.[OH2+]', 1.0), ('CC(C)N.O.[NH3+]', 1.0), ('CC(C)N.O.[N+]', 1.0), ('CC(C)N.O.P', 1.0), ('CC(C)N.N.[O]', 1.0), ('CC(C)N.N.[OH-]', 1.0), ('CC(C)N.N.[N]', 1.0), ('CC(C)N.N.[NH3+]', 1.0), ('CC(C)N.N.[NH+]', 1.0), ('CC(C)N.N.[F]', 1.0), ('CC(C)N.N.S', 1.0), ('CC(C)N.N', 1.0), ('CC(C)N.I.[O]', 1.0), ('CC(C)N.I.[OH+]', 1.0), ('CC(C)N.I.[N]', 1.0), ('CC(C)N.I.[NH3+]', 1.0), ('CC(C)N.I.[NH2]', 1.0), ('CC(C)N.I.[NH2+]', 1.0), ('CC(C)N.I.N', 1.0), ('CC(C)N.I', 1.0), ('CC(C)N.F.[O]', 1.0), ('CC(C)N.F.[OH2+]', 1.0), ('CC(C)N.F.[OH+]', 1.0), ('CC(C)N.F.[O-]', 1.0), ('CC(C)N.F.[N]', 1.0), ('CC(C)N.F.[NH2]', 1.0), ('CC(C)N.F.[NH2-]', 1.0), ('CC(C)N.F.[NH-]', 1.0), ('CC(C)N.F.[NH+]', 1.0), ('CC(C)N.F.[IH3-]', 1.0), ('CC(C)N.F.[IH2]', 1.0), ('CC(C)N.F.[BH2]', 1.0), ('CC(C)N.F.[BH2-]', 1.0), ('CC(C)N.F.[B+]', 1.0), ('CC(C)N.F.S', 1.0), ('CC(C)N.F.O', 1.0), ('CC(C)N.F.N', 1.0), ('CC(C)N.F.I', 1.0), ('CC(C)N.Cl.[OH+]', 1.0), ('CC(C)N.Cl.[O-]', 1.0), ('CC(C)N.Cl.[NH3+]', 1.0), ('CC(C)N.Cl.[NH2]', 1.0), ('CC(C)N.Cl.[NH2-]', 1.0), ('CC(C)N.Cl.[NH2+]', 1.0), ('CC(C)N.Cl.S', 1.0), ('CC(C)N.Cl.O', 1.0), ('CC(C)N.Cl.N', 1.0), ('CC(C)N.Cl.F', 1.0), ('CC(C)N.Cl', 1.0), ('Br.CC(C)N.[Se]', 1.0), ('Br.CC(C)N.[SH]', 1.0), ('Br.CC(C)N.[S-]', 1.0), ('Br.CC(C)N.[O]', 1.0), ('Br.CC(C)N.[OH3+]', 1.0), ('Br.CC(C)N.[OH2+]', 1.0), ('Br.CC(C)N.[OH-]', 1.0), ('Br.CC(C)N.[OH+]', 1.0), ('Br.CC(C)N.[O-]', 1.0), ('Br.CC(C)N.[O+]', 1.0), ('Br.CC(C)N.[NH2]', 1.0), ('Br.CC(C)N.[NH2-]', 1.0), ('Br.CC(C)N.[NH-]', 1.0), ('Br.CC(C)N.[NH+]', 1.0), ('Br.CC(C)N.[I-]', 1.0), ('Br.CC(C)N.[FH+]', 1.0), ('Br.CC(C)N.[BH+]', 1.0), ('Br.CC(C)N.[B-]', 1.0), ('Br.CC(C)N.P', 1.0), ('Br.CC(C)N.O', 1.0), ('Br.CC(C)N.F', 1.0), ('Br.CC(C)N.Cl', 1.0), ('Br.CC(C)N', 1.0), ('Br.C.CC(C)N', 1.0), ('Br.Br.CC(C)N', 1.0)]
