./results/240621_031133/
{'apprentice_load_dir': '/workspace/_ext/data/models/amine250_reduced/XTransformer/240617_0319',
 'apprentice_sampling_batch_size': 16383,
 'apprentice_training_batch_size': 256,
 'apprentice_training_steps': 8,
 'benchmark_id': 22,
 'benchmark_type': 'amine',
 'dataset': 'amine250_reduced',
 'dataset_path': '/workspace/_ext/data/datasets/amine250_reduced/all.txt',
 'expert_sampling_batch_size': 1,
 'explainer_load_dir': None,
 'explainer_type': None,
 'genetic_experts': ['SMILES'],
 'learning_rate': 0.001,
 'logger_type': 'CommandLine',
 'max_sampling_batch_size': 1024,
 'max_smiles_length': 100,
 'model_type': 'XTransformer',
 'mutation_initial_rate': 0.01,
 'num_jobs': 8,
 'num_keep': 1024,
 'num_smiles_for_similarity': 100,
 'num_steps': 100,
 'project_qualified_name': '',
 'record_filtered': False,
 'sampling_strategy': 'softmax',
 'save_root': './results/',
 'seed': 404,
 'use_best': True,
 'use_cuda': True,
 'use_frozen_explainer': False,
 'use_initial': True}
benchmark_score
0.4311801699725939
[('OCCN1CCCCC1', 0.5), ('CN1CCCCC1CO', 0.5), ('OCCN1CCCC1', 0.47073443584563585), ('CN1CCCCCC1CO', 0.4632778767618624), ('OCCN1CCCCCC1', 0.4188539082916955), ('OCN1CCCCC1', 0.4188260765425508), ('OCCCN1CCCCC1', 0.39970403251589476), ('OCCN1CCCCCCC1', 0.3844258722192448), ('OCN1CCCC1', 0.38118124993124375), ('CN1CCCC1CO', 0.37262572358034113), ('OCC1CN1CCN1CCCCC1', 0.3718224185466297), ('OCCCN1CCCC1', 0.37080992435478316), ('CCN1CCCCC1', 0.36760731104690386), ('OCCCCN1CCCCC1', 0.36681261567265006), ('OCC1CCN1CCN1CCCCC1', 0.36631047444969467), ('OCC1CN1CN1CCCCC1', 0.3658116753442703), ('OCCN1CCC1', 0.36550478793033614), ('OCC1CCCCN1O', 0.3627381250550058), ('OCC1CCCCN1I', 0.3627381250550058), ('OCC1CCCCN1F', 0.3627381250550058), ('OCC1CCCCN1Cl', 0.3627381250550058), ('OCC1CCCCN1Br', 0.3627381250550058), ('NN1CCCCC1CO', 0.3627381250550058), ('CN1CCCCC1CN', 0.3625307868699863), ('OCC1CCN1CN1CCCCC1', 0.35976011721667406), ('OCCN1CCCCC1CO', 0.35841660797672975), ('OCOCCN1CCCCC1', 0.3558417859433833), ('OCNCCN1CCCCC1', 0.3558417859433833), ('SCCN1CCCCC1', 0.35540932665545544), ('NCCN1CCCCC1', 0.35540932665545544), ('ICCN1CCCCC1', 0.35540932665545544), ('FCCN1CCCCC1', 0.35540932665545544), ('ClCCN1CCCCC1', 0.35540932665545544), ('BrCCN1CCCCC1', 0.35540932665545544), ('BCCN1CCCCC1', 0.35540932665545544), ('OCCN1CCCCCCCC1', 0.3552846872244244), ('OCC1CN1CCN1CCCC1', 0.3542459542160381), ('OCC1C[Si]N1CCN1CCCCC1', 0.35249579507223644), ('OCC1C[SiH8+117]N1CCN1CCCCC1', 0.35249579507223644), ('OCC1C[SiH6+20]N1CCN1CCCCC1', 0.35249579507223644), ('OCC1C[SiH5+67]N1CCN1CCCCC1', 0.35249579507223644), ('OCC1C[SiH4+81]N1CCN1CCCCC1', 0.35249579507223644), ('OCC1C[SiH4+69]N1CCN1CCCCC1', 0.35249579507223644), ('OCC1C[SiH4+101]N1CCN1CCCCC1', 0.35249579507223644), ('OCC1C[Si+49]N1CCN1CCCCC1', 0.35249579507223644), ('OCC1C[Se+106]N1CCN1CCCCC1', 0.35249579507223644), ('OCC1C[SH9+67]N1CCN1CCCCC1', 0.35249579507223644), ('OCC1C[SH9+20]N1CCN1CCCCC1', 0.35249579507223644), ('OCC1C[SH8+16]N1CCN1CCCCC1', 0.35249579507223644), ('OCC1C[SH7+76]N1CCN1CCCCC1', 0.35249579507223644), ('OCC1C[SH7+24]N1CCN1CCCCC1', 0.35249579507223644), ('OCC1C[SH7+126]N1CCN1CCCCC1', 0.35249579507223644), ('OCC1C[SH6+77]N1CCN1CCCCC1', 0.35249579507223644), ('OCC1C[SH6+21]N1CCN1CCCCC1', 0.35249579507223644), ('OCC1C[SH6+15]N1CCN1CCCCC1', 0.35249579507223644), ('OCC1C[SH6+127]N1CCN1CCCCC1', 0.35249579507223644), ('OCC1C[SH4+60]N1CCN1CCCCC1', 0.35249579507223644), ('OCC1C[PH8+76]N1CCN1CCCCC1', 0.35249579507223644), ('OCC1C[PH8+43]N1CCN1CCCCC1', 0.35249579507223644), ('OCC1C[PH8+30]N1CCN1CCCCC1', 0.35249579507223644), ('OCC1C[PH6+69]N1CCN1CCCCC1', 0.35249579507223644), ('OCC1C[PH6+48]N1CCN1CCCCC1', 0.35249579507223644), ('OCC1C[PH6+100]N1CCN1CCCCC1', 0.35249579507223644), ('OCC1C[OH6+16]N1CCN1CCCCC1', 0.35249579507223644), ('OCC1C[OH6+113]N1CCN1CCCCC1', 0.35249579507223644), ('OCC1C[OH5+63]N1CCN1CCCCC1', 0.35249579507223644), ('OCC1C[OH+64]N1CCN1CCCCC1', 0.35249579507223644), ('OCC1C[OH+47]N1CCN1CCCCC1', 0.35249579507223644), ('OCC1C[NH9+64]N1CCN1CCCCC1', 0.35249579507223644), ('OCC1C[NH7+81]N1CCN1CCCCC1', 0.35249579507223644), ('OCC1C[NH7+67]N1CCN1CCCCC1', 0.35249579507223644), ('OCC1C[NH7+52]N1CCN1CCCCC1', 0.35249579507223644), ('OCC1C[NH6+77]N1CCN1CCCCC1', 0.35249579507223644), ('OCC1C[NH6+76]N1CCN1CCCCC1', 0.35249579507223644), ('OCC1C[NH6+6]N1CCN1CCCCC1', 0.35249579507223644), ('OCC1C[NH6+36]N1CCN1CCCCC1', 0.35249579507223644), ('OCC1C[NH6+27]N1CCN1CCCCC1', 0.35249579507223644), ('OCC1C[NH5+40]N1CCN1CCCCC1', 0.35249579507223644), ('OCC1C[NH3+67]N1CCN1CCCCC1', 0.35249579507223644), ('OCC1C[NH3+21]N1CCN1CCCCC1', 0.35249579507223644), ('OCC1C[NH+87]N1CCN1CCCCC1', 0.35249579507223644), ('OCC1C[NH+75]N1CCN1CCCCC1', 0.35249579507223644), ('OCC1C[IH9+116]N1CCN1CCCCC1', 0.35249579507223644), ('OCC1C[IH8+47]N1CCN1CCCCC1', 0.35249579507223644), ('OCC1C[IH6+50]N1CCN1CCCCC1', 0.35249579507223644), ('OCC1C[IH5+60]N1CCN1CCCCC1', 0.35249579507223644), ('OCC1C[IH4+37]N1CCN1CCCCC1', 0.35249579507223644), ('OCC1C[IH3+70]N1CCN1CCCCC1', 0.35249579507223644), ('OCC1C[IH2+84]N1CCN1CCCCC1', 0.35249579507223644), ('OCC1C[IH2+44]N1CCN1CCCCC1', 0.35249579507223644), ('OCC1C[IH2+31]N1CCN1CCCCC1', 0.35249579507223644), ('OCC1C[ClH8+67]N1CCN1CCCCC1', 0.35249579507223644), ('OCC1C[ClH7+94]N1CCN1CCCCC1', 0.35249579507223644), ('OCC1C[ClH6+51]N1CCN1CCCCC1', 0.35249579507223644), ('OCC1C[ClH4+13]N1CCN1CCCCC1', 0.35249579507223644), ('OCC1C[ClH3+17]N1CCN1CCCCC1', 0.35249579507223644), ('OCC1C[ClH2+80]N1CCN1CCCCC1', 0.35249579507223644), ('OCC1C[ClH+127]N1CCN1CCCCC1', 0.35249579507223644), ('OCC1C[Cl+35]N1CCN1CCCCC1', 0.35249579507223644), ('OCC1C[BH5-90]N1CCN1CCCCC1', 0.35249579507223644)]
