./results/240619_121603/
{'apprentice_load_dir': '/workspace/_ext/data/models/amine250_reduced/TransformerDecoder/240616_1504',
 'apprentice_sampling_batch_size': 16383,
 'apprentice_training_batch_size': 256,
 'apprentice_training_steps': 8,
 'benchmark_id': 15,
 'benchmark_type': 'amine',
 'dataset': 'amine250_reduced',
 'dataset_path': '/workspace/_ext/data/datasets/amine250_reduced/all.txt',
 'expert_sampling_batch_size': 1,
 'explainer_load_dir': None,
 'explainer_type': None,
 'genetic_experts': ['SMILES'],
 'learning_rate': 0.001,
 'logger_type': 'CommandLine',
 'max_sampling_batch_size': 1024,
 'max_smiles_length': 100,
 'model_type': 'TransformerDecoder',
 'mutation_initial_rate': 0.01,
 'num_jobs': 8,
 'num_keep': 1024,
 'num_smiles_for_similarity': 100,
 'num_steps': 100,
 'project_qualified_name': '',
 'record_filtered': False,
 'sampling_strategy': 'softmax',
 'save_root': './results/',
 'seed': 404,
 'use_best': True,
 'use_cuda': True,
 'use_frozen_explainer': False,
 'use_initial': True}
benchmark_score
0.8071136653895277
[('CN1CCNCC1', 1.0), ('CN1CCCNCC1', 0.7676767676767677), ('[Si]N1CCNCC1', 0.6896551724137931), ('[Si-]N1CCNCC1', 0.6896551724137931), ('[Si+]N1CCNCC1', 0.6896551724137931), ('[Se]N1CCNCC1', 0.6896551724137931), ('[SeH]N1CCNCC1', 0.6896551724137931), ('[SeH3]N1CCNCC1', 0.6896551724137931), ('[SeH3-]N1CCNCC1', 0.6896551724137931), ('[SeH3+]N1CCNCC1', 0.6896551724137931), ('[SeH2]N1CCNCC1', 0.6896551724137931), ('[SeH2-]N1CCNCC1', 0.6896551724137931), ('[SeH2+]N1CCNCC1', 0.6896551724137931), ('[SeH-]N1CCNCC1', 0.6896551724137931), ('[SeH+]N1CCNCC1', 0.6896551724137931), ('[Se-]N1CCNCC1', 0.6896551724137931), ('[Se+]N1CCNCC1', 0.6896551724137931), ('[S]N1CCNCC1', 0.6896551724137931), ('[SH4]N1CCNCC1', 0.6896551724137931), ('[SH3]N1CCNCC1', 0.6896551724137931), ('[SH3-]N1CCNCC1', 0.6896551724137931), ('[SH3+]N1CCNCC1', 0.6896551724137931), ('[SH2]N1CCNCC1', 0.6896551724137931), ('[SH2-]N1CCNCC1', 0.6896551724137931), ('[SH2+]N1CCNCC1', 0.6896551724137931), ('[SH-]N1CCNCC1', 0.6896551724137931), ('[SH+]N1CCNCC1', 0.6896551724137931), ('[S-]N1CCNCC1', 0.6896551724137931), ('[S+]N1CCNCC1', 0.6896551724137931), ('[P]N1CCNCC1', 0.6896551724137931), ('[PH]N1CCNCC1', 0.6896551724137931), ('[PH3]N1CCNCC1', 0.6896551724137931), ('[PH3-]N1CCNCC1', 0.6896551724137931), ('[PH3+]N1CCNCC1', 0.6896551724137931), ('[PH2-]N1CCNCC1', 0.6896551724137931), ('[PH2+]N1CCNCC1', 0.6896551724137931), ('[PH-]N1CCNCC1', 0.6896551724137931), ('[PH+]N1CCNCC1', 0.6896551724137931), ('[P-]N1CCNCC1', 0.6896551724137931), ('[P+]N1CCNCC1', 0.6896551724137931), ('[O]N1CCNCC1', 0.6896551724137931), ('[OH2+]N1CCNCC1', 0.6896551724137931), ('[OH+]N1CCNCC1', 0.6896551724137931), ('[O-]N1CCNCC1', 0.6896551724137931), ('[O+]N1CCNCC1', 0.6896551724137931), ('[N]N1CCNCC1', 0.6896551724137931), ('[NH]N1CCNCC1', 0.6896551724137931), ('[NH3+]N1CCNCC1', 0.6896551724137931), ('[NH2+]N1CCNCC1', 0.6896551724137931), ('[NH-]N1CCNCC1', 0.6896551724137931), ('[NH+]N1CCNCC1', 0.6896551724137931), ('[N-]N1CCNCC1', 0.6896551724137931), ('[N+]N1CCNCC1', 0.6896551724137931), ('[IH]N1CCNCC1', 0.6896551724137931), ('[IH3]N1CCNCC1', 0.6896551724137931), ('[IH3-]N1CCNCC1', 0.6896551724137931), ('[IH3+]N1CCNCC1', 0.6896551724137931), ('[IH2]N1CCNCC1', 0.6896551724137931), ('[IH2-]N1CCNCC1', 0.6896551724137931), ('[IH2+]N1CCNCC1', 0.6896551724137931), ('[IH-]N1CCNCC1', 0.6896551724137931), ('[IH+]N1CCNCC1', 0.6896551724137931), ('[I-]N1CCNCC1', 0.6896551724137931), ('[I+]N1CCNCC1', 0.6896551724137931), ('[FH+]N1CCNCC1', 0.6896551724137931), ('[F+]N1CCNCC1', 0.6896551724137931), ('[ClH+]N1CCNCC1', 0.6896551724137931), ('[Cl+]N1CCNCC1', 0.6896551724137931), ('[C]N1CCNCC1', 0.6896551724137931), ('[CH]N1CCNCC1', 0.6896551724137931), ('[CH3+]N1CCNCC1', 0.6896551724137931), ('[CH2]N1CCNCC1', 0.6896551724137931), ('[CH2-]N1CCNCC1', 0.6896551724137931), ('[CH2+]N1CCNCC1', 0.6896551724137931), ('[CH-]N1CCNCC1', 0.6896551724137931), ('[CH+]N1CCNCC1', 0.6896551724137931), ('[C-]N1CCNCC1', 0.6896551724137931), ('[C+]N1CCNCC1', 0.6896551724137931), ('[BrH+]N1CCNCC1', 0.6896551724137931), ('[Br+]N1CCNCC1', 0.6896551724137931), ('[B]N1CCNCC1', 0.6896551724137931), ('[BH]N1CCNCC1', 0.6896551724137931), ('[BH3-]N1CCNCC1', 0.6896551724137931), ('[BH2-]N1CCNCC1', 0.6896551724137931), ('[BH-]N1CCNCC1', 0.6896551724137931), ('[BH+]N1CCNCC1', 0.6896551724137931), ('[B-]N1CCNCC1', 0.6896551724137931), ('[B+]N1CCNCC1', 0.6896551724137931), ('SN1CCNCC1', 0.6896551724137931), ('PN1CCNCC1', 0.6896551724137931), ('ON1CCNCC1', 0.6896551724137931), ('NN1CCNCC1', 0.6896551724137931), ('IN1CCNCC1', 0.6896551724137931), ('FN1CCNCC1', 0.6896551724137931), ('ClN1CCNCC1', 0.6896551724137931), ('BrN1CCNCC1', 0.6896551724137931), ('BN1CCNCC1', 0.6896551724137931), ('C[PH+]N1CCNCC1', 0.6666666666666666), ('C[I+]N1CCNCC1', 0.6666666666666666), ('CCN1CCNCC1', 0.6666666666666666)]
