./results/240619_102136/
{'apprentice_load_dir': '/workspace/_ext/data/models/amine250_reduced/TransformerDecoder/240616_1504',
 'apprentice_sampling_batch_size': 16383,
 'apprentice_training_batch_size': 256,
 'apprentice_training_steps': 8,
 'benchmark_id': 13,
 'benchmark_type': 'amine',
 'dataset': 'amine250_reduced',
 'dataset_path': '/workspace/_ext/data/datasets/amine250_reduced/all.txt',
 'expert_sampling_batch_size': 1,
 'explainer_load_dir': None,
 'explainer_type': None,
 'genetic_experts': ['SMILES'],
 'learning_rate': 0.001,
 'logger_type': 'CommandLine',
 'max_sampling_batch_size': 1024,
 'max_smiles_length': 100,
 'model_type': 'TransformerDecoder',
 'mutation_initial_rate': 0.01,
 'num_jobs': 8,
 'num_keep': 1024,
 'num_smiles_for_similarity': 100,
 'num_steps': 100,
 'project_qualified_name': '',
 'record_filtered': False,
 'sampling_strategy': 'softmax',
 'save_root': './results/',
 'seed': 404,
 'use_best': True,
 'use_cuda': True,
 'use_frozen_explainer': False,
 'use_initial': True}
benchmark_score
0.8511607622341674
[('CN(C)CCCCO', 1.0), ('CN(C)CCCCCO', 0.9777777777777776), ('CN(C)CCCO', 0.8717948717948718), ('CN(C)CCCCCCO', 0.8627450980392157), ('CN(C)CCCCCCCO', 0.7719298245614035), ('[CH]N(C)CCCCO', 0.7311827956989246), ('[CH2]N(C)CCCCO', 0.7311827956989246), ('[CH-]CCCCN(C)C', 0.7311827956989246), ('[C-]CCCCN(C)C', 0.7311827956989246), ('[C+]N(C)CCCCO', 0.7311827956989246), ('[BH]CCCCN(C)C', 0.7311827956989246), ('[BH2-]CCCCN(C)C', 0.7311827956989246), ('[BH-]N(C)CCCCO', 0.7311827956989246), ('[BH+]CCCCN(C)C', 0.7311827956989246), ('[B-]N(C)CCCCO', 0.7311827956989246), ('[B+]CCCCN(C)C', 0.7311827956989246), ('CN([Si])CCCCO', 0.7311827956989246), ('CN([SH4])CCCCO', 0.7311827956989246), ('CN([SH4-])CCCCO', 0.7311827956989246), ('CN([SH3-])CCCCO', 0.7311827956989246), ('CN([SH3+])CCCCO', 0.7311827956989246), ('CN([SH2-])CCCCO', 0.7311827956989246), ('CN([S-])CCCCO', 0.7311827956989246), ('CN([S+])CCCCO', 0.7311827956989246), ('CN([P])CCCCO', 0.7311827956989246), ('CN([PH4])CCCCO', 0.7311827956989246), ('CN([PH3+])CCCCO', 0.7311827956989246), ('CN([PH2-])CCCCO', 0.7311827956989246), ('CN([PH-])CCCCO', 0.7311827956989246), ('CN([PH+])CCCCO', 0.7311827956989246), ('CN([P-])CCCCO', 0.7311827956989246), ('CN([OH+])CCCCO', 0.7311827956989246), ('CN([O-])CCCCO', 0.7311827956989246), ('CN([O+])CCCCO', 0.7311827956989246), ('CN([N])CCCCO', 0.7311827956989246), ('CN([NH])CCCCO', 0.7311827956989246), ('CN([NH2+])CCCCO', 0.7311827956989246), ('CN([NH-])CCCCO', 0.7311827956989246), ('CN([N+])CCCCO', 0.7311827956989246), ('CN([IH])CCCCO', 0.7311827956989246), ('CN([IH4])CCCCO', 0.7311827956989246), ('CN([IH4+])CCCCO', 0.7311827956989246), ('CN([IH3+])CCCCO', 0.7311827956989246), ('CN([IH2])CCCCO', 0.7311827956989246), ('CN([IH2+])CCCCO', 0.7311827956989246), ('CN([IH-])CCCCO', 0.7311827956989246), ('CN([IH+])CCCCO', 0.7311827956989246), ('CN([I+])CCCCO', 0.7311827956989246), ('CN([Cl+])CCCCO', 0.7311827956989246), ('CN([CH4+])CCCCO', 0.7311827956989246), ('CN([BrH+])CCCCO', 0.7311827956989246), ('CN([Br+])CCCCO', 0.7311827956989246), ('CN(S)CCCCO', 0.7311827956989246), ('CN(P)CCCCO', 0.7311827956989246), ('CN(O)CCCCO', 0.7311827956989246), ('CN(N)CCCCO', 0.7311827956989246), ('CN(C)CCCC[S]', 0.7311827956989246), ('CN(C)CCCC[SH4]', 0.7311827956989246), ('CN(C)CCCC[SH4-]', 0.7311827956989246), ('CN(C)CCCC[SH4+]', 0.7311827956989246), ('CN(C)CCCC[SH3]', 0.7311827956989246), ('CN(C)CCCC[SH2]', 0.7311827956989246), ('CN(C)CCCC[SH2+]', 0.7311827956989246), ('CN(C)CCCC[S-]', 0.7311827956989246), ('CN(C)CCCC[S+]', 0.7311827956989246), ('CN(C)CCCC[PH]', 0.7311827956989246), ('CN(C)CCCC[PH4]', 0.7311827956989246), ('CN(C)CCCC[PH4-]', 0.7311827956989246), ('CN(C)CCCC[PH3]', 0.7311827956989246), ('CN(C)CCCC[PH3-]', 0.7311827956989246), ('CN(C)CCCC[PH3+]', 0.7311827956989246), ('CN(C)CCCC[PH2-]', 0.7311827956989246), ('CN(C)CCCC[PH2+]', 0.7311827956989246), ('CN(C)CCCC[PH+]', 0.7311827956989246), ('CN(C)CCCC[P-]', 0.7311827956989246), ('CN(C)CCCC[O]', 0.7311827956989246), ('CN(C)CCCC[OH2+]', 0.7311827956989246), ('CN(C)CCCC[O+]', 0.7311827956989246), ('CN(C)CCCC[NH2+]', 0.7311827956989246), ('CN(C)CCCC[NH-]', 0.7311827956989246), ('CN(C)CCCC[IH]', 0.7311827956989246), ('CN(C)CCCC[IH4]', 0.7311827956989246), ('CN(C)CCCC[IH4+]', 0.7311827956989246), ('CN(C)CCCC[IH3]', 0.7311827956989246), ('CN(C)CCCC[IH3-]', 0.7311827956989246), ('CN(C)CCCC[IH3+]', 0.7311827956989246), ('CN(C)CCCC[IH2]', 0.7311827956989246), ('CN(C)CCCC[IH-]', 0.7311827956989246), ('CN(C)CCCC[IH+]', 0.7311827956989246), ('CN(C)CCCC[I+]', 0.7311827956989246), ('CN(C)CCCC[FH+]', 0.7311827956989246), ('CN(C)CCCC[F+]', 0.7311827956989246), ('CN(C)CCCC[CH4+]', 0.7311827956989246), ('CN(C)CCCC[CH3+]', 0.7311827956989246), ('CN(C)CCCC[Br+]', 0.7311827956989246), ('CN(C)CCCCS', 0.7311827956989246), ('CN(C)CCCCF', 0.7311827956989246), ('CN(C)CCCCCl', 0.7311827956989246), ('CN(C)CCCCBr', 0.7311827956989246), ('CCCCCN(C)C', 0.7311827956989246)]
