./results/240619_192446/
{'apprentice_load_dir': '/workspace/_ext/data/models/amine250_reduced/TransformerDecoder/240616_1504',
 'apprentice_sampling_batch_size': 16383,
 'apprentice_training_batch_size': 256,
 'apprentice_training_steps': 8,
 'benchmark_id': 22,
 'benchmark_type': 'amine',
 'dataset': 'amine250_reduced',
 'dataset_path': '/workspace/_ext/data/datasets/amine250_reduced/all.txt',
 'expert_sampling_batch_size': 1,
 'explainer_load_dir': None,
 'explainer_type': None,
 'genetic_experts': ['SMILES'],
 'learning_rate': 0.001,
 'logger_type': 'CommandLine',
 'max_sampling_batch_size': 1024,
 'max_smiles_length': 100,
 'model_type': 'TransformerDecoder',
 'mutation_initial_rate': 0.01,
 'num_jobs': 8,
 'num_keep': 1024,
 'num_smiles_for_similarity': 100,
 'num_steps': 100,
 'project_qualified_name': '',
 'record_filtered': False,
 'sampling_strategy': 'softmax',
 'save_root': './results/',
 'seed': 404,
 'use_best': True,
 'use_cuda': True,
 'use_frozen_explainer': False,
 'use_initial': True}
benchmark_score
0.4381742837176101
[('OCCN1CCCCC1', 0.5), ('CN1CCCCC1CO', 0.5), ('OCCN1CCCC1', 0.47073443584563585), ('CN1CCCCCC1CO', 0.4632778767618624), ('CN1CCCCC1CCO', 0.424968887345366), ('CN1CCCCCCC1CO', 0.42379344841321), ('OCCN1CCCCCC1', 0.4188539082916955), ('OCN1CCCCC1', 0.4188260765425508), ('CN1CCCCCC1CCO', 0.4048966532219751), ('OCCCN1CCCCC1', 0.39970403251589476), ('CN1CCCCCCCC1CO', 0.3905667329424716), ('CN1CCCCC1CCCO', 0.38924947208076144), ('OCCN1CCCCCCC1', 0.3844258722192448), ('CN1CCCCC1CCN1CCCCC1', 0.382039947410267), ('OCN1CCCC1', 0.38118124993124375), ('CCCN1CCCCC1', 0.37654087294883953), ('CN1CCCCCCC1CCO', 0.37415616958826103), ('CN1CCCCCC1CCCO', 0.37415616958826103), ('CN1CCCCC1CCN1CCC1', 0.3741115235443591), ('CN1CCCCC1CCN1CCCC1', 0.3727101499963041), ('CN1CCCC1CO', 0.37262572358034113), ('OCC1CN1CCN1CCCCC1', 0.3718224185466297), ('CN1CCCCC1C[Si]CO', 0.371726071333238), ('CN1CCCCC1C[SH]CO', 0.371726071333238), ('CN1CCCCC1C[SH5+]CO', 0.371726071333238), ('CN1CCCCC1C[SH4]CO', 0.371726071333238), ('CN1CCCCC1C[SH4+]CO', 0.371726071333238), ('CN1CCCCC1C[SH3]CO', 0.371726071333238), ('CN1CCCCC1C[SH3-]CO', 0.371726071333238), ('CN1CCCCC1C[SH3+]CO', 0.371726071333238), ('CN1CCCCC1C[SH2]CO', 0.371726071333238), ('CN1CCCCC1C[SH2-]CO', 0.371726071333238), ('CN1CCCCC1C[SH2+]CO', 0.371726071333238), ('CN1CCCCC1C[SH-]CO', 0.371726071333238), ('CN1CCCCC1C[SH+]CO', 0.371726071333238), ('CN1CCCCC1C[S-]CO', 0.371726071333238), ('CN1CCCCC1C[S+]CO', 0.371726071333238), ('CN1CCCCC1C[P]CO', 0.371726071333238), ('CN1CCCCC1C[PH5+]CO', 0.371726071333238), ('CN1CCCCC1C[PH4]CO', 0.371726071333238), ('CN1CCCCC1C[PH4-]CO', 0.371726071333238), ('CN1CCCCC1C[PH4+]CO', 0.371726071333238), ('CN1CCCCC1C[PH3]CO', 0.371726071333238), ('CN1CCCCC1C[PH3-]CO', 0.371726071333238), ('CN1CCCCC1C[PH3+]CO', 0.371726071333238), ('CN1CCCCC1C[PH2]CO', 0.371726071333238), ('CN1CCCCC1C[PH2-]CO', 0.371726071333238), ('CN1CCCCC1C[PH2+]CO', 0.371726071333238), ('CN1CCCCC1C[PH-]CO', 0.371726071333238), ('CN1CCCCC1C[PH+]CO', 0.371726071333238), ('CN1CCCCC1C[P-]CO', 0.371726071333238), ('CN1CCCCC1C[P+]CO', 0.371726071333238), ('CN1CCCCC1C[OH+]CO', 0.371726071333238), ('CN1CCCCC1C[O+]CO', 0.371726071333238), ('CN1CCCCC1C[N]CO', 0.371726071333238), ('CN1CCCCC1C[NH2+]CO', 0.371726071333238), ('CN1CCCCC1C[NH+]CO', 0.371726071333238), ('CN1CCCCC1C[N-]CO', 0.371726071333238), ('CN1CCCCC1C[N+]CO', 0.371726071333238), ('CN1CCCCC1C[I]CO', 0.371726071333238), ('CN1CCCCC1C[IH]CO', 0.371726071333238), ('CN1CCCCC1C[IH4+]CO', 0.371726071333238), ('CN1CCCCC1C[IH3]CO', 0.371726071333238), ('CN1CCCCC1C[IH3+]CO', 0.371726071333238), ('CN1CCCCC1C[IH2]CO', 0.371726071333238), ('CN1CCCCC1C[IH2-]CO', 0.371726071333238), ('CN1CCCCC1C[IH2+]CO', 0.371726071333238), ('CN1CCCCC1C[IH-]CO', 0.371726071333238), ('CN1CCCCC1C[IH+]CO', 0.371726071333238), ('CN1CCCCC1C[I-]CO', 0.371726071333238), ('CN1CCCCC1C[I+]CO', 0.371726071333238), ('CN1CCCCC1C[F+]CO', 0.371726071333238), ('CN1CCCCC1C[Cl+]CO', 0.371726071333238), ('CN1CCCCC1C[C]CO', 0.371726071333238), ('CN1CCCCC1C[CH]CO', 0.371726071333238), ('CN1CCCCC1C[CH3+]CO', 0.371726071333238), ('CN1CCCCC1C[CH2+]CO', 0.371726071333238), ('CN1CCCCC1C[CH-]CO', 0.371726071333238), ('CN1CCCCC1C[CH+]CO', 0.371726071333238), ('CN1CCCCC1C[C-]CO', 0.371726071333238), ('CN1CCCCC1C[C+]CO', 0.371726071333238), ('CN1CCCCC1C[Br+]CO', 0.371726071333238), ('CN1CCCCC1C[B]CO', 0.371726071333238), ('CN1CCCCC1C[BH2-]CO', 0.371726071333238), ('CN1CCCCC1C[BH-]CO', 0.371726071333238), ('CN1CCCCC1C[B-]CO', 0.371726071333238), ('CN1CCCCC1C[B+]CO', 0.371726071333238), ('CN1CCCCC1CSCO', 0.371726071333238), ('CN1CCCCC1CPCO', 0.371726071333238), ('CN1CCCCC1COCO', 0.371726071333238), ('CN1CCCCC1CNCO', 0.371726071333238), ('CN1CCCCC1CBCO', 0.371726071333238), ('CN1CCC1CCN1CCCCC1', 0.3710145844334804), ('OCCCN1CCCC1', 0.37080992435478316), ('CN1CC1CCN1CCCCC1', 0.3692744729379982), ('CCN1CCCCC1', 0.36760731104690386), ('OCCCCN1CCCCC1', 0.36681261567265006), ('CN1CCCCC1CCN1CC1', 0.3667464028134539)]
