./results/240619_131044/
{'apprentice_load_dir': '/workspace/_ext/data/models/amine250_reduced/TransformerDecoder/240616_1504',
 'apprentice_sampling_batch_size': 16383,
 'apprentice_training_batch_size': 256,
 'apprentice_training_steps': 8,
 'benchmark_id': 16,
 'benchmark_type': 'amine',
 'dataset': 'amine250_reduced',
 'dataset_path': '/workspace/_ext/data/datasets/amine250_reduced/all.txt',
 'expert_sampling_batch_size': 1,
 'explainer_load_dir': None,
 'explainer_type': None,
 'genetic_experts': ['SMILES'],
 'learning_rate': 0.001,
 'logger_type': 'CommandLine',
 'max_sampling_batch_size': 1024,
 'max_smiles_length': 100,
 'model_type': 'TransformerDecoder',
 'mutation_initial_rate': 0.01,
 'num_jobs': 8,
 'num_keep': 1024,
 'num_smiles_for_similarity': 100,
 'num_steps': 100,
 'project_qualified_name': '',
 'record_filtered': False,
 'sampling_strategy': 'softmax',
 'save_root': './results/',
 'seed': 404,
 'use_best': True,
 'use_cuda': True,
 'use_frozen_explainer': False,
 'use_initial': True}
benchmark_score
0.8947425044091708
[('CCN1CCNCC1', 1.0), ('CCN1CCCNCC1', 0.8518518518518517), ('CCCN1CCNCC1', 0.838095238095238), ('[Si]CN1CCNCC1', 0.8333333333333333), ('[SiH]CN1CCNCC1', 0.8333333333333333), ('[SiH3]CN1CCNCC1', 0.8333333333333333), ('[SiH3-]CN1CCNCC1', 0.8333333333333333), ('[SiH3+]CN1CCNCC1', 0.8333333333333333), ('[SiH2]CN1CCNCC1', 0.8333333333333333), ('[SiH2-]CN1CCNCC1', 0.8333333333333333), ('[SiH2+]CN1CCNCC1', 0.8333333333333333), ('[SiH-]CN1CCNCC1', 0.8333333333333333), ('[SiH+]CN1CCNCC1', 0.8333333333333333), ('[Si-]CN1CCNCC1', 0.8333333333333333), ('[Si+]CN1CCNCC1', 0.8333333333333333), ('[S]CN1CCNCC1', 0.8333333333333333), ('[SH3]CN1CCNCC1', 0.8333333333333333), ('[SH3-]CN1CCNCC1', 0.8333333333333333), ('[SH3+]CN1CCNCC1', 0.8333333333333333), ('[SH2]CN1CCNCC1', 0.8333333333333333), ('[SH2-]CN1CCNCC1', 0.8333333333333333), ('[SH2+]CN1CCNCC1', 0.8333333333333333), ('[SH-]CN1CCNCC1', 0.8333333333333333), ('[SH+]CN1CCNCC1', 0.8333333333333333), ('[S-]CN1CCNCC1', 0.8333333333333333), ('[S+]CN1CCNCC1', 0.8333333333333333), ('[P]CN1CCNCC1', 0.8333333333333333), ('[PH]CN1CCNCC1', 0.8333333333333333), ('[PH3]CN1CCNCC1', 0.8333333333333333), ('[PH3-]CN1CCNCC1', 0.8333333333333333), ('[PH3+]CN1CCNCC1', 0.8333333333333333), ('[PH2-]CN1CCNCC1', 0.8333333333333333), ('[PH2+]CN1CCNCC1', 0.8333333333333333), ('[PH-]CN1CCNCC1', 0.8333333333333333), ('[PH+]CN1CCNCC1', 0.8333333333333333), ('[P-]CN1CCNCC1', 0.8333333333333333), ('[P+]CN1CCNCC1', 0.8333333333333333), ('[O]CN1CCNCC1', 0.8333333333333333), ('[OH2+]CN1CCNCC1', 0.8333333333333333), ('[OH+]CN1CCNCC1', 0.8333333333333333), ('[O-]CN1CCNCC1', 0.8333333333333333), ('[O+]CN1CCNCC1', 0.8333333333333333), ('[N]CN1CCNCC1', 0.8333333333333333), ('[NH]CN1CCNCC1', 0.8333333333333333), ('[NH3+]CN1CCNCC1', 0.8333333333333333), ('[NH2+]CN1CCNCC1', 0.8333333333333333), ('[NH-]CN1CCNCC1', 0.8333333333333333), ('[NH+]CN1CCNCC1', 0.8333333333333333), ('[N-]CN1CCNCC1', 0.8333333333333333), ('[N+]CN1CCNCC1', 0.8333333333333333), ('[IH]CN1CCNCC1', 0.8333333333333333), ('[IH3]CN1CCNCC1', 0.8333333333333333), ('[IH3-]CN1CCNCC1', 0.8333333333333333), ('[IH3+]CN1CCNCC1', 0.8333333333333333), ('[IH2]CN1CCNCC1', 0.8333333333333333), ('[IH2-]CN1CCNCC1', 0.8333333333333333), ('[IH2+]CN1CCNCC1', 0.8333333333333333), ('[IH-]CN1CCNCC1', 0.8333333333333333), ('[IH+]CN1CCNCC1', 0.8333333333333333), ('[I-]CN1CCNCC1', 0.8333333333333333), ('[I+]CN1CCNCC1', 0.8333333333333333), ('[FH+]CN1CCNCC1', 0.8333333333333333), ('[F+]CN1CCNCC1', 0.8333333333333333), ('[ClH+]CN1CCNCC1', 0.8333333333333333), ('[Cl+]CN1CCNCC1', 0.8333333333333333), ('[C]CN1CCNCC1', 0.8333333333333333), ('[CH]CN1CCNCC1', 0.8333333333333333), ('[CH3+]CN1CCNCC1', 0.8333333333333333), ('[CH2]CN1CCNCC1', 0.8333333333333333), ('[CH2-]CN1CCNCC1', 0.8333333333333333), ('[CH2+]CN1CCNCC1', 0.8333333333333333), ('[CH-]CN1CCNCC1', 0.8333333333333333), ('[CH+]CN1CCNCC1', 0.8333333333333333), ('[C-]CN1CCNCC1', 0.8333333333333333), ('[C+]CN1CCNCC1', 0.8333333333333333), ('[BrH+]CN1CCNCC1', 0.8333333333333333), ('[Br+]CN1CCNCC1', 0.8333333333333333), ('[B]CN1CCNCC1', 0.8333333333333333), ('[BH]CN1CCNCC1', 0.8333333333333333), ('[BH3-]CN1CCNCC1', 0.8333333333333333), ('[BH2-]CN1CCNCC1', 0.8333333333333333), ('[BH-]CN1CCNCC1', 0.8333333333333333), ('[BH+]CN1CCNCC1', 0.8333333333333333), ('[B-]CN1CCNCC1', 0.8333333333333333), ('[B+]CN1CCNCC1', 0.8333333333333333), ('SCN1CCNCC1', 0.8333333333333333), ('PCN1CCNCC1', 0.8333333333333333), ('OCN1CCNCC1', 0.8333333333333333), ('NCN1CCNCC1', 0.8333333333333333), ('ICN1CCNCC1', 0.8333333333333333), ('FCN1CCNCC1', 0.8333333333333333), ('ClCN1CCNCC1', 0.8333333333333333), ('BrCN1CCNCC1', 0.8333333333333333), ('BCN1CCNCC1', 0.8333333333333333), ('C[SiH2]CN1CCNCC1', 0.7777777777777778), ('C[PH2]CN1CCNCC1', 0.7777777777777778), ('C[P-]CN1CCNCC1', 0.7777777777777778), ('C[IH+]CN1CCNCC1', 0.7777777777777778), ('C[CH]CN1CCNCC1', 0.7777777777777778), ('C[BH-]CN1CCNCC1', 0.7777777777777778)]
