./results/240619_092323/
{'apprentice_load_dir': '/workspace/_ext/data/models/amine250_reduced/TransformerDecoder/240616_1504',
 'apprentice_sampling_batch_size': 16383,
 'apprentice_training_batch_size': 256,
 'apprentice_training_steps': 8,
 'benchmark_id': 12,
 'benchmark_type': 'amine',
 'dataset': 'amine250_reduced',
 'dataset_path': '/workspace/_ext/data/datasets/amine250_reduced/all.txt',
 'expert_sampling_batch_size': 1,
 'explainer_load_dir': None,
 'explainer_type': None,
 'genetic_experts': ['SMILES'],
 'learning_rate': 0.001,
 'logger_type': 'CommandLine',
 'max_sampling_batch_size': 1024,
 'max_smiles_length': 100,
 'model_type': 'TransformerDecoder',
 'mutation_initial_rate': 0.01,
 'num_jobs': 8,
 'num_keep': 1024,
 'num_smiles_for_similarity': 100,
 'num_steps': 100,
 'project_qualified_name': '',
 'record_filtered': False,
 'sampling_strategy': 'softmax',
 'save_root': './results/',
 'seed': 404,
 'use_best': True,
 'use_cuda': True,
 'use_frozen_explainer': False,
 'use_initial': True}
benchmark_score
0.841637860082305
[('CC(C)NCCCO', 1.0), ('CC(C)NCCCCO', 0.9032258064516128), ('CC(C)NCCCCCO', 0.7999999999999999), ('CC(C)NCCO', 0.7901234567901234), ('[CH]CCCNC(C)C', 0.7311827956989246), ('[CH-]CCCNC(C)C', 0.7311827956989246), ('[C+]CCCNC(C)C', 0.7311827956989246), ('[B]CCCNC(C)C', 0.7311827956989246), ('[B]C(C)NCCCO', 0.7311827956989246), ('[BH]CCCNC(C)C', 0.7311827956989246), ('[BH]C(C)NCCCO', 0.7311827956989246), ('[BH3-]CCCNC(C)C', 0.7311827956989246), ('[BH2-]C(C)NCCCO', 0.7311827956989246), ('[B-]CCCNC(C)C', 0.7311827956989246), ('[B+]C(C)NCCCO', 0.7311827956989246), ('CCCCNC(C)C', 0.7311827956989246), ('CC([SH5+])NCCCO', 0.7311827956989246), ('CC([SH4-])NCCCO', 0.7311827956989246), ('CC([SH3])NCCCO', 0.7311827956989246), ('CC([SH3-])NCCCO', 0.7311827956989246), ('CC([SH3+])NCCCO', 0.7311827956989246), ('CC([SH2-])NCCCO', 0.7311827956989246), ('CC([PH4])NCCCO', 0.7311827956989246), ('CC([PH4-])NCCCO', 0.7311827956989246), ('CC([PH3])NCCCO', 0.7311827956989246), ('CC([PH3+])NCCCO', 0.7311827956989246), ('CC([PH2-])NCCCO', 0.7311827956989246), ('CC([PH-])NCCCO', 0.7311827956989246), ('CC([PH+])NCCCO', 0.7311827956989246), ('CC([OH2+])NCCCO', 0.7311827956989246), ('CC([OH+])NCCCO', 0.7311827956989246), ('CC([O-])NCCCO', 0.7311827956989246), ('CC([O+])NCCCO', 0.7311827956989246), ('CC([NH-])NCCCO', 0.7311827956989246), ('CC([N-])NCCCO', 0.7311827956989246), ('CC([IH4])NCCCO', 0.7311827956989246), ('CC([IH3])NCCCO', 0.7311827956989246), ('CC([IH2-])NCCCO', 0.7311827956989246), ('CC([IH2+])NCCCO', 0.7311827956989246), ('CC([IH-])NCCCO', 0.7311827956989246), ('CC([I-])NCCCO', 0.7311827956989246), ('CC([I+])NCCCO', 0.7311827956989246), ('CC([FH+])NCCCO', 0.7311827956989246), ('CC([F+])NCCCO', 0.7311827956989246), ('CC([ClH+])NCCCO', 0.7311827956989246), ('CC([Cl+])NCCCO', 0.7311827956989246), ('CC([CH4+])NCCCO', 0.7311827956989246), ('CC([CH3+])NCCCO', 0.7311827956989246), ('CC([BrH+])NCCCO', 0.7311827956989246), ('CC([Br+])NCCCO', 0.7311827956989246), ('CC(S)NCCCO', 0.7311827956989246), ('CC(N)NCCCO', 0.7311827956989246), ('CC(C)NCCC[SH4]', 0.7311827956989246), ('CC(C)NCCC[SH4-]', 0.7311827956989246), ('CC(C)NCCC[SH4+]', 0.7311827956989246), ('CC(C)NCCC[SH3]', 0.7311827956989246), ('CC(C)NCCC[SH-]', 0.7311827956989246), ('CC(C)NCCC[SH+]', 0.7311827956989246), ('CC(C)NCCC[S-]', 0.7311827956989246), ('CC(C)NCCC[P]', 0.7311827956989246), ('CC(C)NCCC[PH4]', 0.7311827956989246), ('CC(C)NCCC[PH4+]', 0.7311827956989246), ('CC(C)NCCC[PH3]', 0.7311827956989246), ('CC(C)NCCC[PH3+]', 0.7311827956989246), ('CC(C)NCCC[PH2-]', 0.7311827956989246), ('CC(C)NCCC[PH-]', 0.7311827956989246), ('CC(C)NCCC[PH+]', 0.7311827956989246), ('CC(C)NCCC[P-]', 0.7311827956989246), ('CC(C)NCCC[O]', 0.7311827956989246), ('CC(C)NCCC[OH2+]', 0.7311827956989246), ('CC(C)NCCC[OH+]', 0.7311827956989246), ('CC(C)NCCC[O+]', 0.7311827956989246), ('CC(C)NCCC[N]', 0.7311827956989246), ('CC(C)NCCC[NH3+]', 0.7311827956989246), ('CC(C)NCCC[NH2+]', 0.7311827956989246), ('CC(C)NCCC[NH+]', 0.7311827956989246), ('CC(C)NCCC[N-]', 0.7311827956989246), ('CC(C)NCCC[IH4+]', 0.7311827956989246), ('CC(C)NCCC[IH3]', 0.7311827956989246), ('CC(C)NCCC[IH3-]', 0.7311827956989246), ('CC(C)NCCC[IH3+]', 0.7311827956989246), ('CC(C)NCCC[IH2-]', 0.7311827956989246), ('CC(C)NCCC[IH-]', 0.7311827956989246), ('CC(C)NCCC[IH+]', 0.7311827956989246), ('CC(C)NCCC[I-]', 0.7311827956989246), ('CC(C)NCCC[I+]', 0.7311827956989246), ('CC(C)NCCC[F+]', 0.7311827956989246), ('CC(C)NCCC[ClH+]', 0.7311827956989246), ('CC(C)NCCC[Cl+]', 0.7311827956989246), ('CC(C)NCCC[CH4+]', 0.7311827956989246), ('CC(C)NCCC[BrH+]', 0.7311827956989246), ('CC(C)NCCC[Br+]', 0.7311827956989246), ('CC(C)NCCCS', 0.7311827956989246), ('CC(C)NCCCP', 0.7311827956989246), ('CC(C)NCCCN', 0.7311827956989246), ('CC(C)NCCCI', 0.7311827956989246), ('CC(C)NCCCF', 0.7311827956989246), ('CC(C)NCCCCl', 0.7311827956989246), ('CC(C)NCCCBr', 0.7311827956989246), ('BC(C)NCCCO', 0.7311827956989246)]
