./results/240619_182245/
{'apprentice_load_dir': '/workspace/_ext/data/models/amine250_reduced/TransformerDecoder/240616_1504',
 'apprentice_sampling_batch_size': 16383,
 'apprentice_training_batch_size': 256,
 'apprentice_training_steps': 8,
 'benchmark_id': 21,
 'benchmark_type': 'amine',
 'dataset': 'amine250_reduced',
 'dataset_path': '/workspace/_ext/data/datasets/amine250_reduced/all.txt',
 'expert_sampling_batch_size': 1,
 'explainer_load_dir': None,
 'explainer_type': None,
 'genetic_experts': ['SMILES'],
 'learning_rate': 0.001,
 'logger_type': 'CommandLine',
 'max_sampling_batch_size': 1024,
 'max_smiles_length': 100,
 'model_type': 'TransformerDecoder',
 'mutation_initial_rate': 0.01,
 'num_jobs': 8,
 'num_keep': 1024,
 'num_smiles_for_similarity': 100,
 'num_steps': 100,
 'project_qualified_name': '',
 'record_filtered': False,
 'sampling_strategy': 'softmax',
 'save_root': './results/',
 'seed': 404,
 'use_best': True,
 'use_cuda': True,
 'use_frozen_explainer': False,
 'use_initial': True}
benchmark_score
0.39768642572014484
[('CCN(CCOCCO)CCN1CCCCC1', 0.41988804478009817), ('CCN(CCOCCO)CN1CCCCC1', 0.41147559989891175), ('CCN(CC)CCOCCN1CCCCC1', 0.41147559989891175), ('CCN(CCCN1CCCCC1)CCOCCO', 0.39571022010214635), ('CCN(CCOCCO)CCN1CCCC1', 0.38784964925515975), ('CCN(CC)CCOCCCN1CCCCC1', 0.3869098924422603), ('CCN(CCOCCO)CN(CC)CCN1CCCCC1', 0.3842418923703637), ('CCN(CC)CN(CCOCCO)CCN1CCCCC1', 0.3842418923703637), ('CCN(CO)CCOCCN1CCCCC1', 0.37969180010442427), ('[O]CN(CCOCCO)CCN1CCCCC1', 0.3776316112335101), ('[O-]CN(CCOCCO)CCN1CCCCC1', 0.3776316112335101), ('[O+]CN(CCOCCO)CCN1CCCCC1', 0.3776316112335101), ('[NH4+2]CN(CCOCCO)CCN1CCCCC1', 0.3776316112335101), ('[NH4+22]CN(CCOCCO)CCN1CCCCC1', 0.3776316112335101), ('[NH3+2]CN(CCOCCO)CCN1CCCCC1', 0.3776316112335101), ('[NH3+22]CN(CCOCCO)CCN1CCCCC1', 0.3776316112335101), ('[NH2+]CN(CCOCCO)CCN1CCCCC1', 0.3776316112335101), ('[NH2+2]CN(CCOCCO)CCN1CCCCC1', 0.3776316112335101), ('[NH-]CN(CCOCCO)CCN1CCCCC1', 0.3776316112335101), ('[NH+]CN(CCOCCO)CCN1CCCCC1', 0.3776316112335101), ('[NH+22]CN(CCOCCO)CCN1CCCCC1', 0.3776316112335101), ('[N+]CN(CCOCCO)CCN1CCCCC1', 0.3776316112335101), ('[N+2]CN(CCOCCO)CCN1CCCCC1', 0.3776316112335101), ('[C]CN(CCOCCO)CCN1CCCCC1', 0.3776316112335101), ('[CH3+2]CN(CCOCCO)CCN1CCCCC1', 0.3776316112335101), ('[CH2]CN(CCOCCO)CCN1CCCCC1', 0.3776316112335101), ('[CH2-]CN(CCOCCO)CCN1CCCCC1', 0.3776316112335101), ('[CH2+]CN(CCOCCO)CCN1CCCCC1', 0.3776316112335101), ('[CH+]CN(CCOCCO)CCN1CCCCC1', 0.3776316112335101), ('[CH+2]CN(CCOCCO)CCN1CCCCC1', 0.3776316112335101), ('[CH+22]CN(CCOCCO)CCN1CCCCC1', 0.3776316112335101), ('[C-]CN(CCOCCO)CCN1CCCCC1', 0.3776316112335101), ('[C+]CN(CCOCCO)CCN1CCCCC1', 0.3776316112335101), ('[C+22]CN(CCOCCO)CCN1CCCCC1', 0.3776316112335101), ('[BH]CN(CCOCCO)CCN1CCCCC1', 0.3776316112335101), ('[BH2-]CN(CCOCCO)CCN1CCCCC1', 0.3776316112335101), ('OCCOCCN(C[Si])CCN1CCCCC1', 0.3776316112335101), ('OCCOCCN(C[SiH4-])CCN1CCCCC1', 0.3776316112335101), ('OCCOCCN(C[SiH4+2])CCN1CCCCC1', 0.3776316112335101), ('OCCOCCN(C[SiH4+22])CCN1CCCCC1', 0.3776316112335101), ('OCCOCCN(C[SiH3])CCN1CCCCC1', 0.3776316112335101), ('OCCOCCN(C[SiH3-])CCN1CCCCC1', 0.3776316112335101), ('OCCOCCN(C[SiH3+])CCN1CCCCC1', 0.3776316112335101), ('OCCOCCN(C[SiH3+22])CCN1CCCCC1', 0.3776316112335101), ('OCCOCCN(C[SiH2])CCN1CCCCC1', 0.3776316112335101), ('OCCOCCN(C[SiH2+3])CCN1CCCCC1', 0.3776316112335101), ('OCCOCCN(C[SiH-])CCN1CCCCC1', 0.3776316112335101), ('OCCOCCN(C[SiH-2])CCN1CCCCC1', 0.3776316112335101), ('OCCOCCN(C[SiH+])CCN1CCCCC1', 0.3776316112335101), ('OCCOCCN(C[Si-])CCN1CCCCC1', 0.3776316112335101), ('OCCOCCN(C[S])CCN1CCCCC1', 0.3776316112335101), ('OCCOCCN(C[SH4])CCN1CCCCC1', 0.3776316112335101), ('OCCOCCN(C[SH4-])CCN1CCCCC1', 0.3776316112335101), ('OCCOCCN(C[SH4+])CCN1CCCCC1', 0.3776316112335101), ('OCCOCCN(C[SH4+2])CCN1CCCCC1', 0.3776316112335101), ('OCCOCCN(C[SH4+22])CCN1CCCCC1', 0.3776316112335101), ('OCCOCCN(C[SH3-])CCN1CCCCC1', 0.3776316112335101), ('OCCOCCN(C[SH3+2])CCN1CCCCC1', 0.3776316112335101), ('OCCOCCN(C[SH3+22])CCN1CCCCC1', 0.3776316112335101), ('OCCOCCN(C[SH2])CCN1CCCCC1', 0.3776316112335101), ('OCCOCCN(C[SH2-])CCN1CCCCC1', 0.3776316112335101), ('OCCOCCN(C[SH2+2])CCN1CCCCC1', 0.3776316112335101), ('OCCOCCN(C[SH+])CCN1CCCCC1', 0.3776316112335101), ('OCCOCCN(C[S+])CCN1CCCCC1', 0.3776316112335101), ('OCCOCCN(C[PH])CCN1CCCCC1', 0.3776316112335101), ('OCCOCCN(C[PH4+2])CCN1CCCCC1', 0.3776316112335101), ('OCCOCCN(C[PH4+22])CCN1CCCCC1', 0.3776316112335101), ('OCCOCCN(C[PH3-2])CCN1CCCCC1', 0.3776316112335101), ('OCCOCCN(C[PH3+])CCN1CCCCC1', 0.3776316112335101), ('OCCOCCN(C[PH3+2])CCN1CCCCC1', 0.3776316112335101), ('OCCOCCN(C[PH2-2])CCN1CCCCC1', 0.3776316112335101), ('OCCOCCN(C[PH2+])CCN1CCCCC1', 0.3776316112335101), ('OCCOCCN(C[PH2+2])CCN1CCCCC1', 0.3776316112335101), ('OCCOCCN(C[PH2+22])CCN1CCCCC1', 0.3776316112335101), ('OCCOCCN(C[PH-])CCN1CCCCC1', 0.3776316112335101), ('OCCOCCN(C[PH+])CCN1CCCCC1', 0.3776316112335101), ('OCCOCCN(C[P+])CCN1CCCCC1', 0.3776316112335101), ('OCCOCCN(C[OH3+2])CCN1CCCCC1', 0.3776316112335101), ('OCCOCCN(C[OH3+22])CCN1CCCCC1', 0.3776316112335101), ('OCCOCCN(C[OH2+])CCN1CCCCC1', 0.3776316112335101), ('OCCOCCN(C[OH+])CCN1CCCCC1', 0.3776316112335101), ('OCCOCCN(C[OH+22])CCN1CCCCC1', 0.3776316112335101), ('OCCOCCN(C[IH])CCN1CCCCC1', 0.3776316112335101), ('OCCOCCN(C[IH4])CCN1CCCCC1', 0.3776316112335101), ('OCCOCCN(C[IH4+3])CCN1CCCCC1', 0.3776316112335101), ('OCCOCCN(C[IH4+22])CCN1CCCCC1', 0.3776316112335101), ('OCCOCCN(C[IH3-])CCN1CCCCC1', 0.3776316112335101), ('OCCOCCN(C[IH3+2])CCN1CCCCC1', 0.3776316112335101), ('OCCOCCN(C[IH2-])CCN1CCCCC1', 0.3776316112335101), ('OCCOCCN(C[IH2+22])CCN1CCCCC1', 0.3776316112335101), ('OCCOCCN(C[IH-])CCN1CCCCC1', 0.3776316112335101), ('OCCOCCN(C[IH+2])CCN1CCCCC1', 0.3776316112335101), ('OCCOCCN(C[IH+22])CCN1CCCCC1', 0.3776316112335101), ('OCCOCCN(C[I-])CCN1CCCCC1', 0.3776316112335101), ('OCCOCCN(C[I+2])CCN1CCCCC1', 0.3776316112335101), ('OCCOCCN(CS)CCN1CCCCC1', 0.3776316112335101), ('OCCOCCN(CF)CCN1CCCCC1', 0.3776316112335101), ('NCN(CCOCCO)CCN1CCCCC1', 0.3776316112335101), ('CCN(CCO)CCOCCN1CCCCC1', 0.3776316112335101), ('BCN(CCOCCO)CCN1CCCCC1', 0.3776316112335101)]
