./results/240619_150452/
{'apprentice_load_dir': '/workspace/_ext/data/models/amine250_reduced/TransformerDecoder/240616_1504',
 'apprentice_sampling_batch_size': 16383,
 'apprentice_training_batch_size': 256,
 'apprentice_training_steps': 8,
 'benchmark_id': 18,
 'benchmark_type': 'amine',
 'dataset': 'amine250_reduced',
 'dataset_path': '/workspace/_ext/data/datasets/amine250_reduced/all.txt',
 'expert_sampling_batch_size': 1,
 'explainer_load_dir': None,
 'explainer_type': None,
 'genetic_experts': ['SMILES'],
 'learning_rate': 0.001,
 'logger_type': 'CommandLine',
 'max_sampling_batch_size': 1024,
 'max_smiles_length': 100,
 'model_type': 'TransformerDecoder',
 'mutation_initial_rate': 0.01,
 'num_jobs': 8,
 'num_keep': 1024,
 'num_smiles_for_similarity': 100,
 'num_steps': 100,
 'project_qualified_name': '',
 'record_filtered': False,
 'sampling_strategy': 'softmax',
 'save_root': './results/',
 'seed': 404,
 'use_best': True,
 'use_cuda': True,
 'use_frozen_explainer': False,
 'use_initial': True}
benchmark_score
0.9042015763407529
[('NCCN1CCNCC1', 1.0), ('NCCCN1CCNCC1', 0.923076923076923), ('NCCN1CCCNCC1', 0.8780487804878049), ('[Si]CCN1CCNCC1', 0.8421052631578947), ('[Se]CCN1CCNCC1', 0.8421052631578947), ('[SeH]CCN1CCNCC1', 0.8421052631578947), ('[SeH3]CCN1CCNCC1', 0.8421052631578947), ('[SeH3-]CCN1CCNCC1', 0.8421052631578947), ('[SeH3+]CCN1CCNCC1', 0.8421052631578947), ('[SeH2]CCN1CCNCC1', 0.8421052631578947), ('[SeH2-]CCN1CCNCC1', 0.8421052631578947), ('[SeH2+]CCN1CCNCC1', 0.8421052631578947), ('[SeH-]CCN1CCNCC1', 0.8421052631578947), ('[SeH+]CCN1CCNCC1', 0.8421052631578947), ('[Se-]CCN1CCNCC1', 0.8421052631578947), ('[Se+]CCN1CCNCC1', 0.8421052631578947), ('[S]CCN1CCNCC1', 0.8421052631578947), ('[SH3]CCN1CCNCC1', 0.8421052631578947), ('[SH3-]CCN1CCNCC1', 0.8421052631578947), ('[SH3+]CCN1CCNCC1', 0.8421052631578947), ('[SH2]CCN1CCNCC1', 0.8421052631578947), ('[SH2-]CCN1CCNCC1', 0.8421052631578947), ('[SH2+]CCN1CCNCC1', 0.8421052631578947), ('[SH-]CCN1CCNCC1', 0.8421052631578947), ('[SH+]CCN1CCNCC1', 0.8421052631578947), ('[S-]CCN1CCNCC1', 0.8421052631578947), ('[S+]CCN1CCNCC1', 0.8421052631578947), ('[P]CCN1CCNCC1', 0.8421052631578947), ('[PH]CCN1CCNCC1', 0.8421052631578947), ('[PH3]CCN1CCNCC1', 0.8421052631578947), ('[PH3-]CCN1CCNCC1', 0.8421052631578947), ('[PH3+]CCN1CCNCC1', 0.8421052631578947), ('[PH2-]CCN1CCNCC1', 0.8421052631578947), ('[PH2+]CCN1CCNCC1', 0.8421052631578947), ('[PH-]CCN1CCNCC1', 0.8421052631578947), ('[PH+]CCN1CCNCC1', 0.8421052631578947), ('[P-]CCN1CCNCC1', 0.8421052631578947), ('[P+]CCN1CCNCC1', 0.8421052631578947), ('[O]CCN1CCNCC1', 0.8421052631578947), ('[OH2+]CCN1CCNCC1', 0.8421052631578947), ('[OH+]CCN1CCNCC1', 0.8421052631578947), ('[O-]CCN1CCNCC1', 0.8421052631578947), ('[O+]CCN1CCNCC1', 0.8421052631578947), ('[N]CCN1CCNCC1', 0.8421052631578947), ('[NH]CCN1CCNCC1', 0.8421052631578947), ('[NH3+]CCN1CCNCC1', 0.8421052631578947), ('[NH2+]CCN1CCNCC1', 0.8421052631578947), ('[NH-]CCN1CCNCC1', 0.8421052631578947), ('[NH+]CCN1CCNCC1', 0.8421052631578947), ('[N-]CCN1CCNCC1', 0.8421052631578947), ('[N+]CCN1CCNCC1', 0.8421052631578947), ('[IH]CCN1CCNCC1', 0.8421052631578947), ('[IH3]CCN1CCNCC1', 0.8421052631578947), ('[IH3-]CCN1CCNCC1', 0.8421052631578947), ('[IH3+]CCN1CCNCC1', 0.8421052631578947), ('[IH2]CCN1CCNCC1', 0.8421052631578947), ('[IH2-]CCN1CCNCC1', 0.8421052631578947), ('[IH2+]CCN1CCNCC1', 0.8421052631578947), ('[IH-]CCN1CCNCC1', 0.8421052631578947), ('[IH+]CCN1CCNCC1', 0.8421052631578947), ('[I-]CCN1CCNCC1', 0.8421052631578947), ('[I+]CCN1CCNCC1', 0.8421052631578947), ('[Cl+]CCN1CCNCC1', 0.8421052631578947), ('[C]CCN1CCNCC1', 0.8421052631578947), ('[CH]CCN1CCNCC1', 0.8421052631578947), ('[CH3+]CCN1CCNCC1', 0.8421052631578947), ('[CH2]CCN1CCNCC1', 0.8421052631578947), ('[CH2-]CCN1CCNCC1', 0.8421052631578947), ('[CH2+]CCN1CCNCC1', 0.8421052631578947), ('[CH-]CCN1CCNCC1', 0.8421052631578947), ('[CH+]CCN1CCNCC1', 0.8421052631578947), ('[C-]CCN1CCNCC1', 0.8421052631578947), ('[C+]CCN1CCNCC1', 0.8421052631578947), ('[BrH+]CCN1CCNCC1', 0.8421052631578947), ('[Br+]CCN1CCNCC1', 0.8421052631578947), ('[B]CCN1CCNCC1', 0.8421052631578947), ('[BH]CCN1CCNCC1', 0.8421052631578947), ('[BH3-]CCN1CCNCC1', 0.8421052631578947), ('[BH2-]CCN1CCNCC1', 0.8421052631578947), ('[BH-]CCN1CCNCC1', 0.8421052631578947), ('[BH+]CCN1CCNCC1', 0.8421052631578947), ('[B-]CCN1CCNCC1', 0.8421052631578947), ('[B+]CCN1CCNCC1', 0.8421052631578947), ('SCCN1CCNCC1', 0.8421052631578947), ('PCCN1CCNCC1', 0.8421052631578947), ('OCCN1CCNCC1', 0.8421052631578947), ('ICCN1CCNCC1', 0.8421052631578947), ('FCCN1CCNCC1', 0.8421052631578947), ('ClCCN1CCNCC1', 0.8421052631578947), ('CCCN1CCNCC1', 0.8421052631578947), ('BrCCN1CCNCC1', 0.8421052631578947), ('BCCN1CCNCC1', 0.8421052631578947), ('NCN1CCNCC1', 0.838095238095238), ('NCCCCN1CCNCC1', 0.8372093023255813), ('N[SH3+]CCN1CCNCC1', 0.8130081300813008), ('N[SH-]CCN1CCNCC1', 0.8130081300813008), ('N[PH2+]CCN1CCNCC1', 0.8130081300813008), ('N[IH2]CCN1CCNCC1', 0.8130081300813008), ('N[I-]CCN1CCNCC1', 0.8130081300813008), ('NBCCN1CCNCC1', 0.8130081300813008)]
