./results/240619_204707/
{'apprentice_load_dir': '/workspace/_ext/data/models/amine250_reduced/TransformerDecoder/240616_1504',
 'apprentice_sampling_batch_size': 16383,
 'apprentice_training_batch_size': 256,
 'apprentice_training_steps': 8,
 'benchmark_id': 24,
 'benchmark_type': 'amine',
 'dataset': 'amine250_reduced',
 'dataset_path': '/workspace/_ext/data/datasets/amine250_reduced/all.txt',
 'expert_sampling_batch_size': 1,
 'explainer_load_dir': None,
 'explainer_type': None,
 'genetic_experts': ['SMILES'],
 'learning_rate': 0.001,
 'logger_type': 'CommandLine',
 'max_sampling_batch_size': 1024,
 'max_smiles_length': 100,
 'model_type': 'TransformerDecoder',
 'mutation_initial_rate': 0.01,
 'num_jobs': 8,
 'num_keep': 1024,
 'num_smiles_for_similarity': 100,
 'num_steps': 100,
 'project_qualified_name': '',
 'record_filtered': False,
 'sampling_strategy': 'softmax',
 'save_root': './results/',
 'seed': 404,
 'use_best': True,
 'use_cuda': True,
 'use_frozen_explainer': False,
 'use_initial': True}
benchmark_score
0.9998261261410444
[('OCCNCCO', 1.0), ('OCCCNCO', 1.0), ('OCCCCNO', 1.0), ('NOCCCCO', 1.0), ('NCOCCCO', 1.0), ('NCCOCCO', 1.0), ('NCCCOCO', 1.0), ('NCCCCOO', 1.0), ('NCCCC(O)O', 1.0), ('NCCC(O)CO', 1.0), ('NCC(O)CCO', 1.0), ('NCC(CO)CO', 1.0), ('NC(CO)CCO', 1.0), ('CONCCCO', 1.0), ('CONCC(C)O', 1.0), ('CONC(C)OC', 1.0), ('CONC(C)CO', 1.0), ('CONC(C)(C)O', 1.0), ('CON(C)CCO', 1.0), ('CON(C)C(C)O', 1.0), ('COCON(C)C', 1.0), ('COCOCCN', 1.0), ('COCOC(C)N', 1.0), ('COCNCOC', 1.0), ('COCNCCO', 1.0), ('COCNC(C)O', 1.0), ('COCN(C)OC', 1.0), ('COCN(C)CO', 1.0), ('COCCOCN', 1.0), ('COCCNOC', 1.0), ('COCCNCO', 1.0), ('COCCN(C)O', 1.0), ('COCCCON', 1.0), ('COCCCNO', 1.0), ('COCCC(N)O', 1.0), ('COCC(O)CN', 1.0), ('COCC(N)OC', 1.0), ('COCC(N)CO', 1.0), ('COCC(C)[NH+]O', 1.0), ('COCC(C)ON', 1.0), ('COCC(C)NO', 1.0), ('COCC(C)(N)O', 1.0), ('COC(O)CCN', 1.0), ('COC(O)C(C)N', 1.0), ('COC(N)CCO', 1.0), ('COC(N)C(C)O', 1.0), ('COC(CN)OC', 1.0), ('COC(CN)CO', 1.0), ('COC(C)OCN', 1.0), ('COC(C)NCO', 1.0), ('COC(C)N(C)O', 1.0), ('COC(C)CON', 1.0), ('COC(C)CNO', 1.0), ('COC(C)C(N)O', 1.0), ('COC(C)(O)CN', 1.0), ('COC(C)(N)OC', 1.0), ('COC(C)(N)CO', 1.0), ('COC(C)(C)[NH+]O', 1.0), ('COC(C)(C)ON', 1.0), ('COC(C)(C)NO', 1.0), ('CNOCCOC', 1.0), ('CNOCCCO', 1.0), ('CNOCC(C)O', 1.0), ('CNOC(C)OC', 1.0), ('CNOC(C)CO', 1.0), ('CNOC(C)(C)O', 1.0), ('CNCOCOC', 1.0), ('CNCOCCO', 1.0), ('CNCOC(C)O', 1.0), ('CNCCOOC', 1.0), ('CNCCOCO', 1.0), ('CNCCCOO', 1.0), ('CNCCC(O)O', 1.0), ('CNCC(O)OC', 1.0), ('CNCC(O)CO', 1.0), ('CNCC(C)OO', 1.0), ('CNCC(C)(O)O', 1.0), ('CNC(OC)OC', 1.0), ('CNC(O)COC', 1.0), ('CNC(O)CCO', 1.0), ('CNC(O)C(C)O', 1.0), ('CNC(CO)OC', 1.0), ('CNC(CO)CO', 1.0), ('CNC(C)OOC', 1.0), ('CNC(C)OCO', 1.0), ('CNC(C)COO', 1.0), ('CNC(C)C(O)O', 1.0), ('CNC(C)(O)OC', 1.0), ('CNC(C)(O)CO', 1.0), ('CNC(C)(C)OO', 1.0), ('CN(O)CCCO', 1.0), ('CN(O)C(C)(C)O', 1.0), ('CN(CO)CCO', 1.0), ('CN(C)OCCO', 1.0), ('CN(C)COCO', 1.0), ('CN(C)CCOO', 1.0), ('CN(C)CC(O)O', 1.0), ('CN(C)C(O)CO', 1.0), ('CN(C)C(C)(O)O', 1.0), ('CCO[NH+]OCC', 1.0), ('CCOON(C)C', 1.0), ('CCOOCNC', 1.0), ('CCOOCCN', 1.0), ('CCONOCC', 1.0), ('CCONCOC', 1.0), ('CCONCCO', 1.0), ('CCONC(C)O', 1.0), ('CCON(O)CC', 1.0), ('CCON(C)OC', 1.0), ('CCON(C)CO', 1.0), ('CCOCONC', 1.0), ('CCOCOCN', 1.0), ('CCOCNOC', 1.0), ('CCOCNCO', 1.0), ('CCOCN(C)O', 1.0), ('CCOCCON', 1.0), ('CCOCCNO', 1.0), ('CCOCC(N)O', 1.0), ('CCOC(O)NC', 1.0), ('CCOC(O)CN', 1.0), ('CCOC(N)OC', 1.0), ('CCOC(N)CO', 1.0), ('CCOC(C)ON', 1.0), ('CCOC(C)NO', 1.0), ('CCOC(C)(N)O', 1.0), ('CCNOOCC', 1.0), ('CCNOCOC', 1.0), ('CCNOCCO', 1.0), ('CCNOC(C)O', 1.0), ('CCNCOOC', 1.0), ('CCNCOCO', 1.0), ('CCNCCOO', 1.0), ('CCNCC(O)O', 1.0), ('CCNC(O)OC', 1.0), ('CCNC(O)CO', 1.0), ('CCNC(C)OO', 1.0), ('CCNC(C)(O)O', 1.0), ('CCN(OC)OC', 1.0), ('CCN(O)COC', 1.0), ('CCN(O)CCO', 1.0), ('CCN(O)C(C)O', 1.0), ('CCN(CO)OC', 1.0), ('CCN(CO)CO', 1.0), ('CCN(C)COO', 1.0), ('CCC[NH+]COO', 1.0), ('CCCOONC', 1.0), ('CCCOOCN', 1.0), ('CCCONOC', 1.0), ('CCCONCO', 1.0), ('CCCON(C)O', 1.0), ('CCCOC[NH+]O', 1.0), ('CCCOCON', 1.0), ('CCCOCNO', 1.0), ('CCCOC(N)O', 1.0), ('CCCNOOC', 1.0), ('CCCNOCO', 1.0), ('CCCNCOO', 1.0), ('CCCNC(O)O', 1.0), ('CCCN(O)OC', 1.0), ('CCCN(O)CO', 1.0), ('CCCN(C)OO', 1.0), ('CCCC[NH+]OO', 1.0), ('CCCCOON', 1.0), ('CCCCONO', 1.0), ('CCCCNOO', 1.0), ('CCCC(O)[NH+]O', 1.0), ('CCCC(O)ON', 1.0), ('CCCC(O)NO', 1.0), ('CCCC(N)OO', 1.0), ('CCCC(N)(O)O', 1.0), ('CCC(OC)ON', 1.0), ('CCC(O)[NH+]OC', 1.0), ('CCC(O)ONC', 1.0), ('CCC(O)OCN', 1.0), ('CCC(O)NOC', 1.0), ('CCC(O)NCO', 1.0), ('CCC(O)N(C)O', 1.0), ('CCC(O)CON', 1.0), ('CCC(O)CNO', 1.0), ('CCC(O)C(N)O', 1.0), ('CCC(O)(O)[NH+]C', 1.0), ('CCC(O)(O)NC', 1.0), ('CCC(O)(O)CN', 1.0), ('CCC(NO)OC', 1.0), ('CCC(NC)OO', 1.0), ('CCC(N)OOC', 1.0), ('CCC(N)OCO', 1.0), ('CCC(N)COO', 1.0), ('CCC(N)C(O)O', 1.0), ('CCC(N)(O)OC', 1.0), ('CCC(N)(O)CO', 1.0), ('CCC(CO)ON', 1.0), ('CCC(CO)NO', 1.0), ('CCC(CN)OO', 1.0), ('CCC(C)[NH+]OO', 1.0), ('CCC(C)OON', 1.0), ('CCC(C)ONO', 1.0), ('CCC(C)NOO', 1.0), ('CCC(C)N(O)O', 1.0), ('CCC(C)(O)[NH+]O', 1.0), ('CCC(C)(O)ON', 1.0), ('CCC(C)(O)NO', 1.0), ('CCC(C)(N)OO', 1.0), ('CC(OO)N(C)C', 1.0), ('CC(O)ON(C)C', 1.0), ('CC(O)OCCN', 1.0), ('CC(O)NCCO', 1.0), ('CC(O)NC(C)O', 1.0), ('CC(O)N(C)CO', 1.0), ('CC(O)COCN', 1.0), ('CC(O)CNCO', 1.0), ('CC(O)CN(C)O', 1.0), ('CC(O)CCON', 1.0), ('CC(O)CCNO', 1.0), ('CC(O)CC(N)O', 1.0), ('CC(O)C(O)CN', 1.0), ('CC(O)C(N)CO', 1.0), ('CC(O)C(C)[NH+]O', 1.0), ('CC(O)C(C)ON', 1.0), ('CC(O)C(C)NO', 1.0), ('CC(O)C(C)(N)O', 1.0), ('CC(O)(O)CCN', 1.0), ('CC(O)(CN)CO', 1.0), ('CC(N)OCCO', 1.0), ('CC(N)OC(C)O', 1.0), ('CC(N)COCO', 1.0), ('CC(N)CCOO', 1.0), ('CC(N)CC(O)O', 1.0), ('CC(N)C(O)CO', 1.0), ('CC(N)C(C)OO', 1.0), ('CC(N)C(C)(O)O', 1.0), ('CC(N)(O)CCO', 1.0), ('CC(N)(CO)CO', 1.0), ('CC(CO)[NH+]CO', 1.0), ('CC(CO)OCN', 1.0), ('CC(CO)NCO', 1.0), ('CC(CO)N(C)O', 1.0), ('CC(CO)C[NH+]O', 1.0), ('CC(CO)CON', 1.0), ('CC(CO)CNO', 1.0), ('CC(CO)C(N)O', 1.0), ('CC(CN)OCO', 1.0), ('CC(CN)COO', 1.0), ('CC(CN)C(O)O', 1.0), ('CC(CCO)ON', 1.0), ('CC(CCO)NO', 1.0), ('CC(CCN)OO', 1.0), ('CC(C)[NH+]C(O)O', 1.0), ('CC(C)OOCN', 1.0), ('CC(C)ONCO', 1.0), ('CC(C)ON(C)O', 1.0), ('CC(C)OC[NH+]O', 1.0), ('CC(C)OCON', 1.0), ('CC(C)OCNO', 1.0), ('CC(C)OC(N)O', 1.0), ('CC(C)NOCO', 1.0), ('CC(C)NCOO', 1.0), ('CC(C)NC(O)O', 1.0), ('CC(C)N(O)CO', 1.0), ('CC(C)COON', 1.0), ('CC(C)CONO', 1.0), ('CC(C)CNOO', 1.0), ('CC(C)CN(O)O', 1.0), ('CC(C)C(O)ON', 1.0), ('CC(C)C(O)NO', 1.0), ('CC(C)C(N)OO', 1.0), ('CC(C)C(N)(O)O', 1.0), ('CC(C)(O)OCN', 1.0), ('CC(C)(O)NCO', 1.0), ('CC(C)(O)C[NH+]O', 1.0), ('CC(C)(O)CON', 1.0), ('CC(C)(O)CNO', 1.0), ('CC(C)(O)C(N)O', 1.0), ('CC(C)(N)OCO', 1.0), ('CC(C)(N)COO', 1.0), ('CC(C)(N)C(O)O', 1.0), ('CC(C)(CO)ON', 1.0), ('CC(C)(CO)NO', 1.0), ('CC(C)(CN)OO', 1.0), ('CC(C)(C)[NH+]OO', 1.0), ('CC(C)(C)NOO', 1.0), ('CC(C)(C)N(O)O', 1.0), ('CCC(C)(NO)SO', 0.9753099120283327), ('CC1NO[PH](O)C1C', 0.9753099120283327)]
