./results/240619_140417/
{'apprentice_load_dir': '/workspace/_ext/data/models/amine250_reduced/TransformerDecoder/240616_1504',
 'apprentice_sampling_batch_size': 16383,
 'apprentice_training_batch_size': 256,
 'apprentice_training_steps': 8,
 'benchmark_id': 17,
 'benchmark_type': 'amine',
 'dataset': 'amine250_reduced',
 'dataset_path': '/workspace/_ext/data/datasets/amine250_reduced/all.txt',
 'expert_sampling_batch_size': 1,
 'explainer_load_dir': None,
 'explainer_type': None,
 'genetic_experts': ['SMILES'],
 'learning_rate': 0.001,
 'logger_type': 'CommandLine',
 'max_sampling_batch_size': 1024,
 'max_smiles_length': 100,
 'model_type': 'TransformerDecoder',
 'mutation_initial_rate': 0.01,
 'num_jobs': 8,
 'num_keep': 1024,
 'num_smiles_for_similarity': 100,
 'num_steps': 100,
 'project_qualified_name': '',
 'record_filtered': False,
 'sampling_strategy': 'softmax',
 'save_root': './results/',
 'seed': 404,
 'use_best': True,
 'use_cuda': True,
 'use_frozen_explainer': False,
 'use_initial': True}
benchmark_score
0.7661591942820016
[('C1CNCCN1', 1.0), ('C1CNCCNC1', 0.7555555555555555), ('C1CNCNCCN1', 0.7272727272727272), ('C1CNCCNCCN1', 0.7037037037037037), ('C1CCNCCNC1', 0.6666666666666666), ('C1CNCCNNCCN1', 0.6333333333333333), ('C1CNCCNCCNC1', 0.6333333333333333), ('C1CNCN1', 0.611111111111111), ('[CH+49]1CNCCNCCN1', 0.5964912280701754), ('[CH+100]1CCNCCNCC1', 0.5964912280701754), ('[C+20]1CCNCCNCC1', 0.5964912280701754), ('[BH-95]1CCNCCNCC1', 0.5964912280701754), ('[B-42]1CNCCNCCN1', 0.5964912280701754), ('[B-3]1CCNCCNCC1', 0.5964912280701754), ('C1CNC[SiH5+2]NCCN1', 0.5964912280701754), ('C1CNC[SiH5+123]NCCN1', 0.5964912280701754), ('C1CNC[SiH4+91]NCCN1', 0.5964912280701754), ('C1CNC[SiH4+87]NCCN1', 0.5964912280701754), ('C1CNC[SiH4+13]NCCN1', 0.5964912280701754), ('C1CNC[SiH3+96]NCCN1', 0.5964912280701754), ('C1CNC[SiH3+29]NCCN1', 0.5964912280701754), ('C1CNC[SiH2+17]NCCN1', 0.5964912280701754), ('C1CNC[SiH2+15]NCCN1', 0.5964912280701754), ('C1CNC[SiH2+117]NCCN1', 0.5964912280701754), ('C1CNC[SiH+69]NCCN1', 0.5964912280701754), ('C1CNC[SiH+53]NCCN1', 0.5964912280701754), ('C1CNC[SiH+3]NCCN1', 0.5964912280701754), ('C1CNC[Si+58]NCCN1', 0.5964912280701754), ('C1CNC[Si+33]NCCN1', 0.5964912280701754), ('C1CNC[SH4+106]NCCN1', 0.5964912280701754), ('C1CNC[SH2+67]NCCN1', 0.5964912280701754), ('C1CNC[SH+8]NCCN1', 0.5964912280701754), ('C1CNC[SH+26]NCCN1', 0.5964912280701754), ('C1CNC[S+9]NCCN1', 0.5964912280701754), ('C1CNC[S+98]NCCN1', 0.5964912280701754), ('C1CNC[S+109]NCCN1', 0.5964912280701754), ('C1CNC[PH5+59]NCCN1', 0.5964912280701754), ('C1CNC[PH4+77]NCCN1', 0.5964912280701754), ('C1CNC[PH3+67]NCCN1', 0.5964912280701754), ('C1CNC[PH2+88]NCCN1', 0.5964912280701754), ('C1CNC[PH2+12]NCCN1', 0.5964912280701754), ('C1CNC[PH+30]NCCN1', 0.5964912280701754), ('C1CNC[PH+12]NCCN1', 0.5964912280701754), ('C1CNC[P+101]NCCN1', 0.5964912280701754), ('C1CNC[NH5+117]NCCN1', 0.5964912280701754), ('C1CNC[NH4+78]NCCN1', 0.5964912280701754), ('C1CNC[NH4+76]NCCN1', 0.5964912280701754), ('C1CNC[NH+91]NCCN1', 0.5964912280701754), ('C1CNC[NH+69]NCCN1', 0.5964912280701754), ('C1CNC[NH+43]NCCN1', 0.5964912280701754), ('C1CNC[IH4+98]NCCN1', 0.5964912280701754), ('C1CNC[IH4+42]NCCN1', 0.5964912280701754), ('C1CNC[IH3+5]NCCN1', 0.5964912280701754), ('C1CNC[IH2+64]NCCN1', 0.5964912280701754), ('C1CNC[IH2+113]NCCN1', 0.5964912280701754), ('C1CNC[IH+81]NCCN1', 0.5964912280701754), ('C1CNC[IH+28]NCCN1', 0.5964912280701754), ('C1CNC[CH5+43]NCCN1', 0.5964912280701754), ('C1CNC[CH4+34]NCCN1', 0.5964912280701754), ('C1CNCC[SiH2-2]CCN1', 0.5964912280701754), ('C1CNCC[SiH2+30]CCN1', 0.5964912280701754), ('C1CNCC[SiH+4]CCN1', 0.5964912280701754), ('C1CNCC[Si+84]CCN1', 0.5964912280701754), ('C1CNCC[SH5+84]CCN1', 0.5964912280701754), ('C1CNCC[SH4+7]CCN1', 0.5964912280701754), ('C1CNCC[SH4+79]CCN1', 0.5964912280701754), ('C1CNCC[SH3+7]CCN1', 0.5964912280701754), ('C1CNCC[SH3+29]CCN1', 0.5964912280701754), ('C1CNCC[SH3+126]CCN1', 0.5964912280701754), ('C1CNCC[SH2+81]CCN1', 0.5964912280701754), ('C1CNCC[SH2+25]CCN1', 0.5964912280701754), ('C1CNCC[SH+40]CCN1', 0.5964912280701754), ('C1CNCC[SH+37]CCN1', 0.5964912280701754), ('C1CNCC[S+89]CCN1', 0.5964912280701754), ('C1CNCC[S+48]CCN1', 0.5964912280701754), ('C1CNCC[PH4+46]CCN1', 0.5964912280701754), ('C1CNCC[PH3+42]CCN1', 0.5964912280701754), ('C1CNCC[PH3+118]CCN1', 0.5964912280701754), ('C1CNCC[PH+93]CCN1', 0.5964912280701754), ('C1CNCC[PH+105]CCN1', 0.5964912280701754), ('C1CNCC[P+66]CCN1', 0.5964912280701754), ('C1CNCC[NH5+28]CCN1', 0.5964912280701754), ('C1CNCC[NH2+67]CCN1', 0.5964912280701754), ('C1CNCC[NH+95]CCN1', 0.5964912280701754), ('C1CNCC[NH+84]CCN1', 0.5964912280701754), ('C1CNCC[IH3+98]CCN1', 0.5964912280701754), ('C1CNCC[IH3+96]CCN1', 0.5964912280701754), ('C1CNCC[IH2+76]CCN1', 0.5964912280701754), ('C1CNCC[IH2+32]CCN1', 0.5964912280701754), ('C1CNCC[IH2+17]CCN1', 0.5964912280701754), ('C1CNCC[IH+8]CCN1', 0.5964912280701754), ('C1CNCC[I+2]CCN1', 0.5964912280701754), ('C1CNCC[I+29]CCN1', 0.5964912280701754), ('C1CNCC[I+13]CCN1', 0.5964912280701754), ('C1CNCC[I+120]CCN1', 0.5964912280701754), ('C1CNCCNCC[N+59]1', 0.5964912280701754), ('C1CNCCNCC[N+56]1', 0.5964912280701754), ('C1CNCCNCC[CH4+58]1', 0.5964912280701754), ('C1CNCCNCC[CH2+65]1', 0.5964912280701754), ('C1CCNCCNCC1', 0.5964912280701754)]
