./results/240624_065249/
{'apprentice_load_dir': '/workspace/_ext/data/models/amine250_reduced/LSTM/240614_0712',
 'apprentice_sampling_batch_size': 8192,
 'apprentice_training_batch_size': 256,
 'apprentice_training_steps': 8,
 'benchmark_id': 12,
 'benchmark_type': 'amine',
 'dataset': 'amine250_reduced',
 'dataset_path': '/workspace/_ext/data/datasets/amine250_reduced/all.txt',
 'expert_sampling_batch_size': 8192,
 'explainer_load_dir': None,
 'explainer_type': None,
 'genetic_experts': ['SMILES'],
 'learning_rate': 0.001,
 'logger_type': 'CommandLine',
 'max_sampling_batch_size': 1024,
 'max_smiles_length': 100,
 'model_type': 'LSTM',
 'mutation_initial_rate': 0.01,
 'num_jobs': 6,
 'num_keep': 1024,
 'num_smiles_for_similarity': 100,
 'num_steps': 100,
 'project_qualified_name': '',
 'record_filtered': False,
 'sampling_strategy': 'softmax',
 'save_root': './results/',
 'seed': 404,
 'use_best': True,
 'use_cuda': True,
 'use_frozen_explainer': False,
 'use_initial': True}
benchmark_score
0.841637860082305
[('CC(C)NCCCO', 1.0), ('CC(C)NCCCCO', 0.9032258064516128), ('CC(C)NCCCCCO', 0.7999999999999999), ('CC(C)NCCO', 0.7901234567901234), ('[C]CCCNC(C)C', 0.7311827956989246), ('[CH2]CCCNC(C)C', 0.7311827956989246), ('[CH2-]CCCNC(C)C', 0.7311827956989246), ('[CH-]CCCNC(C)C', 0.7311827956989246), ('[CH-]C(C)NCCCO', 0.7311827956989246), ('[CH+]CCCNC(C)C', 0.7311827956989246), ('[CH+3]C(C)NCCCO', 0.7311827956989246), ('[CH+2]C(C)NCCCO', 0.7311827956989246), ('[C-2]CCCNC(C)C', 0.7311827956989246), ('[C-2]C(C)NCCCO', 0.7311827956989246), ('CC([S])NCCCO', 0.7311827956989246), ('CC([SH3-])NCCCO', 0.7311827956989246), ('CC([SH3-2])NCCCO', 0.7311827956989246), ('CC([SH2-3])NCCCO', 0.7311827956989246), ('CC([SH2-2])NCCCO', 0.7311827956989246), ('CC([SH2+3])NCCCO', 0.7311827956989246), ('CC([SH2+2])NCCCO', 0.7311827956989246), ('CC([SH-])NCCCO', 0.7311827956989246), ('CC([SH-2])NCCCO', 0.7311827956989246), ('CC([PH])NCCCO', 0.7311827956989246), ('CC([PH3-])NCCCO', 0.7311827956989246), ('CC([PH3-2])NCCCO', 0.7311827956989246), ('CC([PH3+])NCCCO', 0.7311827956989246), ('CC([PH2-2])NCCCO', 0.7311827956989246), ('CC([PH-])NCCCO', 0.7311827956989246), ('CC([PH-2])NCCCO', 0.7311827956989246), ('CC([PH+3])NCCCO', 0.7311827956989246), ('CC([P-3])NCCCO', 0.7311827956989246), ('CC([OH+])NCCCO', 0.7311827956989246), ('CC([OH+3])NCCCO', 0.7311827956989246), ('CC([NH3+3])NCCCO', 0.7311827956989246), ('CC([NH+2])NCCCO', 0.7311827956989246), ('CC([N-])NCCCO', 0.7311827956989246), ('CC([N+3])NCCCO', 0.7311827956989246), ('CC([IH3])NCCCO', 0.7311827956989246), ('CC([IH2])NCCCO', 0.7311827956989246), ('CC([IH2-])NCCCO', 0.7311827956989246), ('CC([IH2+2])NCCCO', 0.7311827956989246), ('CC([IH-2])NCCCO', 0.7311827956989246), ('CC([IH+2])NCCCO', 0.7311827956989246), ('CC([I-3])NCCCO', 0.7311827956989246), ('CC([FH2+3])NCCCO', 0.7311827956989246), ('CC([FH2+2])NCCCO', 0.7311827956989246), ('CC([FH+3])NCCCO', 0.7311827956989246), ('CC([FH+2])NCCCO', 0.7311827956989246), ('CC([F+3])NCCCO', 0.7311827956989246), ('CC([F+2])NCCCO', 0.7311827956989246), ('CC([ClH+])NCCCO', 0.7311827956989246), ('CC([Cl+])NCCCO', 0.7311827956989246), ('CC([BrH3+3])NCCCO', 0.7311827956989246), ('CC([BrH2+3])NCCCO', 0.7311827956989246), ('CC([BrH2+2])NCCCO', 0.7311827956989246), ('CC([BrH+3])NCCCO', 0.7311827956989246), ('CC(S)NCCCO', 0.7311827956989246), ('CC(C)NCCC[SH3-]', 0.7311827956989246), ('CC(C)NCCC[SH3+]', 0.7311827956989246), ('CC(C)NCCC[SH3+3]', 0.7311827956989246), ('CC(C)NCCC[SH2-3]', 0.7311827956989246), ('CC(C)NCCC[SH-3]', 0.7311827956989246), ('CC(C)NCCC[SH+3]', 0.7311827956989246), ('CC(C)NCCC[SH+2]', 0.7311827956989246), ('CC(C)NCCC[S-]', 0.7311827956989246), ('CC(C)NCCC[S-2]', 0.7311827956989246), ('CC(C)NCCC[PH3]', 0.7311827956989246), ('CC(C)NCCC[PH2-3]', 0.7311827956989246), ('CC(C)NCCC[PH-]', 0.7311827956989246), ('CC(C)NCCC[PH-3]', 0.7311827956989246), ('CC(C)NCCC[PH-2]', 0.7311827956989246), ('CC(C)NCCC[PH+]', 0.7311827956989246), ('CC(C)NCCC[PH+2]', 0.7311827956989246), ('CC(C)NCCC[P+]', 0.7311827956989246), ('CC(C)NCCC[O]', 0.7311827956989246), ('CC(C)NCCC[OH3+3]', 0.7311827956989246), ('CC(C)NCCC[OH2+3]', 0.7311827956989246), ('CC(C)NCCC[OH+3]', 0.7311827956989246), ('CC(C)NCCC[O+]', 0.7311827956989246), ('CC(C)NCCC[O+3]', 0.7311827956989246), ('CC(C)NCCC[NH3+2]', 0.7311827956989246), ('CC(C)NCCC[NH2+3]', 0.7311827956989246), ('CC(C)NCCC[NH2+2]', 0.7311827956989246), ('CC(C)NCCC[NH-]', 0.7311827956989246), ('CC(C)NCCC[N-2]', 0.7311827956989246), ('CC(C)NCCC[IH]', 0.7311827956989246), ('CC(C)NCCC[IH-]', 0.7311827956989246), ('CC(C)NCCC[IH-2]', 0.7311827956989246), ('CC(C)NCCC[IH+]', 0.7311827956989246), ('CC(C)NCCC[IH+2]', 0.7311827956989246), ('CC(C)NCCC[I+]', 0.7311827956989246), ('CC(C)NCCC[FH3+3]', 0.7311827956989246), ('CC(C)NCCC[ClH+]', 0.7311827956989246), ('CC(C)NCCC[ClH+3]', 0.7311827956989246), ('CC(C)NCCC[CH3+]', 0.7311827956989246), ('CC(C)NCCC[CH3+3]', 0.7311827956989246), ('CC(C)NCCC[BrH+3]', 0.7311827956989246), ('CC(C)NCCC[Br+]', 0.7311827956989246), ('CC(C)NCCCCl', 0.7311827956989246)]
