./results/240624_061829/
{'apprentice_load_dir': '/workspace/_ext/data/models/amine250_reduced/LSTM/240614_0712',
 'apprentice_sampling_batch_size': 8192,
 'apprentice_training_batch_size': 256,
 'apprentice_training_steps': 8,
 'benchmark_id': 10,
 'benchmark_type': 'amine',
 'dataset': 'amine250_reduced',
 'dataset_path': '/workspace/_ext/data/datasets/amine250_reduced/all.txt',
 'expert_sampling_batch_size': 8192,
 'explainer_load_dir': None,
 'explainer_type': None,
 'genetic_experts': ['SMILES'],
 'learning_rate': 0.001,
 'logger_type': 'CommandLine',
 'max_sampling_batch_size': 1024,
 'max_smiles_length': 100,
 'model_type': 'LSTM',
 'mutation_initial_rate': 0.01,
 'num_jobs': 6,
 'num_keep': 1024,
 'num_smiles_for_similarity': 100,
 'num_steps': 100,
 'project_qualified_name': '',
 'record_filtered': False,
 'sampling_strategy': 'softmax',
 'save_root': './results/',
 'seed': 404,
 'use_best': True,
 'use_cuda': True,
 'use_frozen_explainer': False,
 'use_initial': True}
benchmark_score
0.8173193441119134
[('CC(C)(N)CO', 1.0), ('CC(C)(N)CCO', 0.7719298245614035), ('CC(C)(N)O', 0.711111111111111), ('[C]C(C)(N)CO', 0.7058823529411764), ('[CH2-]C(C)(C)CO', 0.7058823529411764), ('[CH-]CC(C)(C)N', 0.7058823529411764), ('[CH+3]C(C)(C)CO', 0.7058823529411764), ('[CH+2]C(C)(C)CO', 0.7058823529411764), ('[C-]C(C)(N)CO', 0.7058823529411764), ('[C+]CC(C)(C)N', 0.7058823529411764), ('[BH]C(C)(N)CO', 0.7058823529411764), ('[BH3-3]C(C)(N)CO', 0.7058823529411764), ('[BH3-3]C(C)(C)CO', 0.7058823529411764), ('[BH3-2]CC(C)(C)N', 0.7058823529411764), ('[BH3-2]C(C)(C)CO', 0.7058823529411764), ('[BH2-]C(C)(C)CO', 0.7058823529411764), ('[BH-]C(C)(C)CO', 0.7058823529411764), ('[BH-2]CC(C)(C)N', 0.7058823529411764), ('[B-]C(C)(N)CO', 0.7058823529411764), ('[B-2]C(C)(C)CO', 0.7058823529411764), ('[B+2]C(C)(N)CO', 0.7058823529411764), ('CC([N-])(N)CO', 0.7058823529411764), ('CC([N+])(N)CO', 0.7058823529411764), ('CC([CH3+3])(N)CO', 0.7058823529411764), ('CC(N)([SiH3])CO', 0.7058823529411764), ('CC(N)([SiH2-])CO', 0.7058823529411764), ('CC(N)([SiH2-2])CO', 0.7058823529411764), ('CC(N)([SiH-])CO', 0.7058823529411764), ('CC(N)([SiH-3])CO', 0.7058823529411764), ('CC(N)([SiH+3])CO', 0.7058823529411764), ('CC(N)([Si+])CO', 0.7058823529411764), ('CC(N)([SH2])CO', 0.7058823529411764), ('CC(N)([PH3-])CO', 0.7058823529411764), ('CC(N)([PH3+3])CO', 0.7058823529411764), ('CC(N)([OH3+2])CO', 0.7058823529411764), ('CC(N)([OH+2])CO', 0.7058823529411764), ('CC(N)([FH2+3])CO', 0.7058823529411764), ('CC(N)([FH2+2])CO', 0.7058823529411764), ('CC(N)([FH+3])CO', 0.7058823529411764), ('CC(N)([F+3])CO', 0.7058823529411764), ('CC(N)([Br+])CO', 0.7058823529411764), ('CC(N)([Br+3])CO', 0.7058823529411764), ('CC(C)([Si])CO', 0.7058823529411764), ('CC(C)([SiH3+3])CO', 0.7058823529411764), ('CC(C)([SiH3+2])CO', 0.7058823529411764), ('CC(C)([SiH2+2])CO', 0.7058823529411764), ('CC(C)([SiH-])CO', 0.7058823529411764), ('CC(C)([SiH-3])CO', 0.7058823529411764), ('CC(C)([Si+3])CO', 0.7058823529411764), ('CC(C)([Si+2])CO', 0.7058823529411764), ('CC(C)([SH2])CO', 0.7058823529411764), ('CC(C)([SH2-3])CO', 0.7058823529411764), ('CC(C)([SH2+])CO', 0.7058823529411764), ('CC(C)([SH2+3])CO', 0.7058823529411764), ('CC(C)([SH-3])CO', 0.7058823529411764), ('CC(C)([PH3-2])CO', 0.7058823529411764), ('CC(C)([PH3+2])CO', 0.7058823529411764), ('CC(C)([PH2-])CO', 0.7058823529411764), ('CC(C)([PH2+])CO', 0.7058823529411764), ('CC(C)([P-3])CO', 0.7058823529411764), ('CC(C)([OH3+3])CO', 0.7058823529411764), ('CC(C)([OH3+2])CO', 0.7058823529411764), ('CC(C)([O+3])CO', 0.7058823529411764), ('CC(C)([NH3+2])CO', 0.7058823529411764), ('CC(C)([NH2+3])CO', 0.7058823529411764), ('CC(C)([N-])CO', 0.7058823529411764), ('CC(C)([N+])CO', 0.7058823529411764), ('CC(C)([FH3+3])CO', 0.7058823529411764), ('CC(C)([FH2+3])CO', 0.7058823529411764), ('CC(C)([ClH+])CO', 0.7058823529411764), ('CC(C)([CH3+3])CO', 0.7058823529411764), ('CC(C)([BrH2+3])CO', 0.7058823529411764), ('CC(C)([BrH+])CO', 0.7058823529411764), ('CC(C)([Br+])CO', 0.7058823529411764), ('CC(C)(S)CO', 0.7058823529411764), ('CC(C)(N)C[SiH+2]', 0.7058823529411764), ('CC(C)(N)C[Si-2]', 0.7058823529411764), ('CC(C)(N)C[Si+3]', 0.7058823529411764), ('CC(C)(N)C[SH3-]', 0.7058823529411764), ('CC(C)(N)C[SH3-2]', 0.7058823529411764), ('CC(C)(N)C[SH3+3]', 0.7058823529411764), ('CC(C)(N)C[SH2-]', 0.7058823529411764), ('CC(C)(N)C[PH]', 0.7058823529411764), ('CC(C)(N)C[PH3-]', 0.7058823529411764), ('CC(C)(N)C[PH3-2]', 0.7058823529411764), ('CC(C)(N)C[PH2+]', 0.7058823529411764), ('CC(C)(N)C[OH3+2]', 0.7058823529411764), ('CC(C)(N)C[OH2+3]', 0.7058823529411764), ('CC(C)(N)C[OH2+2]', 0.7058823529411764), ('CC(C)(N)C[O+3]', 0.7058823529411764), ('CC(C)(N)C[O+2]', 0.7058823529411764), ('CC(C)(N)C[NH+2]', 0.7058823529411764), ('CC(C)(N)C[N+3]', 0.7058823529411764), ('CC(C)(N)C[FH2+3]', 0.7058823529411764), ('CC(C)(N)C[F+]', 0.7058823529411764), ('CC(C)(N)C[ClH+2]', 0.7058823529411764), ('CC(C)(N)C[Cl+]', 0.7058823529411764), ('CC(C)(N)C[Cl+2]', 0.7058823529411764), ('CC(C)(N)C[BrH2+2]', 0.7058823529411764), ('CC(C)(N)C[Br+2]', 0.7058823529411764)]
