./results/240624_095220/
{'apprentice_load_dir': '/workspace/_ext/data/models/amine250_reduced/LSTM/240614_0712',
 'apprentice_sampling_batch_size': 8192,
 'apprentice_training_batch_size': 256,
 'apprentice_training_steps': 8,
 'benchmark_id': 17,
 'benchmark_type': 'amine',
 'dataset': 'amine250_reduced',
 'dataset_path': '/workspace/_ext/data/datasets/amine250_reduced/all.txt',
 'expert_sampling_batch_size': 8192,
 'explainer_load_dir': None,
 'explainer_type': None,
 'genetic_experts': ['SMILES'],
 'learning_rate': 0.001,
 'logger_type': 'CommandLine',
 'max_sampling_batch_size': 1024,
 'max_smiles_length': 100,
 'model_type': 'LSTM',
 'mutation_initial_rate': 0.01,
 'num_jobs': 6,
 'num_keep': 1024,
 'num_smiles_for_similarity': 100,
 'num_steps': 100,
 'project_qualified_name': '',
 'record_filtered': False,
 'sampling_strategy': 'softmax',
 'save_root': './results/',
 'seed': 404,
 'use_best': True,
 'use_cuda': True,
 'use_frozen_explainer': False,
 'use_initial': True}
benchmark_score
0.7661591942820016
[('C1CNCCN1', 1.0), ('C1CNCCNC1', 0.7555555555555555), ('C1CNCNCCN1', 0.7272727272727272), ('C1CNCCNCCN1', 0.7037037037037037), ('C1CCNCCNC1', 0.6666666666666666), ('C1CNCCNNCCN1', 0.6333333333333333), ('C1CNCCNCCNC1', 0.6333333333333333), ('C1CNCN1', 0.611111111111111), ('[C]1CCNCCNCC1', 0.5964912280701754), ('[CH+3]1CNCCNCCN1', 0.5964912280701754), ('[C-]1CNCCNCCN1', 0.5964912280701754), ('[BH-]1CNCCNCCN1', 0.5964912280701754), ('[BH-]1CCNCCNCC1', 0.5964912280701754), ('C1CNC[SiH3]NCCN1', 0.5964912280701754), ('C1CNC[SiH3+3]NCCN1', 0.5964912280701754), ('C1CNC[SiH3+2]NCCN1', 0.5964912280701754), ('C1CNC[SiH2]NCCN1', 0.5964912280701754), ('C1CNC[SiH2+]NCCN1', 0.5964912280701754), ('C1CNC[SiH2+2]NCCN1', 0.5964912280701754), ('C1CNC[SiH-]NCCN1', 0.5964912280701754), ('C1CNC[SiH-3]NCCN1', 0.5964912280701754), ('C1CNC[SiH+3]NCCN1', 0.5964912280701754), ('C1CNC[Si-3]NCCN1', 0.5964912280701754), ('C1CNC[Si+2]NCCN1', 0.5964912280701754), ('C1CNC[SH3+2]NCCN1', 0.5964912280701754), ('C1CNC[SH2]NCCN1', 0.5964912280701754), ('C1CNC[SH2+3]NCCN1', 0.5964912280701754), ('C1CNC[SH2+2]NCCN1', 0.5964912280701754), ('C1CNC[SH-]NCCN1', 0.5964912280701754), ('C1CNC[SH+]NCCN1', 0.5964912280701754), ('C1CNC[P]NCCN1', 0.5964912280701754), ('C1CNC[PH3+2]NCCN1', 0.5964912280701754), ('C1CNC[PH-3]NCCN1', 0.5964912280701754), ('C1CNC[PH+2]NCCN1', 0.5964912280701754), ('C1CNC[P-3]NCCN1', 0.5964912280701754), ('C1CNC[P+2]NCCN1', 0.5964912280701754), ('C1CNC[OH3+3]NCCN1', 0.5964912280701754), ('C1CNC[OH2+2]NCCN1', 0.5964912280701754), ('C1CNC[N]NCCN1', 0.5964912280701754), ('C1CNC[NH3+3]NCCN1', 0.5964912280701754), ('C1CNC[N+2]NCCN1', 0.5964912280701754), ('C1CNC[IH2+]NCCN1', 0.5964912280701754), ('C1CNC[IH+3]NCCN1', 0.5964912280701754), ('C1CNC[I-]NCCN1', 0.5964912280701754), ('C1CNC[I-2]NCCN1', 0.5964912280701754), ('C1CNC[I+]NCCN1', 0.5964912280701754), ('C1CNC[FH+3]NCCN1', 0.5964912280701754), ('C1CNC[F+]NCCN1', 0.5964912280701754), ('C1CNC[ClH+3]NCCN1', 0.5964912280701754), ('C1CNC[Cl+3]NCCN1', 0.5964912280701754), ('C1CNC[CH2+3]NCCN1', 0.5964912280701754), ('C1CNC[BrH2+3]NCCN1', 0.5964912280701754), ('C1CNC[BrH+2]NCCN1', 0.5964912280701754), ('C1CNCC[Si]CCN1', 0.5964912280701754), ('C1CNCC[SiH3]CCN1', 0.5964912280701754), ('C1CNCC[SiH3+]CCN1', 0.5964912280701754), ('C1CNCC[SiH3+3]CCN1', 0.5964912280701754), ('C1CNCC[SiH2+3]CCN1', 0.5964912280701754), ('C1CNCC[SiH2+2]CCN1', 0.5964912280701754), ('C1CNCC[SiH-3]CCN1', 0.5964912280701754), ('C1CNCC[SiH-2]CCN1', 0.5964912280701754), ('C1CNCC[SiH+2]CCN1', 0.5964912280701754), ('C1CNCC[Si-3]CCN1', 0.5964912280701754), ('C1CNCC[Si-2]CCN1', 0.5964912280701754), ('C1CNCC[Si+3]CCN1', 0.5964912280701754), ('C1CNCC[Si+2]CCN1', 0.5964912280701754), ('C1CNCC[SH3]CCN1', 0.5964912280701754), ('C1CNCC[SH3+3]CCN1', 0.5964912280701754), ('C1CNCC[SH3+2]CCN1', 0.5964912280701754), ('C1CNCC[SH2+]CCN1', 0.5964912280701754), ('C1CNCC[SH+]CCN1', 0.5964912280701754), ('C1CNCC[S-2]CCN1', 0.5964912280701754), ('C1CNCC[S+3]CCN1', 0.5964912280701754), ('C1CNCC[PH3]CCN1', 0.5964912280701754), ('C1CNCC[P+3]CCN1', 0.5964912280701754), ('C1CNCC[OH2+3]CCN1', 0.5964912280701754), ('C1CNCC[OH+2]CCN1', 0.5964912280701754), ('C1CNCC[NH2+3]CCN1', 0.5964912280701754), ('C1CNCC[NH+]CCN1', 0.5964912280701754), ('C1CNCC[IH2]CCN1', 0.5964912280701754), ('C1CNCC[IH-]CCN1', 0.5964912280701754), ('C1CNCC[IH+]CCN1', 0.5964912280701754), ('C1CNCC[IH+3]CCN1', 0.5964912280701754), ('C1CNCC[I-3]CCN1', 0.5964912280701754), ('C1CNCC[I+3]CCN1', 0.5964912280701754), ('C1CNCC[FH2+3]CCN1', 0.5964912280701754), ('C1CNCC[FH+3]CCN1', 0.5964912280701754), ('C1CNCC[FH+2]CCN1', 0.5964912280701754), ('C1CNCC[F+3]CCN1', 0.5964912280701754), ('C1CNCC[ClH+3]CCN1', 0.5964912280701754), ('C1CNCC[Cl+3]CCN1', 0.5964912280701754), ('C1CNCC[Cl+2]CCN1', 0.5964912280701754), ('C1CNCC[BrH2+3]CCN1', 0.5964912280701754), ('C1CNCC[BrH+3]CCN1', 0.5964912280701754), ('C1CNCC[Br+2]CCN1', 0.5964912280701754), ('C1CNCCSCCN1', 0.5964912280701754), ('C1CNCCNCC[N+2]1', 0.5964912280701754), ('C1CNCCNCC[CH3+3]1', 0.5964912280701754), ('C1CNCCNCC[CH2+]1', 0.5964912280701754), ('C1CNCCNCC[CH2+2]1', 0.5964912280701754)]
