./results/240624_072751/
{'apprentice_load_dir': '/workspace/_ext/data/models/amine250_reduced/LSTM/240614_0712',
 'apprentice_sampling_batch_size': 8192,
 'apprentice_training_batch_size': 256,
 'apprentice_training_steps': 8,
 'benchmark_id': 14,
 'benchmark_type': 'amine',
 'dataset': 'amine250_reduced',
 'dataset_path': '/workspace/_ext/data/datasets/amine250_reduced/all.txt',
 'expert_sampling_batch_size': 8192,
 'explainer_load_dir': None,
 'explainer_type': None,
 'genetic_experts': ['SMILES'],
 'learning_rate': 0.001,
 'logger_type': 'CommandLine',
 'max_sampling_batch_size': 1024,
 'max_smiles_length': 100,
 'model_type': 'LSTM',
 'mutation_initial_rate': 0.01,
 'num_jobs': 6,
 'num_keep': 1024,
 'num_smiles_for_similarity': 100,
 'num_steps': 100,
 'project_qualified_name': '',
 'record_filtered': False,
 'sampling_strategy': 'softmax',
 'save_root': './results/',
 'seed': 404,
 'use_best': True,
 'use_cuda': True,
 'use_frozen_explainer': False,
 'use_initial': True}
benchmark_score
0.8281818181818182
[('CC(O)CN(C)C', 1.0), ('[CH2-]C(O)CN(C)C', 0.7272727272727272), ('[CH+]C(C)CN(C)C', 0.7272727272727272), ('[C-3]C(C)CN(C)C', 0.7272727272727272), ('[B]N(C)CC(C)O', 0.7272727272727272), ('[BH]C(O)CN(C)C', 0.7272727272727272), ('[BH3-3]N(C)CC(C)O', 0.7272727272727272), ('[BH2-2]N(C)CC(C)O', 0.7272727272727272), ('[BH+]C(O)CN(C)C', 0.7272727272727272), ('[B-2]C(O)CN(C)C', 0.7272727272727272), ('CN(C)CC([N])O', 0.7272727272727272), ('CN(C)CC([NH3+3])O', 0.7272727272727272), ('CN(C)CC([NH3+2])O', 0.7272727272727272), ('CN(C)CC([NH2+])O', 0.7272727272727272), ('CN(C)CC([NH2+3])O', 0.7272727272727272), ('CN(C)CC([NH2+2])O', 0.7272727272727272), ('CN(C)CC([N-])O', 0.7272727272727272), ('CN(C)CC([N+2])O', 0.7272727272727272), ('CN(C)CC(O)[SiH2+2]', 0.7272727272727272), ('CN(C)CC(O)[SiH-]', 0.7272727272727272), ('CN(C)CC(O)[Si-3]', 0.7272727272727272), ('CN(C)CC(O)[Si+]', 0.7272727272727272), ('CN(C)CC(O)[S]', 0.7272727272727272), ('CN(C)CC(O)[SH3-2]', 0.7272727272727272), ('CN(C)CC(O)[SH2-2]', 0.7272727272727272), ('CN(C)CC(O)[SH-]', 0.7272727272727272), ('CN(C)CC(O)[S+3]', 0.7272727272727272), ('CN(C)CC(O)[PH3+2]', 0.7272727272727272), ('CN(C)CC(O)[PH2-2]', 0.7272727272727272), ('CN(C)CC(O)[P-3]', 0.7272727272727272), ('CN(C)CC(O)[P+2]', 0.7272727272727272), ('CN(C)CC(O)[OH3+3]', 0.7272727272727272), ('CN(C)CC(O)[OH2+3]', 0.7272727272727272), ('CN(C)CC(O)[FH+3]', 0.7272727272727272), ('CN(C)CC(O)[F+2]', 0.7272727272727272), ('CN(C)CC(O)[ClH+]', 0.7272727272727272), ('CN(C)CC(O)[Cl+2]', 0.7272727272727272), ('CN(C)CC(O)[Br+2]', 0.7272727272727272), ('CN(C)CC(O)P', 0.7272727272727272), ('CN(C)CC(O)Br', 0.7272727272727272), ('CC([SiH3-])CN(C)C', 0.7272727272727272), ('CC([SiH3-2])CN(C)C', 0.7272727272727272), ('CC([SiH2])CN(C)C', 0.7272727272727272), ('CC([SiH+])CN(C)C', 0.7272727272727272), ('CC([Si+3])CN(C)C', 0.7272727272727272), ('CC([Si+2])CN(C)C', 0.7272727272727272), ('CC([SH3])CN(C)C', 0.7272727272727272), ('CC([SH3-2])CN(C)C', 0.7272727272727272), ('CC([SH3+2])CN(C)C', 0.7272727272727272), ('CC([SH+3])CN(C)C', 0.7272727272727272), ('CC([SH+2])CN(C)C', 0.7272727272727272), ('CC([S+3])CN(C)C', 0.7272727272727272), ('CC([PH3-2])CN(C)C', 0.7272727272727272), ('CC([PH3+2])CN(C)C', 0.7272727272727272), ('CC([PH2-3])CN(C)C', 0.7272727272727272), ('CC([PH2+])CN(C)C', 0.7272727272727272), ('CC([P+3])CN(C)C', 0.7272727272727272), ('CC([OH3+3])CN(C)C', 0.7272727272727272), ('CC([OH+2])CN(C)C', 0.7272727272727272), ('CC([NH])CN(C)C', 0.7272727272727272), ('CC([N+2])CN(C)C', 0.7272727272727272), ('CC([FH+3])CN(C)C', 0.7272727272727272), ('CC([F+2])CN(C)C', 0.7272727272727272), ('CC([ClH3+3])CN(C)C', 0.7272727272727272), ('CC([ClH2+3])CN(C)C', 0.7272727272727272), ('CC([Cl+])CN(C)C', 0.7272727272727272), ('CC([BrH3+3])CN(C)C', 0.7272727272727272), ('CC([BrH+])CN(C)C', 0.7272727272727272), ('CC([Br+2])CN(C)C', 0.7272727272727272), ('CC(O)CN(C)[SiH3+]', 0.7272727272727272), ('CC(O)CN(C)[SiH2]', 0.7272727272727272), ('CC(O)CN(C)[SiH2-2]', 0.7272727272727272), ('CC(O)CN(C)[SiH-]', 0.7272727272727272), ('CC(O)CN(C)[SiH-3]', 0.7272727272727272), ('CC(O)CN(C)[SiH-2]', 0.7272727272727272), ('CC(O)CN(C)[SiH+3]', 0.7272727272727272), ('CC(O)CN(C)[SH2-]', 0.7272727272727272), ('CC(O)CN(C)[SH2+3]', 0.7272727272727272), ('CC(O)CN(C)[S-]', 0.7272727272727272), ('CC(O)CN(C)[S-2]', 0.7272727272727272), ('CC(O)CN(C)[PH3+3]', 0.7272727272727272), ('CC(O)CN(C)[PH2-]', 0.7272727272727272), ('CC(O)CN(C)[PH-2]', 0.7272727272727272), ('CC(O)CN(C)[PH+2]', 0.7272727272727272), ('CC(O)CN(C)[P+3]', 0.7272727272727272), ('CC(O)CN(C)[O]', 0.7272727272727272), ('CC(O)CN(C)[O+]', 0.7272727272727272), ('CC(O)CN(C)[O+2]', 0.7272727272727272), ('CC(O)CN(C)[NH3+3]', 0.7272727272727272), ('CC(O)CN(C)[NH3+2]', 0.7272727272727272), ('CC(O)CN(C)[N+3]', 0.7272727272727272), ('CC(O)CN(C)[FH3+3]', 0.7272727272727272), ('CC(O)CN(C)[FH2+3]', 0.7272727272727272), ('CC(O)CN(C)[FH2+2]', 0.7272727272727272), ('CC(O)CN(C)[FH+2]', 0.7272727272727272), ('CC(O)CN(C)[F+]', 0.7272727272727272), ('CC(O)CN(C)[CH3+2]', 0.7272727272727272), ('CC(O)CN(C)[BrH2+3]', 0.7272727272727272), ('CC(O)CN(C)[BrH+3]', 0.7272727272727272), ('CC(F)CN(C)C', 0.7272727272727272)]
