./results/240624_181511/
{'apprentice_load_dir': '/workspace/_ext/data/models/amine250_reduced/LSTM/240614_0712',
 'apprentice_sampling_batch_size': 8192,
 'apprentice_training_batch_size': 256,
 'apprentice_training_steps': 8,
 'benchmark_id': 22,
 'benchmark_type': 'amine',
 'dataset': 'amine250_reduced',
 'dataset_path': '/workspace/_ext/data/datasets/amine250_reduced/all.txt',
 'expert_sampling_batch_size': 8192,
 'explainer_load_dir': None,
 'explainer_type': None,
 'genetic_experts': ['SMILES'],
 'learning_rate': 0.001,
 'logger_type': 'CommandLine',
 'max_sampling_batch_size': 1024,
 'max_smiles_length': 100,
 'model_type': 'LSTM',
 'mutation_initial_rate': 0.01,
 'num_jobs': 6,
 'num_keep': 1024,
 'num_smiles_for_similarity': 100,
 'num_steps': 100,
 'project_qualified_name': '',
 'record_filtered': False,
 'sampling_strategy': 'softmax',
 'save_root': './results/',
 'seed': 404,
 'use_best': True,
 'use_cuda': True,
 'use_frozen_explainer': False,
 'use_initial': True}
benchmark_score
0.46225505927498983
[('OCCN1CCCCC1', 0.5), ('CN1CCCCC1CO', 0.5), ('OCCN1CCCC1', 0.47073443584563585), ('CN1CCCCCC1CO', 0.4632778767618624), ('CN1CCCCCN(CCO)CCCC1CO', 0.4617656475177785), ('CN1CCCN(CCO)CCCCC1CO', 0.457692864944047), ('CN1CCCCN(CCO)CCCC1CO', 0.45731313773667936), ('CN1CCCCCN(CCO)CCCCC1CO', 0.45678643385486634), ('CN1CCCCCN(CCO)CCC1CO', 0.45643546458763845), ('CN1CCCCN(CCO)CCCCC1CO', 0.4516716572627721), ('CN1CCCN(CCO)CCCCCC1CO', 0.4393590266816842), ('CN1CCCCN(CCO)CCC1CO', 0.43866400396474775), ('CN1CCCCN(CCO)CCCCCC1CO', 0.43452409462674085), ('CN1CCN(CCO)CCCCC1CO', 0.4261432422953521), ('CN1CCCCC1CCO', 0.424968887345366), ('CN1CCCCCCC1CO', 0.42379344841321), ('CN1CCCCCCN(CCO)CCCC1CO', 0.42320736951515897), ('CN1CCN(CCO)CCCCCC1CO', 0.420772123990966), ('CN1CCCCCCN(CCO)CCCCC1CO', 0.4200399056866504), ('CN1CCCCCN(CCO)CCCCCC1CO', 0.4193332041878556), ('OCCN1CCCCCC1', 0.4188539082916955), ('OCN1CCCCC1', 0.4188260765425508), ('CN1CCCCCCN(CCO)CCC1CO', 0.4166666666666667), ('CN1CCCN(CCO)CCCC1CO', 0.41385462030038833), ('CN1CCCN(CCO)CCCCCCC1CO', 0.4129298741418961), ('CN1CCCCCN(CCO)CC1CO', 0.41241512160743904), ('[C]CC1CCCN(CCO)CCCCCN1C', 0.41188802033262917), ('[CH]CC1CCCN(CCO)CCCCCN1C', 0.41188802033262917), ('[CH2]CC1CCCN(CCO)CCCCCN1C', 0.41188802033262917), ('[CH2+]CC1CCCN(CCO)CCCCCN1C', 0.41188802033262917), ('[CH2+2]CC1CCCN(CCO)CCCCCN1C', 0.41188802033262917), ('[CH+]CC1CCCN(CCO)CCCCCN1C', 0.41188802033262917), ('[C-3]CC1CCCN(CCO)CCCCCN1C', 0.41188802033262917), ('[C+]CC1CCCN(CCO)CCCCCN1C', 0.41188802033262917), ('[C+3]CC1CCCN(CCO)CCCCCN1C', 0.41188802033262917), ('[C+2]CC1CCCN(CCO)CCCCCN1C', 0.41188802033262917), ('[BH]CC1CCCN(CCO)CCCCCN1C', 0.41188802033262917), ('[BH-]CC1CCCN(CCO)CCCCCN1C', 0.41188802033262917), ('[B-]CC1CCCN(CCO)CCCCCN1C', 0.41188802033262917), ('[B+]CC1CCCN(CCO)CCCCCN1C', 0.41188802033262917), ('[B+2]CC1CCCN(CCO)CCCCCN1C', 0.41188802033262917), ('CN1CCCCCN(CCO)CCCC1C[Si]', 0.41188802033262917), ('CN1CCCCCN(CCO)CCCC1C[SiH3]', 0.41188802033262917), ('CN1CCCCCN(CCO)CCCC1C[SiH2+]', 0.41188802033262917), ('CN1CCCCCN(CCO)CCCC1C[SiH2+3]', 0.41188802033262917), ('CN1CCCCCN(CCO)CCCC1C[SiH-2]', 0.41188802033262917), ('CN1CCCCCN(CCO)CCCC1C[SH3+]', 0.41188802033262917), ('CN1CCCCCN(CCO)CCCC1C[SH2]', 0.41188802033262917), ('CN1CCCCCN(CCO)CCCC1C[SH2+3]', 0.41188802033262917), ('CN1CCCCCN(CCO)CCCC1C[SH-3]', 0.41188802033262917), ('CN1CCCCCN(CCO)CCCC1C[SH-2]', 0.41188802033262917), ('CN1CCCCCN(CCO)CCCC1C[SH+]', 0.41188802033262917), ('CN1CCCCCN(CCO)CCCC1C[SH+3]', 0.41188802033262917), ('CN1CCCCCN(CCO)CCCC1C[SH+2]', 0.41188802033262917), ('CN1CCCCCN(CCO)CCCC1C[S-3]', 0.41188802033262917), ('CN1CCCCCN(CCO)CCCC1C[S-2]', 0.41188802033262917), ('CN1CCCCCN(CCO)CCCC1C[S+]', 0.41188802033262917), ('CN1CCCCCN(CCO)CCCC1C[S+3]', 0.41188802033262917), ('CN1CCCCCN(CCO)CCCC1C[S+2]', 0.41188802033262917), ('CN1CCCCCN(CCO)CCCC1C[PH3+]', 0.41188802033262917), ('CN1CCCCCN(CCO)CCCC1C[PH3+3]', 0.41188802033262917), ('CN1CCCCCN(CCO)CCCC1C[PH2+3]', 0.41188802033262917), ('CN1CCCCCN(CCO)CCCC1C[PH2+2]', 0.41188802033262917), ('CN1CCCCCN(CCO)CCCC1C[PH-3]', 0.41188802033262917), ('CN1CCCCCN(CCO)CCCC1C[PH+2]', 0.41188802033262917), ('CN1CCCCCN(CCO)CCCC1C[P-]', 0.41188802033262917), ('CN1CCCCCN(CCO)CCCC1C[P-3]', 0.41188802033262917), ('CN1CCCCCN(CCO)CCCC1C[OH3+2]', 0.41188802033262917), ('CN1CCCCCN(CCO)CCCC1C[OH2+]', 0.41188802033262917), ('CN1CCCCCN(CCO)CCCC1C[OH2+2]', 0.41188802033262917), ('CN1CCCCCN(CCO)CCCC1C[OH+3]', 0.41188802033262917), ('CN1CCCCCN(CCO)CCCC1C[O+]', 0.41188802033262917), ('CN1CCCCCN(CCO)CCCC1C[N]', 0.41188802033262917), ('CN1CCCCCN(CCO)CCCC1C[NH3+2]', 0.41188802033262917), ('CN1CCCCCN(CCO)CCCC1C[NH2+3]', 0.41188802033262917), ('CN1CCCCCN(CCO)CCCC1C[NH2+2]', 0.41188802033262917), ('CN1CCCCCN(CCO)CCCC1C[NH-]', 0.41188802033262917), ('CN1CCCCCN(CCO)CCCC1C[NH+]', 0.41188802033262917), ('CN1CCCCCN(CCO)CCCC1C[N+]', 0.41188802033262917), ('CN1CCCCCN(CCO)CCCC1C[N+3]', 0.41188802033262917), ('CN1CCCCCN(CCO)CCCC1C[FH2+2]', 0.41188802033262917), ('CN1CCCCCN(CCO)CCCC1C[F+2]', 0.41188802033262917), ('CN1CCCCCN(CCO)CCCC1C[ClH3+3]', 0.41188802033262917), ('CN1CCCCCN(CCO)CCCC1C[ClH2+3]', 0.41188802033262917), ('CN1CCCCCN(CCO)CCCC1C[ClH2+2]', 0.41188802033262917), ('CN1CCCCCN(CCO)CCCC1C[ClH+]', 0.41188802033262917), ('CN1CCCCCN(CCO)CCCC1C[ClH+3]', 0.41188802033262917), ('CN1CCCCCN(CCO)CCCC1C[Cl+]', 0.41188802033262917), ('CN1CCCCCN(CCO)CCCC1C[Cl+3]', 0.41188802033262917), ('CN1CCCCCN(CCO)CCCC1C[CH3+2]', 0.41188802033262917), ('CN1CCCCCN(CCO)CCCC1C[BrH2+2]', 0.41188802033262917), ('CN1CCCCCN(CCO)CCCC1C[Br+]', 0.41188802033262917), ('CN1CCCCCN(CCO)CCCC1C[Br+3]', 0.41188802033262917), ('CN1CCCCCN(CCO)CCCC1C[Br+2]', 0.41188802033262917), ('CN1CCCCCN(CCO)CCCC1CP', 0.41188802033262917), ('CN1CCCCCN(CCO)CCCC1CF', 0.41188802033262917), ('CN1CCCCCN(CCO)CCCC1CCl', 0.41188802033262917), ('CN1CCCCCN(CCO)CCCC1CBr', 0.41188802033262917), ('CCC1CCCN(CCO)CCCCCN1C', 0.41188802033262917), ('BCC1CCCN(CCO)CCCCCN1C', 0.41188802033262917)]
