./results/240624_090442/
{'apprentice_load_dir': '/workspace/_ext/data/models/amine250_reduced/LSTM/240614_0712',
 'apprentice_sampling_batch_size': 8192,
 'apprentice_training_batch_size': 256,
 'apprentice_training_steps': 8,
 'benchmark_id': 16,
 'benchmark_type': 'amine',
 'dataset': 'amine250_reduced',
 'dataset_path': '/workspace/_ext/data/datasets/amine250_reduced/all.txt',
 'expert_sampling_batch_size': 8192,
 'explainer_load_dir': None,
 'explainer_type': None,
 'genetic_experts': ['SMILES'],
 'learning_rate': 0.001,
 'logger_type': 'CommandLine',
 'max_sampling_batch_size': 1024,
 'max_smiles_length': 100,
 'model_type': 'LSTM',
 'mutation_initial_rate': 0.01,
 'num_jobs': 6,
 'num_keep': 1024,
 'num_smiles_for_similarity': 100,
 'num_steps': 100,
 'project_qualified_name': '',
 'record_filtered': False,
 'sampling_strategy': 'softmax',
 'save_root': './results/',
 'seed': 404,
 'use_best': True,
 'use_cuda': True,
 'use_frozen_explainer': False,
 'use_initial': True}
benchmark_score
0.895853615520282
[('CCN1CCNCC1', 1.0), ('CCN1CCCNCC1', 0.8518518518518517), ('CCCN1CCNCC1', 0.838095238095238), ('[SiH]CN1CCNCC1', 0.8333333333333333), ('[SiH3+]CN1CCNCC1', 0.8333333333333333), ('[SiH3+3]CN1CCNCC1', 0.8333333333333333), ('[SiH3+2]CN1CCNCC1', 0.8333333333333333), ('[SiH2]CN1CCNCC1', 0.8333333333333333), ('[SiH2+]CN1CCNCC1', 0.8333333333333333), ('[SiH2+2]CN1CCNCC1', 0.8333333333333333), ('[SiH-]CN1CCNCC1', 0.8333333333333333), ('[SiH-3]CN1CCNCC1', 0.8333333333333333), ('[SiH-2]CN1CCNCC1', 0.8333333333333333), ('[SiH+3]CN1CCNCC1', 0.8333333333333333), ('[SiH+2]CN1CCNCC1', 0.8333333333333333), ('[Si-]CN1CCNCC1', 0.8333333333333333), ('[Si-2]CN1CCNCC1', 0.8333333333333333), ('[Si+]CN1CCNCC1', 0.8333333333333333), ('[Si+3]CN1CCNCC1', 0.8333333333333333), ('[Si+2]CN1CCNCC1', 0.8333333333333333), ('[SH3+]CN1CCNCC1', 0.8333333333333333), ('[SH3+3]CN1CCNCC1', 0.8333333333333333), ('[SH2]CN1CCNCC1', 0.8333333333333333), ('[SH2+3]CN1CCNCC1', 0.8333333333333333), ('[SH-]CN1CCNCC1', 0.8333333333333333), ('[SH-2]CN1CCNCC1', 0.8333333333333333), ('[SH+]CN1CCNCC1', 0.8333333333333333), ('[S-]CN1CCNCC1', 0.8333333333333333), ('[S-2]CN1CCNCC1', 0.8333333333333333), ('[S+]CN1CCNCC1', 0.8333333333333333), ('[S+3]CN1CCNCC1', 0.8333333333333333), ('[P]CN1CCNCC1', 0.8333333333333333), ('[PH3]CN1CCNCC1', 0.8333333333333333), ('[PH3+2]CN1CCNCC1', 0.8333333333333333), ('[PH2+]CN1CCNCC1', 0.8333333333333333), ('[PH2+3]CN1CCNCC1', 0.8333333333333333), ('[PH2+2]CN1CCNCC1', 0.8333333333333333), ('[PH-2]CN1CCNCC1', 0.8333333333333333), ('[PH+]CN1CCNCC1', 0.8333333333333333), ('[PH+3]CN1CCNCC1', 0.8333333333333333), ('[PH+2]CN1CCNCC1', 0.8333333333333333), ('[P-]CN1CCNCC1', 0.8333333333333333), ('[P-3]CN1CCNCC1', 0.8333333333333333), ('[P+]CN1CCNCC1', 0.8333333333333333), ('[P+3]CN1CCNCC1', 0.8333333333333333), ('[P+2]CN1CCNCC1', 0.8333333333333333), ('[OH3+3]CN1CCNCC1', 0.8333333333333333), ('[OH2+]CN1CCNCC1', 0.8333333333333333), ('[OH2+3]CN1CCNCC1', 0.8333333333333333), ('[O-]CN1CCNCC1', 0.8333333333333333), ('[O+2]CN1CCNCC1', 0.8333333333333333), ('[N]CN1CCNCC1', 0.8333333333333333), ('[NH]CN1CCNCC1', 0.8333333333333333), ('[NH3+3]CN1CCNCC1', 0.8333333333333333), ('[NH3+2]CN1CCNCC1', 0.8333333333333333), ('[NH2+]CN1CCNCC1', 0.8333333333333333), ('[NH2+3]CN1CCNCC1', 0.8333333333333333), ('[NH2+2]CN1CCNCC1', 0.8333333333333333), ('[NH+]CN1CCNCC1', 0.8333333333333333), ('[NH+2]CN1CCNCC1', 0.8333333333333333), ('[N-2]CN1CCNCC1', 0.8333333333333333), ('[N+]CN1CCNCC1', 0.8333333333333333), ('[FH3+3]CN1CCNCC1', 0.8333333333333333), ('[FH2+3]CN1CCNCC1', 0.8333333333333333), ('[FH2+2]CN1CCNCC1', 0.8333333333333333), ('[FH+]CN1CCNCC1', 0.8333333333333333), ('[FH+3]CN1CCNCC1', 0.8333333333333333), ('[FH+2]CN1CCNCC1', 0.8333333333333333), ('[F+]CN1CCNCC1', 0.8333333333333333), ('[F+3]CN1CCNCC1', 0.8333333333333333), ('[F+2]CN1CCNCC1', 0.8333333333333333), ('[ClH3+3]CN1CCNCC1', 0.8333333333333333), ('[ClH+]CN1CCNCC1', 0.8333333333333333), ('[ClH+3]CN1CCNCC1', 0.8333333333333333), ('[Cl+]CN1CCNCC1', 0.8333333333333333), ('[Cl+3]CN1CCNCC1', 0.8333333333333333), ('[CH3+2]CN1CCNCC1', 0.8333333333333333), ('[CH2]CN1CCNCC1', 0.8333333333333333), ('[CH2+]CN1CCNCC1', 0.8333333333333333), ('[CH2+3]CN1CCNCC1', 0.8333333333333333), ('[CH-]CN1CCNCC1', 0.8333333333333333), ('[CH+]CN1CCNCC1', 0.8333333333333333), ('[CH+3]CN1CCNCC1', 0.8333333333333333), ('[C-]CN1CCNCC1', 0.8333333333333333), ('[C+3]CN1CCNCC1', 0.8333333333333333), ('[C+2]CN1CCNCC1', 0.8333333333333333), ('[BrH3+3]CN1CCNCC1', 0.8333333333333333), ('[BrH2+3]CN1CCNCC1', 0.8333333333333333), ('[BrH2+2]CN1CCNCC1', 0.8333333333333333), ('[BrH+3]CN1CCNCC1', 0.8333333333333333), ('[BrH+2]CN1CCNCC1', 0.8333333333333333), ('[Br+]CN1CCNCC1', 0.8333333333333333), ('[Br+3]CN1CCNCC1', 0.8333333333333333), ('[Br+2]CN1CCNCC1', 0.8333333333333333), ('SCN1CCNCC1', 0.8333333333333333), ('OCN1CCNCC1', 0.8333333333333333), ('NCN1CCNCC1', 0.8333333333333333), ('FCN1CCNCC1', 0.8333333333333333), ('ClCN1CCNCC1', 0.8333333333333333), ('BrCN1CCNCC1', 0.8333333333333333)]
