./results/240624_173435/
{'apprentice_load_dir': '/workspace/_ext/data/models/amine250_reduced/LSTM/240614_0712',
 'apprentice_sampling_batch_size': 8192,
 'apprentice_training_batch_size': 256,
 'apprentice_training_steps': 8,
 'benchmark_id': 21,
 'benchmark_type': 'amine',
 'dataset': 'amine250_reduced',
 'dataset_path': '/workspace/_ext/data/datasets/amine250_reduced/all.txt',
 'expert_sampling_batch_size': 8192,
 'explainer_load_dir': None,
 'explainer_type': None,
 'genetic_experts': ['SMILES'],
 'learning_rate': 0.001,
 'logger_type': 'CommandLine',
 'max_sampling_batch_size': 1024,
 'max_smiles_length': 100,
 'model_type': 'LSTM',
 'mutation_initial_rate': 0.01,
 'num_jobs': 6,
 'num_keep': 1024,
 'num_smiles_for_similarity': 100,
 'num_steps': 100,
 'project_qualified_name': '',
 'record_filtered': False,
 'sampling_strategy': 'softmax',
 'save_root': './results/',
 'seed': 404,
 'use_best': True,
 'use_cuda': True,
 'use_frozen_explainer': False,
 'use_initial': True}
benchmark_score
0.3975327840207766
[('CCN(CCOCCO)CCN1CCCCC1', 0.41988804478009817), ('CCN(CCOCCO)CN1CCCCC1', 0.41147559989891175), ('CCN(CC)CCOCCN1CCCCC1', 0.41147559989891175), ('CCN(CCCN1CCCCC1)CCOCCO', 0.39571022010214635), ('CCN(CCOCCO)CCN1CCCC1', 0.38784964925515975), ('CCN(CC)CCOCCCN1CCCCC1', 0.3869098924422603), ('CCN(CCOCCO)CN(CC)CCN1CCCCC1', 0.3842418923703637), ('CCN(CC)CN(CCOCCO)CCN1CCCCC1', 0.3842418923703637), ('CCN(CO)CCOCCN1CCCCC1', 0.37969180010442427), ('[O]CN(CCOCCO)CCN1CCCCC1', 0.3776316112335101), ('[O-]CN(CCOCCO)CCN1CCCCC1', 0.3776316112335101), ('[O+]CN(CCOCCO)CCN1CCCCC1', 0.3776316112335101), ('[O+2]CN(CCOCCO)CCN1CCCCC1', 0.3776316112335101), ('[N]CN(CCOCCO)CCN1CCCCC1', 0.3776316112335101), ('[NH]CN(CCOCCO)CCN1CCCCC1', 0.3776316112335101), ('[NH2+]CN(CCOCCO)CCN1CCCCC1', 0.3776316112335101), ('[NH2+2]CN(CCOCCO)CCN1CCCCC1', 0.3776316112335101), ('[NH-]CN(CCOCCO)CCN1CCCCC1', 0.3776316112335101), ('[NH+]CN(CCOCCO)CCN1CCCCC1', 0.3776316112335101), ('[NH+2]CN(CCOCCO)CCN1CCCCC1', 0.3776316112335101), ('[N-]CN(CCOCCO)CCN1CCCCC1', 0.3776316112335101), ('[N-2]CN(CCOCCO)CCN1CCCCC1', 0.3776316112335101), ('[N+]CN(CCOCCO)CCN1CCCCC1', 0.3776316112335101), ('[N+2]CN(CCOCCO)CCN1CCCCC1', 0.3776316112335101), ('[C]CN(CCOCCO)CCN1CCCCC1', 0.3776316112335101), ('[CH]CN(CCOCCO)CCN1CCCCC1', 0.3776316112335101), ('[CH2]CN(CCOCCO)CCN1CCCCC1', 0.3776316112335101), ('[CH-]CN(CCOCCO)CCN1CCCCC1', 0.3776316112335101), ('[CH+]CN(CCOCCO)CCN1CCCCC1', 0.3776316112335101), ('[CH+2]CN(CCOCCO)CCN1CCCCC1', 0.3776316112335101), ('[C-]CN(CCOCCO)CCN1CCCCC1', 0.3776316112335101), ('[C-2]CN(CCOCCO)CCN1CCCCC1', 0.3776316112335101), ('[C+]CN(CCOCCO)CCN1CCCCC1', 0.3776316112335101), ('[C+2]CN(CCOCCO)CCN1CCCCC1', 0.3776316112335101), ('OCCOCCN(C[S])CCN1CCCCC1', 0.3776316112335101), ('OCCOCCN(C[SH2])CCN1CCCCC1', 0.3776316112335101), ('OCCOCCN(C[SH2+])CCN1CCCCC1', 0.3776316112335101), ('OCCOCCN(C[SH2+2])CCN1CCCCC1', 0.3776316112335101), ('OCCOCCN(C[SH-])CCN1CCCCC1', 0.3776316112335101), ('OCCOCCN(C[SH-2])CCN1CCCCC1', 0.3776316112335101), ('OCCOCCN(C[SH+])CCN1CCCCC1', 0.3776316112335101), ('OCCOCCN(C[SH+2])CCN1CCCCC1', 0.3776316112335101), ('OCCOCCN(C[S-])CCN1CCCCC1', 0.3776316112335101), ('OCCOCCN(C[S-2])CCN1CCCCC1', 0.3776316112335101), ('OCCOCCN(C[S+])CCN1CCCCC1', 0.3776316112335101), ('OCCOCCN(C[S+2])CCN1CCCCC1', 0.3776316112335101), ('OCCOCCN(C[P])CCN1CCCCC1', 0.3776316112335101), ('OCCOCCN(C[PH])CCN1CCCCC1', 0.3776316112335101), ('OCCOCCN(C[PH2+2])CCN1CCCCC1', 0.3776316112335101), ('OCCOCCN(C[PH-])CCN1CCCCC1', 0.3776316112335101), ('OCCOCCN(C[PH-2])CCN1CCCCC1', 0.3776316112335101), ('OCCOCCN(C[PH+])CCN1CCCCC1', 0.3776316112335101), ('OCCOCCN(C[PH+2])CCN1CCCCC1', 0.3776316112335101), ('OCCOCCN(C[P-])CCN1CCCCC1', 0.3776316112335101), ('OCCOCCN(C[P-2])CCN1CCCCC1', 0.3776316112335101), ('OCCOCCN(C[P+])CCN1CCCCC1', 0.3776316112335101), ('OCCOCCN(C[P+2])CCN1CCCCC1', 0.3776316112335101), ('OCCOCCN(C[OH2+])CCN1CCCCC1', 0.3776316112335101), ('OCCOCCN(C[OH2+2])CCN1CCCCC1', 0.3776316112335101), ('OCCOCCN(C[OH+])CCN1CCCCC1', 0.3776316112335101), ('OCCOCCN(C[OH+2])CCN1CCCCC1', 0.3776316112335101), ('OCCOCCN(C[FH2+2])CCN1CCCCC1', 0.3776316112335101), ('OCCOCCN(C[FH+])CCN1CCCCC1', 0.3776316112335101), ('OCCOCCN(C[FH+2])CCN1CCCCC1', 0.3776316112335101), ('OCCOCCN(C[F+])CCN1CCCCC1', 0.3776316112335101), ('OCCOCCN(C[F+2])CCN1CCCCC1', 0.3776316112335101), ('OCCOCCN(C[ClH2+2])CCN1CCCCC1', 0.3776316112335101), ('OCCOCCN(C[ClH+])CCN1CCCCC1', 0.3776316112335101), ('OCCOCCN(C[ClH+2])CCN1CCCCC1', 0.3776316112335101), ('OCCOCCN(C[Cl+])CCN1CCCCC1', 0.3776316112335101), ('OCCOCCN(C[Cl+2])CCN1CCCCC1', 0.3776316112335101), ('OCCOCCN(C[BrH2+2])CCN1CCCCC1', 0.3776316112335101), ('OCCOCCN(C[BrH+])CCN1CCCCC1', 0.3776316112335101), ('OCCOCCN(C[BrH+2])CCN1CCCCC1', 0.3776316112335101), ('OCCOCCN(C[Br+])CCN1CCCCC1', 0.3776316112335101), ('OCCOCCN(C[Br+2])CCN1CCCCC1', 0.3776316112335101), ('OCCOCCN(CS)CCN1CCCCC1', 0.3776316112335101), ('OCCOCCN(CP)CCN1CCCCC1', 0.3776316112335101), ('OCCOCCN(CO)CCN1CCCCC1', 0.3776316112335101), ('OCCOCCN(CF)CCN1CCCCC1', 0.3776316112335101), ('OCCOCCN(CCl)CCN1CCCCC1', 0.3776316112335101), ('OCCOCCN(CBr)CCN1CCCCC1', 0.3776316112335101), ('NCN(CCOCCO)CCN1CCCCC1', 0.3776316112335101), ('CCN(CCO)CCOCCN1CCCCC1', 0.3776316112335101), ('BCN(CCOCCO)CCN1CCCCC1', 0.3776316112335101), ('CCCN(CCOCCO)CCN1CCCCC1', 0.37605612761935475), ('CCN(CCOCCO)CN1CCCC1', 0.37535294125459384), ('CCN(CC)CCOCCN1CCCC1', 0.37535294125459384), ('CCN(CCOCCO)CCN1CCCCCC1', 0.37477885948552114), ('CCN(CCOCCO)CN(CC)CN1CCCCC1', 0.3746343246326776), ('CCN(CC)CN(CCOCCO)CN1CCCCC1', 0.3746343246326776), ('CCN(CC)CCOCCN1CCCCCN(CCO)CC1', 0.37424623039364796), ('CCN(C[CH]CCN1CCCCC1)CCOCCO', 0.37416573867739417), ('CCN(C[CH-]CCN1CCCCC1)CCOCCO', 0.37416573867739417), ('CCN(C[CH+]CCN1CCCCC1)CCOCCO', 0.37416573867739417), ('CCN(C[C+]CCN1CCCCC1)CCOCCO', 0.37416573867739417), ('CCN(CCOCCO)C[SH]CCN1CCCCC1', 0.37416573867739417), ('CCN(CCOCCO)C[S+]CCN1CCCCC1', 0.37416573867739417), ('CCN(CCOCCO)C[PH-2]CCN1CCCCC1', 0.37416573867739417), ('CCN(CCOCCO)C[N+]CCN1CCCCC1', 0.37416573867739417)]
