./results/240624_071027/
{'apprentice_load_dir': '/workspace/_ext/data/models/amine250_reduced/LSTM/240614_0712',
 'apprentice_sampling_batch_size': 8192,
 'apprentice_training_batch_size': 256,
 'apprentice_training_steps': 8,
 'benchmark_id': 13,
 'benchmark_type': 'amine',
 'dataset': 'amine250_reduced',
 'dataset_path': '/workspace/_ext/data/datasets/amine250_reduced/all.txt',
 'expert_sampling_batch_size': 8192,
 'explainer_load_dir': None,
 'explainer_type': None,
 'genetic_experts': ['SMILES'],
 'learning_rate': 0.001,
 'logger_type': 'CommandLine',
 'max_sampling_batch_size': 1024,
 'max_smiles_length': 100,
 'model_type': 'LSTM',
 'mutation_initial_rate': 0.01,
 'num_jobs': 6,
 'num_keep': 1024,
 'num_smiles_for_similarity': 100,
 'num_steps': 100,
 'project_qualified_name': '',
 'record_filtered': False,
 'sampling_strategy': 'softmax',
 'save_root': './results/',
 'seed': 404,
 'use_best': True,
 'use_cuda': True,
 'use_frozen_explainer': False,
 'use_initial': True}
benchmark_score
0.8511607622341674
[('CN(C)CCCCO', 1.0), ('CN(C)CCCCCO', 0.9777777777777776), ('CN(C)CCCO', 0.8717948717948718), ('CN(C)CCCCCCO', 0.8627450980392157), ('CN(C)CCCCCCCO', 0.7719298245614035), ('[CH2+]CCCCN(C)C', 0.7311827956989246), ('[CH2+4]N(C)CCCCO', 0.7311827956989246), ('[CH2+3]N(C)CCCCO', 0.7311827956989246), ('[CH2+2]CCCCN(C)C', 0.7311827956989246), ('[CH-]N(C)CCCCO', 0.7311827956989246), ('[CH+5]CCCCN(C)C', 0.7311827956989246), ('[C+5]N(C)CCCCO', 0.7311827956989246), ('[C+3]N(C)CCCCO', 0.7311827956989246), ('[C+3]CCCCN(C)C', 0.7311827956989246), ('[C+2]N(C)CCCCO', 0.7311827956989246), ('CN([SiH5+])CCCCO', 0.7311827956989246), ('CN([SiH2+2])CCCCO', 0.7311827956989246), ('CN([SiH-3])CCCCO', 0.7311827956989246), ('CN([SiH+])CCCCO', 0.7311827956989246), ('CN([Si-])CCCCO', 0.7311827956989246), ('CN([Si+])CCCCO', 0.7311827956989246), ('CN([Si+3])CCCCO', 0.7311827956989246), ('CN([SH5])CCCCO', 0.7311827956989246), ('CN([SH4])CCCCO', 0.7311827956989246), ('CN([SH4+])CCCCO', 0.7311827956989246), ('CN([SH2])CCCCO', 0.7311827956989246), ('CN([SH+3])CCCCO', 0.7311827956989246), ('CN([S-])CCCCO', 0.7311827956989246), ('CN([S-4])CCCCO', 0.7311827956989246), ('CN([PH-5])CCCCO', 0.7311827956989246), ('CN([PH+])CCCCO', 0.7311827956989246), ('CN([PH+3])CCCCO', 0.7311827956989246), ('CN([PH+2])CCCCO', 0.7311827956989246), ('CN([P-2])CCCCO', 0.7311827956989246), ('CN([N])CCCCO', 0.7311827956989246), ('CN([NH3+])CCCCO', 0.7311827956989246), ('CN([NH3+5])CCCCO', 0.7311827956989246), ('CN([NH3+3])CCCCO', 0.7311827956989246), ('CN([NH2+3])CCCCO', 0.7311827956989246), ('CN([NH+4])CCCCO', 0.7311827956989246), ('CN([N-2])CCCCO', 0.7311827956989246), ('CN([FH3+5])CCCCO', 0.7311827956989246), ('CN([FH2+3])CCCCO', 0.7311827956989246), ('CN([F+5])CCCCO', 0.7311827956989246), ('CN([Cl+])CCCCO', 0.7311827956989246), ('CN([Cl+5])CCCCO', 0.7311827956989246), ('CN([CH5+5])CCCCO', 0.7311827956989246), ('CN([CH4+4])CCCCO', 0.7311827956989246), ('CN([CH4+3])CCCCO', 0.7311827956989246), ('CN([BrH+])CCCCO', 0.7311827956989246), ('CN([BrH+5])CCCCO', 0.7311827956989246), ('CN([Br+2])CCCCO', 0.7311827956989246), ('CN(S)CCCCO', 0.7311827956989246), ('CN(F)CCCCO', 0.7311827956989246), ('CN(C)CCCC[SiH4+5]', 0.7311827956989246), ('CN(C)CCCC[SiH4+2]', 0.7311827956989246), ('CN(C)CCCC[SiH+]', 0.7311827956989246), ('CN(C)CCCC[Si+]', 0.7311827956989246), ('CN(C)CCCC[Si+4]', 0.7311827956989246), ('CN(C)CCCC[Si+2]', 0.7311827956989246), ('CN(C)CCCC[SH4+5]', 0.7311827956989246), ('CN(C)CCCC[SH4+3]', 0.7311827956989246), ('CN(C)CCCC[SH3+2]', 0.7311827956989246), ('CN(C)CCCC[SH2+3]', 0.7311827956989246), ('CN(C)CCCC[SH-]', 0.7311827956989246), ('CN(C)CCCC[S-2]', 0.7311827956989246), ('CN(C)CCCC[PH5+]', 0.7311827956989246), ('CN(C)CCCC[PH5+5]', 0.7311827956989246), ('CN(C)CCCC[PH3]', 0.7311827956989246), ('CN(C)CCCC[PH3+5]', 0.7311827956989246), ('CN(C)CCCC[PH2+]', 0.7311827956989246), ('CN(C)CCCC[PH+2]', 0.7311827956989246), ('CN(C)CCCC[P-]', 0.7311827956989246), ('CN(C)CCCC[P+3]', 0.7311827956989246), ('CN(C)CCCC[OH5+5]', 0.7311827956989246), ('CN(C)CCCC[OH4+4]', 0.7311827956989246), ('CN(C)CCCC[OH4+3]', 0.7311827956989246), ('CN(C)CCCC[OH2+]', 0.7311827956989246), ('CN(C)CCCC[OH2+3]', 0.7311827956989246), ('CN(C)CCCC[O-]', 0.7311827956989246), ('CN(C)CCCC[O+5]', 0.7311827956989246), ('CN(C)CCCC[NH4+5]', 0.7311827956989246), ('CN(C)CCCC[NH4+3]', 0.7311827956989246), ('CN(C)CCCC[NH2+3]', 0.7311827956989246), ('CN(C)CCCC[NH+3]', 0.7311827956989246), ('CN(C)CCCC[N+5]', 0.7311827956989246), ('CN(C)CCCC[FH2+4]', 0.7311827956989246), ('CN(C)CCCC[FH2+2]', 0.7311827956989246), ('CN(C)CCCC[FH+4]', 0.7311827956989246), ('CN(C)CCCC[FH+2]', 0.7311827956989246), ('CN(C)CCCC[ClH3+4]', 0.7311827956989246), ('CN(C)CCCC[ClH2+4]', 0.7311827956989246), ('CN(C)CCCC[CH5+4]', 0.7311827956989246), ('CN(C)CCCC[CH5+3]', 0.7311827956989246), ('CN(C)CCCC[CH4+5]', 0.7311827956989246), ('CN(C)CCCC[CH4+4]', 0.7311827956989246), ('CN(C)CCCC[CH3+5]', 0.7311827956989246), ('CN(C)CCCC[CH3+2]', 0.7311827956989246), ('CN(C)CCCC[BrH2+3]', 0.7311827956989246), ('CN(C)CCCC[BrH+5]', 0.7311827956989246)]
