./results/240624_074507/
{'apprentice_load_dir': '/workspace/_ext/data/models/amine250_reduced/LSTM/240614_0712',
 'apprentice_sampling_batch_size': 8192,
 'apprentice_training_batch_size': 256,
 'apprentice_training_steps': 8,
 'benchmark_id': 15,
 'benchmark_type': 'amine',
 'dataset': 'amine250_reduced',
 'dataset_path': '/workspace/_ext/data/datasets/amine250_reduced/all.txt',
 'expert_sampling_batch_size': 8192,
 'explainer_load_dir': None,
 'explainer_type': None,
 'genetic_experts': ['SMILES'],
 'learning_rate': 0.001,
 'logger_type': 'CommandLine',
 'max_sampling_batch_size': 1024,
 'max_smiles_length': 100,
 'model_type': 'LSTM',
 'mutation_initial_rate': 0.01,
 'num_jobs': 6,
 'num_keep': 1024,
 'num_smiles_for_similarity': 100,
 'num_steps': 100,
 'project_qualified_name': '',
 'record_filtered': False,
 'sampling_strategy': 'softmax',
 'save_root': './results/',
 'seed': 404,
 'use_best': True,
 'use_cuda': True,
 'use_frozen_explainer': False,
 'use_initial': True}
benchmark_score
0.812299288352525
[('CN1CCNCC1', 1.0), ('CN1CCCNCC1', 0.7676767676767677), ('CN1CCNCNCC1', 0.7407407407407407), ('CN1CCNCCN(C)CC1', 0.7333333333333334), ('CN1CCNCCNCC1', 0.7179487179487178), ('CN1CCNCCN(C)C1', 0.7017543859649122), ('[Si]N1CCNCC1', 0.6896551724137931), ('[SiH]N1CCNCC1', 0.6896551724137931), ('[SiH7+7]N1CCNCC1', 0.6896551724137931), ('[SiH7+5]N1CCNCC1', 0.6896551724137931), ('[SiH5]N1CCNCC1', 0.6896551724137931), ('[SiH5+7]N1CCNCC1', 0.6896551724137931), ('[SiH5+5]N1CCNCC1', 0.6896551724137931), ('[SiH5+3]N1CCNCC1', 0.6896551724137931), ('[SiH4+7]N1CCNCC1', 0.6896551724137931), ('[SiH3+2]N1CCNCC1', 0.6896551724137931), ('[SiH2+7]N1CCNCC1', 0.6896551724137931), ('[SiH2+5]N1CCNCC1', 0.6896551724137931), ('[SiH+3]N1CCNCC1', 0.6896551724137931), ('[Si-5]N1CCNCC1', 0.6896551724137931), ('[Si-4]N1CCNCC1', 0.6896551724137931), ('[SH7+7]N1CCNCC1', 0.6896551724137931), ('[SH7+3]N1CCNCC1', 0.6896551724137931), ('[SH7+2]N1CCNCC1', 0.6896551724137931), ('[SH5+5]N1CCNCC1', 0.6896551724137931), ('[SH3]N1CCNCC1', 0.6896551724137931), ('[SH3+]N1CCNCC1', 0.6896551724137931), ('[SH2]N1CCNCC1', 0.6896551724137931), ('[SH2-]N1CCNCC1', 0.6896551724137931), ('[SH2+5]N1CCNCC1', 0.6896551724137931), ('[SH-]N1CCNCC1', 0.6896551724137931), ('[SH-2]N1CCNCC1', 0.6896551724137931), ('[SH+7]N1CCNCC1', 0.6896551724137931), ('[SH+5]N1CCNCC1', 0.6896551724137931), ('[SH+3]N1CCNCC1', 0.6896551724137931), ('[SH+2]N1CCNCC1', 0.6896551724137931), ('[S-5]N1CCNCC1', 0.6896551724137931), ('[S-2]N1CCNCC1', 0.6896551724137931), ('[S+]N1CCNCC1', 0.6896551724137931), ('[S+2]N1CCNCC1', 0.6896551724137931), ('[OH4+5]N1CCNCC1', 0.6896551724137931), ('[OH4+3]N1CCNCC1', 0.6896551724137931), ('[OH3+4]N1CCNCC1', 0.6896551724137931), ('[OH3+3]N1CCNCC1', 0.6896551724137931), ('[OH3+2]N1CCNCC1', 0.6896551724137931), ('[OH2+4]N1CCNCC1', 0.6896551724137931), ('[OH+]N1CCNCC1', 0.6896551724137931), ('[OH+2]N1CCNCC1', 0.6896551724137931), ('[O+7]N1CCNCC1', 0.6896551724137931), ('[O+5]N1CCNCC1', 0.6896551724137931), ('[NH5+7]N1CCNCC1', 0.6896551724137931), ('[NH5+5]N1CCNCC1', 0.6896551724137931), ('[NH4+4]N1CCNCC1', 0.6896551724137931), ('[NH4+3]N1CCNCC1', 0.6896551724137931), ('[NH4+2]N1CCNCC1', 0.6896551724137931), ('[NH3+7]N1CCNCC1', 0.6896551724137931), ('[NH3+3]N1CCNCC1', 0.6896551724137931), ('[NH2+2]N1CCNCC1', 0.6896551724137931), ('[NH+7]N1CCNCC1', 0.6896551724137931), ('[NH+5]N1CCNCC1', 0.6896551724137931), ('[N-]N1CCNCC1', 0.6896551724137931), ('[N-2]N1CCNCC1', 0.6896551724137931), ('[N+]N1CCNCC1', 0.6896551724137931), ('[FH7+7]N1CCNCC1', 0.6896551724137931), ('[FH5+7]N1CCNCC1', 0.6896551724137931), ('[FH4+7]N1CCNCC1', 0.6896551724137931), ('[FH3+5]N1CCNCC1', 0.6896551724137931), ('[FH+5]N1CCNCC1', 0.6896551724137931), ('[FH+3]N1CCNCC1', 0.6896551724137931), ('[F+5]N1CCNCC1', 0.6896551724137931), ('[F+4]N1CCNCC1', 0.6896551724137931), ('[F+2]N1CCNCC1', 0.6896551724137931), ('[ClH5+5]N1CCNCC1', 0.6896551724137931), ('[ClH3+7]N1CCNCC1', 0.6896551724137931), ('[ClH3+5]N1CCNCC1', 0.6896551724137931), ('[ClH3+3]N1CCNCC1', 0.6896551724137931), ('[ClH2+3]N1CCNCC1', 0.6896551724137931), ('[ClH+7]N1CCNCC1', 0.6896551724137931), ('[Cl+2]N1CCNCC1', 0.6896551724137931), ('[CH]N1CCNCC1', 0.6896551724137931), ('[CH7+4]N1CCNCC1', 0.6896551724137931), ('[CH5+4]N1CCNCC1', 0.6896551724137931), ('[CH5+3]N1CCNCC1', 0.6896551724137931), ('[CH4+]N1CCNCC1', 0.6896551724137931), ('[CH4+3]N1CCNCC1', 0.6896551724137931), ('[CH2+7]N1CCNCC1', 0.6896551724137931), ('[CH2+2]N1CCNCC1', 0.6896551724137931), ('[CH-2]N1CCNCC1', 0.6896551724137931), ('[CH+7]N1CCNCC1', 0.6896551724137931), ('[C-]N1CCNCC1', 0.6896551724137931), ('[BrH4+4]N1CCNCC1', 0.6896551724137931), ('[BrH3+5]N1CCNCC1', 0.6896551724137931), ('[BrH2+5]N1CCNCC1', 0.6896551724137931), ('[BrH+5]N1CCNCC1', 0.6896551724137931), ('[BrH+2]N1CCNCC1', 0.6896551724137931), ('[Br+4]N1CCNCC1', 0.6896551724137931), ('[Br+3]N1CCNCC1', 0.6896551724137931), ('SN1CCNCC1', 0.6896551724137931), ('ON1CCNCC1', 0.6896551724137931), ('FN1CCNCC1', 0.6896551724137931)]
