./results/240624_040643/
{'apprentice_load_dir': '/workspace/_ext/data/models/amine250_reduced/LSTM/240614_0712',
 'apprentice_sampling_batch_size': 16383,
 'apprentice_training_batch_size': 256,
 'apprentice_training_steps': 8,
 'benchmark_id': 20,
 'benchmark_type': 'amine',
 'dataset': 'amine250_reduced',
 'dataset_path': '/workspace/_ext/data/datasets/amine250_reduced/all.txt',
 'expert_sampling_batch_size': 1,
 'explainer_load_dir': None,
 'explainer_type': None,
 'genetic_experts': ['SMILES'],
 'learning_rate': 0.001,
 'logger_type': 'CommandLine',
 'max_sampling_batch_size': 1024,
 'max_smiles_length': 100,
 'model_type': 'LSTM',
 'mutation_initial_rate': 0.01,
 'num_jobs': 6,
 'num_keep': 1024,
 'num_smiles_for_similarity': 100,
 'num_steps': 100,
 'project_qualified_name': '',
 'record_filtered': False,
 'sampling_strategy': 'softmax',
 'save_root': './results/',
 'seed': 404,
 'use_best': True,
 'use_cuda': True,
 'use_frozen_explainer': False,
 'use_initial': True}
benchmark_score
0.3954875306733625
[('CCN(CCOCCO)CC1CCCCN1C', 0.4207673668966939), ('CCN(CCOCCO)CCC1CCCCN1C', 0.39601082407963645), ('CCN(CC)CCOCCC1CCCCN1C', 0.387448770957594), ('[C]CN(CCOCCO)CC1CCCCN1C', 0.3791797959944084), ('[CH]CN(CCOCCO)CC1CCCCN1C', 0.3791797959944084), ('[CH2]CN(CCOCCO)CC1CCCCN1C', 0.3791797959944084), ('[CH2+]CN(CCOCCO)CC1CCCCN1C', 0.3791797959944084), ('[CH2+3]CN(CCOCCO)CC1CCCCN1C', 0.3791797959944084), ('[CH2+2]CN(CCOCCO)CC1CCCCN1C', 0.3791797959944084), ('[CH-2]CN(CCOCCO)CC1CCCCN1C', 0.3791797959944084), ('[CH+]CN(CCOCCO)CC1CCCCN1C', 0.3791797959944084), ('[CH+2]CN(CCOCCO)CC1CCCCN1C', 0.3791797959944084), ('[C-]CN(CCOCCO)CC1CCCCN1C', 0.3791797959944084), ('[C-2]CN(CCOCCO)CC1CCCCN1C', 0.3791797959944084), ('[C+]CN(CCOCCO)CC1CCCCN1C', 0.3791797959944084), ('[C+3]CN(CCOCCO)CC1CCCCN1C', 0.3791797959944084), ('[C+2]CN(CCOCCO)CC1CCCCN1C', 0.3791797959944084), ('CN1CCCCC1CN(C[Si])CCOCCO', 0.3791797959944084), ('CN1CCCCC1CN(C[SiH])CCOCCO', 0.3791797959944084), ('CN1CCCCC1CN(C[SiH4+3])CCOCCO', 0.3791797959944084), ('CN1CCCCC1CN(C[SiH3])CCOCCO', 0.3791797959944084), ('CN1CCCCC1CN(C[SiH3+])CCOCCO', 0.3791797959944084), ('CN1CCCCC1CN(C[SiH3+4])CCOCCO', 0.3791797959944084), ('CN1CCCCC1CN(C[SiH3+3])CCOCCO', 0.3791797959944084), ('CN1CCCCC1CN(C[SiH2])CCOCCO', 0.3791797959944084), ('CN1CCCCC1CN(C[SiH2+])CCOCCO', 0.3791797959944084), ('CN1CCCCC1CN(C[SiH2+3])CCOCCO', 0.3791797959944084), ('CN1CCCCC1CN(C[SiH-])CCOCCO', 0.3791797959944084), ('CN1CCCCC1CN(C[SiH-3])CCOCCO', 0.3791797959944084), ('CN1CCCCC1CN(C[SiH-2])CCOCCO', 0.3791797959944084), ('CN1CCCCC1CN(C[SiH+3])CCOCCO', 0.3791797959944084), ('CN1CCCCC1CN(C[SiH+2])CCOCCO', 0.3791797959944084), ('CN1CCCCC1CN(C[Si-])CCOCCO', 0.3791797959944084), ('CN1CCCCC1CN(C[Si-2])CCOCCO', 0.3791797959944084), ('CN1CCCCC1CN(C[Si+])CCOCCO', 0.3791797959944084), ('CN1CCCCC1CN(C[Si+3])CCOCCO', 0.3791797959944084), ('CN1CCCCC1CN(C[Si+2])CCOCCO', 0.3791797959944084), ('CN1CCCCC1CN(C[S])CCOCCO', 0.3791797959944084), ('CN1CCCCC1CN(C[SH3])CCOCCO', 0.3791797959944084), ('CN1CCCCC1CN(C[SH3+])CCOCCO', 0.3791797959944084), ('CN1CCCCC1CN(C[SH2])CCOCCO', 0.3791797959944084), ('CN1CCCCC1CN(C[SH2+2])CCOCCO', 0.3791797959944084), ('CN1CCCCC1CN(C[SH-])CCOCCO', 0.3791797959944084), ('CN1CCCCC1CN(C[SH-3])CCOCCO', 0.3791797959944084), ('CN1CCCCC1CN(C[SH-2])CCOCCO', 0.3791797959944084), ('CN1CCCCC1CN(C[SH+2])CCOCCO', 0.3791797959944084), ('CN1CCCCC1CN(C[S-3])CCOCCO', 0.3791797959944084), ('CN1CCCCC1CN(C[S-2])CCOCCO', 0.3791797959944084), ('CN1CCCCC1CN(C[S+])CCOCCO', 0.3791797959944084), ('CN1CCCCC1CN(C[S+3])CCOCCO', 0.3791797959944084), ('CN1CCCCC1CN(C[S+2])CCOCCO', 0.3791797959944084), ('CN1CCCCC1CN(C[P])CCOCCO', 0.3791797959944084), ('CN1CCCCC1CN(C[PH])CCOCCO', 0.3791797959944084), ('CN1CCCCC1CN(C[PH3+3])CCOCCO', 0.3791797959944084), ('CN1CCCCC1CN(C[PH3+2])CCOCCO', 0.3791797959944084), ('CN1CCCCC1CN(C[PH2+])CCOCCO', 0.3791797959944084), ('CN1CCCCC1CN(C[PH2+3])CCOCCO', 0.3791797959944084), ('CN1CCCCC1CN(C[PH-2])CCOCCO', 0.3791797959944084), ('CN1CCCCC1CN(C[PH+])CCOCCO', 0.3791797959944084), ('CN1CCCCC1CN(C[P-])CCOCCO', 0.3791797959944084), ('CN1CCCCC1CN(C[P-3])CCOCCO', 0.3791797959944084), ('CN1CCCCC1CN(C[P-2])CCOCCO', 0.3791797959944084), ('CN1CCCCC1CN(C[P+3])CCOCCO', 0.3791797959944084), ('CN1CCCCC1CN(C[O])CCOCCO', 0.3791797959944084), ('CN1CCCCC1CN(C[OH3+3])CCOCCO', 0.3791797959944084), ('CN1CCCCC1CN(C[OH2+])CCOCCO', 0.3791797959944084), ('CN1CCCCC1CN(C[OH2+3])CCOCCO', 0.3791797959944084), ('CN1CCCCC1CN(C[OH2+2])CCOCCO', 0.3791797959944084), ('CN1CCCCC1CN(C[OH+3])CCOCCO', 0.3791797959944084), ('CN1CCCCC1CN(C[OH+2])CCOCCO', 0.3791797959944084), ('CN1CCCCC1CN(C[O-])CCOCCO', 0.3791797959944084), ('CN1CCCCC1CN(C[O+])CCOCCO', 0.3791797959944084), ('CN1CCCCC1CN(C[O+3])CCOCCO', 0.3791797959944084), ('CN1CCCCC1CN(C[O+2])CCOCCO', 0.3791797959944084), ('CN1CCCCC1CN(C[N])CCOCCO', 0.3791797959944084), ('CN1CCCCC1CN(C[NH3+])CCOCCO', 0.3791797959944084), ('CN1CCCCC1CN(C[NH3+3])CCOCCO', 0.3791797959944084), ('CN1CCCCC1CN(C[NH3+2])CCOCCO', 0.3791797959944084), ('CN1CCCCC1CN(C[NH2+])CCOCCO', 0.3791797959944084), ('CN1CCCCC1CN(C[NH2+3])CCOCCO', 0.3791797959944084), ('CN1CCCCC1CN(C[NH2+2])CCOCCO', 0.3791797959944084), ('CN1CCCCC1CN(C[NH+])CCOCCO', 0.3791797959944084), ('CN1CCCCC1CN(C[NH+3])CCOCCO', 0.3791797959944084), ('CN1CCCCC1CN(C[NH+2])CCOCCO', 0.3791797959944084), ('CN1CCCCC1CN(C[N-])CCOCCO', 0.3791797959944084), ('CN1CCCCC1CN(C[N+])CCOCCO', 0.3791797959944084), ('CN1CCCCC1CN(C[N+3])CCOCCO', 0.3791797959944084), ('CN1CCCCC1CN(C[FH3+3])CCOCCO', 0.3791797959944084), ('CN1CCCCC1CN(C[FH+3])CCOCCO', 0.3791797959944084), ('CN1CCCCC1CN(C[F+])CCOCCO', 0.3791797959944084), ('CN1CCCCC1CN(C[F+3])CCOCCO', 0.3791797959944084), ('CN1CCCCC1CN(C[F+2])CCOCCO', 0.3791797959944084), ('CN1CCCCC1CN(C[CH4+2])CCOCCO', 0.3791797959944084), ('CN1CCCCC1CN(C[CH3+])CCOCCO', 0.3791797959944084), ('CN1CCCCC1CN(C[CH3+3])CCOCCO', 0.3791797959944084), ('CN1CCCCC1CN(C[CH3+2])CCOCCO', 0.3791797959944084), ('CN1CCCCC1CN(CS)CCOCCO', 0.3791797959944084), ('CN1CCCCC1CN(CO)CCOCCO', 0.3791797959944084), ('CN1CCCCC1CN(CN)CCOCCO', 0.3791797959944084), ('CN1CCCCC1CN(CF)CCOCCO', 0.3791797959944084)]
