./results/240624_013655/
{'apprentice_load_dir': '/workspace/_ext/data/models/amine250_reduced/LSTM/240614_0712',
 'apprentice_sampling_batch_size': 16383,
 'apprentice_training_batch_size': 256,
 'apprentice_training_steps': 8,
 'benchmark_id': 13,
 'benchmark_type': 'amine',
 'dataset': 'amine250_reduced',
 'dataset_path': '/workspace/_ext/data/datasets/amine250_reduced/all.txt',
 'expert_sampling_batch_size': 1,
 'explainer_load_dir': None,
 'explainer_type': None,
 'genetic_experts': ['SMILES'],
 'learning_rate': 0.001,
 'logger_type': 'CommandLine',
 'max_sampling_batch_size': 1024,
 'max_smiles_length': 100,
 'model_type': 'LSTM',
 'mutation_initial_rate': 0.01,
 'num_jobs': 6,
 'num_keep': 1024,
 'num_smiles_for_similarity': 100,
 'num_steps': 100,
 'project_qualified_name': '',
 'record_filtered': False,
 'sampling_strategy': 'softmax',
 'save_root': './results/',
 'seed': 404,
 'use_best': True,
 'use_cuda': True,
 'use_frozen_explainer': False,
 'use_initial': True}
benchmark_score
0.8511607622341674
[('CN(C)CCCCO', 1.0), ('CN(C)CCCCCO', 0.9777777777777776), ('CN(C)CCCO', 0.8717948717948718), ('CN(C)CCCCCCO', 0.8627450980392157), ('CN(C)CCCCCCCO', 0.7719298245614035), ('[CH2-]N(C)CCCCO', 0.7311827956989246), ('[CH+]CCCCN(C)C', 0.7311827956989246), ('[C-]N(C)CCCCO', 0.7311827956989246), ('[C+]CCCCN(C)C', 0.7311827956989246), ('[C+3]CCCCN(C)C', 0.7311827956989246), ('[B]N(C)CCCCO', 0.7311827956989246), ('[BH]N(C)CCCCO', 0.7311827956989246), ('[BH3-]N(C)CCCCO', 0.7311827956989246), ('[BH3-]CCCCN(C)C', 0.7311827956989246), ('[BH3-3]N(C)CCCCO', 0.7311827956989246), ('[BH3-3]CCCCN(C)C', 0.7311827956989246), ('[BH3-2]N(C)CCCCO', 0.7311827956989246), ('[BH3-2]CCCCN(C)C', 0.7311827956989246), ('[BH2-]N(C)CCCCO', 0.7311827956989246), ('[BH2-3]N(C)CCCCO', 0.7311827956989246), ('[BH2-3]CCCCN(C)C', 0.7311827956989246), ('[BH2-2]N(C)CCCCO', 0.7311827956989246), ('[BH2-2]CCCCN(C)C', 0.7311827956989246), ('[BH-]CCCCN(C)C', 0.7311827956989246), ('[BH-2]N(C)CCCCO', 0.7311827956989246), ('[BH-2]CCCCN(C)C', 0.7311827956989246), ('[BH+]N(C)CCCCO', 0.7311827956989246), ('[BH+]CCCCN(C)C', 0.7311827956989246), ('[B-3]CCCCN(C)C', 0.7311827956989246), ('[B+]CCCCN(C)C', 0.7311827956989246), ('[B+2]N(C)CCCCO', 0.7311827956989246), ('CN([Si])CCCCO', 0.7311827956989246), ('CN([SiH])CCCCO', 0.7311827956989246), ('CN([SiH3-])CCCCO', 0.7311827956989246), ('CN([SiH3-2])CCCCO', 0.7311827956989246), ('CN([SiH3+])CCCCO', 0.7311827956989246), ('CN([SiH2])CCCCO', 0.7311827956989246), ('CN([SiH2-2])CCCCO', 0.7311827956989246), ('CN([SiH-3])CCCCO', 0.7311827956989246), ('CN([SiH+3])CCCCO', 0.7311827956989246), ('CN([SH3+])CCCCO', 0.7311827956989246), ('CN([SH2-])CCCCO', 0.7311827956989246), ('CN([SH2-3])CCCCO', 0.7311827956989246), ('CN([SH2+3])CCCCO', 0.7311827956989246), ('CN([SH2+2])CCCCO', 0.7311827956989246), ('CN([SH+])CCCCO', 0.7311827956989246), ('CN([SH+3])CCCCO', 0.7311827956989246), ('CN([S+3])CCCCO', 0.7311827956989246), ('CN([PH3-2])CCCCO', 0.7311827956989246), ('CN([PH2-2])CCCCO', 0.7311827956989246), ('CN([P+])CCCCO', 0.7311827956989246), ('CN([O])CCCCO', 0.7311827956989246), ('CN([OH+3])CCCCO', 0.7311827956989246), ('CN([OH+2])CCCCO', 0.7311827956989246), ('CN([NH-])CCCCO', 0.7311827956989246), ('CN([NH+])CCCCO', 0.7311827956989246), ('CN([NH+3])CCCCO', 0.7311827956989246), ('CN([IH+2])CCCCO', 0.7311827956989246), ('CN([I-])CCCCO', 0.7311827956989246), ('CN([FH+2])CCCCO', 0.7311827956989246), ('CN([F+])CCCCO', 0.7311827956989246), ('CN([F+2])CCCCO', 0.7311827956989246), ('CN([ClH2+2])CCCCO', 0.7311827956989246), ('CN([ClH+])CCCCO', 0.7311827956989246), ('CN([ClH+3])CCCCO', 0.7311827956989246), ('CN([Cl+])CCCCO', 0.7311827956989246), ('CN([Cl+3])CCCCO', 0.7311827956989246), ('CN([Cl+2])CCCCO', 0.7311827956989246), ('CN([BrH3+3])CCCCO', 0.7311827956989246), ('CN([BrH+3])CCCCO', 0.7311827956989246), ('CN([Br+])CCCCO', 0.7311827956989246), ('CN(C)CCCC[SiH3-]', 0.7311827956989246), ('CN(C)CCCC[SiH2+3]', 0.7311827956989246), ('CN(C)CCCC[SiH+]', 0.7311827956989246), ('CN(C)CCCC[SiH+3]', 0.7311827956989246), ('CN(C)CCCC[S]', 0.7311827956989246), ('CN(C)CCCC[SH3+2]', 0.7311827956989246), ('CN(C)CCCC[PH3-]', 0.7311827956989246), ('CN(C)CCCC[PH3-3]', 0.7311827956989246), ('CN(C)CCCC[PH3-2]', 0.7311827956989246), ('CN(C)CCCC[PH3+2]', 0.7311827956989246), ('CN(C)CCCC[PH2-]', 0.7311827956989246), ('CN(C)CCCC[OH+3]', 0.7311827956989246), ('CN(C)CCCC[NH+]', 0.7311827956989246), ('CN(C)CCCC[N-]', 0.7311827956989246), ('CN(C)CCCC[N+]', 0.7311827956989246), ('CN(C)CCCC[IH3-]', 0.7311827956989246), ('CN(C)CCCC[IH3+2]', 0.7311827956989246), ('CN(C)CCCC[IH2-2]', 0.7311827956989246), ('CN(C)CCCC[IH2+3]', 0.7311827956989246), ('CN(C)CCCC[I-3]', 0.7311827956989246), ('CN(C)CCCC[FH3+3]', 0.7311827956989246), ('CN(C)CCCC[FH2+3]', 0.7311827956989246), ('CN(C)CCCC[FH2+2]', 0.7311827956989246), ('CN(C)CCCC[FH+]', 0.7311827956989246), ('CN(C)CCCC[FH+2]', 0.7311827956989246), ('CN(C)CCCC[F+]', 0.7311827956989246), ('CN(C)CCCC[F+3]', 0.7311827956989246), ('CN(C)CCCC[ClH+3]', 0.7311827956989246), ('CN(C)CCCC[Br+3]', 0.7311827956989246)]
