./results/240624_060102/
{'apprentice_load_dir': '/workspace/_ext/data/models/amine250_reduced/LSTM/240614_0712',
 'apprentice_sampling_batch_size': 16383,
 'apprentice_training_batch_size': 256,
 'apprentice_training_steps': 8,
 'benchmark_id': 26,
 'benchmark_type': 'amine',
 'dataset': 'amine250_reduced',
 'dataset_path': '/workspace/_ext/data/datasets/amine250_reduced/all.txt',
 'expert_sampling_batch_size': 1,
 'explainer_load_dir': None,
 'explainer_type': None,
 'genetic_experts': ['SMILES'],
 'learning_rate': 0.001,
 'logger_type': 'CommandLine',
 'max_sampling_batch_size': 1024,
 'max_smiles_length': 100,
 'model_type': 'LSTM',
 'mutation_initial_rate': 0.01,
 'num_jobs': 6,
 'num_keep': 1024,
 'num_smiles_for_similarity': 100,
 'num_steps': 100,
 'project_qualified_name': '',
 'record_filtered': False,
 'sampling_strategy': 'softmax',
 'save_root': './results/',
 'seed': 404,
 'use_best': True,
 'use_cuda': True,
 'use_frozen_explainer': False,
 'use_initial': True}
benchmark_score
0.9995657522216034
[('NCCCCCCO', 1.0), ('C[N+](C)CC(C)(C)O', 1.0), ('CONCCC(C)C', 1.0), ('CONC(C)C(C)C', 1.0), ('CON(C)CC(C)C', 1.0), ('CON(C)C(C)(C)C', 1.0), ('COCNCC(C)C', 1.0), ('COCNC(C)(C)C', 1.0), ('COCN(C)C(C)C', 1.0), ('COCCNC(C)C', 1.0), ('COCCCN(C)C', 1.0), ('COCCCCCN', 1.0), ('COCCCC(C)N', 1.0), ('COCCC(C)CN', 1.0), ('COCCC(C)(C)N', 1.0), ('COCC(N)C(C)C', 1.0), ('COCC(C)N(C)C', 1.0), ('COCC(C)CCN', 1.0), ('COCC(C)C(C)N', 1.0), ('COCC(C)(C)CN', 1.0), ('COC(N)CC(C)C', 1.0), ('COC(N)C(C)(C)C', 1.0), ('COC(CN)C(C)C', 1.0), ('COC(C)NC(C)C', 1.0), ('COC(C)CN(C)C', 1.0), ('COC(C)CCCN', 1.0), ('COC(C)CC(C)N', 1.0), ('COC(C)C(C)CN', 1.0), ('COC(C)C(C)(C)N', 1.0), ('COC(C)(N)C(C)C', 1.0), ('COC(C)(C)N(C)C', 1.0), ('COC(C)(C)CCN', 1.0), ('COC(C)(C)C(C)N', 1.0), ('CNOCCC(C)C', 1.0), ('CNOC(C)C(C)C', 1.0), ('CNCOCC(C)C', 1.0), ('CNCCOC(C)C', 1.0), ('CNCCCCOC', 1.0), ('CNCCCCCO', 1.0), ('CNCCCC(C)O', 1.0), ('CNCCC(C)OC', 1.0), ('CNCCC(C)CO', 1.0), ('CNCCC(C)(C)O', 1.0), ('CNCC(O)C(C)C', 1.0), ('CNCC(C)COC', 1.0), ('CNCC(C)CCO', 1.0), ('CNCC(C)C(C)O', 1.0), ('CNCC(C)(C)OC', 1.0), ('CNCC(C)(C)CO', 1.0), ('CNC(OC)C(C)C', 1.0), ('CNC(O)CC(C)C', 1.0), ('CNC(O)C(C)(C)C', 1.0), ('CNC(CO)C(C)C', 1.0), ('CNC(C)OC(C)C', 1.0), ('CNC(C)CCOC', 1.0), ('CNC(C)CCCO', 1.0), ('CNC(C)CC(C)O', 1.0), ('CNC(C)C(C)OC', 1.0), ('CNC(C)C(C)CO', 1.0), ('CNC(C)C(C)(C)O', 1.0), ('CNC(C)(O)C(C)C', 1.0), ('CNC(C)(C)COC', 1.0), ('CNC(C)(C)CCO', 1.0), ('CNC(C)(C)C(C)O', 1.0), ('CN(O)CC(C)(C)C', 1.0), ('CN(CO)C(C)(C)C', 1.0), ('CN(C)OC(C)(C)C', 1.0), ('CN(C)CCCCO', 1.0), ('CN(C)CC(C)(C)O', 1.0), ('CN(C)C(C)(C)CO', 1.0), ('CCONCC(C)C', 1.0), ('CCONC(C)CC', 1.0), ('CCONC(C)(C)C', 1.0), ('CCOCNC(C)C', 1.0), ('CCOCN(C)CC', 1.0), ('CCOCCN(C)C', 1.0), ('CCOCCCNC', 1.0), ('CCOCCCCN', 1.0), ('CCOCCC(C)N', 1.0), ('CCOCC(N)CC', 1.0), ('CCOCC(C)NC', 1.0), ('CCOCC(C)CN', 1.0), ('CCOCC(C)(C)N', 1.0), ('CCOC(N)C(C)C', 1.0), ('CCOC(CC)NC', 1.0), ('CCOC(CC)CN', 1.0), ('CCOC(C)N(C)C', 1.0), ('CCOC(C)CNC', 1.0), ('CCOC(C)CCN', 1.0), ('CCOC(C)C(C)N', 1.0), ('CCOC(C)(N)CC', 1.0), ('CCOC(C)(C)NC', 1.0), ('CCOC(C)(C)CN', 1.0), ('CCNOCC(C)C', 1.0), ('CCNOC(C)CC', 1.0), ('CCNCOC(C)C', 1.0), ('CCNCCOCC', 1.0), ('CCNCCCOC', 1.0), ('CCNCCCCO', 1.0), ('CCNCCC(C)O', 1.0), ('CCNCC(O)CC', 1.0), ('CCNCC(C)OC', 1.0), ('CCNCC(C)CO', 1.0), ('CCNCC(C)(C)O', 1.0), ('CCNC(O)C(C)C', 1.0), ('CCNC(CC)OC', 1.0), ('CCNC(CC)CO', 1.0), ('CCNC(C)OCC', 1.0), ('CCNC(C)COC', 1.0), ('CCNC(C)CCO', 1.0), ('CCNC(C)C(C)O', 1.0), ('CCNC(C)(O)CC', 1.0), ('CCNC(C)(C)OC', 1.0), ('CCNC(C)(C)CO', 1.0), ('CCN(OC)C(C)C', 1.0), ('CCN(O)CC(C)C', 1.0), ('CCN(O)C(C)(C)C', 1.0), ('CCN(CO)C(C)C', 1.0), ('CCN(CC)COC', 1.0), ('CCN(CC)CCO', 1.0), ('CCN(CC)C(C)O', 1.0), ('CCN(C)OC(C)C', 1.0), ('CCN(C)CCOC', 1.0), ('CCN(C)CCCO', 1.0), ('CCN(C)CC(C)O', 1.0), ('CCN(C)C(C)OC', 1.0), ('CCN(C)C(C)CO', 1.0), ('CCN(C)C(C)(C)O', 1.0), ('CCCONC(C)C', 1.0), ('CCCON(C)CC', 1.0), ('CCCOCNCC', 1.0), ('CCCOCN(C)C', 1.0), ('CCCOCCNC', 1.0), ('CCCOCCCN', 1.0), ('CCCOCC(C)N', 1.0), ('CCCOC(N)CC', 1.0), ('CCCOC(C)NC', 1.0), ('CCCOC(C)CN', 1.0), ('CCCOC(C)(C)N', 1.0), ('CCCNOCCC', 1.0), ('CCCNOC(C)C', 1.0), ('CCCNCOCC', 1.0), ('CCCNCCOC', 1.0), ('CCCNCCCO', 1.0), ('CCCNCC(C)O', 1.0), ('CCCNC(O)CC', 1.0), ('CCCNC(C)OC', 1.0), ('CCCNC(C)CO', 1.0), ('CCCNC(C)(C)O', 1.0), ('CCCN(O)CCC', 1.0), ('CCCN(O)C(C)C', 1.0), ('CCCN(CC)OC', 1.0), ('CCCN(CC)CO', 1.0), ('CCCN(C)OCC', 1.0), ('CCCN(C)COC', 1.0), ('CCCN(C)CCO', 1.0), ('CCCN(C)C(C)O', 1.0), ('CCCCONCC', 1.0), ('CCCCON(C)C', 1.0), ('CCCCOCNC', 1.0), ('CCCCOCCN', 1.0), ('CCCCOC(C)N', 1.0), ('CCCCNOCC', 1.0), ('CCCCNCOC', 1.0), ('CCCCNCCO', 1.0), ('CCCCNC(C)O', 1.0), ('CCCCN(O)CC', 1.0), ('CCCCN(C)OC', 1.0), ('CCCCN(C)CO', 1.0), ('CCCCCONC', 1.0), ('CCCCCOCN', 1.0), ('CCCCCNOC', 1.0), ('CCCCCNCO', 1.0), ('CCCCCN(C)O', 1.0), ('CCCCCCON', 1.0), ('CCCCCCNO', 1.0), ('CCCCCC(N)O', 1.0), ('CCCCC(O)NC', 1.0), ('CCCCC(O)CN', 1.0), ('CCCCC(N)OC', 1.0), ('CCCCC(N)CO', 1.0), ('CCCCC(C)ON', 1.0), ('CCCCC(C)NO', 1.0), ('CCCCC(C)(N)O', 1.0), ('CCCC(O)NCC', 1.0), ('CCCC(O)N(C)C', 1.0), ('CCCC(O)CNC', 1.0), ('CCCC(O)CCN', 1.0), ('CCCC(O)C(C)N', 1.0), ('CCCC(NC)OC', 1.0), ('CCCC(N)OCC', 1.0), ('CCCC(N)COC', 1.0), ('CCCC(N)CCO', 1.0), ('CCCC(N)C(C)O', 1.0), ('CCCC(N)(O)CC', 1.0), ('CCCC(CO)NC', 1.0), ('CCCC(CN)OC', 1.0), ('CCCC(CN)CO', 1.0), ('CCCC(CC)ON', 1.0), ('CCCC(CC)NO', 1.0), ('CCCC(C)ONC', 1.0), ('CCCC(C)OCN', 1.0), ('CCCC(C)NOC', 1.0), ('CCCC(C)NCO', 1.0), ('CCCC(C)N(C)O', 1.0), ('CCCC(C)CON', 1.0), ('CCCC(C)CNO', 1.0), ('CCCC(C)C(N)O', 1.0), ('CCCC(C)(O)NC', 1.0), ('CCCC(C)(O)CN', 1.0), ('CCCC(C)(N)OC', 1.0), ('CCCC(C)(N)CO', 1.0), ('CCCC(C)(C)ON', 1.0), ('CCCC(C)(C)NO', 1.0), ('CCC(ON)C(C)C', 1.0), ('CCC(OC)N(C)C', 1.0), ('CCC(OC)C(C)N', 1.0), ('CCC(O)NC(C)C', 1.0), ('CCC(O)N(C)CC', 1.0), ('CCC(O)CN(C)C', 1.0), ('CCC(O)CCNC', 1.0), ('CCC(O)CCCN', 1.0), ('CCC(O)CC(C)N', 1.0), ('CCC(O)C(C)NC', 1.0), ('CCC(O)C(C)CN', 1.0), ('CCC(O)C(C)(C)N', 1.0), ('CCC(O)(CC)NC', 1.0), ('CCC(O)(CC)CN', 1.0), ('CCC(NO)C(C)C', 1.0), ('CCC(NC)C(C)O', 1.0), ('CCC(N)OC(C)C', 1.0), ('CCC(N)CCOC', 1.0), ('CCC(N)CCCO', 1.0), ('CCC(N)CC(C)O', 1.0), ('CCC(N)C(O)CC', 1.0), ('CCC(N)C(C)OC', 1.0), ('CCC(N)C(C)CO', 1.0), ('CCC(N)C(C)(C)O', 1.0), ('CCC(N)(O)C(C)C', 1.0), ('CCC(N)(CC)OC', 1.0), ('CCC(N)(CC)CO', 1.0), ('CCC(COC)NC', 1.0), ('CCC(CO)N(C)C', 1.0), ('CCC(CO)CNC', 1.0), ('CCC(CO)CCN', 1.0), ('CCC(CO)C(C)N', 1.0), ('CCC(CNC)OC', 1.0), ('CCC(CN)COC', 1.0), ('CCC(CN)CCO', 1.0), ('CCC(CN)C(C)O', 1.0), ('CCC(CCO)NC', 1.0), ('CCC(CCN)OC', 1.0), ('CCC(CC)ONC', 1.0), ('CCC(CC)OCN', 1.0), ('CCC(CC)NOC', 1.0), ('CCC(CC)NCO', 1.0), ('CCC(CC)N(C)O', 1.0), ('CCC(CC)CON', 1.0), ('CCC(CC)CNO', 1.0), ('CCC(CC)C(N)O', 1.0), ('CCC(C)OCNC', 1.0), ('CCC(C)OCCN', 1.0), ('CCC(C)OC(C)N', 1.0), ('CCC(C)NCOC', 1.0), ('CCC(C)NCCO', 1.0), ('CCC(C)NC(C)O', 1.0), ('CCC(C)N(O)CC', 1.0), ('CCC(C)N(C)OC', 1.0), ('CCC(C)N(C)CO', 1.0), ('CCC(C)CONC', 1.0), ('CCC(C)COCN', 1.0), ('CCC(C)CNOC', 1.0), ('CCC(C)CNCO', 1.0), ('CCC(C)CN(C)O', 1.0), ('CCC(C)CCON', 1.0), ('CCC(C)CCNO', 1.0), ('CCC(C)CC(N)O', 1.0), ('CCC(C)C(O)NC', 1.0), ('CCC(C)C(O)CN', 1.0), ('CCC(C)C(N)OC', 1.0), ('CCC(C)C(N)CO', 1.0), ('CCC(C)C(C)ON', 1.0), ('CCC(C)C(C)NO', 1.0), ('CCC(C)C(C)(N)O', 1.0), ('CCC(C)(O)N(C)C', 1.0), ('CCC(C)(O)CNC', 1.0), ('CCC(C)(O)CCN', 1.0), ('CCC(C)(O)C(C)N', 1.0), ('CCC(C)(NC)OC', 1.0), ('CCC(C)(N)COC', 1.0), ('CCC(C)(N)CCO', 1.0), ('CCC(C)(N)C(C)O', 1.0), ('CCC(C)(CO)NC', 1.0), ('CCC(C)(CN)OC', 1.0), ('CCC(C)(CN)CO', 1.0), ('CCC(C)(CC)ON', 1.0), ('CCC(C)(CC)NO', 1.0), ('CCC(C)(C)ONC', 1.0), ('CCC(C)(C)OCN', 1.0), ('CCC(C)(C)NOC', 1.0), ('CCC(C)(C)NCO', 1.0), ('CCC(C)(C)N(C)O', 1.0), ('CCC(C)(C)CON', 1.0), ('CCC(C)(C)CNO', 1.0), ('CCC(C)(C)C(N)O', 1.0), ('CC(ON)C(C)(C)C', 1.0), ('CC(O)NC(C)(C)C', 1.0), ('CC(O)CNC(C)C', 1.0), ('CC(O)CC[N+](C)C', 1.0), ('CC(O)CCN(C)C', 1.0), ('CC(O)CCCCN', 1.0), ('CC(O)CC(C)CN', 1.0), ('CC(O)CC(C)(C)N', 1.0), ('CC(O)C(C)N(C)C', 1.0), ('CC(O)C(C)CCN', 1.0), ('CC(O)C(C)(C)CN', 1.0), ('CC(NO)C(C)(C)C', 1.0), ('CC(N)OC(C)(C)C', 1.0), ('CC(N)COC(C)C', 1.0), ('CC(N)CCCCO', 1.0), ('CC(N)CCC(C)O', 1.0), ('CC(N)CC(C)CO', 1.0), ('CC(N)CC(C)(C)O', 1.0), ('CC(N)C(C)CCO', 1.0), ('CC(N)C(C)C(C)O', 1.0), ('CC(N)C(C)(C)CO', 1.0), ('CC(CO)CN(C)C', 1.0), ('CC(CO)CCCN', 1.0), ('CC(CO)C(C)(C)N', 1.0), ('CC(CN)CCCO', 1.0), ('CC(CN)C(C)CO', 1.0), ('CC(CN)C(C)(C)O', 1.0), ('CC(CCO)N(C)C', 1.0), ('CC(CCN)CCO', 1.0), ('CC(C)OCN(C)C', 1.0), ('CC(C)OCCCN', 1.0), ('CC(C)OC(C)CN', 1.0), ('CC(C)OC(C)(C)N', 1.0), ('CC(C)NOC(C)C', 1.0), ('CC(C)NCCCO', 1.0), ('CC(C)NC(C)CO', 1.0), ('CC(C)NC(C)(C)O', 1.0), ('CC(C)N(O)C(C)C', 1.0), ('CC(C)N(C)CCO', 1.0), ('CC(C)N(C)C(C)O', 1.0), ('CC(C)COCCN', 1.0), ('CC(C)COC(C)N', 1.0), ('CC(C)CNCCO', 1.0), ('CC(C)CNC(C)O', 1.0), ('CC(C)CN(C)CO', 1.0), ('CC(C)CCOCN', 1.0), ('CC(C)CCNCO', 1.0), ('CC(C)CCN(C)O', 1.0), ('CC(C)CCCON', 1.0), ('CC(C)CCCNO', 1.0), ('CC(C)CCC(N)O', 1.0), ('CC(C)CC(O)CN', 1.0), ('CC(C)CC(N)CO', 1.0), ('CC(C)CC(C)ON', 1.0), ('CC(C)CC(C)NO', 1.0), ('CC(C)CC(C)(N)O', 1.0), ('CC(C)C(O)N(C)C', 1.0), ('CC(C)C(O)CCN', 1.0), ('CC(C)C(O)C(C)N', 1.0), ('CC(C)C(N)CCO', 1.0), ('CC(C)C(N)C(C)O', 1.0), ('CC(C)C(CN)CO', 1.0), ('CC(C)C(C)OCN', 1.0), ('CC(C)C(C)NCO', 1.0), ('CC(C)C(C)N(C)O', 1.0), ('CC(C)C(C)CON', 1.0), ('CC(C)C(C)CNO', 1.0), ('CC(C)C(C)C(N)O', 1.0), ('CC(C)C(C)(O)CN', 1.0), ('CC(C)C(C)(N)CO', 1.0), ('CC(C)C(C)(C)ON', 1.0), ('CC(C)C(C)(C)NO', 1.0), ('CC(C)(O)CCCN', 1.0), ('CC(C)(N)CCCO', 1.0), ('CC(C)(N)C(C)(C)O', 1.0), ('CC(C)(CO)CCN', 1.0), ('CC(C)(CN)CCO', 1.0), ('CC(C)(C)OCCN', 1.0), ('CC(C)(C)NCCO', 1.0), ('CC(C)(C)COCN', 1.0), ('CC(C)(C)CNCO', 1.0), ('CC(C)(C)CCON', 1.0), ('CC(C)(C)CCNO', 1.0), ('CC(C)(C)C(O)CN', 1.0), ('CC(C)(C)C(N)CO', 1.0), ('CC(C)(C)C(C)(N)O', 1.0), ('CSCC(C)C(N)CO', 0.9753099120283327), ('CNCC(CS)COC', 0.9753099120283327), ('CCC(S)C(CO)NC', 0.9753099120283327), ('CC(C)OCCNCS', 0.9753099120283327), ('CC(C)C(CS)CON', 0.9753099120283327), ('CC(C)C(C)(S)CNO', 0.9753099120283327), ('CC(C)(C)N(CO)CS', 0.9753099120283327)]
