./results/240624_021946/
{'apprentice_load_dir': '/workspace/_ext/data/models/amine250_reduced/LSTM/240614_0712',
 'apprentice_sampling_batch_size': 16383,
 'apprentice_training_batch_size': 256,
 'apprentice_training_steps': 8,
 'benchmark_id': 15,
 'benchmark_type': 'amine',
 'dataset': 'amine250_reduced',
 'dataset_path': '/workspace/_ext/data/datasets/amine250_reduced/all.txt',
 'expert_sampling_batch_size': 1,
 'explainer_load_dir': None,
 'explainer_type': None,
 'genetic_experts': ['SMILES'],
 'learning_rate': 0.001,
 'logger_type': 'CommandLine',
 'max_sampling_batch_size': 1024,
 'max_smiles_length': 100,
 'model_type': 'LSTM',
 'mutation_initial_rate': 0.01,
 'num_jobs': 6,
 'num_keep': 1024,
 'num_smiles_for_similarity': 100,
 'num_steps': 100,
 'project_qualified_name': '',
 'record_filtered': False,
 'sampling_strategy': 'softmax',
 'save_root': './results/',
 'seed': 404,
 'use_best': True,
 'use_cuda': True,
 'use_frozen_explainer': False,
 'use_initial': True}
benchmark_score
0.812299288352525
[('CN1CCNCC1', 1.0), ('CN1CCCNCC1', 0.7676767676767677), ('CN1CCNCNCC1', 0.7407407407407407), ('CN1CCNCCN(C)CC1', 0.7333333333333334), ('CN1CCNCCNCC1', 0.7179487179487178), ('CN1CCNCCN(C)C1', 0.7017543859649122), ('[SiH]N1CCNCC1', 0.6896551724137931), ('[SiH4]N1CCNCC1', 0.6896551724137931), ('[SiH4+3]N1CCNCC1', 0.6896551724137931), ('[SiH3+3]N1CCNCC1', 0.6896551724137931), ('[SiH2-]N1CCNCC1', 0.6896551724137931), ('[SiH2-3]N1CCNCC1', 0.6896551724137931), ('[SiH2+2]N1CCNCC1', 0.6896551724137931), ('[SiH+4]N1CCNCC1', 0.6896551724137931), ('[Si-4]N1CCNCC1', 0.6896551724137931), ('[Si-3]N1CCNCC1', 0.6896551724137931), ('[Si+4]N1CCNCC1', 0.6896551724137931), ('[Si+3]N1CCNCC1', 0.6896551724137931), ('[Si+2]N1CCNCC1', 0.6896551724137931), ('[SH4-]N1CCNCC1', 0.6896551724137931), ('[SH4+2]N1CCNCC1', 0.6896551724137931), ('[SH3+3]N1CCNCC1', 0.6896551724137931), ('[SH3+2]N1CCNCC1', 0.6896551724137931), ('[SH2]N1CCNCC1', 0.6896551724137931), ('[SH2-]N1CCNCC1', 0.6896551724137931), ('[SH2+]N1CCNCC1', 0.6896551724137931), ('[SH-2]N1CCNCC1', 0.6896551724137931), ('[SH+]N1CCNCC1', 0.6896551724137931), ('[SH+4]N1CCNCC1', 0.6896551724137931), ('[SH+3]N1CCNCC1', 0.6896551724137931), ('[S-]N1CCNCC1', 0.6896551724137931), ('[S-3]N1CCNCC1', 0.6896551724137931), ('[PH4+4]N1CCNCC1', 0.6896551724137931), ('[PH4+3]N1CCNCC1', 0.6896551724137931), ('[PH3]N1CCNCC1', 0.6896551724137931), ('[PH3+]N1CCNCC1', 0.6896551724137931), ('[PH3+4]N1CCNCC1', 0.6896551724137931), ('[PH2-]N1CCNCC1', 0.6896551724137931), ('[PH2+3]N1CCNCC1', 0.6896551724137931), ('[PH2+2]N1CCNCC1', 0.6896551724137931), ('[PH-]N1CCNCC1', 0.6896551724137931), ('[PH+4]N1CCNCC1', 0.6896551724137931), ('[PH+3]N1CCNCC1', 0.6896551724137931), ('[P-]N1CCNCC1', 0.6896551724137931), ('[P+]N1CCNCC1', 0.6896551724137931), ('[OH4+4]N1CCNCC1', 0.6896551724137931), ('[OH4+3]N1CCNCC1', 0.6896551724137931), ('[OH3+4]N1CCNCC1', 0.6896551724137931), ('[OH3+2]N1CCNCC1', 0.6896551724137931), ('[OH2+4]N1CCNCC1', 0.6896551724137931), ('[OH+]N1CCNCC1', 0.6896551724137931), ('[OH+3]N1CCNCC1', 0.6896551724137931), ('[O-]N1CCNCC1', 0.6896551724137931), ('[NH]N1CCNCC1', 0.6896551724137931), ('[NH4+4]N1CCNCC1', 0.6896551724137931), ('[NH4+3]N1CCNCC1', 0.6896551724137931), ('[NH3+3]N1CCNCC1', 0.6896551724137931), ('[NH3+2]N1CCNCC1', 0.6896551724137931), ('[NH2+3]N1CCNCC1', 0.6896551724137931), ('[NH+]N1CCNCC1', 0.6896551724137931), ('[NH+4]N1CCNCC1', 0.6896551724137931), ('[NH+2]N1CCNCC1', 0.6896551724137931), ('[N-]N1CCNCC1', 0.6896551724137931), ('[N+3]N1CCNCC1', 0.6896551724137931), ('[IH4+3]N1CCNCC1', 0.6896551724137931), ('[IH4+2]N1CCNCC1', 0.6896551724137931), ('[IH3+]N1CCNCC1', 0.6896551724137931), ('[IH3+4]N1CCNCC1', 0.6896551724137931), ('[IH2]N1CCNCC1', 0.6896551724137931), ('[IH2-]N1CCNCC1', 0.6896551724137931), ('[IH2+2]N1CCNCC1', 0.6896551724137931), ('[IH-2]N1CCNCC1', 0.6896551724137931), ('[IH+4]N1CCNCC1', 0.6896551724137931), ('[IH+3]N1CCNCC1', 0.6896551724137931), ('[I-2]N1CCNCC1', 0.6896551724137931), ('[FH3+3]N1CCNCC1', 0.6896551724137931), ('[FH2+2]N1CCNCC1', 0.6896551724137931), ('[FH+4]N1CCNCC1', 0.6896551724137931), ('[FH+2]N1CCNCC1', 0.6896551724137931), ('[F+4]N1CCNCC1', 0.6896551724137931), ('[CH4+3]N1CCNCC1', 0.6896551724137931), ('[CH+4]N1CCNCC1', 0.6896551724137931), ('[BH]N1CCNCC1', 0.6896551724137931), ('[BH4-3]N1CCNCC1', 0.6896551724137931), ('[BH4-2]N1CCNCC1', 0.6896551724137931), ('[BH3-]N1CCNCC1', 0.6896551724137931), ('[BH3-4]N1CCNCC1', 0.6896551724137931), ('[BH2-]N1CCNCC1', 0.6896551724137931), ('[BH2-4]N1CCNCC1', 0.6896551724137931), ('[BH2-3]N1CCNCC1', 0.6896551724137931), ('[BH2-2]N1CCNCC1', 0.6896551724137931), ('[BH-2]N1CCNCC1', 0.6896551724137931), ('[B-]N1CCNCC1', 0.6896551724137931), ('[B-3]N1CCNCC1', 0.6896551724137931), ('[B-2]N1CCNCC1', 0.6896551724137931), ('SN1CCNCC1', 0.6896551724137931), ('PN1CCNCC1', 0.6896551724137931), ('ON1CCNCC1', 0.6896551724137931), ('FN1CCNCC1', 0.6896551724137931), ('BrN1CCNCC1', 0.6896551724137931)]
