./results/240624_024123/
{'apprentice_load_dir': '/workspace/_ext/data/models/amine250_reduced/LSTM/240614_0712',
 'apprentice_sampling_batch_size': 16383,
 'apprentice_training_batch_size': 256,
 'apprentice_training_steps': 8,
 'benchmark_id': 16,
 'benchmark_type': 'amine',
 'dataset': 'amine250_reduced',
 'dataset_path': '/workspace/_ext/data/datasets/amine250_reduced/all.txt',
 'expert_sampling_batch_size': 1,
 'explainer_load_dir': None,
 'explainer_type': None,
 'genetic_experts': ['SMILES'],
 'learning_rate': 0.001,
 'logger_type': 'CommandLine',
 'max_sampling_batch_size': 1024,
 'max_smiles_length': 100,
 'model_type': 'LSTM',
 'mutation_initial_rate': 0.01,
 'num_jobs': 6,
 'num_keep': 1024,
 'num_smiles_for_similarity': 100,
 'num_steps': 100,
 'project_qualified_name': '',
 'record_filtered': False,
 'sampling_strategy': 'softmax',
 'save_root': './results/',
 'seed': 404,
 'use_best': True,
 'use_cuda': True,
 'use_frozen_explainer': False,
 'use_initial': True}
benchmark_score
0.895853615520282
[('CCN1CCNCC1', 1.0), ('CCN1CCCNCC1', 0.8518518518518517), ('CCCN1CCNCC1', 0.838095238095238), ('[Sn]CN1CCNCC1', 0.8333333333333333), ('[Sn-]CN1CCNCC1', 0.8333333333333333), ('[Sn-3]CN1CCNCC1', 0.8333333333333333), ('[Sn-2]CN1CCNCC1', 0.8333333333333333), ('[Sn+]CN1CCNCC1', 0.8333333333333333), ('[Sn+3]CN1CCNCC1', 0.8333333333333333), ('[Sn+2]CN1CCNCC1', 0.8333333333333333), ('[SiH2+3]CN1CCNCC1', 0.8333333333333333), ('[S]CN1CCNCC1', 0.8333333333333333), ('[SH3]CN1CCNCC1', 0.8333333333333333), ('[SH3-]CN1CCNCC1', 0.8333333333333333), ('[SH3-2]CN1CCNCC1', 0.8333333333333333), ('[SH3+2]CN1CCNCC1', 0.8333333333333333), ('[SH2-3]CN1CCNCC1', 0.8333333333333333), ('[SH2-2]CN1CCNCC1', 0.8333333333333333), ('[SH2+2]CN1CCNCC1', 0.8333333333333333), ('[SH-]CN1CCNCC1', 0.8333333333333333), ('[SH-3]CN1CCNCC1', 0.8333333333333333), ('[SH+2]CN1CCNCC1', 0.8333333333333333), ('[S-]CN1CCNCC1', 0.8333333333333333), ('[S-3]CN1CCNCC1', 0.8333333333333333), ('[S+]CN1CCNCC1', 0.8333333333333333), ('[S+2]CN1CCNCC1', 0.8333333333333333), ('[P]CN1CCNCC1', 0.8333333333333333), ('[PH]CN1CCNCC1', 0.8333333333333333), ('[PH3]CN1CCNCC1', 0.8333333333333333), ('[PH3-]CN1CCNCC1', 0.8333333333333333), ('[PH3-2]CN1CCNCC1', 0.8333333333333333), ('[PH3+]CN1CCNCC1', 0.8333333333333333), ('[PH3+3]CN1CCNCC1', 0.8333333333333333), ('[PH3+2]CN1CCNCC1', 0.8333333333333333), ('[PH2-]CN1CCNCC1', 0.8333333333333333), ('[PH2-3]CN1CCNCC1', 0.8333333333333333), ('[PH2+]CN1CCNCC1', 0.8333333333333333), ('[PH2+3]CN1CCNCC1', 0.8333333333333333), ('[PH-3]CN1CCNCC1', 0.8333333333333333), ('[PH-2]CN1CCNCC1', 0.8333333333333333), ('[PH+]CN1CCNCC1', 0.8333333333333333), ('[PH+3]CN1CCNCC1', 0.8333333333333333), ('[PH+2]CN1CCNCC1', 0.8333333333333333), ('[P-]CN1CCNCC1', 0.8333333333333333), ('[P-3]CN1CCNCC1', 0.8333333333333333), ('[P-2]CN1CCNCC1', 0.8333333333333333), ('[P+3]CN1CCNCC1', 0.8333333333333333), ('[P+2]CN1CCNCC1', 0.8333333333333333), ('[O]CN1CCNCC1', 0.8333333333333333), ('[OH3+2]CN1CCNCC1', 0.8333333333333333), ('[OH2+]CN1CCNCC1', 0.8333333333333333), ('[OH2+3]CN1CCNCC1', 0.8333333333333333), ('[OH2+2]CN1CCNCC1', 0.8333333333333333), ('[O+]CN1CCNCC1', 0.8333333333333333), ('[O+2]CN1CCNCC1', 0.8333333333333333), ('[NH]CN1CCNCC1', 0.8333333333333333), ('[NH3+]CN1CCNCC1', 0.8333333333333333), ('[NH3+3]CN1CCNCC1', 0.8333333333333333), ('[NH2+]CN1CCNCC1', 0.8333333333333333), ('[NH2+3]CN1CCNCC1', 0.8333333333333333), ('[NH2+2]CN1CCNCC1', 0.8333333333333333), ('[NH-]CN1CCNCC1', 0.8333333333333333), ('[NH+]CN1CCNCC1', 0.8333333333333333), ('[NH+3]CN1CCNCC1', 0.8333333333333333), ('[N-]CN1CCNCC1', 0.8333333333333333), ('[N-2]CN1CCNCC1', 0.8333333333333333), ('[N+]CN1CCNCC1', 0.8333333333333333), ('[N+3]CN1CCNCC1', 0.8333333333333333), ('[N+2]CN1CCNCC1', 0.8333333333333333), ('[FH2+3]CN1CCNCC1', 0.8333333333333333), ('[Cn]CN1CCNCC1', 0.8333333333333333), ('[Cn-]CN1CCNCC1', 0.8333333333333333), ('[Cn-3]CN1CCNCC1', 0.8333333333333333), ('[Cn-2]CN1CCNCC1', 0.8333333333333333), ('[Cn+]CN1CCNCC1', 0.8333333333333333), ('[Cn+3]CN1CCNCC1', 0.8333333333333333), ('[Cn+2]CN1CCNCC1', 0.8333333333333333), ('[C]CN1CCNCC1', 0.8333333333333333), ('[CH3+]CN1CCNCC1', 0.8333333333333333), ('[CH3+3]CN1CCNCC1', 0.8333333333333333), ('[CH3+2]CN1CCNCC1', 0.8333333333333333), ('[CH2-]CN1CCNCC1', 0.8333333333333333), ('[CH2+]CN1CCNCC1', 0.8333333333333333), ('[CH-]CN1CCNCC1', 0.8333333333333333), ('[CH-2]CN1CCNCC1', 0.8333333333333333), ('[CH+]CN1CCNCC1', 0.8333333333333333), ('[CH+2]CN1CCNCC1', 0.8333333333333333), ('[C+]CN1CCNCC1', 0.8333333333333333), ('[C+3]CN1CCNCC1', 0.8333333333333333), ('[C+2]CN1CCNCC1', 0.8333333333333333), ('[B]CN1CCNCC1', 0.8333333333333333), ('[BH3-]CN1CCNCC1', 0.8333333333333333), ('[BH3-3]CN1CCNCC1', 0.8333333333333333), ('[BH2-3]CN1CCNCC1', 0.8333333333333333), ('[BH-2]CN1CCNCC1', 0.8333333333333333), ('[B-]CN1CCNCC1', 0.8333333333333333), ('[B-2]CN1CCNCC1', 0.8333333333333333), ('PCN1CCNCC1', 0.8333333333333333), ('OCN1CCNCC1', 0.8333333333333333), ('NCN1CCNCC1', 0.8333333333333333)]
