./results/240624_032416/
{'apprentice_load_dir': '/workspace/_ext/data/models/amine250_reduced/LSTM/240614_0712',
 'apprentice_sampling_batch_size': 16383,
 'apprentice_training_batch_size': 256,
 'apprentice_training_steps': 8,
 'benchmark_id': 18,
 'benchmark_type': 'amine',
 'dataset': 'amine250_reduced',
 'dataset_path': '/workspace/_ext/data/datasets/amine250_reduced/all.txt',
 'expert_sampling_batch_size': 1,
 'explainer_load_dir': None,
 'explainer_type': None,
 'genetic_experts': ['SMILES'],
 'learning_rate': 0.001,
 'logger_type': 'CommandLine',
 'max_sampling_batch_size': 1024,
 'max_smiles_length': 100,
 'model_type': 'LSTM',
 'mutation_initial_rate': 0.01,
 'num_jobs': 6,
 'num_keep': 1024,
 'num_smiles_for_similarity': 100,
 'num_steps': 100,
 'project_qualified_name': '',
 'record_filtered': False,
 'sampling_strategy': 'softmax',
 'save_root': './results/',
 'seed': 404,
 'use_best': True,
 'use_cuda': True,
 'use_frozen_explainer': False,
 'use_initial': True}
benchmark_score
0.9060539887391479
[('NCCN1CCNCC1', 1.0), ('NCCCN1CCNCC1', 0.923076923076923), ('NCCN1CCCNCC1', 0.8780487804878049), ('NCCN1CCNCCNCC1', 0.8695652173913043), ('NCCN1CCNCNCC1', 0.8484848484848484), ('[Si]CCN1CCNCC1', 0.8421052631578947), ('[SiH4-]CCN1CCNCC1', 0.8421052631578947), ('[SiH4+]CCN1CCNCC1', 0.8421052631578947), ('[SiH4+4]CCN1CCNCC1', 0.8421052631578947), ('[SiH4+3]CCN1CCNCC1', 0.8421052631578947), ('[SiH3-]CCN1CCNCC1', 0.8421052631578947), ('[SiH3-2]CCN1CCNCC1', 0.8421052631578947), ('[SiH3+4]CCN1CCNCC1', 0.8421052631578947), ('[SiH3+3]CCN1CCNCC1', 0.8421052631578947), ('[SiH2-3]CCN1CCNCC1', 0.8421052631578947), ('[SiH2-2]CCN1CCNCC1', 0.8421052631578947), ('[SiH2+4]CCN1CCNCC1', 0.8421052631578947), ('[SiH2+2]CCN1CCNCC1', 0.8421052631578947), ('[SiH-]CCN1CCNCC1', 0.8421052631578947), ('[SiH-3]CCN1CCNCC1', 0.8421052631578947), ('[SiH+]CCN1CCNCC1', 0.8421052631578947), ('[Si-4]CCN1CCNCC1', 0.8421052631578947), ('[Si-2]CCN1CCNCC1', 0.8421052631578947), ('[Si+]CCN1CCNCC1', 0.8421052631578947), ('[S]CCN1CCNCC1', 0.8421052631578947), ('[SH4-]CCN1CCNCC1', 0.8421052631578947), ('[SH4+]CCN1CCNCC1', 0.8421052631578947), ('[SH4+4]CCN1CCNCC1', 0.8421052631578947), ('[SH4+3]CCN1CCNCC1', 0.8421052631578947), ('[SH3-]CCN1CCNCC1', 0.8421052631578947), ('[SH2]CCN1CCNCC1', 0.8421052631578947), ('[SH2-3]CCN1CCNCC1', 0.8421052631578947), ('[SH2+]CCN1CCNCC1', 0.8421052631578947), ('[SH2+2]CCN1CCNCC1', 0.8421052631578947), ('[SH+4]CCN1CCNCC1', 0.8421052631578947), ('[SH+3]CCN1CCNCC1', 0.8421052631578947), ('[SH+2]CCN1CCNCC1', 0.8421052631578947), ('[S-]CCN1CCNCC1', 0.8421052631578947), ('[S-4]CCN1CCNCC1', 0.8421052631578947), ('[S-3]CCN1CCNCC1', 0.8421052631578947), ('[S-2]CCN1CCNCC1', 0.8421052631578947), ('[S+2]CCN1CCNCC1', 0.8421052631578947), ('[PH]CCN1CCNCC1', 0.8421052631578947), ('[PH4]CCN1CCNCC1', 0.8421052631578947), ('[PH4-]CCN1CCNCC1', 0.8421052631578947), ('[PH4+3]CCN1CCNCC1', 0.8421052631578947), ('[PH4+2]CCN1CCNCC1', 0.8421052631578947), ('[PH3]CCN1CCNCC1', 0.8421052631578947), ('[PH3-]CCN1CCNCC1', 0.8421052631578947), ('[PH3-3]CCN1CCNCC1', 0.8421052631578947), ('[PH3-2]CCN1CCNCC1', 0.8421052631578947), ('[PH3+4]CCN1CCNCC1', 0.8421052631578947), ('[PH3+3]CCN1CCNCC1', 0.8421052631578947), ('[PH3+2]CCN1CCNCC1', 0.8421052631578947), ('[PH2-]CCN1CCNCC1', 0.8421052631578947), ('[PH2-3]CCN1CCNCC1', 0.8421052631578947), ('[PH2+]CCN1CCNCC1', 0.8421052631578947), ('[PH2+4]CCN1CCNCC1', 0.8421052631578947), ('[PH2+3]CCN1CCNCC1', 0.8421052631578947), ('[PH-]CCN1CCNCC1', 0.8421052631578947), ('[PH+]CCN1CCNCC1', 0.8421052631578947), ('[P-3]CCN1CCNCC1', 0.8421052631578947), ('[P-2]CCN1CCNCC1', 0.8421052631578947), ('[P+]CCN1CCNCC1', 0.8421052631578947), ('[P+2]CCN1CCNCC1', 0.8421052631578947), ('[O]CCN1CCNCC1', 0.8421052631578947), ('[OH3+4]CCN1CCNCC1', 0.8421052631578947), ('[OH2+]CCN1CCNCC1', 0.8421052631578947), ('[OH+]CCN1CCNCC1', 0.8421052631578947), ('[OH+3]CCN1CCNCC1', 0.8421052631578947), ('[OH+2]CCN1CCNCC1', 0.8421052631578947), ('[O+2]CCN1CCNCC1', 0.8421052631578947), ('[N]CCN1CCNCC1', 0.8421052631578947), ('[NH]CCN1CCNCC1', 0.8421052631578947), ('[NH4+4]CCN1CCNCC1', 0.8421052631578947), ('[NH4+3]CCN1CCNCC1', 0.8421052631578947), ('[NH4+2]CCN1CCNCC1', 0.8421052631578947), ('[NH3+2]CCN1CCNCC1', 0.8421052631578947), ('[NH2+3]CCN1CCNCC1', 0.8421052631578947), ('[NH+3]CCN1CCNCC1', 0.8421052631578947), ('[N-]CCN1CCNCC1', 0.8421052631578947), ('[N-2]CCN1CCNCC1', 0.8421052631578947), ('[N+]CCN1CCNCC1', 0.8421052631578947), ('[N+4]CCN1CCNCC1', 0.8421052631578947), ('[N+3]CCN1CCNCC1', 0.8421052631578947), ('[N+2]CCN1CCNCC1', 0.8421052631578947), ('[CH]CCN1CCNCC1', 0.8421052631578947), ('[CH4+]CCN1CCNCC1', 0.8421052631578947), ('[CH3+2]CCN1CCNCC1', 0.8421052631578947), ('[CH2]CCN1CCNCC1', 0.8421052631578947), ('[CH2+2]CCN1CCNCC1', 0.8421052631578947), ('[CH-2]CCN1CCNCC1', 0.8421052631578947), ('[CH+]CCN1CCNCC1', 0.8421052631578947), ('[CH+4]CCN1CCNCC1', 0.8421052631578947), ('[CH+2]CCN1CCNCC1', 0.8421052631578947), ('[C-3]CCN1CCNCC1', 0.8421052631578947), ('[C-2]CCN1CCNCC1', 0.8421052631578947), ('[C+3]CCN1CCNCC1', 0.8421052631578947), ('FCCN1CCNCC1', 0.8421052631578947), ('ClCCN1CCNCC1', 0.8421052631578947)]
