./results/240624_030217/
{'apprentice_load_dir': '/workspace/_ext/data/models/amine250_reduced/LSTM/240614_0712',
 'apprentice_sampling_batch_size': 16383,
 'apprentice_training_batch_size': 256,
 'apprentice_training_steps': 8,
 'benchmark_id': 17,
 'benchmark_type': 'amine',
 'dataset': 'amine250_reduced',
 'dataset_path': '/workspace/_ext/data/datasets/amine250_reduced/all.txt',
 'expert_sampling_batch_size': 1,
 'explainer_load_dir': None,
 'explainer_type': None,
 'genetic_experts': ['SMILES'],
 'learning_rate': 0.001,
 'logger_type': 'CommandLine',
 'max_sampling_batch_size': 1024,
 'max_smiles_length': 100,
 'model_type': 'LSTM',
 'mutation_initial_rate': 0.01,
 'num_jobs': 6,
 'num_keep': 1024,
 'num_smiles_for_similarity': 100,
 'num_steps': 100,
 'project_qualified_name': '',
 'record_filtered': False,
 'sampling_strategy': 'softmax',
 'save_root': './results/',
 'seed': 404,
 'use_best': True,
 'use_cuda': True,
 'use_frozen_explainer': False,
 'use_initial': True}
benchmark_score
0.7661591942820016
[('C1CNCCN1', 1.0), ('C1CNCCNC1', 0.7555555555555555), ('C1CNCNCCN1', 0.7272727272727272), ('C1CNCCNCCN1', 0.7037037037037037), ('C1CCNCCNC1', 0.6666666666666666), ('C1CNCCNNCCN1', 0.6333333333333333), ('C1CNCCNCCNC1', 0.6333333333333333), ('C1CNCN1', 0.611111111111111), ('[C]1CNCCNCCN1', 0.5964912280701754), ('[CH]1CNCCNCCN1', 0.5964912280701754), ('[CH]1CCNCCNCC1', 0.5964912280701754), ('[CH+]1CNCCNCCN1', 0.5964912280701754), ('[CH+2]1CNCCNCCN1', 0.5964912280701754), ('[C-]1CCNCCNCC1', 0.5964912280701754), ('[C+]1CCNCCNCC1', 0.5964912280701754), ('[C+3]1CCNCCNCC1', 0.5964912280701754), ('[C+2]1CCNCCNCC1', 0.5964912280701754), ('C1CNC[SiH3]NCCN1', 0.5964912280701754), ('C1CNC[SiH2]NCCN1', 0.5964912280701754), ('C1CNC[SiH2+]NCCN1', 0.5964912280701754), ('C1CNC[SiH-3]NCCN1', 0.5964912280701754), ('C1CNC[SiH-2]NCCN1', 0.5964912280701754), ('C1CNC[Si-]NCCN1', 0.5964912280701754), ('C1CNC[Si-2]NCCN1', 0.5964912280701754), ('C1CNC[Si+]NCCN1', 0.5964912280701754), ('C1CNC[SH3]NCCN1', 0.5964912280701754), ('C1CNC[SH3+]NCCN1', 0.5964912280701754), ('C1CNC[SH2+3]NCCN1', 0.5964912280701754), ('C1CNC[S-3]NCCN1', 0.5964912280701754), ('C1CNC[S+]NCCN1', 0.5964912280701754), ('C1CNC[S+3]NCCN1', 0.5964912280701754), ('C1CNC[PH3+]NCCN1', 0.5964912280701754), ('C1CNC[PH3+2]NCCN1', 0.5964912280701754), ('C1CNC[PH2]NCCN1', 0.5964912280701754), ('C1CNC[PH2+]NCCN1', 0.5964912280701754), ('C1CNC[PH2+3]NCCN1', 0.5964912280701754), ('C1CNC[PH-2]NCCN1', 0.5964912280701754), ('C1CNC[PH+]NCCN1', 0.5964912280701754), ('C1CNC[PH+3]NCCN1', 0.5964912280701754), ('C1CNC[PH+2]NCCN1', 0.5964912280701754), ('C1CNC[P-2]NCCN1', 0.5964912280701754), ('C1CNC[OH2+3]NCCN1', 0.5964912280701754), ('C1CNC[OH2+2]NCCN1', 0.5964912280701754), ('C1CNC[OH+]NCCN1', 0.5964912280701754), ('C1CNC[OH+3]NCCN1', 0.5964912280701754), ('C1CNC[OH+2]NCCN1', 0.5964912280701754), ('C1CNC[O+2]NCCN1', 0.5964912280701754), ('C1CNC[NH3+3]NCCN1', 0.5964912280701754), ('C1CNC[NH2+2]NCCN1', 0.5964912280701754), ('C1CNC[NH+]NCCN1', 0.5964912280701754), ('C1CNC[NH+3]NCCN1', 0.5964912280701754), ('C1CNC[NH+2]NCCN1', 0.5964912280701754), ('C1CNC[N-]NCCN1', 0.5964912280701754), ('C1CNC[N+3]NCCN1', 0.5964912280701754), ('C1CNC[CH3+]NCCN1', 0.5964912280701754), ('C1CNC[CH3+2]NCCN1', 0.5964912280701754), ('C1CNC[CH2+]NCCN1', 0.5964912280701754), ('C1CNCSNCCN1', 0.5964912280701754), ('C1CNCNNCCN1', 0.5964912280701754), ('C1CNCC[SiH]CCN1', 0.5964912280701754), ('C1CNCC[SiH3]CCN1', 0.5964912280701754), ('C1CNCC[SiH3+]CCN1', 0.5964912280701754), ('C1CNCC[SiH3+3]CCN1', 0.5964912280701754), ('C1CNCC[SiH2+]CCN1', 0.5964912280701754), ('C1CNCC[SiH2+2]CCN1', 0.5964912280701754), ('C1CNCC[SiH-]CCN1', 0.5964912280701754), ('C1CNCC[SiH+]CCN1', 0.5964912280701754), ('C1CNCC[SiH+2]CCN1', 0.5964912280701754), ('C1CNCC[Si-2]CCN1', 0.5964912280701754), ('C1CNCC[Si+]CCN1', 0.5964912280701754), ('C1CNCC[Si+3]CCN1', 0.5964912280701754), ('C1CNCC[Si+2]CCN1', 0.5964912280701754), ('C1CNCC[SH]CCN1', 0.5964912280701754), ('C1CNCC[SH3+2]CCN1', 0.5964912280701754), ('C1CNCC[SH2]CCN1', 0.5964912280701754), ('C1CNCC[SH2+3]CCN1', 0.5964912280701754), ('C1CNCC[SH2+2]CCN1', 0.5964912280701754), ('C1CNCC[SH-3]CCN1', 0.5964912280701754), ('C1CNCC[SH-2]CCN1', 0.5964912280701754), ('C1CNCC[SH+3]CCN1', 0.5964912280701754), ('C1CNCC[PH3+3]CCN1', 0.5964912280701754), ('C1CNCC[PH3+2]CCN1', 0.5964912280701754), ('C1CNCC[PH2+3]CCN1', 0.5964912280701754), ('C1CNCC[PH-]CCN1', 0.5964912280701754), ('C1CNCC[PH-2]CCN1', 0.5964912280701754), ('C1CNCC[PH+]CCN1', 0.5964912280701754), ('C1CNCC[PH+3]CCN1', 0.5964912280701754), ('C1CNCC[P-3]CCN1', 0.5964912280701754), ('C1CNCC[P+3]CCN1', 0.5964912280701754), ('C1CNCC[P+2]CCN1', 0.5964912280701754), ('C1CNCC[OH+]CCN1', 0.5964912280701754), ('C1CNCC[OH+3]CCN1', 0.5964912280701754), ('C1CNCC[OH+2]CCN1', 0.5964912280701754), ('C1CNCC[O+2]CCN1', 0.5964912280701754), ('C1CNCC[NH3+2]CCN1', 0.5964912280701754), ('C1CNCC[NH+]CCN1', 0.5964912280701754), ('C1CNCC[NH+3]CCN1', 0.5964912280701754), ('C1CNCCNCC[N-]1', 0.5964912280701754), ('C1CNCCNCC[N+3]1', 0.5964912280701754), ('C1CNCCNCC[CH2+3]1', 0.5964912280701754)]
