./results/240624_005438/
{'apprentice_load_dir': '/workspace/_ext/data/models/amine250_reduced/LSTM/240614_0712',
 'apprentice_sampling_batch_size': 16383,
 'apprentice_training_batch_size': 256,
 'apprentice_training_steps': 8,
 'benchmark_id': 11,
 'benchmark_type': 'amine',
 'dataset': 'amine250_reduced',
 'dataset_path': '/workspace/_ext/data/datasets/amine250_reduced/all.txt',
 'expert_sampling_batch_size': 1,
 'explainer_load_dir': None,
 'explainer_type': None,
 'genetic_experts': ['SMILES'],
 'learning_rate': 0.001,
 'logger_type': 'CommandLine',
 'max_sampling_batch_size': 1024,
 'max_smiles_length': 100,
 'model_type': 'LSTM',
 'mutation_initial_rate': 0.01,
 'num_jobs': 6,
 'num_keep': 1024,
 'num_smiles_for_similarity': 100,
 'num_steps': 100,
 'project_qualified_name': '',
 'record_filtered': False,
 'sampling_strategy': 'softmax',
 'save_root': './results/',
 'seed': 404,
 'use_best': True,
 'use_cuda': True,
 'use_frozen_explainer': False,
 'use_initial': True}
benchmark_score
0.7899999999999997
[('CC(C)N', 1.0), ('[C]C(N)C(C)C', 0.6666666666666666), ('[C]C(C)C(C)N', 0.6666666666666666), ('[CH]C(N)C(C)C', 0.6666666666666666), ('[CH]C(C)C(C)N', 0.6666666666666666), ('[CH2]C(C)C(C)N', 0.6666666666666666), ('[CH2-]C(C)C(C)N', 0.6666666666666666), ('[CH2+]C(N)C(C)C', 0.6666666666666666), ('[CH2+]C(C)C(C)N', 0.6666666666666666), ('[CH2+2]C(N)C(C)C', 0.6666666666666666), ('[CH-2]C(C)C(C)N', 0.6666666666666666), ('[CH+2]C(N)C(C)C', 0.6666666666666666), ('[C-]C(C)C(C)N', 0.6666666666666666), ('CC(N)C(C)[SiH2+2]', 0.6666666666666666), ('CC(N)C(C)[SiH+3]', 0.6666666666666666), ('CC(N)C(C)[Si-3]', 0.6666666666666666), ('CC(N)C(C)[Si-2]', 0.6666666666666666), ('CC(N)C(C)[Si+]', 0.6666666666666666), ('CC(N)C(C)[S]', 0.6666666666666666), ('CC(N)C(C)[SH3]', 0.6666666666666666), ('CC(N)C(C)[SH3-]', 0.6666666666666666), ('CC(N)C(C)[SH3+2]', 0.6666666666666666), ('CC(N)C(C)[SH2-3]', 0.6666666666666666), ('CC(N)C(C)[SH2-2]', 0.6666666666666666), ('CC(N)C(C)[SH-3]', 0.6666666666666666), ('CC(N)C(C)[S+3]', 0.6666666666666666), ('CC(N)C(C)[P]', 0.6666666666666666), ('CC(N)C(C)[PH]', 0.6666666666666666), ('CC(N)C(C)[PH3-]', 0.6666666666666666), ('CC(N)C(C)[PH3-2]', 0.6666666666666666), ('CC(N)C(C)[PH3+]', 0.6666666666666666), ('CC(N)C(C)[PH3+3]', 0.6666666666666666), ('CC(N)C(C)[PH2-3]', 0.6666666666666666), ('CC(N)C(C)[PH2-2]', 0.6666666666666666), ('CC(N)C(C)[OH3+3]', 0.6666666666666666), ('CC(N)C(C)[O+2]', 0.6666666666666666), ('CC(N)C(C)[NH3+2]', 0.6666666666666666), ('CC(N)C(C)[NH2+3]', 0.6666666666666666), ('CC(N)C(C)[IH3-]', 0.6666666666666666), ('CC(N)C(C)[IH3+3]', 0.6666666666666666), ('CC(N)C(C)[IH-]', 0.6666666666666666), ('CC(N)C(C)[IH-3]', 0.6666666666666666), ('CC(N)C(C)[IH-2]', 0.6666666666666666), ('CC(N)C(C)[I-2]', 0.6666666666666666), ('CC(N)C(C)[FH2+2]', 0.6666666666666666), ('CC(N)C(C)[FH+3]', 0.6666666666666666), ('CC(N)C(C)[FH+2]', 0.6666666666666666), ('CC(N)C(C)[ClH2+3]', 0.6666666666666666), ('CC(N)C(C)[ClH+3]', 0.6666666666666666), ('CC(N)C(C)[Cl+3]', 0.6666666666666666), ('CC(N)C(C)[Cl+2]', 0.6666666666666666), ('CC(N)C(C)[BrH3+3]', 0.6666666666666666), ('CC(N)C(C)[BrH2+3]', 0.6666666666666666), ('CC(N)C(C)[BrH+3]', 0.6666666666666666), ('CC(N)C(C)P', 0.6666666666666666), ('CC(N)C(C)N', 0.6666666666666666), ('CC(N)C(C)I', 0.6666666666666666), ('CC(C)C([NH-])N', 0.6666666666666666), ('CC(C)C([N+])N', 0.6666666666666666), ('CC(C)C(N)[SiH3-2]', 0.6666666666666666), ('CC(C)C(N)[SiH2+3]', 0.6666666666666666), ('CC(C)C(N)[SiH-3]', 0.6666666666666666), ('CC(C)C(N)[SiH+3]', 0.6666666666666666), ('CC(C)C(N)[Si-]', 0.6666666666666666), ('CC(C)C(N)[Si-3]', 0.6666666666666666), ('CC(C)C(N)[SH3]', 0.6666666666666666), ('CC(C)C(N)[SH2-3]', 0.6666666666666666), ('CC(C)C(N)[SH+3]', 0.6666666666666666), ('CC(C)C(N)[SH+2]', 0.6666666666666666), ('CC(C)C(N)[PH3-]', 0.6666666666666666), ('CC(C)C(N)[PH3+]', 0.6666666666666666), ('CC(C)C(N)[PH2-]', 0.6666666666666666), ('CC(C)C(N)[PH2-3]', 0.6666666666666666), ('CC(C)C(N)[PH-]', 0.6666666666666666), ('CC(C)C(N)[PH+]', 0.6666666666666666), ('CC(C)C(N)[OH3+2]', 0.6666666666666666), ('CC(C)C(N)[OH+]', 0.6666666666666666), ('CC(C)C(N)[OH+2]', 0.6666666666666666), ('CC(C)C(N)[NH2+2]', 0.6666666666666666), ('CC(C)C(N)[IH3]', 0.6666666666666666), ('CC(C)C(N)[IH3-]', 0.6666666666666666), ('CC(C)C(N)[IH3+2]', 0.6666666666666666), ('CC(C)C(N)[IH2-2]', 0.6666666666666666), ('CC(C)C(N)[IH2+]', 0.6666666666666666), ('CC(C)C(N)[IH-]', 0.6666666666666666), ('CC(C)C(N)[IH-3]', 0.6666666666666666), ('CC(C)C(N)[IH+2]', 0.6666666666666666), ('CC(C)C(N)[I-2]', 0.6666666666666666), ('CC(C)C(N)[I+2]', 0.6666666666666666), ('CC(C)C(N)[FH2+3]', 0.6666666666666666), ('CC(C)C(N)[FH+]', 0.6666666666666666), ('CC(C)C(N)[ClH+3]', 0.6666666666666666), ('CC(C)C(N)[ClH+2]', 0.6666666666666666), ('CC(C)C(N)[Cl+]', 0.6666666666666666), ('CC(C)C(N)[Cl+2]', 0.6666666666666666), ('CC(C)C(N)[BrH3+3]', 0.6666666666666666), ('CC(C)C(N)[BrH+2]', 0.6666666666666666), ('CC(C)C(N)I', 0.6666666666666666), ('CC(C)C(N)Cl', 0.6666666666666666), ('CC(C)C(C)N', 0.6666666666666666)]
