./results/240624_011556/
{'apprentice_load_dir': '/workspace/_ext/data/models/amine250_reduced/LSTM/240614_0712',
 'apprentice_sampling_batch_size': 16383,
 'apprentice_training_batch_size': 256,
 'apprentice_training_steps': 8,
 'benchmark_id': 12,
 'benchmark_type': 'amine',
 'dataset': 'amine250_reduced',
 'dataset_path': '/workspace/_ext/data/datasets/amine250_reduced/all.txt',
 'expert_sampling_batch_size': 1,
 'explainer_load_dir': None,
 'explainer_type': None,
 'genetic_experts': ['SMILES'],
 'learning_rate': 0.001,
 'logger_type': 'CommandLine',
 'max_sampling_batch_size': 1024,
 'max_smiles_length': 100,
 'model_type': 'LSTM',
 'mutation_initial_rate': 0.01,
 'num_jobs': 6,
 'num_keep': 1024,
 'num_smiles_for_similarity': 100,
 'num_steps': 100,
 'project_qualified_name': '',
 'record_filtered': False,
 'sampling_strategy': 'softmax',
 'save_root': './results/',
 'seed': 404,
 'use_best': True,
 'use_cuda': True,
 'use_frozen_explainer': False,
 'use_initial': True}
benchmark_score
0.841637860082305
[('CC(C)NCCCO', 1.0), ('CC(C)NCCCCO', 0.9032258064516128), ('CC(C)NCCCCCO', 0.7999999999999999), ('CC(C)NCCO', 0.7901234567901234), ('[C]C(C)NCCCO', 0.7311827956989246), ('[CH2]CCCNC(C)C', 0.7311827956989246), ('[CH2]C(C)NCCCO', 0.7311827956989246), ('[CH2-]C(C)NCCCO', 0.7311827956989246), ('[CH2+]CCCNC(C)C', 0.7311827956989246), ('[CH+]C(C)NCCCO', 0.7311827956989246), ('[CH+3]C(C)NCCCO', 0.7311827956989246), ('[CH+2]CCCNC(C)C', 0.7311827956989246), ('[C-]CCCNC(C)C', 0.7311827956989246), ('[C-]C(C)NCCCO', 0.7311827956989246), ('[C+2]CCCNC(C)C', 0.7311827956989246), ('[B]CCCNC(C)C', 0.7311827956989246), ('[B]C(C)NCCCO', 0.7311827956989246), ('[BH]C(C)NCCCO', 0.7311827956989246), ('[BH3-]CCCNC(C)C', 0.7311827956989246), ('[BH2-]C(C)NCCCO', 0.7311827956989246), ('[BH-]CCCNC(C)C', 0.7311827956989246), ('[BH-]C(C)NCCCO', 0.7311827956989246), ('[BH-3]CCCNC(C)C', 0.7311827956989246), ('[BH-3]C(C)NCCCO', 0.7311827956989246), ('[BH-2]C(C)NCCCO', 0.7311827956989246), ('[BH+]C(C)NCCCO', 0.7311827956989246), ('[B-3]CCCNC(C)C', 0.7311827956989246), ('[B-3]C(C)NCCCO', 0.7311827956989246), ('[B+]CCCNC(C)C', 0.7311827956989246), ('[B+]C(C)NCCCO', 0.7311827956989246), ('[B+2]CCCNC(C)C', 0.7311827956989246), ('[B+2]C(C)NCCCO', 0.7311827956989246), ('CC([SiH3-])NCCCO', 0.7311827956989246), ('CC([SiH2-])NCCCO', 0.7311827956989246), ('CC([Si-3])NCCCO', 0.7311827956989246), ('CC([Si+2])NCCCO', 0.7311827956989246), ('CC([SH3-])NCCCO', 0.7311827956989246), ('CC([SH3+])NCCCO', 0.7311827956989246), ('CC([SH2-])NCCCO', 0.7311827956989246), ('CC([SH-2])NCCCO', 0.7311827956989246), ('CC([SH+])NCCCO', 0.7311827956989246), ('CC([SH+3])NCCCO', 0.7311827956989246), ('CC([S-3])NCCCO', 0.7311827956989246), ('CC([PH3-])NCCCO', 0.7311827956989246), ('CC([PH2-])NCCCO', 0.7311827956989246), ('CC([PH-])NCCCO', 0.7311827956989246), ('CC([P-])NCCCO', 0.7311827956989246), ('CC([P-2])NCCCO', 0.7311827956989246), ('CC([P+2])NCCCO', 0.7311827956989246), ('CC([O+])NCCCO', 0.7311827956989246), ('CC([O+3])NCCCO', 0.7311827956989246), ('CC([O+2])NCCCO', 0.7311827956989246), ('CC([NH])NCCCO', 0.7311827956989246), ('CC([NH+])NCCCO', 0.7311827956989246), ('CC([NH+2])NCCCO', 0.7311827956989246), ('CC([N+2])NCCCO', 0.7311827956989246), ('CC([CH3+])NCCCO', 0.7311827956989246), ('CC(S)NCCCO', 0.7311827956989246), ('CC(C)NCCC[Sn]', 0.7311827956989246), ('CC(C)NCCC[SiH]', 0.7311827956989246), ('CC(C)NCCC[SiH3-]', 0.7311827956989246), ('CC(C)NCCC[SiH2-]', 0.7311827956989246), ('CC(C)NCCC[SiH-3]', 0.7311827956989246), ('CC(C)NCCC[SiH-2]', 0.7311827956989246), ('CC(C)NCCC[Si+3]', 0.7311827956989246), ('CC(C)NCCC[Si+2]', 0.7311827956989246), ('CC(C)NCCC[SH3]', 0.7311827956989246), ('CC(C)NCCC[SH3+]', 0.7311827956989246), ('CC(C)NCCC[SH2-]', 0.7311827956989246), ('CC(C)NCCC[S-3]', 0.7311827956989246), ('CC(C)NCCC[S-2]', 0.7311827956989246), ('CC(C)NCCC[PH]', 0.7311827956989246), ('CC(C)NCCC[PH3+]', 0.7311827956989246), ('CC(C)NCCC[PH2-]', 0.7311827956989246), ('CC(C)NCCC[PH-]', 0.7311827956989246), ('CC(C)NCCC[PH-3]', 0.7311827956989246), ('CC(C)NCCC[PH+2]', 0.7311827956989246), ('CC(C)NCCC[P-3]', 0.7311827956989246), ('CC(C)NCCC[O]', 0.7311827956989246), ('CC(C)NCCC[OH+2]', 0.7311827956989246), ('CC(C)NCCC[O+3]', 0.7311827956989246), ('CC(C)NCCC[NH-]', 0.7311827956989246), ('CC(C)NCCC[N-2]', 0.7311827956989246), ('CC(C)NCCC[N+]', 0.7311827956989246), ('CC(C)NCCC[N+3]', 0.7311827956989246), ('CC(C)NCCC[N+2]', 0.7311827956989246), ('CC(C)NCCC[FH+3]', 0.7311827956989246), ('CC(C)NCCC[FH+2]', 0.7311827956989246), ('CC(C)NCCC[F+]', 0.7311827956989246), ('CC(C)NCCC[F+2]', 0.7311827956989246), ('CC(C)NCCC[ClH+]', 0.7311827956989246), ('CC(C)NCCC[ClH+3]', 0.7311827956989246), ('CC(C)NCCC[ClH+2]', 0.7311827956989246), ('CC(C)NCCC[Cl+]', 0.7311827956989246), ('CC(C)NCCC[Cl+3]', 0.7311827956989246), ('CC(C)NCCC[Cl+2]', 0.7311827956989246), ('CC(C)NCCC[Br+]', 0.7311827956989246), ('CC(C)NCCCS', 0.7311827956989246), ('CC(C)NCCCP', 0.7311827956989246), ('BCCCNC(C)C', 0.7311827956989246)]
