./results/240624_015813/
{'apprentice_load_dir': '/workspace/_ext/data/models/amine250_reduced/LSTM/240614_0712',
 'apprentice_sampling_batch_size': 16383,
 'apprentice_training_batch_size': 256,
 'apprentice_training_steps': 8,
 'benchmark_id': 14,
 'benchmark_type': 'amine',
 'dataset': 'amine250_reduced',
 'dataset_path': '/workspace/_ext/data/datasets/amine250_reduced/all.txt',
 'expert_sampling_batch_size': 1,
 'explainer_load_dir': None,
 'explainer_type': None,
 'genetic_experts': ['SMILES'],
 'learning_rate': 0.001,
 'logger_type': 'CommandLine',
 'max_sampling_batch_size': 1024,
 'max_smiles_length': 100,
 'model_type': 'LSTM',
 'mutation_initial_rate': 0.01,
 'num_jobs': 6,
 'num_keep': 1024,
 'num_smiles_for_similarity': 100,
 'num_steps': 100,
 'project_qualified_name': '',
 'record_filtered': False,
 'sampling_strategy': 'softmax',
 'save_root': './results/',
 'seed': 404,
 'use_best': True,
 'use_cuda': True,
 'use_frozen_explainer': False,
 'use_initial': True}
benchmark_score
0.8281818181818182
[('CC(O)CN(C)C', 1.0), ('[C]C(C)CN(C)C', 0.7272727272727272), ('[CH]C(C)CN(C)C', 0.7272727272727272), ('[CH2-]N(C)CC(C)O', 0.7272727272727272), ('[CH2-]C(O)CN(C)C', 0.7272727272727272), ('[CH2-]C(C)CN(C)C', 0.7272727272727272), ('[CH2+2]N(C)CC(C)O', 0.7272727272727272), ('[CH2+2]C(C)CN(C)C', 0.7272727272727272), ('[CH-]C(O)CN(C)C', 0.7272727272727272), ('[CH+]N(C)CC(C)O', 0.7272727272727272), ('[C+]N(C)CC(C)O', 0.7272727272727272), ('[C+]C(O)CN(C)C', 0.7272727272727272), ('[C+3]N(C)CC(C)O', 0.7272727272727272), ('CN(C)CC([O])O', 0.7272727272727272), ('CN(C)CC([NH2+])O', 0.7272727272727272), ('CN(C)CC([NH-])O', 0.7272727272727272), ('CN(C)CC([N+3])O', 0.7272727272727272), ('CN(C)CC(O)[SiH3-2]', 0.7272727272727272), ('CN(C)CC(O)[SiH3+]', 0.7272727272727272), ('CN(C)CC(O)[SiH2-]', 0.7272727272727272), ('CN(C)CC(O)[SiH2-3]', 0.7272727272727272), ('CN(C)CC(O)[SiH2-2]', 0.7272727272727272), ('CN(C)CC(O)[SiH+]', 0.7272727272727272), ('CN(C)CC(O)[Si-3]', 0.7272727272727272), ('CN(C)CC(O)[Si+3]', 0.7272727272727272), ('CN(C)CC(O)[SH3-]', 0.7272727272727272), ('CN(C)CC(O)[SH3+]', 0.7272727272727272), ('CN(C)CC(O)[SH2-2]', 0.7272727272727272), ('CN(C)CC(O)[S+]', 0.7272727272727272), ('CN(C)CC(O)[PH]', 0.7272727272727272), ('CN(C)CC(O)[PH3-]', 0.7272727272727272), ('CN(C)CC(O)[PH3-2]', 0.7272727272727272), ('CN(C)CC(O)[PH2-]', 0.7272727272727272), ('CN(C)CC(O)[PH2-3]', 0.7272727272727272), ('CN(C)CC(O)[PH2-2]', 0.7272727272727272), ('CN(C)CC(O)[PH2+3]', 0.7272727272727272), ('CN(C)CC(O)[OH3+3]', 0.7272727272727272), ('CN(C)CC(O)[OH2+]', 0.7272727272727272), ('CN(C)CC(O)[OH+3]', 0.7272727272727272), ('CN(C)CC(O)[OH+2]', 0.7272727272727272), ('CN(C)CC(N)O', 0.7272727272727272), ('CC([SiH3-])CN(C)C', 0.7272727272727272), ('CC([SiH3-2])CN(C)C', 0.7272727272727272), ('CC([SiH2-])CN(C)C', 0.7272727272727272), ('CC([SiH2-2])CN(C)C', 0.7272727272727272), ('CC([SH3-2])CN(C)C', 0.7272727272727272), ('CC([SH2-])CN(C)C', 0.7272727272727272), ('CC([SH2-3])CN(C)C', 0.7272727272727272), ('CC([SH2-2])CN(C)C', 0.7272727272727272), ('CC([SH-3])CN(C)C', 0.7272727272727272), ('CC([SH-2])CN(C)C', 0.7272727272727272), ('CC([SH+])CN(C)C', 0.7272727272727272), ('CC([PH3-])CN(C)C', 0.7272727272727272), ('CC([PH3-3])CN(C)C', 0.7272727272727272), ('CC([PH3-2])CN(C)C', 0.7272727272727272), ('CC([PH2-2])CN(C)C', 0.7272727272727272), ('CC([PH-3])CN(C)C', 0.7272727272727272), ('CC([P-3])CN(C)C', 0.7272727272727272), ('CC([P+])CN(C)C', 0.7272727272727272), ('CC([P+2])CN(C)C', 0.7272727272727272), ('CC([OH3+3])CN(C)C', 0.7272727272727272), ('CC([OH2+2])CN(C)C', 0.7272727272727272), ('CC([O+])CN(C)C', 0.7272727272727272), ('CC([O+3])CN(C)C', 0.7272727272727272), ('CC([O+2])CN(C)C', 0.7272727272727272), ('CC([N])CN(C)C', 0.7272727272727272), ('CC([NH])CN(C)C', 0.7272727272727272), ('CC([NH+])CN(C)C', 0.7272727272727272), ('CC([CH3+])CN(C)C', 0.7272727272727272), ('CC(O)CN(C)[Sn]', 0.7272727272727272), ('CC(O)CN(C)[Si]', 0.7272727272727272), ('CC(O)CN(C)[SiH3-2]', 0.7272727272727272), ('CC(O)CN(C)[SiH2-2]', 0.7272727272727272), ('CC(O)CN(C)[SiH2+3]', 0.7272727272727272), ('CC(O)CN(C)[SiH+]', 0.7272727272727272), ('CC(O)CN(C)[Si+]', 0.7272727272727272), ('CC(O)CN(C)[Si+2]', 0.7272727272727272), ('CC(O)CN(C)[SH3-2]', 0.7272727272727272), ('CC(O)CN(C)[SH3+2]', 0.7272727272727272), ('CC(O)CN(C)[SH2-]', 0.7272727272727272), ('CC(O)CN(C)[SH-3]', 0.7272727272727272), ('CC(O)CN(C)[SH+3]', 0.7272727272727272), ('CC(O)CN(C)[P]', 0.7272727272727272), ('CC(O)CN(C)[PH3-2]', 0.7272727272727272), ('CC(O)CN(C)[PH2-]', 0.7272727272727272), ('CC(O)CN(C)[PH2-3]', 0.7272727272727272), ('CC(O)CN(C)[PH2-2]', 0.7272727272727272), ('CC(O)CN(C)[PH-2]', 0.7272727272727272), ('CC(O)CN(C)[P-]', 0.7272727272727272), ('CC(O)CN(C)[P+]', 0.7272727272727272), ('CC(O)CN(C)[OH3+2]', 0.7272727272727272), ('CC(O)CN(C)[OH2+]', 0.7272727272727272), ('CC(O)CN(C)[OH2+3]', 0.7272727272727272), ('CC(O)CN(C)[NH3+]', 0.7272727272727272), ('CC(O)CN(C)[NH3+2]', 0.7272727272727272), ('CC(O)CN(C)[NH2+3]', 0.7272727272727272), ('CC(O)CN(C)[NH+3]', 0.7272727272727272), ('CC(O)CN(C)[ClH3+3]', 0.7272727272727272), ('CC(O)CN(C)[CH3+]', 0.7272727272727272), ('CC(F)CN(C)C', 0.7272727272727272)]
