./results/240623_124710/
{'apprentice_load_dir': '/workspace/_ext/data/models/amine250_reduced/LSTM/240614_0712',
 'apprentice_sampling_batch_size': 1,
 'apprentice_training_batch_size': 256,
 'apprentice_training_steps': 8,
 'benchmark_id': 13,
 'benchmark_type': 'amine',
 'dataset': 'amine250_reduced',
 'dataset_path': '/workspace/_ext/data/datasets/amine250_reduced/all.txt',
 'expert_sampling_batch_size': 16383,
 'explainer_load_dir': None,
 'explainer_type': None,
 'genetic_experts': ['SMILES'],
 'learning_rate': 0.001,
 'logger_type': 'CommandLine',
 'max_sampling_batch_size': 1024,
 'max_smiles_length': 100,
 'model_type': 'LSTM',
 'mutation_initial_rate': 0.01,
 'num_jobs': 20,
 'num_keep': 1024,
 'num_smiles_for_similarity': 100,
 'num_steps': 100,
 'project_qualified_name': '',
 'record_filtered': False,
 'sampling_strategy': 'softmax',
 'save_root': './results/',
 'seed': 404,
 'use_best': True,
 'use_cuda': False,
 'use_frozen_explainer': False,
 'use_initial': True}
benchmark_score
0.813984497756174
[('CN(C)CCCCO', 1.0), ('CN(C)CCCCCO', 0.9777777777777776), ('CN(C)CCCO', 0.8717948717948718), ('CN(C)CCCCCCO', 0.8627450980392157), ('CN(C)CCCC[O-]', 0.7311827956989246), ('CN(C)CCCCS', 0.7311827956989246), ('CN(C)CCCCN', 0.7311827956989246), ('CN(C)CCCCF', 0.7311827956989246), ('CN(C)CCCCCl', 0.7311827956989246), ('CN(C)CCCCBr', 0.7311827956989246), ('CCCCCN(C)C', 0.7311827956989246), ('CN(C)CCO', 0.6666666666666666), ('CN(C)CCCCC(O)F', 0.6666666666666666), ('CN(C)CCCCC(=O)O', 0.6666666666666666), ('CC(O)CCCCN(C)C', 0.6666666666666666), ('CN(C)CCCCC(O)CO', 0.6495726495726495), ('CC(CO)CCCCN(C)C', 0.6495726495726495), ('CSCCCCN(C)C', 0.6476190476190475), ('COCCCCN(C)C', 0.6476190476190475), ('CNCCCCN(C)C', 0.6476190476190475), ('CN(C)CCCCC[O-]', 0.6476190476190475), ('CN(C)CCCCCN', 0.6476190476190475), ('CN(C)CCCCCF', 0.6476190476190475), ('CN(C)CCCCCCl', 0.6476190476190475), ('CN(C)CCCCC=O', 0.6476190476190475), ('CN(C)CCCCC#N', 0.6476190476190475), ('CCCCCCN(C)C', 0.6476190476190475), ('C=CCCCCN(C)C', 0.6476190476190475), ('C#CCCCCN(C)C', 0.6476190476190475), ('CN(C)CCCCC(O)CCO', 0.6349206349206349), ('CN(C)CCCCC(F)CCO', 0.6349206349206349), ('CC(CCO)CCCCN(C)C', 0.6349206349206349), ('CN(C)CCCCS(=O)(=O)O', 0.631578947368421), ('CN(C)CCCCC=CO', 0.631578947368421), ('CN(C)CCCCC(C)(C)O', 0.631578947368421), ('CCCN(C)CCCCO', 0.631578947368421), ('CN(C)CCCCC(=O)CCCO', 0.6222222222222222), ('CN(C)CCNCCCCO', 0.6178861788617886), ('CN(C)CCCOCCCO', 0.6178861788617886), ('CN(C)CCCNCCCO', 0.6178861788617886), ('CN(C)CCCC[N+](=O)[O-]', 0.6126126126126126), ('CN(C)CCCCN(C)C', 0.6126126126126126), ('CN(C)CCCCC(N)=S', 0.6126126126126126), ('CN(C)CCCCC(N)=O', 0.6126126126126126), ('CN(C)CCCCC(F)F', 0.6126126126126126), ('CN(C)CCCCC(F)Br', 0.6126126126126126), ('CC([O-])CCCCN(C)C', 0.6126126126126126), ('CC(S)CCCCN(C)C', 0.6126126126126126), ('CC(N)CCCCN(C)C', 0.6126126126126126), ('CC(F)CCCCN(C)C', 0.6126126126126126), ('CC(Cl)CCCCN(C)C', 0.6126126126126126), ('CC(C)CCCCN(C)C', 0.6126126126126126), ('CC(=O)CCCCN(C)C', 0.6126126126126126), ('CN(C)CCCNCCCCO', 0.606060606060606), ('COC(CO)CCCCN(C)C', 0.6031746031746031), ('CN(C)CCCCC(CO)ON', 0.6031746031746031), ('CN(C)CCCCC(CO)OF', 0.6031746031746031), ('CN(C)CCCCC(CO)OCl', 0.6031746031746031), ('CN(C)CCCCC(CO)CF', 0.6031746031746031), ('CN(C)CCCCC(C=O)CO', 0.6031746031746031), ('CCN(CO)CCCCN(C)C', 0.6031746031746031), ('CN(C)CCCCCN(C)O', 0.6), ('CN(C)CCCCCC(=O)O', 0.6), ('CN(C)CCCCC(N)=NO', 0.6), ('CN(C)CCCCC(F)OO', 0.6), ('CCN(O)CCCCN(C)C', 0.6), ('CCC(C)N(C)CCCCO', 0.6), ('CC(O)CCCCCN(C)C', 0.6), ('CC(CCCCN(C)C)OO', 0.6), ('CC(CCCCN(C)C)NO', 0.6), ('CCN(CC)CCCCO', 0.5964912280701754), ('COC(CCO)CCCCN(C)C', 0.5925925925925926), ('CN(C)CCCOCO', 0.5925925925925926), ('CN(C)CCCNCO', 0.5925925925925926), ('CN(C)CCCCC(CCO)ON', 0.5925925925925926), ('CCN(CCO)CCCCN(C)C', 0.5925925925925926), ('CN(C)CCCCCN(C)CO', 0.5891472868217054), ('CC(CCCCN(C)C)OCO', 0.5891472868217054), ('CC(CCCCN(C)C)NCO', 0.5891472868217054), ('CCN(CCCO)CCCCN(C)C', 0.5833333333333333), ('CSCCCCCN(C)C', 0.5811965811965811), ('COCCCCCN(C)C', 0.5811965811965811), ('CNCCCCCN(C)C', 0.5811965811965811), ('CN(C)CCNCCCO', 0.5811965811965811), ('CN(C)CCCNCCO', 0.5811965811965811), ('CN(C)CCCCOCS', 0.5811965811965811), ('CN(C)CCCCCCN', 0.5811965811965811), ('CN(C)CCCCCCF', 0.5811965811965811), ('CN(C)CCCCCC=O', 0.5811965811965811), ('CN(C)CCCCCC#N', 0.5811965811965811), ('CN(C)CCCCC=CI', 0.5811965811965811), ('CN(C)CCCCC=CF', 0.5811965811965811), ('CN(C)CCCCC1CC1', 0.5811965811965811), ('CN(C)CCCCC(F)(F)F', 0.5811965811965811), ('CCOCCCCN(C)C', 0.5811965811965811), ('CCNCCCCN(C)C', 0.5811965811965811), ('CCCCCCCN(C)C', 0.5811965811965811), ('CC=CCCCCN(C)C', 0.5811965811965811), ('CC#CCCCCN(C)C', 0.5811965811965811), ('C=CCCCCCN(C)C', 0.5811965811965811)]
