./results/240622_101433/
{'apprentice_load_dir': '/workspace/_ext/data/models/amine250_reduced/LSTM/240614_0712',
 'apprentice_sampling_batch_size': 1,
 'apprentice_training_batch_size': 256,
 'apprentice_training_steps': 8,
 'benchmark_id': 10,
 'benchmark_type': 'amine',
 'dataset': 'amine250_reduced',
 'dataset_path': '/workspace/_ext/data/datasets/amine250_reduced/all.txt',
 'expert_sampling_batch_size': 16383,
 'explainer_load_dir': None,
 'explainer_type': None,
 'genetic_experts': ['SMILES'],
 'learning_rate': 0.001,
 'logger_type': 'CommandLine',
 'max_sampling_batch_size': 1024,
 'max_smiles_length': 100,
 'model_type': 'LSTM',
 'mutation_initial_rate': 0.01,
 'num_jobs': 20,
 'num_keep': 1024,
 'num_smiles_for_similarity': 100,
 'num_steps': 100,
 'project_qualified_name': '',
 'record_filtered': False,
 'sampling_strategy': 'softmax',
 'save_root': './results/',
 'seed': 404,
 'use_best': True,
 'use_cuda': False,
 'use_frozen_explainer': False,
 'use_initial': True}
benchmark_score
0.7770161926312099
[('CC(C)(N)CO', 1.0), ('CC(C)(N)CCO', 0.7719298245614035), ('CCC(C)(C)N', 0.7058823529411764), ('CC(N)([O-])CO', 0.7058823529411764), ('CC(N)(O)CO', 0.7058823529411764), ('CC(N)(N)CO', 0.7058823529411764), ('CC(N)(F)CO', 0.7058823529411764), ('CC(N)(Cl)CO', 0.7058823529411764), ('CC(C)([O-])CO', 0.7058823529411764), ('CC(C)(O)CO', 0.7058823529411764), ('CC(C)(N)CS', 0.7058823529411764), ('CC(C)(N)CN', 0.7058823529411764), ('CC(C)(N)CF', 0.7058823529411764), ('CC(C)(F)CO', 0.7058823529411764), ('CC(C)(Cl)CO', 0.7058823529411764), ('CC(C)(C)CO', 0.7058823529411764), ('CC(C)(Br)CO', 0.7058823529411764), ('COC(C)(N)CO', 0.6666666666666666), ('CCC(C)(N)CO', 0.6666666666666666), ('CC(C)(N)OCO', 0.6666666666666666), ('CC(C)(CO)NN', 0.6666666666666666), ('CC(C)(CN)CO', 0.6666666666666666), ('CC(C)(N)CCCO', 0.6376811594202898), ('CC(O)CC(C)(C)N', 0.606060606060606), ('CC(C)(N)CC([O-])O', 0.606060606060606), ('CC(C)(N)CC(O)F', 0.606060606060606), ('CC(C)(N)CC(O)Cl', 0.606060606060606), ('CC(C)(N)CC(N)O', 0.606060606060606), ('CC(C)(N)CC(=O)O', 0.606060606060606), ('CC(C)(N)C(=O)CO', 0.606060606060606), ('CC(C)(CO)C(N)O', 0.606060606060606), ('CC(C)(CO)C(N)=O', 0.606060606060606), ('CC(C)(O)CN', 0.5925925925925926), ('COCC(C)(C)N', 0.5714285714285714), ('COC(C)(C)CO', 0.5714285714285714), ('CNCC(C)(C)N', 0.5714285714285714), ('CNC(C)(C)CO', 0.5714285714285714), ('CCCC(C)(C)N', 0.5714285714285714), ('CCC(C)(C)CO', 0.5714285714285714), ('CC(N)(CN)CO', 0.5714285714285714), ('CC(C)(N)CNN', 0.5714285714285714), ('CC(C)(N)CCN', 0.5714285714285714), ('CC(C)(N)CCI', 0.5714285714285714), ('CC(C)(N)CCF', 0.5714285714285714), ('CC(C)(N)CCCl', 0.5714285714285714), ('CC(C)(N)CCBr', 0.5714285714285714), ('CC(C)(C[O-])CO', 0.5714285714285714), ('CC(C)(CO)CS', 0.5714285714285714), ('CC(C)(CO)CO', 0.5714285714285714), ('CC(C)(CO)CF', 0.5714285714285714), ('CC(C)(CO)CCl', 0.5714285714285714), ('CC(C)(CO)CBr', 0.5714285714285714), ('CC(C)(C=O)CO', 0.5714285714285714), ('CC(C)(C#N)CO', 0.5714285714285714), ('C=CC(C)(N)CO', 0.5714285714285714), ('C=CC(C)(C)CO', 0.5714285714285714), ('C#CCC(C)(C)N', 0.5714285714285714), ('C#CC(C)(N)CO', 0.5714285714285714), ('CCNC(C)(N)CO', 0.5555555555555556), ('CCCC(C)(N)CO', 0.5555555555555556), ('CC(C)(N)OCCO', 0.5555555555555556), ('CC(C)(N)C=CCO', 0.5555555555555556), ('CC(C)(CO)S(N)(=O)=O', 0.5555555555555556), ('CC(C)(CO)CCN', 0.5555555555555556), ('CC(C)([O-])CC(N)(O)CO', 0.5432098765432098), ('CC(C)([O-])CC(N)(N)CO', 0.5432098765432098), ('CC(C)([O-])CC(N)(F)CO', 0.5432098765432098), ('CC(C)([O-])CC(N)(Cl)CO', 0.5432098765432098), ('CC(C)([O-])CC(C)(N)CO', 0.5432098765432098), ('CCC(CO)C(C)(C)N', 0.5333333333333333), ('CC(O)C(C)(C)N', 0.5333333333333333), ('CC(C)(N)C(O)O', 0.5333333333333333), ('CC(C)(N)C(N)O', 0.5333333333333333), ('CC(C)(N)C(=O)O', 0.5333333333333333), ('CC(C)(N)C(=N)O', 0.5333333333333333), ('CC(C)([O-])C(N)(CO)C(=O)O', 0.5238095238095237), ('CC(C)(N)CC1(CO)CC1', 0.5238095238095237), ('CC(C)(N)C(N)(CO)C(=O)O', 0.5238095238095237), ('CC(C)(C)C(N)(CO)C(=O)O', 0.5238095238095237), ('CN(C)CC(C)(C)N', 0.5217391304347826), ('CC([O-])CC(C)(C)N', 0.5217391304347826), ('CC(O)C(C)(C)CO', 0.5217391304347826), ('CC(N)CC(C)(C)N', 0.5217391304347826), ('CC(N)C(C)(Cl)CO', 0.5217391304347826), ('CC(N)(CO)C(=O)O', 0.5217391304347826), ('CC(F)CC(C)(C)N', 0.5217391304347826), ('CC(C)CC(C)(C)N', 0.5217391304347826), ('CC(C)([O-])C(N)CO', 0.5217391304347826), ('CC(C)(N)C[N+](=O)[O-]', 0.5217391304347826), ('CC(C)(F)C(N)CO', 0.5217391304347826), ('CC(C)(CO)[N+](=O)[O-]', 0.5217391304347826), ('CC(C)(CO)C(=O)O', 0.5217391304347826), ('CC(C)(C)C(N)CO', 0.5217391304347826), ('CC(=O)CC(C)(C)N', 0.5217391304347826), ('CC(C)(N)CC(N)(CO)C(=O)O', 0.5161290322580645), ('CN(C)CC(C)(N)CO', 0.5128205128205128), ('CC(O)CCC(C)(C)N', 0.5128205128205128), ('CC(N)CC(C)(C)CO', 0.5128205128205128), ('CC(C)(CO)CC(N)=O', 0.5128205128205128), ('CC(C)(CO)C(=O)CN', 0.5128205128205128)]
