./results/240626_043539/
{'apprentice_load_dir': '/workspace/_ext/data/models/amine250_reduced/LSTM/240614_0712',
 'apprentice_sampling_batch_size': 1,
 'apprentice_training_batch_size': 256,
 'apprentice_training_steps': 8,
 'benchmark_id': 20,
 'benchmark_type': 'amine',
 'dataset': 'amine250_reduced',
 'dataset_path': '/workspace/_ext/data/datasets/amine250_reduced/all.txt',
 'expert_sampling_batch_size': 16383,
 'explainer_load_dir': None,
 'explainer_type': None,
 'genetic_experts': ['SMILES'],
 'learning_rate': 0.001,
 'logger_type': 'CommandLine',
 'max_sampling_batch_size': 1024,
 'max_smiles_length': 100,
 'model_type': 'LSTM',
 'mutation_initial_rate': 0.01,
 'num_jobs': 20,
 'num_keep': 1024,
 'num_smiles_for_similarity': 100,
 'num_steps': 100,
 'project_qualified_name': '',
 'record_filtered': False,
 'sampling_strategy': 'softmax',
 'save_root': './results/',
 'seed': 404,
 'use_best': True,
 'use_cuda': False,
 'use_frozen_explainer': False,
 'use_initial': True}
benchmark_score
0.2773011246945262
[('CCN(CC)CCN1CCCCC1CO', 0.3177042618162693), ('CCN(CC)CCON1CCCC1CO', 0.3021089890583219), ('CCN(CC)CCCCN1CCCCC1CO', 0.2910525334864665), ('CCN(CC)CCOCN1CCCC(CO)C1', 0.2761166773738986), ('CCN(CC)CCOC(=O)N1CCCC1CO', 0.2760262237369417), ('CCN(CC)CCNCCN1CCCCC1CO', 0.2753900021867933), ('CCN(CC)N1CCCCC1CO', 0.2736170867479365), ('CCN(CC)CCOCN1CCC(CO)CC1', 0.27197904834697473), ('CCN(CCO)C1CCCCN1C', 0.26444294267397256), ('CCN(CC)CCON1CCCC(CO)C1', 0.2620242668492948), ('CCN(CC)CCOCCC(=O)N1CCCCC1C', 0.2608745973749755), ('CCN(CC)CCCNN1CCCC1CO', 0.25928148942086576), ('CN1CCCCC1CO', 0.2581988897471611), ('CCN(CC)CCOCCO', 0.2581988897471611), ('CCN(CC)CCOCCCN1CCCC1', 0.2570332003186866), ('CCN(CC)CCC(=O)CCCN1CCCCC1CO', 0.25482359571881275), ('CCN(CC)CCOCC1CCCCC1O', 0.25318484177091666), ('CCN(C)CCN1CCCCC1CO', 0.25175440748900674), ('CN1CCCCC1CCO', 0.2503130871608794), ('CCN(CC)CCOC1CCCC1', 0.2452389736208612), ('CCN(CC)CCOCC1CCCCC1', 0.24467109673647863), ('CCN(CC)CCOC1=CCCC(CO)N1C', 0.2436405766566959), ('CCN(C)CN1CCCCC1CO', 0.24192649316196332), ('CCN(CC)CCOCN1C=C(C2CCCCN2C)CC1', 0.24168150803286662), ('CCCCNCCOCCC1CCCCN1C', 0.23885505302838683), ('CCN(CC)CC1CCCCN1CCF', 0.23876498692343892), ('CCCc1cc(C(=O)N2CCCCC2CN(CC)CCOCCO)[nH]n1', 0.2376324675156882), ('CCN(CC)CCOCC1CCN(C)CC1', 0.2375084343981418), ('CCN(CC)CCC(=O)NC1CCCCN1C', 0.23606684260939012), ('CN1CCC(CCOCCO)C1', 0.23488808780588138), ('CCN(CCN)CN1CCCC1CO', 0.23431167445160245), ('CCN(CC)CCON1CCC(O)C1', 0.23204774044612855), ('CCN(CC)CCN1CCCCC1C(=O)O', 0.2315279969458788), ('CCN(CC)CCON1CCC(O)CC1', 0.2303888975572544), ('CCN(CC)CCOC1CCCCC1', 0.23002185311411807), ('CCN(CC)CCOCCC(=O)N(C)C1CCCC1', 0.23000604893991863), ('CCCCN(CO)CC1CCCCN1CCC', 0.22865691459036067), ('CCN(CC)CCOCCC1CCCO1', 0.22805341147675312), ('CN(C)CCN1CCCCC1CO', 0.22786635759382498), ('CCN(CC)CCOCN1CCC(C(=O)O)CC1', 0.22750787759664504), ('CCN(CC)CCOC1=CCCCC1CO', 0.22743716287051696), ('CN1CCCC1CO', 0.2271847336988259), ('CCN(CC)CCN1CCCC1', 0.22678604710842007), ('CCN(CC)CCC1CCCC1', 0.22678604710842007), ('CCN(CC)CCOCNCC1CCCN1CC', 0.22664920695581228), ('CCN(CC)CCOCCC1CC1', 0.2256304299271065), ('CCN(CC)CC1CCCCN1CCNN', 0.22526932471314515), ('CCN(CC)CCOCN1CCC(N)CC1', 0.22489899383695006), ('CCN(CC)CCOCN1CCC(Cl)CC1', 0.22489899383695006), ('CCN(CC)CCOCN1CCC(C)CC1', 0.22489899383695006), ('CCN(CC)CCOCNC(=O)N1CCCC1', 0.2243730140367099), ('CCN(CC)CCOCCN(C)CC1CCCCC1', 0.22411673409695024), ('CCN(CC)CCOCCCC(=O)NC1CCCC1', 0.22411673409695024), ('CCN(CC)CCOCCCC(=O)C1CCCCN1', 0.22411673409695024), ('CCCN(CC)CCOCN1CCC(CO)CC1', 0.22403805523403875), ('CCN(CC)CCN1C=CCCC1CO', 0.22370493547590192), ('CCN(CC)C1CCCCN1C', 0.22326252226057522), ('CCN1CCCCC1CO', 0.22263708106747862), ('CCOCCN(CC)CN1CCCC1', 0.22243913025065232), ('CCN(CS)CCOCN1CCC(CO)CC1', 0.22241239959739822), ('CCN(CO)CCOCN1CCC(CO)CC1', 0.22241239959739822), ('CCN(CN)CCOCN1CCC(CO)CC1', 0.22241239959739822), ('CCN(CF)CCOCN1CCC(CO)CC1', 0.22241239959739822), ('CCN(CC)CCOC1=CCC(CO)CC1', 0.22168739058705877), ('CCN(CC)CCOCN1CCC(CN)CC1', 0.2215775759240901), ('CCN(CC)CCOCN1CCC(CF)CC1', 0.2215775759240901), ('CCN(CC)CCOCN1CCC(CCl)CC1', 0.2215775759240901), ('CCC1CCN(COCCN(CC)CC)CC1', 0.2215775759240901), ('CCN(CC)CCC1CCCCC1O', 0.2214462949305351), ('CCN(CC)CCOCNC1CCCCC1C', 0.22131333406899525), ('CCNCC1CCCN1CCCOCCN(CC)CC', 0.2212488394343549), ('CCN(CC)CCOCCCNCC1CCCN1CC', 0.2212488394343549), ('COCCN1CCCCC1CO', 0.22067091374694817), ('CCCCN1CCCCC1CO', 0.22067091374694817), ('CCN(CC)CCCC1CCCC1', 0.22056119888995715), ('CCCCCN1CCCCC1CO', 0.22047927592204922), ('CCOCCN1CCCC1CO', 0.2201927530252721), ('CCON1CCCCC1CO', 0.220043114711676), ('CCCN1CCCCC1CO', 0.220043114711676), ('CCN(CC)CCON1CCCC(C)C1', 0.219793491131929), ('CCN(CC)CCOC1CCCCC1C', 0.219793491131929), ('CCCCCCN1CCCCC1CO', 0.21971768720102056), ('CCCCCC1CCCCN1C', 0.21889875894272828), ('CCN(CC)CCOCCC1(CO)CC1', 0.21871025321297505), ('CCOCNCCN1CCCCC1CO', 0.21855605546324403), ('CCN(CC)CCOC1CCC(CO)N1', 0.21839380150215393), ('CCN(CC)CN1CCCCC1C(=O)O', 0.21821789023599236), ('CCN(CC)CCOCC1CCCNC1', 0.21821789023599236), ('COCCN(CCN)CN1CCCC1CO', 0.21693045781865616), ('CCN(CC)CCOC1=CC(CNCCN2CCCCC2CO)=CNN1C', 0.21681454519599697), ('CCN(CC)CCONC1CCCCC1', 0.2165832762819696), ('COCCC1CCCCN1C', 0.21635941753865537), ('CCCCC1CCCCN1C', 0.21635941753865537), ('CCN(CC)CCOCCC(=O)NC1CCCCC1C', 0.21582857125924926), ('CCN(CC)CCOCN1C=CC(CO)C1', 0.2155263624321299), ('CCN(CC)CCOCC1CC1', 0.2155263624321299), ('CCN(CC)CCOCO', 0.21547290184283366), ('CCN(CC)CCOC1=C(CO)CCCC1', 0.21538262059726382), ('CCN(CC)CCOC1=CCCC1CO', 0.21512244419394239), ('CCN(CC)CCOCCN1CCOCC1', 0.2148861237401014)]
