./results/240625_110154/
{'apprentice_load_dir': '/workspace/_ext/data/models/amine250_reduced/LSTM/240614_0712',
 'apprentice_sampling_batch_size': 1,
 'apprentice_training_batch_size': 256,
 'apprentice_training_steps': 8,
 'benchmark_id': 18,
 'benchmark_type': 'amine',
 'dataset': 'amine250_reduced',
 'dataset_path': '/workspace/_ext/data/datasets/amine250_reduced/all.txt',
 'expert_sampling_batch_size': 16383,
 'explainer_load_dir': None,
 'explainer_type': None,
 'genetic_experts': ['SMILES'],
 'learning_rate': 0.001,
 'logger_type': 'CommandLine',
 'max_sampling_batch_size': 1024,
 'max_smiles_length': 100,
 'model_type': 'LSTM',
 'mutation_initial_rate': 0.01,
 'num_jobs': 20,
 'num_keep': 1024,
 'num_smiles_for_similarity': 100,
 'num_steps': 100,
 'project_qualified_name': '',
 'record_filtered': False,
 'sampling_strategy': 'softmax',
 'save_root': './results/',
 'seed': 404,
 'use_best': True,
 'use_cuda': False,
 'use_frozen_explainer': False,
 'use_initial': True}
benchmark_score
0.6871049777031774
[('NCCN1CCCNCC1', 0.8780487804878049), ('NCCN1CC1', 0.6666666666666666), ('NCCCN1CCCNCC1', 0.6666666666666666), ('NCCCCN1CCCNCC1', 0.6153846153846154), ('NCCN1CCC1', 0.6095238095238095), ('O=C(O)CN1CCNCC1', 0.606060606060606), ('NCCN1CCCC1', 0.6), ('[O-]CCN1CCCNCC1', 0.5957446808510638), ('OCCN1CCCNCC1', 0.5957446808510638), ('ICCN1CCCNCC1', 0.5957446808510638), ('FCCN1CCCNCC1', 0.5957446808510638), ('ClCCN1CCCNCC1', 0.5957446808510638), ('CCCN1CCCNCC1', 0.5957446808510638), ('NOCCN1CCCNCC1', 0.5866666666666667), ('NNCCN1CCCNCC1', 0.5866666666666667), ('NCCNCCN1CCCNCC1', 0.5714285714285714), ('NCCCCCN1CCCNCC1', 0.5714285714285714), ('NC(=O)CCN1CCCNCC1', 0.5641025641025641), ('CC(N)CCN1CCCNCC1', 0.5641025641025641), ('NCN1CCCNCC1', 0.5629629629629629), ('CC(CN)CCN1CCCNCC1', 0.5575757575757575), ('NCCC(=O)CCN1CCCNCC1', 0.5517241379310345), ('[O-]NCCN1CCCNCC1', 0.5490196078431372), ('[O-]CCCN1CCCNCC1', 0.5490196078431372), ('OCCCN1CCCNCC1', 0.5490196078431372), ('O=CCCN1CCCNCC1', 0.5490196078431372), ('N#CCCN1CCCNCC1', 0.5490196078431372), ('FNCCN1CCCNCC1', 0.5490196078431372), ('FCCCN1CCCNCC1', 0.5490196078431372), ('ClCCCN1CCCNCC1', 0.5490196078431372), ('COCCN1CCCNCC1', 0.5490196078431372), ('CNCCN1CCCNCC1', 0.5490196078431372), ('CCCCN1CCCNCC1', 0.5490196078431372), ('C=CCCN1CCCNCC1', 0.5490196078431372), ('C#CCCN1CCCNCC1', 0.5490196078431372), ('BrCCCN1CCCNCC1', 0.5490196078431372), ('NCCN1CCOCC1', 0.5454545454545454), ('NCCN1CCCCC1', 0.5454545454545454), ('NNCCCN1CCCNCC1', 0.5432098765432098), ('NCNCCCN1CCCNCC1', 0.5380116959064327), ('NCCNCCCN1CCCNCC1', 0.5333333333333333), ('O=[N+]([O-])CCN1CCCNCC1', 0.5283018867924528), ('O=C(O)CCN1CCCNCC1', 0.5283018867924528), ('O=C(F)CCN1CCCNCC1', 0.5283018867924528), ('O=C(Cl)CCN1CCCNCC1', 0.5283018867924528), ('FC(F)CCN1CCCNCC1', 0.5283018867924528), ('CN(C)CCN1CCCNCC1', 0.5283018867924528), ('CC(F)CCN1CCCNCC1', 0.5283018867924528), ('CC(C)CCN1CCCNCC1', 0.5283018867924528), ('CC(=O)CCN1CCCNCC1', 0.5283018867924528), ('NNC(=O)CCN1CCCNCC1', 0.5238095238095237), ('NC(=O)CCCN1CCCNCC1', 0.5238095238095237), ('CC(N)NCCN1CCCNCC1', 0.5238095238095237), ('CC(N)CCCN1CCCNCC1', 0.5238095238095237), ('NCCN1CCC([O-])CC1', 0.5217391304347826), ('NCCN1CCC(O)CC1', 0.5217391304347826), ('NCCN1CCC(N)CC1', 0.5217391304347826), ('NCCN1CCC(F)CC1', 0.5217391304347826), ('NCCN1CCC(Cl)CC1', 0.5217391304347826), ('NCCN1CCC(Br)CC1', 0.5217391304347826), ('CN1CCN(CCN)CC1', 0.5217391304347826), ('CC1CCN(CCN)CC1', 0.5217391304347826), ('C=C1CCN(CCN)CC1', 0.5217391304347826), ('NCC([O-])CCCN1CCCNCC1', 0.519774011299435), ('NCC(O)CCCN1CCCNCC1', 0.519774011299435), ('NCC(Cl)CCCN1CCCNCC1', 0.519774011299435), ('CC(CN)CCCN1CCCNCC1', 0.519774011299435), ('NCCSC(F)CCN1CCCNCC1', 0.5161290322580645), ('NCC1CC1CCN1CCCNCC1', 0.5111111111111111), ('NCCN1CCC(CN2CCCNCC2)CC1', 0.5098039215686274), ('ONCCCN1CCCNCC1', 0.509090909090909), ('OCNCCN1CCCNCC1', 0.509090909090909), ('N#CCCCN1CCCNCC1', 0.509090909090909), ('FNCCCN1CCCNCC1', 0.509090909090909), ('FC(F)(F)CCN1CCCNCC1', 0.509090909090909), ('ClNCCCN1CCCNCC1', 0.509090909090909), ('ClCCCCN1CCCNCC1', 0.509090909090909), ('CS(=O)(=O)CCN1CCCNCC1', 0.509090909090909), ('CONCCN1CCCNCC1', 0.509090909090909), ('COCCCN1CCCNCC1', 0.509090909090909), ('CNNCCN1CCCNCC1', 0.509090909090909), ('CNCCCN1CCCNCC1', 0.509090909090909), ('CCOCCN1CCCNCC1', 0.509090909090909), ('CCNCCN1CCCNCC1', 0.509090909090909), ('CCCCCN1CCCNCC1', 0.509090909090909), ('CC#CCCN1CCCNCC1', 0.509090909090909), ('C1CNCCN(CCN2CC2)C1', 0.509090909090909), ('C1CNCCN(CCC2CC2)C1', 0.509090909090909), ('NS(=O)(=O)CCCN1CCCNCC1', 0.5057471264367815), ('NC(CCN1CCCNCC1)C(=O)O', 0.5057471264367815), ('CC(S)C(N)CCN1CCCNCC1', 0.5057471264367815), ('CC(C)C(N)CCN1CCCNCC1', 0.5057471264367815), ('NCCN1CCC(C2CCNCC2)CC1', 0.5027322404371584), ('NCCONCCCN1CCCNCC1', 0.5), ('CCC(CN)CCCN1CCCNCC1', 0.4946236559139785), ('CC(CN)CN1CCCNCC1', 0.49382716049382713), ('NCCN(CCN1CCCNCC1)C1CC1', 0.49230769230769234), ('CC(O)CCCN1CCCNCC1', 0.49122807017543857), ('CC(F)CCCN1CCCNCC1', 0.49122807017543857), ('CC(Br)CCCN1CCCNCC1', 0.49122807017543857)]
