./results/240622_192211/
{'apprentice_load_dir': '/workspace/_ext/data/models/amine250_reduced/LSTM/240614_0712',
 'apprentice_sampling_batch_size': 1,
 'apprentice_training_batch_size': 256,
 'apprentice_training_steps': 8,
 'benchmark_id': 11,
 'benchmark_type': 'amine',
 'dataset': 'amine250_reduced',
 'dataset_path': '/workspace/_ext/data/datasets/amine250_reduced/all.txt',
 'expert_sampling_batch_size': 16383,
 'explainer_load_dir': None,
 'explainer_type': None,
 'genetic_experts': ['SMILES'],
 'learning_rate': 0.001,
 'logger_type': 'CommandLine',
 'max_sampling_batch_size': 1024,
 'max_smiles_length': 100,
 'model_type': 'LSTM',
 'mutation_initial_rate': 0.01,
 'num_jobs': 20,
 'num_keep': 1024,
 'num_smiles_for_similarity': 100,
 'num_steps': 100,
 'project_qualified_name': '',
 'record_filtered': False,
 'sampling_strategy': 'softmax',
 'save_root': './results/',
 'seed': 404,
 'use_best': True,
 'use_cuda': False,
 'use_frozen_explainer': False,
 'use_initial': True}
benchmark_score
0.617150119306982
[('CC(N)C(C)[O-]', 0.6666666666666666), ('CC(N)C(C)S', 0.6666666666666666), ('CC(N)C(C)O', 0.6666666666666666), ('CC(N)C(C)N', 0.6666666666666666), ('CC(N)C(C)F', 0.6666666666666666), ('CC(N)C(C)Cl', 0.6666666666666666), ('CC(C)C(N)[O-]', 0.6666666666666666), ('CC(C)C(N)S', 0.6666666666666666), ('CC(C)C(N)O', 0.6666666666666666), ('CC(C)C(N)N', 0.6666666666666666), ('CC(C)C(N)F', 0.6666666666666666), ('CC(C)C(N)Cl', 0.6666666666666666), ('CC(C)C(N)Br', 0.6666666666666666), ('CC(C)C(C)N', 0.6666666666666666), ('CC(N)N(C)O', 0.5333333333333333), ('CC(N)N(C)C', 0.5333333333333333), ('CC(C)N(C)N', 0.5333333333333333), ('CC(C)C(N)=S', 0.5333333333333333), ('CC(C)C(N)=O', 0.5333333333333333), ('CC(C)C(=N)N', 0.5333333333333333), ('CC(=O)C(C)N', 0.5333333333333333), ('[C-]#[N+]C(C)C(C)N', 0.5185185185185185), ('CSC(C)C(C)N', 0.5185185185185185), ('COC(N)C(C)C', 0.5185185185185185), ('COC(C)C(C)N', 0.5185185185185185), ('CNC(N)C(C)C', 0.5185185185185185), ('CNC(C)C(C)N', 0.5185185185185185), ('CCC(N)C(C)C', 0.5185185185185185), ('CCC(C)C(C)N', 0.5185185185185185), ('CC(N)CC(C)O', 0.5185185185185185), ('CC(N)C(C)NN', 0.5185185185185185), ('CC(N)C(C)CS', 0.5185185185185185), ('CC(N)C(C)CO', 0.5185185185185185), ('CC(N)C(C)CN', 0.5185185185185185), ('CC(N)C(C)CF', 0.5185185185185185), ('CC(N)C(C)CCl', 0.5185185185185185), ('CC(N)C(C)C#N', 0.5185185185185185), ('CC(C)SC(C)N', 0.5185185185185185), ('CC(C)OC(C)N', 0.5185185185185185), ('CC(C)NC(C)N', 0.5185185185185185), ('CC(C)CC(N)[O-]', 0.5185185185185185), ('CC(C)CC(N)O', 0.5185185185185185), ('CC(C)CC(N)N', 0.5185185185185185), ('CC(C)CC(N)F', 0.5185185185185185), ('CC(C)CC(N)Cl', 0.5185185185185185), ('CC(C)CC(C)N', 0.5185185185185185), ('CC(C)C(N)ON', 0.5185185185185185), ('CC(C)C(N)NN', 0.5185185185185185), ('CC(C)C(N)C[O-]', 0.5185185185185185), ('CC(C)C(N)CS', 0.5185185185185185), ('CC(C)C(N)CO', 0.5185185185185185), ('CC(C)C(N)CN', 0.5185185185185185), ('CC(C)C(N)CCl', 0.5185185185185185), ('CC(C)C(N)C=O', 0.5185185185185185), ('CC(C)C(N)C#N', 0.5185185185185185), ('CC(N)CS', 0.47619047619047616), ('C[N+]CC(C)N', 0.47058823529411764), ('COSC(C)N', 0.47058823529411764), ('COCC(C)N', 0.47058823529411764), ('CNSC(C)N', 0.47058823529411764), ('CNCC(C)N', 0.47058823529411764), ('CCSC(C)N', 0.47058823529411764), ('CCOC(C)N', 0.47058823529411764), ('CCNC(C)N', 0.47058823529411764), ('CCCC(C)N', 0.47058823529411764), ('CC=CC(C)N', 0.47058823529411764), ('CC(N)S(C)(=O)=S', 0.47058823529411764), ('CC(N)S(C)(=O)=O', 0.47058823529411764), ('CC(N)C(C)(F)F', 0.47058823529411764), ('CC(N)C(C)(C)O', 0.47058823529411764), ('CC(N)C(C)(C)F', 0.47058823529411764), ('CC(N)C(C)(C)C', 0.47058823529411764), ('CC(C)S(N)(=O)=O', 0.47058823529411764), ('CC(C)ONN', 0.47058823529411764), ('CC(C)OCN', 0.47058823529411764), ('CC(C)NON', 0.47058823529411764), ('CC(C)NNN', 0.47058823529411764), ('CC(C)NCN', 0.47058823529411764), ('CC(C)CON', 0.47058823529411764), ('CC(C)CNN', 0.47058823529411764), ('CC(C)CCN', 0.47058823529411764), ('CC(C)C=CN', 0.47058823529411764), ('CC(C)C(C)(C)N', 0.47058823529411764), ('CC(N)C(S)C(C)O', 0.4666666666666666), ('CC(N)C(C)N(C)C', 0.4666666666666666), ('CC(N)C(C)C(N)=O', 0.4666666666666666), ('CC(N)C(C)C(C)S', 0.4666666666666666), ('CC(N)C(C)C(C)O', 0.4666666666666666), ('CC(N)C(C)C(C)N', 0.4666666666666666), ('CC(N)C(C)C(=O)O', 0.4666666666666666), ('CC(C)C(N)N(C)O', 0.4666666666666666), ('CC(C)C(N)C(N)=S', 0.4666666666666666), ('CC(C)C(N)C(C)S', 0.4666666666666666), ('CC(C)C(N)C(C)N', 0.4666666666666666), ('CC(C)C(N)C(C)C', 0.4666666666666666), ('CC(C)C(N)C(=O)O', 0.4666666666666666), ('CC(C)C(N)C(=O)Cl', 0.4666666666666666), ('CC(C)C(N)C(=O)Br', 0.4666666666666666), ('CC(C)C(C)C(C)N', 0.4666666666666666), ('CC(=O)C(C)C(C)N', 0.4666666666666666)]
