./results/240626_131146/
{'apprentice_load_dir': '/workspace/_ext/data/models/amine250_reduced/LSTM/240614_0712',
 'apprentice_sampling_batch_size': 1,
 'apprentice_training_batch_size': 256,
 'apprentice_training_steps': 8,
 'benchmark_id': 21,
 'benchmark_type': 'amine',
 'dataset': 'amine250_reduced',
 'dataset_path': '/workspace/_ext/data/datasets/amine250_reduced/all.txt',
 'expert_sampling_batch_size': 16383,
 'explainer_load_dir': None,
 'explainer_type': None,
 'genetic_experts': ['SMILES'],
 'learning_rate': 0.001,
 'logger_type': 'CommandLine',
 'max_sampling_batch_size': 1024,
 'max_smiles_length': 100,
 'model_type': 'LSTM',
 'mutation_initial_rate': 0.01,
 'num_jobs': 20,
 'num_keep': 1024,
 'num_smiles_for_similarity': 100,
 'num_steps': 100,
 'project_qualified_name': '',
 'record_filtered': False,
 'sampling_strategy': 'softmax',
 'save_root': './results/',
 'seed': 404,
 'use_best': True,
 'use_cuda': False,
 'use_frozen_explainer': False,
 'use_initial': True}
benchmark_score
0.33526756532248
[('CCN(CC)CCOCCN1CCCCC1', 0.41147559989891175), ('CCN(CC)CCOCCN1CCCC1', 0.37535294125459384), ('CCN(CC)CCOCCCN1CCCC1', 0.35239609324728294), ('CCN(CC)CCN1CCCCC1', 0.34570865256115435), ('CCN(CC)CCOCN1CCCC1', 0.3214173614761231), ('CCN(CC)CCOCCON1CCCCC1', 0.30984908296686864), ('CCN(CC)CCOOCCN1CCCC1', 0.30741977882892463), ('CCN(CC)CCCN1CCCC1', 0.30500812106737535), ('OCCOCN1CCCCC1', 0.3018233067352699), ('CCN(CC)CN1CCCCC1', 0.2967566614737271), ('CCN(CC)CCCCN1CCCC1', 0.2961288700756947), ('CCN(CC)CCON1CCCCC1', 0.2950348639000799), ('CCN(CC)COCN1CCCCC1', 0.29404800725609676), ('OCCN1CCCCC1', 0.2862991671569341), ('CCN(CC)CCOCCO', 0.2862991671569341), ('CCN(CC)CCOCCN1CCC(CO)CC1', 0.2856310234989918), ('CCN(CC)CCOCC(=O)CN1CCCC1', 0.2838664779018298), ('CCN(CC)CCOCCN1CCC(O)CC1', 0.2784029879225626), ('CCN(CC)CCOCCN1CCC(N2CCCCC2)CC1', 0.27207556976737773), ('CCN(CC)CCOCCCN1CCC(CO)CC1', 0.2705008904002297), ('CCN(CC)CCOCCN1CC=C(N2CCCCC2)C1', 0.2698829408326217), ('OCCN1CCCC1', 0.26696803146549475), ('CCN(CC)CCOCCN1CC=C(CN2CCCCC2)C(Cl)C1', 0.2668901314692446), ('CCN(CC)CCOCCN1CCC(NO)CC1', 0.26688227318857494), ('CCN(CC)CN1CCCC1', 0.2651750031306268), ('CCN(CC)CCOCCN1CC=C(N2CCCCC2)CC1', 0.2637090890737949), ('CCN(CC)CCOCCCN1CCCC(CO)C1', 0.26352313834736496), ('CCN(CC)CCOCCN1CCCC(N2CCCC2)C1', 0.26120483925835525), ('CCN(CC)CCOCCN1CC=C(CN2CCCC2)C1', 0.26120483925835525), ('CCN(CC)CCOCCN(CC)C(=O)CCCN1CCCC1', 0.26072693204732833), ('CCN(CC)CCOCCN1CCC(C(=O)O)CC1', 0.2597189391579078), ('CCN(CC)CCON1CCCCCC1', 0.2592542582608452), ('CCN(CC)CCOCCN1CCN(C)CC1', 0.2591001102525183), ('CCN(CC)CCOCCN1CCC([O-])CC1', 0.2591001102525183), ('CCN(CC)CCOCCN1CCC(N)CC1', 0.2591001102525183), ('CCN(CC)CCOCCN1CCC(F)CC1', 0.2591001102525183), ('CCN(CC)CCOCCN1CCC(Cl)CC1', 0.2591001102525183), ('CCN(CC)CCOCCN1CCC(C)CC1', 0.2591001102525183), ('CCN(CC)CN1CCCCCC1', 0.2589970335048127), ('CCN(CC)CCOCC(=O)N1CCCC1', 0.2581988897471611), ('CCN(CC)CCOCCN1CCCCC1C', 0.25547615401063417), ('CCN(CC)CCOCCN1CCCCC1=O', 0.25547615401063417), ('CCN(CC)CCOCCN1CCC(CCN2CCCCCC2)CC1', 0.25505000500000985), ('CCCOCCN1CCCC1', 0.2550455675341756), ('OCCCN1CCCCC1', 0.254762332682534), ('CCN(CCOCCN1C=CCN1)CN1CCCCC1', 0.2544804565687541), ('CCN(CC)CCOCCN1CCC(O)C1', 0.2538591035287969), ('CCCOCCCN1CCCC1', 0.2506190682198222), ('CCN(CC)CCCNCN1CCCCCC1', 0.24984822859708677), ('CCN(CC)CCOC1=CCN(CCO)C1', 0.24973998952923493), ('CCN(CC)CCOCCN1C=C(ON2CCCCC2)CC1', 0.24958252127842895), ('CCN(CC)CCOCCN1C=C(N2CCCCC2)[SH]=CC1', 0.24958252127842895), ('CCN(CC)CCOCCN1C=C(N2CCCCC2)N=CC1', 0.24958252127842895), ('CCN(CC)CCOCCN1CC=C(N2CCCC2)CC1', 0.2492880694002234), ('CCN(CC)CCOCCN1CCC(CON2CCCCC2)CC1', 0.24915331628107332), ('CCN(CC)CCN1CCC(CO)CC1', 0.2490073533144393), ('CCN(CC)CCOCCN1CCC(OC)CC1', 0.2485250608738542), ('CCN(CC)CCOCCN1CCC(NN)CC1', 0.2485250608738542), ('CCN(CC)CCOCCN1CCC(NCl)CC1', 0.2485250608738542), ('CCN(CC)CCOCCN1CCC(NC)CC1', 0.2485250608738542), ('CCN(CC)CCOCCN1CCC(C[O-])CC1', 0.2485250608738542), ('CCN(CC)CCOCCN1CCC(CN)CC1', 0.2485250608738542), ('CCN(CC)CCOCCN1CCC(CF)CC1', 0.2485250608738542), ('CCN(CC)CCOCCN1CCC(CCl)CC1', 0.2485250608738542), ('CCN(CC)CCOCCN1CCC(C#N)CC1', 0.2485250608738542), ('CCC1CCN(CCOCCN(CC)CC)CC1', 0.2485250608738542), ('C#CC1CCN(CCOCCN(CC)CC)CC1', 0.2485250608738542), ('CCN(CC)CCOCCN1CC=C(CO)CC1', 0.24845199749997662), ('CCN(CC)C(=O)CCCN1CCCCC1', 0.24762013942101113), ('CCN(CC)CCOCCc1c(O)nc(N2CCCCC2)[nH]c1=O', 0.24717505055724684), ('CCN(CC)CCOCCc1cccc(CN2CCCCCC2)c1O', 0.24682862424747085), ('CCN(CC)CCOCCN1CCC(C2CC2)CC1', 0.24680013755721392), ('CCN(CC)CCOCCN1CCC(CC(=O)O)CC1', 0.24649027093659917), ('CCN(CC)CCOCC[N+]1(C)CCCCC1', 0.2464741505784188), ('CCN(CC)CCOCCN1CCC(CC(C)(O)CO)CC1', 0.24459979523511427), ('CCN(CC)CCOCCN1C=C(N)N=C(N2CCCCC2)C1', 0.2441509746106119), ('OCCN1CCC1', 0.2436698586202241), ('CCN(CC)CCOCCN1CCC([N+](=O)[O-])CC1', 0.24194335156365354), ('CCN(CC)CCOCCN1CCC(C(C)F)CC1', 0.24194335156365354), ('CCN(CC)CCOCCN1CCC(C(C)C)CC1', 0.24194335156365354), ('CCN(CC)CCOCCN1CCC(C(C)=O)CC1', 0.24194335156365354), ('CCN(CC)CCOCCCN1CCCCC1=O', 0.24194335156365354), ('CCN(CCO)CCOCCN1CCC(NO)CC1', 0.2418254167033372), ('CCN(CCO)CCOCCN1CCC(CO)CC1', 0.2418254167033372), ('CCN(CC)CCN1CCCCC1CO', 0.24162894662889697), ('CCN(CC)CCOCC1CCCCC1', 0.24124895481858197), ('CCN(CC)CCOCCN1CCC(CC(C)(O)O)CC1', 0.24037008503093263), ('CCN(CC)CCOCCN1CCC(CC(C)(O)F)CC1', 0.24037008503093263), ('CCN(CC)CCOCCN1CCC(CC(C)(N)O)CC1', 0.24037008503093263), ('CCN(CC)CCOCCN1CCC(CC(C)(C)O)CC1', 0.24037008503093263), ('CCN(CC)CCOCc1cccc(CN2CCCCCC2)c1O', 0.23966102718813476), ('CCN(CC)CCOCCN1CC=C(O)CC1', 0.23949445700622982), ('OCCCNCCN1CCCCC1', 0.23923566684867), ('CCCN(CC)CCOCCN1CCC(CO)CC1', 0.23855936180684895), ('CCN(CCN1CCCCC1)C(C)=O', 0.23791547571544325), ('CCN(C[O-])CCOCCN1CCC(CO)CC1', 0.23780402683910162), ('CCN(CO)CCOCCN1CCC(NO)CC1', 0.23780402683910162), ('CCN(CO)CCOCCN1CCC(CO)CC1', 0.23780402683910162), ('CCN(CN)CCOCCN1CCC(CO)CC1', 0.23780402683910162), ('CCN(CF)CCOCCN1CCC(CO)CC1', 0.23780402683910162)]
