./results/240624_161725/
{'apprentice_load_dir': '/workspace/_ext/data/models/amine250_reduced/LSTM/240614_0712',
 'apprentice_sampling_batch_size': 1,
 'apprentice_training_batch_size': 256,
 'apprentice_training_steps': 8,
 'benchmark_id': 16,
 'benchmark_type': 'amine',
 'dataset': 'amine250_reduced',
 'dataset_path': '/workspace/_ext/data/datasets/amine250_reduced/all.txt',
 'expert_sampling_batch_size': 16383,
 'explainer_load_dir': None,
 'explainer_type': None,
 'genetic_experts': ['SMILES'],
 'learning_rate': 0.001,
 'logger_type': 'CommandLine',
 'max_sampling_batch_size': 1024,
 'max_smiles_length': 100,
 'model_type': 'LSTM',
 'mutation_initial_rate': 0.01,
 'num_jobs': 20,
 'num_keep': 1024,
 'num_smiles_for_similarity': 100,
 'num_steps': 100,
 'project_qualified_name': '',
 'record_filtered': False,
 'sampling_strategy': 'softmax',
 'save_root': './results/',
 'seed': 404,
 'use_best': True,
 'use_cuda': False,
 'use_frozen_explainer': False,
 'use_initial': True}
benchmark_score
0.6341680333851526
[('CCN1CCCNCC1', 0.8518518518518517), ('CCN1CCC1', 0.5977011494252873), ('CCCN1CCCNCC1', 0.5757575757575757), ('CCN1CCCC1', 0.5490196078431372), ('SCN1CCCNCC1', 0.5396825396825397), ('OCN1CCCNCC1', 0.5396825396825397), ('NCN1CCCNCC1', 0.5396825396825397), ('FCN1CCCNCC1', 0.5396825396825397), ('COCN1CCCNCC1', 0.5333333333333333), ('CC(F)(F)N1CCNCC1', 0.5333333333333333), ('CCCCN1CCCNCC1', 0.5277777777777777), ('CN(F)CN1CCCNCC1', 0.5106382978723404), ('CC(O)CN1CCCNCC1', 0.5106382978723404), ('CC(N)CN1CCCNCC1', 0.5106382978723404), ('CC(C)CN1CCCNCC1', 0.5106382978723404), ('CC(=O)CN1CCCNCC1', 0.5106382978723404), ('OCCN1CCCNCC1', 0.49275362318840576), ('NCCN1CCCNCC1', 0.49275362318840576), ('N#CCN1CCCNCC1', 0.49275362318840576), ('FCCN1CCCNCC1', 0.49275362318840576), ('C#CCN1CCCNCC1', 0.49275362318840576), ('CCN1CCOCC1', 0.49122807017543857), ('CCN1CCCCC1', 0.49122807017543857), ('COCCN1CCCNCC1', 0.4897959183673469), ('CNCCN1CCCNCC1', 0.4897959183673469), ('CC(F)(F)CN1CCCNCC1', 0.4897959183673469), ('CC(C)(O)CN1CCCNCC1', 0.4897959183673469), ('CC(C)(C)CN1CCCNCC1', 0.4897959183673469), ('CCCCCN1CCCNCC1', 0.4871794871794871), ('CCN(CC)CN1CCCNCC1', 0.47798742138364775), ('O=C(O)CN1CCCNCC1', 0.4722222222222222), ('N=C(N)CN1CCCNCC1', 0.4722222222222222), ('COC(=O)CN1CCCNCC1', 0.47058823529411764), ('CN(C)CCN1CCCNCC1', 0.47058823529411764), ('CC(CN)CN1CCCNCC1', 0.47058823529411764), ('CC(C)OCN1CCCNCC1', 0.47058823529411764), ('CC(=O)OCN1CCCNCC1', 0.47058823529411764), ('CC(=O)CCN1CCCNCC1', 0.47058823529411764), ('CCN1CCNC(=O)C1', 0.4552845528455285), ('CCN1CCN([O-])CC1', 0.4552845528455285), ('CCN1CCN(S)CC1', 0.4552845528455285), ('CCN1CCN(O)CC1', 0.4552845528455285), ('CCN1CCN(N)CC1', 0.4552845528455285), ('CCN1CCN(F)CC1', 0.4552845528455285), ('CCN1CCN(Cl)CC1', 0.4552845528455285), ('CCN1CCN(C)CC1', 0.4552845528455285), ('CCN1CCN(Br)CC1', 0.4552845528455285), ('CCN1CCC([O-])CC1', 0.4552845528455285), ('CCN1CCC(O)CC1', 0.4552845528455285), ('CCN1CCC(N)CC1', 0.4552845528455285), ('CCN1CCC(F)CC1', 0.4552845528455285), ('CCN1CCC(Cl)CC1', 0.4552845528455285), ('CCN1CCC(C)CC1', 0.4552845528455285), ('CCN1CCC(Br)CC1', 0.4552845528455285), ('C=C1CCN(CC)CC1', 0.4552845528455285), ('CCON1CCCNCC1', 0.45390070921985815), ('CCNN1CCCNCC1', 0.45390070921985815), ('ONCCN1CCCNCC1', 0.45333333333333337), ('OCCCN1CCCNCC1', 0.45333333333333337), ('O=S(=O)(O)CN1CCCNCC1', 0.45333333333333337), ('O=CCCN1CCCNCC1', 0.45333333333333337), ('NOCCN1CCCNCC1', 0.45333333333333337), ('FNCCN1CCCNCC1', 0.45333333333333337), ('FC(F)(F)CN1CCCNCC1', 0.45333333333333337), ('C1CNCCN(CN2CC2)C1', 0.45333333333333337), ('C1CNCCN(CC2CC2)C1', 0.45333333333333337), ('CS(=O)(=S)OCN1CCCNCC1', 0.45283018867924524), ('CN(C)C(=O)CN1CCCNCC1', 0.45283018867924524), ('CC(C)C(O)CN1CCCNCC1', 0.45283018867924524), ('CC(C)(O)CCN1CCCNCC1', 0.45283018867924524), ('CCCCCCN1CCCNCC1', 0.4523809523809524), ('CN1CCCNCC1', 0.4444444444444444), ('CCN(CC)CCN1CCCNCC1', 0.4444444444444444), ('CC1(CN2CCCNCC2)COC1', 0.4444444444444444), ('CCOC(=O)CCN1CCCNCC1', 0.43678160919540227), ('CCCC(C)NCN1CCCNCC1', 0.43678160919540227), ('CCC(=O)OCCN1CCCNCC1', 0.43678160919540227), ('COC(=O)CCN1CCCNCC1', 0.43636363636363634), ('CNCC(O)CN1CCCNCC1', 0.43636363636363634), ('CN(CN1CCCNCC1)C1CC1', 0.43636363636363634), ('CN(C)NCCN1CCCNCC1', 0.43636363636363634), ('CC1NC1CCN1CCCNCC1', 0.43636363636363634), ('CC(CN)CCN1CCCNCC1', 0.43636363636363634), ('CC(C)NCCN1CCCNCC1', 0.43636363636363634), ('CC(C)COCN1CCCNCC1', 0.43636363636363634), ('CC(=O)NCCN1CCCNCC1', 0.43636363636363634), ('O=[N+]([O-])CCN1CCCNCC1', 0.4358974358974359), ('NC(=O)CCN1CCCNCC1', 0.4358974358974359), ('FC(F)SCN1CCCNCC1', 0.4358974358974359), ('CCC(C)N1CCCNCC1', 0.4353741496598639), ('CCC(=O)N1CCCNCC1', 0.4353741496598639), ('CCN1CCN(NC)CC1', 0.4242424242424242), ('CCN1CCN(CO)CC1', 0.4242424242424242), ('CCN1CCN(CN)CC1', 0.4242424242424242), ('CCN1CCN(CC)CC1', 0.4242424242424242), ('CCN1CCN(C#N)CC1', 0.4242424242424242), ('CCN1CCC(CS)CC1', 0.4242424242424242), ('CCN1CCC(CN)CC1', 0.4242424242424242), ('CCC1CCN(CC)CC1', 0.4242424242424242), ('C=CN1CCN(CC)CC1', 0.4242424242424242)]
