./results/240623_222433/
{'apprentice_load_dir': '/workspace/_ext/data/models/amine250_reduced/LSTM/240614_0712',
 'apprentice_sampling_batch_size': 1,
 'apprentice_training_batch_size': 256,
 'apprentice_training_steps': 8,
 'benchmark_id': 14,
 'benchmark_type': 'amine',
 'dataset': 'amine250_reduced',
 'dataset_path': '/workspace/_ext/data/datasets/amine250_reduced/all.txt',
 'expert_sampling_batch_size': 16383,
 'explainer_load_dir': None,
 'explainer_type': None,
 'genetic_experts': ['SMILES'],
 'learning_rate': 0.001,
 'logger_type': 'CommandLine',
 'max_sampling_batch_size': 1024,
 'max_smiles_length': 100,
 'model_type': 'LSTM',
 'mutation_initial_rate': 0.01,
 'num_jobs': 20,
 'num_keep': 1024,
 'num_smiles_for_similarity': 100,
 'num_steps': 100,
 'project_qualified_name': '',
 'record_filtered': False,
 'sampling_strategy': 'softmax',
 'save_root': './results/',
 'seed': 404,
 'use_best': True,
 'use_cuda': False,
 'use_frozen_explainer': False,
 'use_initial': True}
benchmark_score
0.767923906493647
[('CC(O)CN(C)C', 1.0), ('CN(C)CC(N)O', 0.7272727272727272), ('CC([O-])CN(C)C', 0.7272727272727272), ('CC(S)CN(C)C', 0.7272727272727272), ('CC(N)CN(C)C', 0.7272727272727272), ('CC(F)CN(C)C', 0.7272727272727272), ('CC(C)CN(C)C', 0.7272727272727272), ('CC(N)C(O)CN(C)C', 0.7179487179487178), ('CC(O)CCN(C)C', 0.6933333333333334), ('CC(O)N(C)C', 0.6666666666666666), ('CC(O)CN(C)C(C)C', 0.6419753086419753), ('CC(CN(C)C)C(=O)O', 0.6419753086419753), ('CC(=O)N(C)CC(C)O', 0.6419753086419753), ('COC(C)CN(C)C', 0.6153846153846154), ('CN(C)CC(O)CN', 0.6153846153846154), ('CCC(C)CN(C)C', 0.6153846153846154), ('CC(O)SCN(C)C', 0.6153846153846154), ('CC(O)OCN(C)C', 0.6153846153846154), ('CC(O)CNN(C)C', 0.6153846153846154), ('CC(O)CN(C)C#N', 0.6153846153846154), ('CC(CN)CN(C)C', 0.6153846153846154), ('CC(C)CC(O)CN(C)C', 0.6021505376344085), ('COCC(O)CN(C)C', 0.5777777777777777), ('CNCC(O)CN(C)C', 0.5777777777777777), ('CC(O)CNCN(C)C', 0.5777777777777777), ('CC(O)CCCN(C)C', 0.5777777777777777), ('CC(CCO)CN(C)C', 0.5777777777777777), ('CN(C)CC(O)C(N)=O', 0.5714285714285714), ('CC(O)N(C)CN(C)C', 0.5714285714285714), ('CC(O)CN(C)C(O)=S', 0.5714285714285714), ('CC(O)CN(C)C(=O)O', 0.5714285714285714), ('CC(O)CC(O)N(C)C', 0.5714285714285714), ('CC(O)CC(=S)N(C)C', 0.5714285714285714), ('CC(O)CC(=O)N(C)C', 0.5714285714285714), ('CC(CN(C)C)C(N)=O', 0.5714285714285714), ('CC(C)C(N)CN(C)C', 0.5714285714285714), ('CC(C)C(C)CN(C)C', 0.5714285714285714), ('CC(O)C(=O)C(N)CN(C)C', 0.5656565656565656), ('CN(C)CC(N)[O-]', 0.5555555555555556), ('CN(C)CC(N)N', 0.5555555555555556), ('CN(C)CC(N)Cl', 0.5555555555555556), ('CN(C)CC(F)F', 0.5555555555555556), ('CCN(C)C(C)O', 0.5555555555555556), ('CCC(O)N(C)C', 0.5555555555555556), ('CC(O)NN(C)C', 0.5555555555555556), ('CC(CO)N(C)C', 0.5555555555555556), ('CC(C)CN(C)O', 0.5555555555555556), ('CCN(CC)CC(C)O', 0.5517241379310345), ('CCC(CO)CN(C)C', 0.5517241379310345), ('CCC(N)CN(C)C', 0.5432098765432098), ('CC(S)C(CN(C)C)C(=O)O', 0.5416666666666666), ('CC(O)CN(C)NC(C)O', 0.5416666666666666), ('CC(O)C(F)(F)CN(C)C', 0.5333333333333333), ('CC(O)C(C)(N)CN(C)C', 0.5333333333333333), ('CC(CN(C)C)C(F)(F)F', 0.5333333333333333), ('CNCC(C)CN(C)C', 0.5161290322580645), ('CCOC(C)CN(C)C', 0.5161290322580645), ('CC=CC(C)CN(C)C', 0.5161290322580645), ('CC(O)CN=NN(C)C', 0.5161290322580645), ('CC(O)CN=CN(C)C', 0.5161290322580645), ('CC(O)CN(C)C1CC1', 0.5161290322580645), ('CC(O)CN(C#N)C(C)C', 0.5161290322580645), ('CC(O)C=CCN(C)C', 0.5161290322580645), ('CC(CCF)CN(C)C', 0.5161290322580645), ('CC(CCCl)CN(C)C', 0.5161290322580645), ('CC(C=CN)CN(C)C', 0.5161290322580645), ('CC(O)N(C)N(C)N', 0.5128205128205128), ('CC(O)N(C)N(C)C', 0.5128205128205128), ('CC(O)C(C)N(C)C', 0.5128205128205128), ('CC(O)C(=S)N(C)C', 0.5128205128205128), ('CC(O)C(=O)N(C)C', 0.5128205128205128), ('CC(C)C(O)N(C)C', 0.5128205128205128), ('CC(O)CNCCN(C)C', 0.5098039215686274), ('CC(O)CN(C)CC(C)(C)N', 0.5098039215686274), ('CC(O)CCCCN(C)C', 0.5098039215686274), ('CC(O)CC(F)(F)CN(C)C', 0.5098039215686274), ('CC(CN(C)C)C(Br)C(=O)O', 0.5098039215686274), ('CN(C)CC(N)C(=O)O', 0.5057471264367815), ('CN(C)CC(F)C(=O)O', 0.5057471264367815), ('CCC(C)C(O)N(C)C', 0.5057471264367815), ('CC(C)CN(C)C(C)O', 0.5057471264367815), ('CC(=O)C(N)CN(C)C', 0.5057471264367815), ('CC(C)CC(CO)CN(C)C', 0.49523809523809526), ('CN(C)C(O)O', 0.48484848484848486), ('CN(C)C(O)F', 0.48484848484848486), ('CN(C)C(O)Cl', 0.48484848484848486), ('CN(C)C(N)O', 0.48484848484848486), ('CC([O-])N(C)C', 0.48484848484848486), ('CC(S)N(C)C', 0.48484848484848486), ('CC(O)N(C)N', 0.48484848484848486), ('CC(O)N(C)I', 0.48484848484848486), ('CC(O)CNC(=O)N(C)C', 0.48484848484848486), ('CC(O)CN(C)CC(=O)O', 0.48484848484848486), ('CC(O)CN(C)C(=O)CF', 0.48484848484848486), ('CC(O)CCC(O)N(C)C', 0.48484848484848486), ('CC(N)N(C)C', 0.48484848484848486), ('CC(F)N(C)C', 0.48484848484848486), ('CC(Cl)N(C)C', 0.48484848484848486), ('CC(C)N(C)O', 0.48484848484848486), ('CC(C)N(C)C', 0.48484848484848486)]
