./results/240625_013719/
{'apprentice_load_dir': '/workspace/_ext/data/models/amine250_reduced/LSTM/240614_0712',
 'apprentice_sampling_batch_size': 1,
 'apprentice_training_batch_size': 256,
 'apprentice_training_steps': 8,
 'benchmark_id': 17,
 'benchmark_type': 'amine',
 'dataset': 'amine250_reduced',
 'dataset_path': '/workspace/_ext/data/datasets/amine250_reduced/all.txt',
 'expert_sampling_batch_size': 16383,
 'explainer_load_dir': None,
 'explainer_type': None,
 'genetic_experts': ['SMILES'],
 'learning_rate': 0.001,
 'logger_type': 'CommandLine',
 'max_sampling_batch_size': 1024,
 'max_smiles_length': 100,
 'model_type': 'LSTM',
 'mutation_initial_rate': 0.01,
 'num_jobs': 20,
 'num_keep': 1024,
 'num_smiles_for_similarity': 100,
 'num_steps': 100,
 'project_qualified_name': '',
 'record_filtered': False,
 'sampling_strategy': 'softmax',
 'save_root': './results/',
 'seed': 404,
 'use_best': True,
 'use_cuda': False,
 'use_frozen_explainer': False,
 'use_initial': True}
benchmark_score
0.3770522236682419
[('C1CSCCN1', 0.41379310344827586), ('C1COCCN1', 0.41379310344827586), ('C1CCNCC1', 0.41379310344827586), ('C1CC(C2CCNCC2)CCN1', 0.38095238095238093), ('[O-]C1CCNCC1', 0.375), ('SC1CCNCC1', 0.375), ('OC1CCNCC1', 0.375), ('NC1CCNCC1', 0.375), ('IC1CCNCC1', 0.375), ('FC1CCNCC1', 0.375), ('ClC1CCNCC1', 0.375), ('CC1CCNCC1', 0.375), ('BrC1CCNCC1', 0.375), ('OC1(Br)CCNCC1', 0.3529411764705882), ('C1CC(OC2CCNCC2)CCN1', 0.3522012578616352), ('C1CC(CC2CCNCC2)CCN1', 0.3522012578616352), ('C1CC(C2CNC2)CCN1', 0.3492063492063492), ('C1CC(C2CCNC2)CCN1', 0.34042553191489355), ('[O-]N(C1CCNCC1)C1CCNCC1', 0.33939393939393936), ('NN(C1CCNCC1)C1CCNCC1', 0.33939393939393936), ('CN(C1CCNCC1)C1CCNCC1', 0.33939393939393936), ('CC(C1CCNCC1)C1CCNCC1', 0.33939393939393936), ('C1CNCCN(C2CCNCC2)C1', 0.33939393939393936), ('[O-]OC1CCNCC1', 0.3333333333333333), ('[O-]CC1CCNCC1', 0.3333333333333333), ('[C-]#[N+]C1CCNCC1', 0.3333333333333333), ('SCC1CCNCC1', 0.3333333333333333), ('OOC1CCNCC1', 0.3333333333333333), ('ONC1CCNCC1', 0.3333333333333333), ('OCC1CCNCC1', 0.3333333333333333), ('O=CC1CCNCC1', 0.3333333333333333), ('NOC1CCNCC1', 0.3333333333333333), ('NNC1CCNCC1', 0.3333333333333333), ('NCC1CCNCC1', 0.3333333333333333), ('N#CC1CCNCC1', 0.3333333333333333), ('ICC1CCNCC1', 0.3333333333333333), ('FOC1CCNCC1', 0.3333333333333333), ('FCC1CCNCC1', 0.3333333333333333), ('ClOC1CCNCC1', 0.3333333333333333), ('ClCC1CCNCC1', 0.3333333333333333), ('CSC1CCNCC1', 0.3333333333333333), ('COC1CCNCC1', 0.3333333333333333), ('CNC1CCNCC1', 0.3333333333333333), ('CCC1CCNCC1', 0.3333333333333333), ('C=CC1CCNCC1', 0.3333333333333333), ('C#CC1CCNCC1', 0.3333333333333333), ('BrCC1CCNCC1', 0.3333333333333333), ('C1CC(COC2CCNCC2)CCN1', 0.32748538011695905), ('C1CC(CCC2CCNCC2)CCN1', 0.32748538011695905), ('OCN(C1CCNCC1)C1CCNCC1', 0.3218390804597701), ('NCN(C1CCNCC1)C1CCNCC1', 0.3218390804597701), ('ICN(C1CCNCC1)C1CCNCC1', 0.3218390804597701), ('CON(C1CCNCC1)C1CCNCC1', 0.3218390804597701), ('CCN(C1CCNCC1)C1CCNCC1', 0.3218390804597701), ('C1CC(CC2CNC2)CCN1', 0.3188405797101449), ('CC1NC1C1CCNCC1', 0.31746031746031744), ('CN(CC1CCNCC1)C1CCNCC1', 0.3163841807909604), ('O=[N+]([O-])C1CCNCC1', 0.3157894736842105), ('O=C(O)C1CCNCC1', 0.3157894736842105), ('NC(=S)C1CCNCC1', 0.3157894736842105), ('NC(=O)C1CCNCC1', 0.3157894736842105), ('FC(F)C1CCNCC1', 0.3157894736842105), ('CS(=O)C1CCNCC1', 0.3157894736842105), ('CN([O-])C1CCNCC1', 0.3157894736842105), ('CN(S)C1CCNCC1', 0.3157894736842105), ('CN(O)C1CCNCC1', 0.3157894736842105), ('CN(N)C1CCNCC1', 0.3157894736842105), ('CN(F)C1CCNCC1', 0.3157894736842105), ('CN(Cl)C1CCNCC1', 0.3157894736842105), ('CN(C)C1CCNCC1', 0.3157894736842105), ('CC(S)C1CCNCC1', 0.3157894736842105), ('CC(O)C1CCNCC1', 0.3157894736842105), ('CC(N)C1CCNCC1', 0.3157894736842105), ('CC(F)C1CCNCC1', 0.3157894736842105), ('CC(C)C1CCNCC1', 0.3157894736842105), ('CC(=O)C1CCNCC1', 0.3157894736842105), ('C1CNCC(C2CCNCC2)C1', 0.3137254901960784), ('C1CC(CC2CCNC2)CCN1', 0.3137254901960784), ('C1CC(C2CNCCO2)CCN1', 0.3137254901960784), ('C1=C(C2CCNCC2)CNCC1', 0.3137254901960784), ('C1=C(C2CCNCC2)CCNC1', 0.3137254901960784), ('c1[nH][nH]c1C1CCNCC1', 0.31007751937984496), ('O=C(C1CCNCC1)N1CCCNCC1', 0.30601092896174864), ('CN(C1CCNCC1)N1CCCNCC1', 0.30601092896174864), ('C1CC(CCOC2CCNCC2)CCN1', 0.30601092896174864), ('C1CC(CCNC2CCNCC2)CCN1', 0.30601092896174864), ('C(CC1CCNCC1)CC1CCNCC1', 0.30601092896174864), ('C1CNC2(CCNCC2)N=N1', 0.3055555555555555), ('C1CNC(C2CCNCC2)C1', 0.3055555555555555), ('C1CNC(C2CCNCC2)=N1', 0.3055555555555555), ('C1=NC2(CCNCC2)NCC1', 0.3055555555555555), ('C1=C(C2CCNCC2)NCC1', 0.3055555555555555), ('C1=C(C2CCNCC2)CNC1', 0.3055555555555555), ('C1=C(C2CCNCC2)CCN1', 0.3055555555555555), ('CC1(C2CCNCC2)CNCCO1', 0.3018867924528302), ('[O-]CCN(C1CCNCC1)C1CCNCC1', 0.30107526881720426), ('OCCN(C1CCNCC1)C1CCNCC1', 0.30107526881720426), ('NCCN(C1CCNCC1)C1CCNCC1', 0.30107526881720426), ('CCNN(C1CCNCC1)C1CCNCC1', 0.30107526881720426), ('CCCN(C1CCNCC1)C1CCNCC1', 0.30107526881720426)]
