./results/240623_033919/
{'apprentice_load_dir': '/workspace/_ext/data/models/amine250_reduced/LSTM/240614_0712',
 'apprentice_sampling_batch_size': 1,
 'apprentice_training_batch_size': 256,
 'apprentice_training_steps': 8,
 'benchmark_id': 12,
 'benchmark_type': 'amine',
 'dataset': 'amine250_reduced',
 'dataset_path': '/workspace/_ext/data/datasets/amine250_reduced/all.txt',
 'expert_sampling_batch_size': 16383,
 'explainer_load_dir': None,
 'explainer_type': None,
 'genetic_experts': ['SMILES'],
 'learning_rate': 0.001,
 'logger_type': 'CommandLine',
 'max_sampling_batch_size': 1024,
 'max_smiles_length': 100,
 'model_type': 'LSTM',
 'mutation_initial_rate': 0.01,
 'num_jobs': 20,
 'num_keep': 1024,
 'num_smiles_for_similarity': 100,
 'num_steps': 100,
 'project_qualified_name': '',
 'record_filtered': False,
 'sampling_strategy': 'softmax',
 'save_root': './results/',
 'seed': 404,
 'use_best': True,
 'use_cuda': False,
 'use_frozen_explainer': False,
 'use_initial': True}
benchmark_score
0.7959679619479765
[('CC(C)NCCCO', 1.0), ('CC(C)NCCCCO', 0.9032258064516128), ('CC(C)NCCCCCO', 0.7999999999999999), ('CC(C)NCCO', 0.7901234567901234), ('CCCCNC(C)C', 0.7311827956989246), ('CC([O-])NCCCO', 0.7311827956989246), ('CC(O)NCCCO', 0.7311827956989246), ('CC(N)NCCCO', 0.7311827956989246), ('CC(F)NCCCO', 0.7311827956989246), ('CC(Cl)NCCCO', 0.7311827956989246), ('CC(C)NCCCN', 0.7311827956989246), ('CC(O)C(C)NCCCO', 0.7238095238095237), ('CCC(C)NCCCO', 0.7058823529411764), ('CC(C)NCNCCCO', 0.6846846846846846), ('CC(=O)C(C)NCCCO', 0.6666666666666666), ('CC(O)CC(C)NCCCO', 0.6495726495726495), ('CC(F)NC(C)NCCCO', 0.6495726495726495), ('CC(F)CC(C)NCCCO', 0.6495726495726495), ('CC(C)NCCCN(C)CO', 0.6495726495726495), ('COCCCNC(C)C', 0.6476190476190475), ('CNCCCNC(C)C', 0.6476190476190475), ('CCCCCNC(C)C', 0.6476190476190475), ('CC(CO)NCCCO', 0.6476190476190475), ('CC(CN)NCCCO', 0.6476190476190475), ('CC(C)NNCCCO', 0.6476190476190475), ('CC(C)NCCCC#N', 0.6476190476190475), ('COCC(C)NCCCO', 0.631578947368421), ('CCCC(C)NCCCO', 0.631578947368421), ('CC(NCCCO)C(C)(C)C', 0.631578947368421), ('CC(C)C(=O)C(C)NCCCO', 0.6178861788617886), ('CC(NCCCO)[N+](=O)[O-]', 0.6126126126126126), ('CC(NCCCO)C(=O)O', 0.6126126126126126), ('CC(NCCCO)C(=O)F', 0.6126126126126126), ('CC(C)NCCCN(C)C', 0.6126126126126126), ('OCCCNC(F)F', 0.606060606060606), ('CCN(CO)CCCNC(C)C', 0.6031746031746031), ('COC(=O)C(C)NCCCO', 0.6), ('CCC(=O)C(C)NCCCO', 0.6), ('CC(C)NCCCCC(=O)O', 0.6), ('CC(C)NCO', 0.5925925925925926), ('CC(C)CNCCCO', 0.5925925925925926), ('CC(F)CCC(C)NCCCO', 0.5891472868217054), ('CSCCCCNC(C)C', 0.5811965811965811), ('CCOCCCNC(C)C', 0.5811965811965811), ('CCCCCCNC(C)C', 0.5811965811965811), ('CC(CCO)NCCCO', 0.5811965811965811), ('CC(C)NCCCCCF', 0.5811965811965811), ('CCCNC(C)C', 0.5777777777777777), ('CC(C)NCCN', 0.5777777777777777), ('CC(C)NCCF', 0.5777777777777777), ('CC(C)CCCO', 0.5777777777777777), ('CC(C)OC(NCCCO)C(C)O', 0.5757575757575757), ('CCCOC(C)NCCCO', 0.5714285714285714), ('CC(CC(C)(C)C)NCCCO', 0.5714285714285714), ('CC(C)NCCCC([NH3+])C(=O)O', 0.5714285714285714), ('CC(=O)C(=O)C(C)NCCCO', 0.5714285714285714), ('CC(O)C(NCCCO)OO', 0.5666666666666667), ('CC(C)C(=O)NCCCO', 0.5614035087719298), ('CC(NCCCO)C(=O)OO', 0.5528455284552845), ('CC(NCCCO)C(=O)ON', 0.5528455284552845), ('CC(NCCCO)C(=O)OF', 0.5528455284552845), ('CC(NCCCO)C(=O)CN', 0.5528455284552845), ('CC(CC(=O)O)NCCCO', 0.5528455284552845), ('CC(C)C(C)NCCCCO', 0.5528455284552845), ('C#CC(=O)C(C)NCCCO', 0.5528455284552845), ('CNCCCO', 0.5517241379310345), ('CCCC(CC(C)C)NCCCO', 0.5507246376811594), ('CC(N)C1CC1C(C)NCCCO', 0.5507246376811594), ('CC(C)NCCNO', 0.5490196078431372), ('CCC(CO)NCCCO', 0.547008547008547), ('Cc1cn(C(C)NCCCO)[nH]1', 0.5454545454545454), ('COOC(=O)C(C)NCCCO', 0.5454545454545454), ('CCOC(=O)C(C)NCCCO', 0.5454545454545454), ('CCCC(=O)C(C)NCCCO', 0.5454545454545454), ('CC(NCCCO)C(=O)C(C)(C)C', 0.5454545454545454), ('CC([O-])NCCCCO', 0.5405405405405406), ('CC(O)NCCCCO', 0.5405405405405406), ('CC(N)NCCCCO', 0.5405405405405406), ('CC(Cl)NCCCCO', 0.5405405405405406), ('CC(O)CCNC(C)NCCCO', 0.5390070921985815), ('CC(C)CCCC(C)NCCCO', 0.5390070921985815), ('COC(C)NCCCCO', 0.5333333333333333), ('CCC(C)NCCCCO', 0.5333333333333333), ('CC(C)SCNCCCO', 0.5333333333333333), ('CC(C)CCNCCCO', 0.5333333333333333), ('CC(C)C=CNCCCO', 0.5333333333333333), ('CC(=O)OC(NCCCO)C(C)O', 0.5333333333333333), ('CCCCCCCNC(C)C', 0.5271317829457364), ('CC(NCCCO)NC1CC1', 0.5271317829457364), ('CC(NCCCO)C(=O)C(=O)O', 0.5271317829457364), ('CC(NCCCO)OC(=O)N(C)C', 0.5217391304347826), ('CC(CN)OC(=O)C(C)NCCCO', 0.5170068027210883), ('CC(C)COC(=O)C(C)NCCCO', 0.5170068027210883), ('COC(=O)C(NCCCO)OC', 0.5151515151515151), ('CCC(NCCCO)C(=O)OC', 0.5151515151515151), ('CC(C)NCC(O)CCO', 0.5128205128205128), ('CC(C)NC(F)CCCO', 0.5128205128205128), ('CC(C)NC(=O)CCCO', 0.5128205128205128), ('COC(=O)C(O)NCCCO', 0.5079365079365079), ('CC(C)C(C)NNCCCO', 0.5079365079365079)]
