./results/240624_070817/
{'apprentice_load_dir': '/workspace/_ext/data/models/amine250_reduced/LSTM/240614_0712',
 'apprentice_sampling_batch_size': 1,
 'apprentice_training_batch_size': 256,
 'apprentice_training_steps': 8,
 'benchmark_id': 15,
 'benchmark_type': 'amine',
 'dataset': 'amine250_reduced',
 'dataset_path': '/workspace/_ext/data/datasets/amine250_reduced/all.txt',
 'expert_sampling_batch_size': 16383,
 'explainer_load_dir': None,
 'explainer_type': None,
 'genetic_experts': ['SMILES'],
 'learning_rate': 0.001,
 'logger_type': 'CommandLine',
 'max_sampling_batch_size': 1024,
 'max_smiles_length': 100,
 'model_type': 'LSTM',
 'mutation_initial_rate': 0.01,
 'num_jobs': 20,
 'num_keep': 1024,
 'num_smiles_for_similarity': 100,
 'num_steps': 100,
 'project_qualified_name': '',
 'record_filtered': False,
 'sampling_strategy': 'softmax',
 'save_root': './results/',
 'seed': 404,
 'use_best': True,
 'use_cuda': False,
 'use_frozen_explainer': False,
 'use_initial': True}
benchmark_score
0.6715999138286465
[('CN1CCNCC1', 1.0), ('CN1CCCNCC1', 0.7676767676767677), ('CON1CCNCC1', 0.6666666666666666), ('CCN1CCNCC1', 0.6666666666666666), ('CN1CCCC1', 0.5057471264367815), ('CON1CCCNCC1', 0.4552845528455285), ('CNN1CCCNCC1', 0.4552845528455285), ('CCN1CCCNCC1', 0.4552845528455285), ('[O-]N1CCCNCC1', 0.4444444444444444), ('SN1CCCNCC1', 0.4444444444444444), ('ON1CCCNCC1', 0.4444444444444444), ('NN1CCCNCC1', 0.4444444444444444), ('IN1CCCNCC1', 0.4444444444444444), ('FN1CCCNCC1', 0.4444444444444444), ('ClN1CCCNCC1', 0.4444444444444444), ('CN1CCOCC1', 0.4444444444444444), ('CN1CCNCN1', 0.4444444444444444), ('CN1CCCCC1', 0.4444444444444444), ('BrN1CCCNCC1', 0.4444444444444444), ('CN(C)N1CCCNCC1', 0.43410852713178294), ('CC(O)N1CCCNCC1', 0.43410852713178294), ('CC(N)N1CCCNCC1', 0.43410852713178294), ('CC(F)N1CCCNCC1', 0.43410852713178294), ('CC(C)N1CCCNCC1', 0.43410852713178294), ('CC(=O)N1CCCNCC1', 0.43410852713178294), ('COON1CCCNCC1', 0.4148148148148148), ('CONN1CCCNCC1', 0.4148148148148148), ('COCN1CCCNCC1', 0.4148148148148148), ('CCON1CCCNCC1', 0.4148148148148148), ('CCNN1CCCNCC1', 0.4148148148148148), ('CCCN1CCCNCC1', 0.4148148148148148), ('CC(C)(O)N1CCCNCC1', 0.4148148148148148), ('CC(C)(C)N1CCCNCC1', 0.4148148148148148), ('[O-]NN1CCCNCC1', 0.4126984126984127), ('[O-]CN1CCCNCC1', 0.4126984126984127), ('OON1CCCNCC1', 0.4126984126984127), ('ONN1CCCNCC1', 0.4126984126984127), ('OCN1CCCNCC1', 0.4126984126984127), ('O=CN1CCCNCC1', 0.4126984126984127), ('NON1CCCNCC1', 0.4126984126984127), ('NNN1CCCNCC1', 0.4126984126984127), ('NCN1CCCNCC1', 0.4126984126984127), ('N#CN1CCCNCC1', 0.4126984126984127), ('FON1CCCNCC1', 0.4126984126984127), ('FNN1CCCNCC1', 0.4126984126984127), ('FCN1CCCNCC1', 0.4126984126984127), ('ClON1CCCNCC1', 0.4126984126984127), ('ClNN1CCCNCC1', 0.4126984126984127), ('C=CN1CCCNCC1', 0.4126984126984127), ('C#CN1CCCNCC1', 0.4126984126984127), ('CN1CCN(C2CCNCC2)CC1', 0.41025641025641024), ('CN1CCC(C2CCNCC2)CC1', 0.41025641025641024), ('CN1CCNC(=O)C1', 0.40740740740740744), ('CN1CCN([O-])CC1', 0.40740740740740744), ('CN1CCN(S)CC1', 0.40740740740740744), ('CN1CCN(O)CC1', 0.40740740740740744), ('CN1CCN(N)CC1', 0.40740740740740744), ('CN1CCN(I)CC1', 0.40740740740740744), ('CN1CCN(F)CC1', 0.40740740740740744), ('CN1CCN(Cl)CC1', 0.40740740740740744), ('CN1CCN(C)CC1', 0.40740740740740744), ('CN1CCN(Br)CC1', 0.40740740740740744), ('CN1CCC([O-])CC1', 0.40740740740740744), ('CN1CCC(S)CC1', 0.40740740740740744), ('CN1CCC(O)CC1', 0.40740740740740744), ('CN1CCC(N)CC1', 0.40740740740740744), ('CN1CCC(F)CC1', 0.40740740740740744), ('CN1CCC(Cl)CC1', 0.40740740740740744), ('CN1CCC(Br)CC1', 0.40740740740740744), ('CC1CNCCN1C', 0.40740740740740744), ('CC1CCN(C)CC1', 0.40740740740740744), ('C=C1CCN(C)CC1', 0.40740740740740744), ('CN1CCN(N2CCCNCC2)CC1', 0.39766081871345027), ('CN1CCC(N2CCCNCC2)CC1', 0.39766081871345027), ('CSC(=S)N1CCCNCC1', 0.39716312056737585), ('CS(=O)ON1CCCNCC1', 0.39716312056737585), ('COC(=O)N1CCCNCC1', 0.39716312056737585), ('CNC(=O)N1CCCNCC1', 0.39716312056737585), ('CN([O-])CN1CCCNCC1', 0.39716312056737585), ('CN(O)CN1CCCNCC1', 0.39716312056737585), ('CN(N)CN1CCCNCC1', 0.39716312056737585), ('CN(F)CN1CCCNCC1', 0.39716312056737585), ('CN(Cl)CN1CCCNCC1', 0.39716312056737585), ('CN(C)ON1CCCNCC1', 0.39716312056737585), ('CN(C)CN1CCCNCC1', 0.39716312056737585), ('CN(Br)CN1CCCNCC1', 0.39716312056737585), ('CCC(C)N1CCCNCC1', 0.39716312056737585), ('CCC(=O)N1CCCNCC1', 0.39716312056737585), ('CC1NC1N1CCCNCC1', 0.39716312056737585), ('CC(CO)N1CCCNCC1', 0.39716312056737585), ('CC(C)CN1CCCNCC1', 0.39716312056737585), ('CC(=O)NN1CCCNCC1', 0.39716312056737585), ('O=C([O-])N1CCCNCC1', 0.3939393939393939), ('O=C(S)N1CCCNCC1', 0.3939393939393939), ('O=C(O)N1CCCNCC1', 0.3939393939393939), ('O=C(F)N1CCCNCC1', 0.3939393939393939), ('O=C(Cl)N1CCCNCC1', 0.3939393939393939), ('O=C(Br)N1CCCNCC1', 0.3939393939393939), ('NC(=O)N1CCCNCC1', 0.3939393939393939), ('FC(F)N1CCCNCC1', 0.3939393939393939)]
