./results/240626_210837/
{'apprentice_load_dir': '/workspace/_ext/data/models/amine250_reduced/LSTM/240614_0712',
 'apprentice_sampling_batch_size': 1,
 'apprentice_training_batch_size': 256,
 'apprentice_training_steps': 8,
 'benchmark_id': 22,
 'benchmark_type': 'amine',
 'dataset': 'amine250_reduced',
 'dataset_path': '/workspace/_ext/data/datasets/amine250_reduced/all.txt',
 'expert_sampling_batch_size': 16383,
 'explainer_load_dir': None,
 'explainer_type': None,
 'genetic_experts': ['SMILES'],
 'learning_rate': 0.001,
 'logger_type': 'CommandLine',
 'max_sampling_batch_size': 1024,
 'max_smiles_length': 100,
 'model_type': 'LSTM',
 'mutation_initial_rate': 0.01,
 'num_jobs': 20,
 'num_keep': 1024,
 'num_smiles_for_similarity': 100,
 'num_steps': 100,
 'project_qualified_name': '',
 'record_filtered': False,
 'sampling_strategy': 'softmax',
 'save_root': './results/',
 'seed': 404,
 'use_best': True,
 'use_cuda': False,
 'use_frozen_explainer': False,
 'use_initial': True}
benchmark_score
0.4276048180747847
[('OCCN1CCCCC1', 0.5), ('CN1CCCCC1CO', 0.5), ('OCCN1CCCC1', 0.47073443584563585), ('CN1CCCCC1CCO', 0.424968887345366), ('OCCN1CCCCCC1', 0.4188539082916955), ('OCN1CCCCC1', 0.4188260765425508), ('OCCCN1CCCCC1', 0.39970403251589476), ('CN1CCCCC1CCCO', 0.38924947208076144), ('CN1CCCCC1CCN1CCCCC1', 0.382039947410267), ('OCN1CCCC1', 0.38118124993124375), ('CCCN1CCCCC1', 0.37654087294883953), ('CN1CCCCC1CCN1CCCC1', 0.3727101499963041), ('CN1CCCC1CO', 0.37262572358034113), ('OCCCN1CCCC1', 0.37080992435478316), ('CCN1CCCCC1', 0.36760731104690386), ('OCCCCN1CCCCC1', 0.36681261567265006), ('OCCN1CCC1', 0.36550478793033614), ('[O-]N1CCCCC1CO', 0.3627381250550058), ('OCC1CCCCN1O', 0.3627381250550058), ('OCC1CCCCN1I', 0.3627381250550058), ('OCC1CCCCN1F', 0.3627381250550058), ('OCC1CCCCN1Cl', 0.3627381250550058), ('NN1CCCCC1CO', 0.3627381250550058), ('CN1CCCCC1C[O-]', 0.3625307868699863), ('CN1CCCCC1CN', 0.3625307868699863), ('CN1CCCCC1CF', 0.3625307868699863), ('CN1CCCCC1CCl', 0.3625307868699863), ('CCC1CCCCN1C', 0.3625307868699863), ('CCN1CCCCC1CO', 0.3613302379950044), ('CN1CCCCC1CN1CCCCC1', 0.3607826492188375), ('CC(O)CCN1CCCCC1', 0.3594425773447947), ('CN1CCCCC1CCCCO', 0.35911132432323123), ('CN1CCCCC1CCCN1CCCCC1', 0.3587078597847121), ('OCCN1CCCCC1CO', 0.35841660797672975), ('[O-]CCN1CCCCC1', 0.35540932665545544), ('NCCN1CCCCC1', 0.35540932665545544), ('ICCN1CCCCC1', 0.35540932665545544), ('FCCN1CCCCC1', 0.35540932665545544), ('ClCCN1CCCCC1', 0.35540932665545544), ('BrCCN1CCCCC1', 0.35540932665545544), ('CN1CCCCC1CCCN1CCCC1', 0.34902133033527305), ('OCC1CCCCN1CO', 0.34839903284562723), ('OCC1CCCCN1CF', 0.34839903284562723), ('OCC1CCCCN1CCl', 0.34839903284562723), ('OCC1CCCCN1CBr', 0.34839903284562723), ('NCN1CCCCC1CO', 0.34839903284562723), ('[O-]CN1CCCCC1', 0.3465834966066909), ('SCN1CCCCC1', 0.3465834966066909), ('NCN1CCCCC1', 0.3465834966066909), ('FCN1CCCCC1', 0.3465834966066909), ('ClCN1CCCCC1', 0.3465834966066909), ('BrCN1CCCCC1', 0.3465834966066909), ('CCCN1CCCC1', 0.3450917545933532), ('CC(C)(O)CCN1CCCCC1', 0.3450327796711771), ('COCCN1CCCCC1', 0.3443811591090984), ('CNCCN1CCCCC1', 0.3443811591090984), ('CCCCN1CCCCC1', 0.3443811591090984), ('CON1CCCCC1CO', 0.34380063161145485), ('OCN1CCCCCC1', 0.3423584412944734), ('CC(O)CN1CCCCC1', 0.3423584412944734), ('CN1CCCCC1CCN', 0.34224206291692083), ('CN1CCCCC1CCI', 0.34224206291692083), ('CN1CCCCC1CCF', 0.34224206291692083), ('CN1CCCCC1CCCl', 0.34224206291692083), ('CN1CCCCC1CCBr', 0.34224206291692083), ('CCCC1CCCCN1C', 0.34224206291692083), ('OCCCN1CCCCCC1', 0.3419671464269372), ('O=C(O)CCN1CCCCC1', 0.34099716973523675), ('CCCN1CCCCC1CO', 0.34088932749037176), ('CC(C)(CO)CN1CCCCC1', 0.34009897296521235), ('OCCCCN1CCCC1', 0.3396831102433787), ('CN1CCCCC1CC(=O)O', 0.3390908114314107), ('CC(O)CC1CCCCN1C', 0.3390908114314107), ('OCC1CCCCN1CN1CCCCC1', 0.337768118074074), ('C1CCN(CCC2CC2)CC1', 0.3343669275452117), ('CC1CCCCN1CCO', 0.3334056948523304), ('CC(CO)CCCN1CCCCC1', 0.33289588782552954), ('O=CN1CCCCC1CO', 0.33149677206589795), ('N#CN1CCCCC1CO', 0.33149677206589795), ('CN(C)CCN1CCCCC1', 0.3302891295379082), ('CC(O)CCN1CCCC1', 0.3302891295379082), ('CC(N)CCN1CCCCC1', 0.3302891295379082), ('CC(F)CCN1CCCCC1', 0.3302891295379082), ('CC(C)CCN1CCCCC1', 0.3302891295379082), ('CC(=O)CCN1CCCCC1', 0.3302891295379082), ('CN1CCCCC1O', 0.3296902366978935), ('CN1CCCCC1', 0.3294732638302346), ('CCN1CCCC1', 0.3294732638302346), ('CC(C)N1CCCCC1CO', 0.3294345637345082), ('CC(=O)N1CCCCC1CO', 0.3294345637345082), ('CN1CCCCC1CCC(=O)O', 0.3293547878370473), ('OCC1CCCCN1CCF', 0.3291158074298368), ('OCC1CCCCN1CCCl', 0.3291158074298368), ('NCCN1CCCCC1CO', 0.3291158074298368), ('CN1CCCCC1CCCCN1CCCC1', 0.3281650616569468), ('OC=CCCN1CCCCC1', 0.32743316208583434), ('ONCCN1CCCC1', 0.32695550586933103), ('CSCN1CCCCC1', 0.32695550586933103), ('COCN1CCCCC1', 0.32695550586933103), ('CNCN1CCCCC1', 0.32695550586933103)]
