./results/240625_190243/
{'apprentice_load_dir': '/workspace/_ext/data/models/amine250_reduced/LSTM/240614_0712',
 'apprentice_sampling_batch_size': 1,
 'apprentice_training_batch_size': 256,
 'apprentice_training_steps': 8,
 'benchmark_id': 19,
 'benchmark_type': 'amine',
 'dataset': 'amine250_reduced',
 'dataset_path': '/workspace/_ext/data/datasets/amine250_reduced/all.txt',
 'expert_sampling_batch_size': 16383,
 'explainer_load_dir': None,
 'explainer_type': None,
 'genetic_experts': ['SMILES'],
 'learning_rate': 0.001,
 'logger_type': 'CommandLine',
 'max_sampling_batch_size': 1024,
 'max_smiles_length': 100,
 'model_type': 'LSTM',
 'mutation_initial_rate': 0.01,
 'num_jobs': 20,
 'num_keep': 1024,
 'num_smiles_for_similarity': 100,
 'num_steps': 100,
 'project_qualified_name': '',
 'record_filtered': False,
 'sampling_strategy': 'softmax',
 'save_root': './results/',
 'seed': 404,
 'use_best': True,
 'use_cuda': False,
 'use_frozen_explainer': False,
 'use_initial': True}
benchmark_score
0.7386827395752619
[('CCCNCCNCCN', 0.8780487804878049), ('NCCNCCNCN', 0.8547008547008548), ('NCCNCCN', 0.7999999999999999), ('CCCCNCCNCCN', 0.7999999999999999), ('NCCNCCNCCOCNCCN', 0.7619047619047619), ('NCCNCCNCO', 0.7479674796747968), ('CCNCCNCCN', 0.7479674796747968), ('CC(CCN)CNCCNCCN', 0.7058823529411764), ('NCCNCCNCC(N)O', 0.6956521739130435), ('NCCNCCNCNO', 0.6814814814814814), ('NCCNCCNN', 0.6666666666666666), ('CCOC(=O)CCNCCNCCN', 0.6545454545454545), ('NCCNCCOCNCCN', 0.65359477124183), ('NCCNCCNCC(O)O', 0.652482269503546), ('CN(C)CNCCNCCN', 0.652482269503546), ('CC(O)CNCCNCCN', 0.652482269503546), ('CC(C)CNCCNCCN', 0.652482269503546), ('NCCNCNCCN', 0.6511627906976744), ('N=C(N)SCNCCNCCN', 0.6399999999999999), ('CCC(O)CNCCNCCN', 0.6399999999999999), ('NCCNCCCNCN', 0.6376811594202898), ('NCCNCCNCN1CC1', 0.6258503401360545), ('NCCNCCNCC1CC1', 0.6258503401360545), ('NCCNCCNCCn1ccnc1', 0.6206896551724137), ('NCCNCCNO', 0.6178861788617886), ('NCCNCCNF', 0.6178861788617886), ('NCCNCCNCl', 0.6178861788617886), ('NCCCNCCN', 0.6178861788617886), ('CNCCNCCN', 0.6178861788617886), ('NCCNCCNCC(O)C(N)=O', 0.6153846153846154), ('NCCCCNCCN', 0.606060606060606), ('COC(O)CNCCNCCN', 0.6013071895424836), ('COC(C)CNCCNCCN', 0.6013071895424836), ('CC(C)NCNCCNCCN', 0.6013071895424836), ('NCCCC(=O)NCCNCCN', 0.5925925925925926), ('CCOC(O)CNCCNCCN', 0.5925925925925926), ('NCCNCCNCCc1ccccc1', 0.5806451612903225), ('NCCNCCNC(N)=O', 0.5797101449275361), ('NCCNCCNCC(O)C(O)O', 0.5786163522012578), ('NCCNCCNCC(O)C(=O)O', 0.5786163522012578), ('N#CNCCNCCN', 0.5629629629629629), ('CSNCCNCCN', 0.5629629629629629), ('NCCNCCOCCNCN', 0.5432098765432098), ('NCCNCCCCNCCO', 0.5432098765432098), ('NCCNCCNCc1ccc(CN)cc1', 0.5416666666666666), ('NCCNCCN[N+](=O)[O-]', 0.5390070921985815), ('NCCNCCNC(O)O', 0.5390070921985815), ('NCCNCCNC(=O)Br', 0.5390070921985815), ('CC(C)NCCNCCN', 0.5390070921985815), ('CC(=O)NCCNCCN', 0.5390070921985815), ('CC1NC1C(O)CNCCNCCN', 0.5380116959064327), ('C=CC(=O)C(O)CNCCNCCN', 0.5380116959064327), ('CC(CCCCNCN)CNCCNCCN', 0.5373134328358209), ('CCC(=O)NCCNCCN', 0.5333333333333333), ('NCCNCCNCc1ccsc1', 0.5287356321839081), ('NCCNCCNCC(O)C1CCC1', 0.5287356321839081), ('NCCNCCCNCC(N)=O', 0.5283018867924528), ('NCCCNCCNCC(N)=O', 0.5283018867924528), ('CC(CNCCNCCN)C(C#N)C(N)=O', 0.5245901639344261), ('NCCNCCCNF', 0.5217391304347826), ('NCCNCCCNCl', 0.5217391304347826), ('NCCNCCCCNCCOCNCCN', 0.5217391304347826), ('CNCCCNCCN', 0.5217391304347826), ('CC(CNCCNCCN)OC(C)(C)C', 0.519774011299435), ('NCCNCCNC(F)(F)F', 0.5170068027210883), ('CCCCNCCNCN', 0.5170068027210883), ('NCCNCCNCC(O)NCCCNCl', 0.5128205128205128), ('N#CCNCCCNCCN', 0.5128205128205128), ('CC(CNCCCF)CNCCNCCN', 0.5128205128205128), ('CC(C)(CO)NCCNCCN', 0.5128205128205128), ('C#CCONCCNCCN', 0.5128205128205128), ('NCCNCCNCC1CC=C(Cl)C1', 0.5111111111111111), ('CC(N)CC(=O)NCCNCCN', 0.509090909090909), ('CCN(CN)CCNCCN', 0.5066666666666666), ('NCCCNCCOCNCCN', 0.5057471264367815), ('NCCNCCNC(=O)CNCCOCNCCN', 0.5045045045045045), ('C=CC(=O)NCCNCCN', 0.49673202614379086), ('NCCNCCNCc1ccccc1', 0.4946236559139785), ('NCCNCCNCC1C=NC=CC1', 0.4946236559139785), ('Cc1[nH]cc(CNCCNCCN)c1C', 0.4946236559139785), ('NCNCCNCCCC(N)=O', 0.49382716049382713), ('NCCNCCCCNC(N)=O', 0.49382716049382713), ('CC(O)CNCCNCCCN', 0.49382716049382713), ('CC(O)CNCCCNCCN', 0.49382716049382713), ('NCCNCCNCC(O)c1ccc(CCN)cc1', 0.4931506849315068), ('NCCNCCNC(=O)CCCO', 0.49122807017543857), ('NC=CCC(=O)NCCNCCN', 0.49122807017543857), ('NC(=O)CCCNCCNCCO', 0.49122807017543857), ('CCCNCCNCCCC(N)=O', 0.49122807017543857), ('CCCCC(=O)NCCNCCN', 0.49122807017543857), ('NCCNCCS', 0.4878048780487805), ('NCCNCCO', 0.4878048780487805), ('NCCNCCF', 0.4878048780487805), ('NCCNCCCl', 0.4878048780487805), ('CCCNCCN', 0.4878048780487805), ('NCCNCCNCNC(=O)NC1CC1', 0.48677248677248675), ('NCCNCCCS', 0.48484848484848486), ('NCCNCCCO', 0.48484848484848486), ('NCCNCCCF', 0.48484848484848486), ('CCCCNCCN', 0.48484848484848486)]
