./results/240622_200645/
{'apprentice_load_dir': '/workspace/_ext/data/models/amine250_reduced/XTransformer/240617_0319',
 'apprentice_sampling_batch_size': 8192,
 'apprentice_training_batch_size': 256,
 'apprentice_training_steps': 8,
 'benchmark_id': 21,
 'benchmark_type': 'amine',
 'dataset': 'amine250_reduced',
 'dataset_path': '/workspace/_ext/data/datasets/amine250_reduced/all.txt',
 'expert_sampling_batch_size': 8192,
 'explainer_load_dir': None,
 'explainer_type': None,
 'genetic_experts': ['SMILES'],
 'learning_rate': 0.001,
 'logger_type': 'CommandLine',
 'max_sampling_batch_size': 1024,
 'max_smiles_length': 100,
 'model_type': 'XTransformer',
 'mutation_initial_rate': 0.01,
 'num_jobs': 8,
 'num_keep': 1024,
 'num_smiles_for_similarity': 100,
 'num_steps': 100,
 'project_qualified_name': '',
 'record_filtered': False,
 'sampling_strategy': 'softmax',
 'save_root': './results/',
 'seed': 404,
 'use_best': True,
 'use_cuda': True,
 'use_frozen_explainer': False,
 'use_initial': True}
benchmark_score
0.395170320221996
[('CCN(CCOCCO)CCN1CCCCC1', 0.41988804478009817), ('CCN(CCOCCO)CN1CCCCC1', 0.41147559989891175), ('CCN(CCCN1CCCCC1)CCOCCO', 0.39571022010214635), ('[O+34]CN(CCOCCO)CCN1CCCCC1', 0.3776316112335101), ('[N+5]CN(CCOCCO)CCN1CCCCC1', 0.3776316112335101), ('[C+91]CN(CCOCCO)CCN1CCCCC1', 0.3776316112335101), ('[C+8]CN(CCOCCO)CCN1CCCCC1', 0.3776316112335101), ('[C+84]CN(CCOCCO)CCN1CCCCC1', 0.3776316112335101), ('[C+7]CN(CCOCCO)CCN1CCCCC1', 0.3776316112335101), ('[C+115]CN(CCOCCO)CCN1CCCCC1', 0.3776316112335101), ('OCCOCCN(C[SiH])CCN1CCCCC1', 0.3776316112335101), ('OCCOCCN(C[SiH8+9])CCN1CCCCC1', 0.3776316112335101), ('OCCOCCN(C[SiH8+3])CCN1CCCCC1', 0.3776316112335101), ('OCCOCCN(C[SiH7+21])CCN1CCCCC1', 0.3776316112335101), ('OCCOCCN(C[SiH6+33])CCN1CCCCC1', 0.3776316112335101), ('OCCOCCN(C[SiH6+15])CCN1CCCCC1', 0.3776316112335101), ('OCCOCCN(C[SiH5+4])CCN1CCCCC1', 0.3776316112335101), ('OCCOCCN(C[SiH4+51])CCN1CCCCC1', 0.3776316112335101), ('OCCOCCN(C[SiH3+98])CCN1CCCCC1', 0.3776316112335101), ('OCCOCCN(C[SiH3+8])CCN1CCCCC1', 0.3776316112335101), ('OCCOCCN(C[SiH3+63])CCN1CCCCC1', 0.3776316112335101), ('OCCOCCN(C[SiH3+50])CCN1CCCCC1', 0.3776316112335101), ('OCCOCCN(C[SiH3+39])CCN1CCCCC1', 0.3776316112335101), ('OCCOCCN(C[SiH3+35])CCN1CCCCC1', 0.3776316112335101), ('OCCOCCN(C[SiH3+28])CCN1CCCCC1', 0.3776316112335101), ('OCCOCCN(C[SiH3+119])CCN1CCCCC1', 0.3776316112335101), ('OCCOCCN(C[SiH3+108])CCN1CCCCC1', 0.3776316112335101), ('OCCOCCN(C[SiH2])CCN1CCCCC1', 0.3776316112335101), ('OCCOCCN(C[SiH2+96])CCN1CCCCC1', 0.3776316112335101), ('OCCOCCN(C[SiH2+91])CCN1CCCCC1', 0.3776316112335101), ('OCCOCCN(C[SiH2+88])CCN1CCCCC1', 0.3776316112335101), ('OCCOCCN(C[SiH2+84])CCN1CCCCC1', 0.3776316112335101), ('OCCOCCN(C[SiH2+68])CCN1CCCCC1', 0.3776316112335101), ('OCCOCCN(C[SiH2+54])CCN1CCCCC1', 0.3776316112335101), ('OCCOCCN(C[SiH2+46])CCN1CCCCC1', 0.3776316112335101), ('OCCOCCN(C[SiH2+43])CCN1CCCCC1', 0.3776316112335101), ('OCCOCCN(C[SiH2+3])CCN1CCCCC1', 0.3776316112335101), ('OCCOCCN(C[SiH2+21])CCN1CCCCC1', 0.3776316112335101), ('OCCOCCN(C[SiH2+118])CCN1CCCCC1', 0.3776316112335101), ('OCCOCCN(C[SiH+92])CCN1CCCCC1', 0.3776316112335101), ('OCCOCCN(C[SiH+87])CCN1CCCCC1', 0.3776316112335101), ('OCCOCCN(C[SiH+80])CCN1CCCCC1', 0.3776316112335101), ('OCCOCCN(C[SiH+68])CCN1CCCCC1', 0.3776316112335101), ('OCCOCCN(C[SiH+56])CCN1CCCCC1', 0.3776316112335101), ('OCCOCCN(C[SiH+3])CCN1CCCCC1', 0.3776316112335101), ('OCCOCCN(C[SiH+18])CCN1CCCCC1', 0.3776316112335101), ('OCCOCCN(C[SiH+12])CCN1CCCCC1', 0.3776316112335101), ('OCCOCCN(C[SiH+122])CCN1CCCCC1', 0.3776316112335101), ('OCCOCCN(C[SiH+112])CCN1CCCCC1', 0.3776316112335101), ('OCCOCCN(C[SiH+110])CCN1CCCCC1', 0.3776316112335101), ('OCCOCCN(C[SiH+105])CCN1CCCCC1', 0.3776316112335101), ('OCCOCCN(C[SiH+100])CCN1CCCCC1', 0.3776316112335101), ('OCCOCCN(C[Si-])CCN1CCCCC1', 0.3776316112335101), ('OCCOCCN(C[Si+99])CCN1CCCCC1', 0.3776316112335101), ('OCCOCCN(C[Si+80])CCN1CCCCC1', 0.3776316112335101), ('OCCOCCN(C[Si+45])CCN1CCCCC1', 0.3776316112335101), ('OCCOCCN(C[Si+44])CCN1CCCCC1', 0.3776316112335101), ('OCCOCCN(C[Si+2])CCN1CCCCC1', 0.3776316112335101), ('OCCOCCN(C[SH2+5])CCN1CCCCC1', 0.3776316112335101), ('OCCOCCN(C[SH2+36])CCN1CCCCC1', 0.3776316112335101), ('OCCOCCN(C[S+113])CCN1CCCCC1', 0.3776316112335101), ('OCCOCCN(C[S+110])CCN1CCCCC1', 0.3776316112335101), ('OCCOCCN(C[PH3-])CCN1CCCCC1', 0.3776316112335101), ('OCCOCCN(C[PH3+86])CCN1CCCCC1', 0.3776316112335101), ('OCCOCCN(C[PH+39])CCN1CCCCC1', 0.3776316112335101), ('OCCOCCN(C[P+81])CCN1CCCCC1', 0.3776316112335101), ('OCCOCCN(C[P+21])CCN1CCCCC1', 0.3776316112335101), ('OCCOCCN(C[P+120])CCN1CCCCC1', 0.3776316112335101), ('OCCOCCN(C[OH3+95])CCN1CCCCC1', 0.3776316112335101), ('OCCOCCN(C[OH3+35])CCN1CCCCC1', 0.3776316112335101), ('OCCOCCN(C[OH3+21])CCN1CCCCC1', 0.3776316112335101), ('OCCOCCN(C[OH3+111])CCN1CCCCC1', 0.3776316112335101), ('OCCOCCN(C[OH3+10])CCN1CCCCC1', 0.3776316112335101), ('OCCOCCN(C[OH2+5])CCN1CCCCC1', 0.3776316112335101), ('OCCOCCN(C[OH+116])CCN1CCCCC1', 0.3776316112335101), ('OCCOCCN(C[ClH+61])CCN1CCCCC1', 0.3776316112335101), ('OCCOCCN(C[Cl+31])CCN1CCCCC1', 0.3776316112335101), ('OCCOCCN(C[Cl+115])CCN1CCCCC1', 0.3776316112335101), ('OCCOCCN(C[BrH3+114])CCN1CCCCC1', 0.3776316112335101), ('OCCOCCN(C[BrH2+9])CCN1CCCCC1', 0.3776316112335101), ('OCCOCCN(C[BrH2+95])CCN1CCCCC1', 0.3776316112335101), ('OCCOCCN(C[BrH2+92])CCN1CCCCC1', 0.3776316112335101), ('OCCOCCN(C[BrH2+75])CCN1CCCCC1', 0.3776316112335101), ('OCCOCCN(C[BrH2+64])CCN1CCCCC1', 0.3776316112335101), ('OCCOCCN(C[BrH2+48])CCN1CCCCC1', 0.3776316112335101), ('OCCOCCN(C[BrH2+115])CCN1CCCCC1', 0.3776316112335101), ('OCCOCCN(C[BrH+96])CCN1CCCCC1', 0.3776316112335101), ('OCCOCCN(C[BrH+38])CCN1CCCCC1', 0.3776316112335101), ('OCCOCCN(C[BrH+23])CCN1CCCCC1', 0.3776316112335101), ('OCCOCCN(C[BrH+22])CCN1CCCCC1', 0.3776316112335101), ('OCCOCCN(C[BrH+19])CCN1CCCCC1', 0.3776316112335101), ('OCCOCCN(C[BrH+12])CCN1CCCCC1', 0.3776316112335101), ('OCCOCCN(C[Br+56])CCN1CCCCC1', 0.3776316112335101), ('OCCOCCN(C[Br+53])CCN1CCCCC1', 0.3776316112335101), ('OCCOCCN(C[Br+16])CCN1CCCCC1', 0.3776316112335101), ('OCCOCCN(C[Br+13])CCN1CCCCC1', 0.3776316112335101), ('OCCOCCN(C[Br+124])CCN1CCCCC1', 0.3776316112335101), ('OCCOCCN(C[Br+121])CCN1CCCCC1', 0.3776316112335101), ('OCCOCCN(C[Br+120])CCN1CCCCC1', 0.3776316112335101), ('OCCOCCN(C[Br+10])CCN1CCCCC1', 0.3776316112335101)]
