./results/240622_232510/
{'apprentice_load_dir': '/workspace/_ext/data/models/amine250_reduced/XTransformer/240617_0319',
 'apprentice_sampling_batch_size': 8192,
 'apprentice_training_batch_size': 256,
 'apprentice_training_steps': 8,
 'benchmark_id': 24,
 'benchmark_type': 'amine',
 'dataset': 'amine250_reduced',
 'dataset_path': '/workspace/_ext/data/datasets/amine250_reduced/all.txt',
 'expert_sampling_batch_size': 8192,
 'explainer_load_dir': None,
 'explainer_type': None,
 'genetic_experts': ['SMILES'],
 'learning_rate': 0.001,
 'logger_type': 'CommandLine',
 'max_sampling_batch_size': 1024,
 'max_smiles_length': 100,
 'model_type': 'XTransformer',
 'mutation_initial_rate': 0.01,
 'num_jobs': 8,
 'num_keep': 1024,
 'num_smiles_for_similarity': 100,
 'num_steps': 100,
 'project_qualified_name': '',
 'record_filtered': False,
 'sampling_strategy': 'softmax',
 'save_root': './results/',
 'seed': 404,
 'use_best': True,
 'use_cuda': True,
 'use_frozen_explainer': False,
 'use_initial': True}
benchmark_score
1.0
[('[OH2+]C[N+]1CC1C[OH2+22]', 1.0), ('[OH2+]CC1C[N+]1C[OH2+2]', 1.0), ('[OH2+2]C[N+]=CCC[OH2+22]', 1.0), ('[OH2+2]C[N+]1CC1C[OH2+22]', 1.0), ('[OH2+2]CC[N+]C1C[OH2+2]1', 1.0), ('[OH2+2]CCC=[N+]C[OH2+23]', 1.0), ('[OH2+2]CC1C[N+]1C[OH2+2]', 1.0), ('[OH2+2]CC1C[N+2]1C[OH2+2]', 1.0), ('[OH2+2]CC1C[N+22]1C[OH2+2]', 1.0), ('[O-][NH2+]CCCCO', 1.0), ('[O-][NH2+2]CCCCO', 1.0), ('[O-][NH2+2]1CCC1C[OH2+2]', 1.0), ('[O-][NH2+2]1CC1CC[OH2+2]', 1.0), ('[O-][NH2+22]CCCCO', 1.0), ('[O-][NH2+22]1CCC1C[OH2+2]', 1.0), ('[O-][NH2+22]1CC1CC[OH2+2]', 1.0), ('[O-]C[NH2+]CCCO', 1.0), ('[O-]C[NH2+2]CCCO', 1.0), ('[O-]C[NH2+2]1CCC1[OH2+]', 1.0), ('[O-]C[NH2+2]1CCC1[OH2+2]', 1.0), ('[O-]C[NH2+2]1CCC1[OH2+22]', 1.0), ('[O-]C[NH2+2]1CC1C[OH2+]', 1.0), ('[O-]C[NH2+2]1CC1C[OH2+2]', 1.0), ('[O-]C[NH2+22]CCCO', 1.0), ('[O-]C[NH2+22]1CC1C[OH2+]', 1.0), ('[O-]C[NH2+22]1CC1C[OH2+22]', 1.0), ('[O-]CC[NH2+]CCO', 1.0), ('[O-]CC[NH2+2]CCO', 1.0), ('[O-]CC[NH2+2]1CC1[OH2+2]', 1.0), ('[O-]CC[NH2+22]CCO', 1.0), ('[O-]CC[NH2+22]C1C[OH2+2]1', 1.0), ('[O-]CCC[NH2+]CO', 1.0), ('[O-]CCC[NH2+2]CO', 1.0), ('[O-]CCC[NH2+23]CO', 1.0), ('[O-]CCC[NH2+22]CO', 1.0), ('[O-]CCC[NH+2]C[OH2+2]', 1.0), ('[O-]CCCC[NH2+]O', 1.0), ('[O-]CCCC[NH2+2]O', 1.0), ('[O-]CCCC[NH2+22]O', 1.0), ('[O-]CC=[NH2+22]CC[OH2+]', 1.0), ('[O-]CC1[NH2+22]CC[OH2+22]1', 1.0), ('[O-]CC1C[NH3+22]1CO', 1.0), ('[O-]CC1C[NH2+2]1C[OH2+]', 1.0), ('[O-]CC1C[NH2+2]1C[OH2+2]', 1.0), ('[O-]CC1C[NH2+2]1C[OH2+22]', 1.0), ('[O-]CC1C[NH2+23]1C[OH2+22]', 1.0), ('[O-]CC1C[NH2+22]1C[OH2+]', 1.0), ('[O-]CC1C[NH2+22]1C[OH2+2]', 1.0), ('[O-]CC1C[NH2+22]1C[OH2+22]', 1.0), ('[O-]C1C[NH2+2]1CC[OH2+]', 1.0), ('[O-]C1C[NH2+2]1CC[OH2+2]', 1.0), ('[O-]C1C[NH2+2]1CC[OH2+22]', 1.0), ('[O-]C1C[NH2+22]1CC[OH2+]', 1.0), ('[O-]C1C[NH2+22]1CC[OH2+2]', 1.0), ('[O-]C1CC[NH2+2]1C[OH2+]', 1.0), ('[O-]C1CC[NH2+2]1C[OH2+2]', 1.0), ('[O-]C1CC[NH2+2]1C[OH2+22]', 1.0), ('[O-]C1CC[NH2+22]1C[OH2+]', 1.0), ('[NH2+]C[OH+22]1CC1CO', 1.0), ('[NH2+]COCCCO', 1.0), ('[NH2+]CCCOCO', 1.0), ('[NH2+]CC1C[OH2+22]1C[O-]', 1.0), ('[NH2+]CC1CC1[OH2+22]O', 1.0), ('[NH2+]C1CC1C[OH2+3]O', 1.0), ('[NH2+]C1CC1C[OH2+2]O', 1.0), ('[NH2+2]C[OH+22]1CC1CO', 1.0), ('[NH2+2]COCCCO', 1.0), ('[NH2+2]CC1CC1[OH2+2]O', 1.0), ('[NH2+2]CC1CC1[OH2+22]O', 1.0), ('[NH2+2]C1CC1C[OH2+22]O', 1.0), ('[NH2+22]CC1C[OH2+22]1C[O-]', 1.0), ('[NH2+22]C1C[OH2+22]C1CO', 1.0), ('[NH2+22]C1CC1C[OH2+22]O', 1.0), ('O[OH2+2]CCC1C[NH+2]1', 1.0), ('O[OH2+2]CC1CC[NH+]1', 1.0), ('O[OH2+23]CC1CC[NH+]1', 1.0), ('O[NH2+]CC=CC[OH2+]', 1.0), ('O[NH2+]CC=CC[OH2+2]', 1.0), ('O[NH2+]CC1CC1[OH2+]', 1.0), ('O[NH2+]CC1CC1[OH2+2]', 1.0), ('O[NH2+]CC1CC1[OH2+22]', 1.0), ('O[NH2+]C1CCC1[OH2+]', 1.0), ('O[NH2+]C1CC1C[OH2+]', 1.0), ('O[NH2+]C1CC1C[OH2+2]', 1.0), ('O[NH2+3]CC=CC[OH2+]', 1.0), ('O[NH2+3]CC=CC[OH2+2]', 1.0), ('O[NH2+3]CC1CC1[OH2+2]', 1.0), ('O[NH2+2]CCC=C[OH2+2]', 1.0), ('O[NH2+2]CC1CC1[OH2+]', 1.0), ('O[NH2+2]CC1CC1[OH2+2]', 1.0), ('O[NH2+2]CC1CC1[OH2+22]', 1.0), ('O[NH2+2]C1CC1C[OH2+]', 1.0), ('O[NH2+2]C1CC1C[OH2+2]', 1.0), ('O[NH2+2]C1CC1C[OH2+22]', 1.0), ('O[NH2+2]1CCC1C[OH+2]', 1.0), ('O[NH2+2]1CC1C1C[OH2+2]1', 1.0), ('O[NH2+2]1CC1C1C[OH2+22]1', 1.0), ('O[NH2+22]CC=CC[OH2+]', 1.0), ('O[NH2+22]CC=CC[OH2+2]', 1.0), ('O[NH2+22]CC1CC1[OH2+2]', 1.0), ('O[NH2+22]CC1CC1[OH2+22]', 1.0), ('O[NH2+22]C1CCC1[OH2+22]', 1.0), ('O[NH2+22]C1CC1C[OH2+2]', 1.0), ('O[NH2+22]1CC1C1C[OH2+2]1', 1.0), ('O[NH+]1CC1CC[OH2+22]', 1.0), ('O[NH+2]CCC1C[OH2+22]1', 1.0), ('O[NH+2]1CCCC1[OH2+]', 1.0), ('O[NH+2]1CCC1C[OH2+2]', 1.0), ('O[NH+2]1CC1CC[OH2+]', 1.0), ('O[NH+2]1CC1CC[OH2+22]', 1.0), ('O[NH+22]1CC1CC[OH2+]', 1.0), ('O[NH+22]1CC1CC[OH2+2]', 1.0), ('O[N+2]1(C[OH2+22])CCC1', 1.0), ('OOCC[NH2+2]1CC1', 1.0), ('OC[OH+22]C1CC[NH2+22]1', 1.0), ('OC[NH2+]C=CC[OH2+]', 1.0), ('OC[NH2+]C1CC1[OH2+]', 1.0), ('OC[NH2+]C1CC1[OH2+2]', 1.0), ('OC[NH2+2]C=CC[OH2+]', 1.0), ('OC[NH2+2]C=CC[OH2+2]', 1.0), ('OC[NH2+2]C1CC1[OH2+]', 1.0), ('OC[NH2+2]C1CC1[OH2+2]', 1.0), ('OC[NH2+2]C1CC1[OH2+22]', 1.0), ('OC[NH2+2]1C[CH2+]C1O', 1.0), ('OC[NH2+2]1CCC1O', 1.0), ('OC[NH2+22]C=CC[OH2+2]', 1.0), ('OC[NH2+22]C=CC[OH2+22]', 1.0), ('OC[NH2+22]C1CC1[OH2+]', 1.0), ('OC[NH2+22]C1CC1[OH2+2]', 1.0), ('OC[NH2+22]C1CC1[OH2+22]', 1.0), ('OC[NH+]1CC1C[OH2+]', 1.0), ('OC[NH+]1CC1C[OH2+2]', 1.0), ('OC[NH+2]1CCC1[OH2+]', 1.0), ('OC[NH+2]1CC1C[OH2+]', 1.0), ('OC[NH+2]1CC1C[OH2+2]', 1.0), ('OC[NH+2]1CC1C[OH2+22]', 1.0), ('OC[NH+22]1CC1C[OH2+2]', 1.0), ('OC[N+]1([OH2+])CCC1', 1.0), ('OC[N+]1(C[OH2+2])CC1', 1.0), ('OCO[NH2+22]1CCC1', 1.0), ('OCOC[NH2+2]1CC1', 1.0), ('OCC[OH2+22]C1C[NH+]1', 1.0), ('OCC[NH2+2]C1C[OH+]1', 1.0), ('OCC[NH2+2]1CC1O', 1.0), ('OCC[NH2+23]1CC1O', 1.0), ('OCC[NH2+22]C=C[OH2+]', 1.0), ('OCC[NH2+22]1CC1O', 1.0), ('OCC[NH+]CCO', 1.0), ('OCC[NH+]1CC1[OH2+22]', 1.0), ('OCC[NH+2]CCO', 1.0), ('OCC[NH+2]=CC[OH2+]', 1.0), ('OCC[NH+2]=CC[OH2+2]', 1.0), ('OCC[NH+22]CCO', 1.0), ('OCC[NH+22]=CC[OH2+]', 1.0), ('OCC[NH+22]1CC1[OH2+]', 1.0), ('OCC[N+]CC[OH2+2]', 1.0), ('OCC[N+2]CC[OH2+2]', 1.0), ('OCC[N+22]1([OH2+])CC1', 1.0), ('OCCNCCO', 1.0), ('OCCC[NH2+2]1CO1', 1.0), ('OCCC[NH2+22]1CO1', 1.0), ('OCCC[NH+]CO', 1.0), ('OCCC[NH+2]CO', 1.0), ('OCCC[N+]C[OH2+2]', 1.0), ('OCCCNCO', 1.0), ('OCCCC[NH+]O', 1.0), ('OCCCC[NH+2][OH+2]', 1.0), ('OCCCC[NH+2]O', 1.0), ('OCCCC[NH+22]O', 1.0), ('OCCCCNO', 1.0), ('OCCC1[NH2+]C1[OH2+2]', 1.0), ('OCCC1[NH2+]C1[OH2+22]', 1.0), ('OCCC1C[NH2+2]1O', 1.0), ('OCCC1C[NH2+22]1O', 1.0), ('OCC1[NH2+2]C1C[OH2+2]', 1.0), ('OCC1[NH2+2]C1C[OH2+22]', 1.0), ('OCC1[NH2+22]CC1[OH2+2]', 1.0), ('OCC1C[NH2+2]1CO', 1.0), ('OCC1C[NH2+22]1CO', 1.0), ('OCC1C[NH2+22](O)C1', 1.0), ('OCC1C[NH+]1C[OH2+]', 1.0), ('OCC1C[NH+]1C[OH2+22]', 1.0), ('OCC1CC[NH2+2]1O', 1.0), ('OCC1CC[NH2+22]1O', 1.0), ('OCC1CC1[NH2+2][OH2+]', 1.0), ('OC=[NH2+22]CCCO', 1.0), ('OC1[NH2+]CC1C[OH2+]', 1.0), ('OC1[NH2+]CC1C[OH2+2]', 1.0), ('OC1[NH2+]C1CC[OH2+22]', 1.0), ('OC1[NH2+2]CC1C[OH2+2]', 1.0), ('OC1[NH2+23]CCC1[OH2+2]', 1.0), ('OC1[NH2+22]CC1C[OH2+2]', 1.0), ('OC1C[NH2+]CC1[OH2+]', 1.0), ('OC1C[NH2+2]CC1[OH2+]', 1.0), ('OC1C[NH2+2]CC1[OH2+2]', 1.0), ('OC1C[NH2+2]CC1[OH2+22]', 1.0), ('OC1C[NH2+2]C1C[OH2+2]', 1.0), ('OC1C[NH2+2]1C1C[OH2+2]1', 1.0), ('OC1C[NH2+22]C2C[OH2+22]12', 1.0), ('OC1C[NH2+22]C1C[OH2+2]', 1.0), ('OC1C[NH2+22]1C1C[OH2+2]1', 1.0), ('OC1C[NH+2]1CC[OH2+]', 1.0), ('OC1CC[NH2+]C1[OH2+2]', 1.0), ('OC1CCC[NH2+2]1O', 1.0), ('OC1CCC([OH2+])[NH2+]1', 1.0), ('OC1CC1[NH2+]C[OH2+]', 1.0), ('OC1([OH2+22])CC[NH2+2]C1', 1.0), ('OC(O)C[NH2+2]1CC1', 1.0), ('NOCCCCO', 1.0), ('NCOCCCO', 1.0), ('NCCOCCO', 1.0), ('NCCCOCO', 1.0), ('NCCCCO[OH+2]', 1.0), ('NCCCCOO', 1.0), ('NCCC(O)CO', 1.0), ('NCC1CC1[OH2+22]O', 1.0), ('NCC(O)CCO', 1.0), ('NC1C[OH2+22]C1CO', 1.0), ('NC(O)CCCO', 1.0), ('C[OH2+2]CC1[NH2+]C1[O-]', 1.0), ('C[NH2+]C1CC1[OH2+2][O-]', 1.0), ('C[NH2+]C(C[O-])CO', 1.0), ('C[NH2+2]1CC1C(O)O', 1.0), ('C[NH2+22]1CC1OCO', 1.0), ('C[N+2](O)CCCO', 1.0), ('CO[NH3+22]1CC1C[O-]', 1.0), ('CO[NH2+]CCC[O-]', 1.0), ('CO[NH2+]C1CC1[OH2+2]', 1.0), ('CO[NH2+2]1CC1CO', 1.0), ('CO[NH+]CCCO', 1.0), ('CO[NH+]1CC1C[OH2+]', 1.0), ('CO[NH+]1CC1C[OH2+2]', 1.0), ('CO[N+]1(C[OH2+2])CC1', 1.0), ('COOCCC[NH2+]', 1.0), ('CONCCCO', 1.0), ('COC[NH2+]CC[O-]', 1.0), ('COC[NH2+2]CC[O-]', 1.0), ('COC[NH2+2]1CC1O', 1.0), ('COC[NH2+22]1CC1O', 1.0), ('COC[NH+]COC', 1.0), ('COC[NH+]CCO', 1.0), ('COCOCCN', 1.0), ('COCNCOC', 1.0), ('COCNCCO', 1.0), ('COCC[NH2+]C[O-]', 1.0), ('COCC[NH2+2]1CO1', 1.0), ('COCC[NH2+22]1CO1', 1.0), ('COCC[NH+2]CO', 1.0), ('COCCOCN', 1.0), ('COCCNOC', 1.0), ('COCCNCO', 1.0), ('COCCC[NH2+2][O-]', 1.0), ('COCCC[NH+]O', 1.0), ('COCCC[NH+22]O', 1.0), ('COCC1C[NH2+2]1O', 1.0), ('COCC1C[NH2+22]1O', 1.0), ('COC1[OH2+22]CC1[NH2+22]', 1.0), ('COC1C[OH+22]1C[NH2+2]', 1.0), ('COC1C[NH2+2]1CO', 1.0), ('COC1C[NH+]1C[OH2+22]', 1.0), ('COC1CC[NH2+2]1O', 1.0), ('CNOCCOC', 1.0), ('CNCOCOC', 1.0), ('CNCOCCO', 1.0), ('CC[NH2+22]1COC1O', 1.0), ('CCO[NH2+2]1CC1O', 1.0), ('CCO[NH2+22]1CC1O', 1.0), ('CCO[NH+22]1CC1[OH2+]', 1.0), ('CCO[NH+22]1CC1[OH2+2]', 1.0), ('CCO[NH+22]1CC1[OH2+23]', 1.0), ('CCONCOC', 1.0), ('CCONCCO', 1.0), ('CCOC[NH2+]C[O-]', 1.0), ('CCOC[NH+]CO', 1.0), ('CCNCOCO', 1.0), ('CCCO[NH+]CO', 1.0), ('CCCOCON', 1.0), ('CCC([O-])C[NH2+2]O', 1.0), ('CC1C[NH2+2]1COO', 1.0), ('CC([O-])C([NH3+])CO', 1.0), ('CC(O)[NH+]CCO', 1.0), ('CC(O)NCCO', 1.0), ('CC(O)C[NH2+22]1CO1', 1.0), ('CC(CO)[NH2+]C[O-]', 1.0)]
