./results/240622_171430/
{'apprentice_load_dir': '/workspace/_ext/data/models/amine250_reduced/XTransformer/240617_0319',
 'apprentice_sampling_batch_size': 8192,
 'apprentice_training_batch_size': 256,
 'apprentice_training_steps': 8,
 'benchmark_id': 18,
 'benchmark_type': 'amine',
 'dataset': 'amine250_reduced',
 'dataset_path': '/workspace/_ext/data/datasets/amine250_reduced/all.txt',
 'expert_sampling_batch_size': 8192,
 'explainer_load_dir': None,
 'explainer_type': None,
 'genetic_experts': ['SMILES'],
 'learning_rate': 0.001,
 'logger_type': 'CommandLine',
 'max_sampling_batch_size': 1024,
 'max_smiles_length': 100,
 'model_type': 'XTransformer',
 'mutation_initial_rate': 0.01,
 'num_jobs': 8,
 'num_keep': 1024,
 'num_smiles_for_similarity': 100,
 'num_steps': 100,
 'project_qualified_name': '',
 'record_filtered': False,
 'sampling_strategy': 'softmax',
 'save_root': './results/',
 'seed': 404,
 'use_best': True,
 'use_cuda': True,
 'use_frozen_explainer': False,
 'use_initial': True}
benchmark_score
0.9108772266410495
[('NCCN1CCNCC1', 1.0), ('[P][N+126]([PH3+23])CCN1CCNCC1', 0.9333333333333332), ('NCCCN1CCNCC1', 0.923076923076923), ('NC[N+126]([P])CCN1CCNCC1', 0.8992248062015503), ('NCCN1CCNCCNCC1', 0.8695652173913043), ('[P][N+126](C[Se-5])CCN1CCNCC1', 0.8484848484848484), ('[NH+63]C[N+126]([P])CCN1CCNCC1', 0.8484848484848484), ('[CH3+48]C[N+126]([P])CCN1CCNCC1', 0.8484848484848484), ('[C+106]C[N+126]([P])CCN1CCNCC1', 0.8484848484848484), ('[SeH7+2]CCN1CCNCC1', 0.8421052631578947), ('[SeH4+29]CCN1CCNCC1', 0.8421052631578947), ('[SeH3+95]CCN1CCNCC1', 0.8421052631578947), ('[SeH3+80]CCN1CCNCC1', 0.8421052631578947), ('[SeH3+25]CCN1CCNCC1', 0.8421052631578947), ('[SeH3+17]CCN1CCNCC1', 0.8421052631578947), ('[Se-5]CCN1CCNCC1', 0.8421052631578947), ('[Se+71]CCN1CCNCC1', 0.8421052631578947), ('[Se+16]CCN1CCNCC1', 0.8421052631578947), ('[SH9+73]CCN1CCNCC1', 0.8421052631578947), ('[SH8+63]CCN1CCNCC1', 0.8421052631578947), ('[SH8+24]CCN1CCNCC1', 0.8421052631578947), ('[SH5]CCN1CCNCC1', 0.8421052631578947), ('[SH5+117]CCN1CCNCC1', 0.8421052631578947), ('[SH4+9]CCN1CCNCC1', 0.8421052631578947), ('[SH4+95]CCN1CCNCC1', 0.8421052631578947), ('[SH4+74]CCN1CCNCC1', 0.8421052631578947), ('[SH3+78]CCN1CCNCC1', 0.8421052631578947), ('[SH3+63]CCN1CCNCC1', 0.8421052631578947), ('[SH3+27]CCN1CCNCC1', 0.8421052631578947), ('[SH2+82]CCN1CCNCC1', 0.8421052631578947), ('[S+96]CCN1CCNCC1', 0.8421052631578947), ('[S+67]CCN1CCNCC1', 0.8421052631578947), ('[S+48]CCN1CCNCC1', 0.8421052631578947), ('[S+43]CCN1CCNCC1', 0.8421052631578947), ('[S+38]CCN1CCNCC1', 0.8421052631578947), ('[S+20]CCN1CCNCC1', 0.8421052631578947), ('[S+113]CCN1CCNCC1', 0.8421052631578947), ('[S+108]CCN1CCNCC1', 0.8421052631578947), ('[PH9+34]CCN1CCNCC1', 0.8421052631578947), ('[PH8+32]CCN1CCNCC1', 0.8421052631578947), ('[PH7+7]CCN1CCNCC1', 0.8421052631578947), ('[PH7+15]CCN1CCNCC1', 0.8421052631578947), ('[PH7+13]CCN1CCNCC1', 0.8421052631578947), ('[PH6+69]CCN1CCNCC1', 0.8421052631578947), ('[PH6+36]CCN1CCNCC1', 0.8421052631578947), ('[PH5+78]CCN1CCNCC1', 0.8421052631578947), ('[PH4+4]CCN1CCNCC1', 0.8421052631578947), ('[PH3+64]CCN1CCNCC1', 0.8421052631578947), ('[PH3+61]CCN1CCNCC1', 0.8421052631578947), ('[PH3+57]CCN1CCNCC1', 0.8421052631578947), ('[PH3+56]CCN1CCNCC1', 0.8421052631578947), ('[PH3+41]CCN1CCNCC1', 0.8421052631578947), ('[PH2+63]CCN1CCNCC1', 0.8421052631578947), ('[PH2+25]CCN1CCNCC1', 0.8421052631578947), ('[PH2+121]CCN1CCNCC1', 0.8421052631578947), ('[PH+67]CCN1CCNCC1', 0.8421052631578947), ('[PH+43]CCN1CCNCC1', 0.8421052631578947), ('[P+]CCN1CCNCC1', 0.8421052631578947), ('[P+97]CCN1CCNCC1', 0.8421052631578947), ('[P+8]CCN1CCNCC1', 0.8421052631578947), ('[P+51]CCN1CCNCC1', 0.8421052631578947), ('[OH4+8]CCN1CCNCC1', 0.8421052631578947), ('[OH3+60]CCN1CCNCC1', 0.8421052631578947), ('[OH2+74]CCN1CCNCC1', 0.8421052631578947), ('[OH+83]CCN1CCNCC1', 0.8421052631578947), ('[OH+28]CCN1CCNCC1', 0.8421052631578947), ('[O+94]CCN1CCNCC1', 0.8421052631578947), ('[O+88]CCN1CCNCC1', 0.8421052631578947), ('[O+14]CCN1CCNCC1', 0.8421052631578947), ('[NH2+87]CCN1CCNCC1', 0.8421052631578947), ('[NH2+114]CCN1CCNCC1', 0.8421052631578947), ('[NH+73]CCN1CCNCC1', 0.8421052631578947), ('[N+9]CCN1CCNCC1', 0.8421052631578947), ('[N+84]CCN1CCNCC1', 0.8421052631578947), ('[N+63]CCN1CCNCC1', 0.8421052631578947), ('[N+58]CCN1CCNCC1', 0.8421052631578947), ('[N+46]CCN1CCNCC1', 0.8421052631578947), ('[N+39]CCN1CCNCC1', 0.8421052631578947), ('[Cl+88]CCN1CCNCC1', 0.8421052631578947), ('[Cl+45]CCN1CCNCC1', 0.8421052631578947), ('[Cl+41]CCN1CCNCC1', 0.8421052631578947), ('[Cl+3]CCN1CCNCC1', 0.8421052631578947), ('[Cl+31]CCN1CCNCC1', 0.8421052631578947), ('[Cl+2]CCN1CCNCC1', 0.8421052631578947), ('[CH4+28]CCN1CCNCC1', 0.8421052631578947), ('[CH3+49]CCN1CCNCC1', 0.8421052631578947), ('[CH3+48]CCN1CCNCC1', 0.8421052631578947), ('[CH3+34]CCN1CCNCC1', 0.8421052631578947), ('[CH2+92]CCN1CCNCC1', 0.8421052631578947), ('[CH+8]CCN1CCNCC1', 0.8421052631578947), ('[CH+48]CCN1CCNCC1', 0.8421052631578947), ('[CH+103]CCN1CCNCC1', 0.8421052631578947), ('[C+6]CCN1CCNCC1', 0.8421052631578947), ('[C+65]CCN1CCNCC1', 0.8421052631578947), ('[C+61]CCN1CCNCC1', 0.8421052631578947), ('[C+50]CCN1CCNCC1', 0.8421052631578947), ('[C+42]CCN1CCNCC1', 0.8421052631578947), ('[C+38]CCN1CCNCC1', 0.8421052631578947), ('[C+122]CCN1CCNCC1', 0.8421052631578947), ('SCCN1CCNCC1', 0.8421052631578947)]
