./results/240622_111058/
{'apprentice_load_dir': '/workspace/_ext/data/models/amine250_reduced/XTransformer/240617_0319',
 'apprentice_sampling_batch_size': 8192,
 'apprentice_training_batch_size': 256,
 'apprentice_training_steps': 8,
 'benchmark_id': 16,
 'benchmark_type': 'amine',
 'dataset': 'amine250_reduced',
 'dataset_path': '/workspace/_ext/data/datasets/amine250_reduced/all.txt',
 'expert_sampling_batch_size': 8192,
 'explainer_load_dir': None,
 'explainer_type': None,
 'genetic_experts': ['SMILES'],
 'learning_rate': 0.001,
 'logger_type': 'CommandLine',
 'max_sampling_batch_size': 1024,
 'max_smiles_length': 100,
 'model_type': 'XTransformer',
 'mutation_initial_rate': 0.01,
 'num_jobs': 8,
 'num_keep': 1024,
 'num_smiles_for_similarity': 100,
 'num_steps': 100,
 'project_qualified_name': '',
 'record_filtered': False,
 'sampling_strategy': 'softmax',
 'save_root': './results/',
 'seed': 404,
 'use_best': True,
 'use_cuda': True,
 'use_frozen_explainer': False,
 'use_initial': True}
benchmark_score
0.895174603174603
[('CCN1CCNCC1', 1.0), ('CCCN1CCNCC1', 0.838095238095238), ('[SH8+7]CN1CCNCC1', 0.8333333333333333), ('[SH8+79]CN1CCNCC1', 0.8333333333333333), ('[SH8+68]CN1CCNCC1', 0.8333333333333333), ('[SH8+39]CN1CCNCC1', 0.8333333333333333), ('[SH7+60]CN1CCNCC1', 0.8333333333333333), ('[SH6+62]CN1CCNCC1', 0.8333333333333333), ('[SH5]CN1CCNCC1', 0.8333333333333333), ('[SH3+114]CN1CCNCC1', 0.8333333333333333), ('[SH2+46]CN1CCNCC1', 0.8333333333333333), ('[SH+9]CN1CCNCC1', 0.8333333333333333), ('[SH+71]CN1CCNCC1', 0.8333333333333333), ('[SH+54]CN1CCNCC1', 0.8333333333333333), ('[SH+48]CN1CCNCC1', 0.8333333333333333), ('[SH+20]CN1CCNCC1', 0.8333333333333333), ('[SH+126]CN1CCNCC1', 0.8333333333333333), ('[S+98]CN1CCNCC1', 0.8333333333333333), ('[S+121]CN1CCNCC1', 0.8333333333333333), ('[OH9+66]CN1CCNCC1', 0.8333333333333333), ('[OH8+55]CN1CCNCC1', 0.8333333333333333), ('[OH8+12]CN1CCNCC1', 0.8333333333333333), ('[OH7+54]CN1CCNCC1', 0.8333333333333333), ('[OH6+66]CN1CCNCC1', 0.8333333333333333), ('[OH6+24]CN1CCNCC1', 0.8333333333333333), ('[OH5+85]CN1CCNCC1', 0.8333333333333333), ('[OH5+75]CN1CCNCC1', 0.8333333333333333), ('[OH4+73]CN1CCNCC1', 0.8333333333333333), ('[OH2+68]CN1CCNCC1', 0.8333333333333333), ('[OH2+2]CN1CCNCC1', 0.8333333333333333), ('[OH+36]CN1CCNCC1', 0.8333333333333333), ('[O+67]CN1CCNCC1', 0.8333333333333333), ('[O+126]CN1CCNCC1', 0.8333333333333333), ('[NH6+89]CN1CCNCC1', 0.8333333333333333), ('[NH6+5]CN1CCNCC1', 0.8333333333333333), ('[NH6+20]CN1CCNCC1', 0.8333333333333333), ('[NH5+58]CN1CCNCC1', 0.8333333333333333), ('[NH4+42]CN1CCNCC1', 0.8333333333333333), ('[NH3+91]CN1CCNCC1', 0.8333333333333333), ('[NH2+4]CN1CCNCC1', 0.8333333333333333), ('[NH2+29]CN1CCNCC1', 0.8333333333333333), ('[NH+77]CN1CCNCC1', 0.8333333333333333), ('[NH+25]CN1CCNCC1', 0.8333333333333333), ('[NH+14]CN1CCNCC1', 0.8333333333333333), ('[N+17]CN1CCNCC1', 0.8333333333333333), ('[IH9+62]CN1CCNCC1', 0.8333333333333333), ('[IH8+60]CN1CCNCC1', 0.8333333333333333), ('[IH7+66]CN1CCNCC1', 0.8333333333333333), ('[IH5+79]CN1CCNCC1', 0.8333333333333333), ('[IH5+76]CN1CCNCC1', 0.8333333333333333), ('[IH3+85]CN1CCNCC1', 0.8333333333333333), ('[IH3+5]CN1CCNCC1', 0.8333333333333333), ('[IH3+56]CN1CCNCC1', 0.8333333333333333), ('[IH3+52]CN1CCNCC1', 0.8333333333333333), ('[IH2-]CN1CCNCC1', 0.8333333333333333), ('[IH+49]CN1CCNCC1', 0.8333333333333333), ('[I+55]CN1CCNCC1', 0.8333333333333333), ('[I+35]CN1CCNCC1', 0.8333333333333333), ('[F+73]CN1CCNCC1', 0.8333333333333333), ('[ClH9+87]CN1CCNCC1', 0.8333333333333333), ('[ClH8+94]CN1CCNCC1', 0.8333333333333333), ('[ClH4+95]CN1CCNCC1', 0.8333333333333333), ('[ClH4+50]CN1CCNCC1', 0.8333333333333333), ('[ClH3+88]CN1CCNCC1', 0.8333333333333333), ('[ClH3+7]CN1CCNCC1', 0.8333333333333333), ('[ClH2+7]CN1CCNCC1', 0.8333333333333333), ('[Cl+3]CN1CCNCC1', 0.8333333333333333), ('[Cl+36]CN1CCNCC1', 0.8333333333333333), ('[Cl+18]CN1CCNCC1', 0.8333333333333333), ('[Cl+105]CN1CCNCC1', 0.8333333333333333), ('[CH9+87]CN1CCNCC1', 0.8333333333333333), ('[CH9+58]CN1CCNCC1', 0.8333333333333333), ('[CH9+49]CN1CCNCC1', 0.8333333333333333), ('[CH9+43]CN1CCNCC1', 0.8333333333333333), ('[CH9+36]CN1CCNCC1', 0.8333333333333333), ('[CH8+45]CN1CCNCC1', 0.8333333333333333), ('[CH7+83]CN1CCNCC1', 0.8333333333333333), ('[CH7+127]CN1CCNCC1', 0.8333333333333333), ('[CH5+8]CN1CCNCC1', 0.8333333333333333), ('[CH4+85]CN1CCNCC1', 0.8333333333333333), ('[CH3+16]CN1CCNCC1', 0.8333333333333333), ('[CH3+121]CN1CCNCC1', 0.8333333333333333), ('[BrH6+76]CN1CCNCC1', 0.8333333333333333), ('[BrH6+45]CN1CCNCC1', 0.8333333333333333), ('[BrH6+43]CN1CCNCC1', 0.8333333333333333), ('[BrH6+33]CN1CCNCC1', 0.8333333333333333), ('[BrH+46]CN1CCNCC1', 0.8333333333333333), ('[Br+66]CN1CCNCC1', 0.8333333333333333), ('[Br+45]CN1CCNCC1', 0.8333333333333333), ('[BH9-82]CN1CCNCC1', 0.8333333333333333), ('[BH7-54]CN1CCNCC1', 0.8333333333333333), ('[BH7-37]CN1CCNCC1', 0.8333333333333333), ('[BH6-63]CN1CCNCC1', 0.8333333333333333), ('[BH5-93]CN1CCNCC1', 0.8333333333333333), ('[BH5-64]CN1CCNCC1', 0.8333333333333333), ('[BH5-48]CN1CCNCC1', 0.8333333333333333), ('[BH3-]CN1CCNCC1', 0.8333333333333333), ('[BH2-55]CN1CCNCC1', 0.8333333333333333), ('[BH2-50]CN1CCNCC1', 0.8333333333333333), ('[B-26]CN1CCNCC1', 0.8333333333333333)]
