./results/240622_182305/
{'apprentice_load_dir': '/workspace/_ext/data/models/amine250_reduced/XTransformer/240617_0319',
 'apprentice_sampling_batch_size': 8192,
 'apprentice_training_batch_size': 256,
 'apprentice_training_steps': 8,
 'benchmark_id': 19,
 'benchmark_type': 'amine',
 'dataset': 'amine250_reduced',
 'dataset_path': '/workspace/_ext/data/datasets/amine250_reduced/all.txt',
 'expert_sampling_batch_size': 8192,
 'explainer_load_dir': None,
 'explainer_type': None,
 'genetic_experts': ['SMILES'],
 'learning_rate': 0.001,
 'logger_type': 'CommandLine',
 'max_sampling_batch_size': 1024,
 'max_smiles_length': 100,
 'model_type': 'XTransformer',
 'mutation_initial_rate': 0.01,
 'num_jobs': 8,
 'num_keep': 1024,
 'num_smiles_for_similarity': 100,
 'num_steps': 100,
 'project_qualified_name': '',
 'record_filtered': False,
 'sampling_strategy': 'softmax',
 'save_root': './results/',
 'seed': 404,
 'use_best': True,
 'use_cuda': True,
 'use_frozen_explainer': False,
 'use_initial': True}
benchmark_score
1.0
[('[NH+16][NH+61]CCNCCNCCN', 1.0), ('[N+94][NH+61]CCNCCNCCN', 1.0), ('[N+62][NH+61]CCNCCNCCN', 1.0), ('[N+58][NH+61]CCNCCNCCN', 1.0), ('[N+11][NH+61]CCNCCNCCN', 1.0), ('[N+112][NH+61]CCNCCNCCN', 1.0), ('NCCNCCNCC[NH+61][OH3+12]', 1.0), ('NCCNCCNCC[NH+61][OH2+12]', 1.0), ('NCCNCCNCC[NH+61][OH2+123]', 1.0), ('NCCNCCNCC[NH+61][OH+12]', 1.0), ('NCCNCCNCC[NH+61][NH4+21]', 1.0), ('NCCNCCNCC[NH+61][NH4+127]', 1.0), ('NCCNCCNCC[NH+61][NH4+116]', 1.0), ('NCCNCCNCC[NH+61][NH4+110]', 1.0), ('NCCNCCNCC[NH+61][NH3+]', 1.0), ('NCCNCCNCC[NH+61][NH3+52]', 1.0), ('NCCNCCNCC[NH+61][NH3+14]', 1.0), ('NCCNCCNCC[NH+61][NH3+112]', 1.0), ('NCCNCCNCC[NH+61][NH3+111]', 1.0), ('NCCNCCNCC[NH+61][NH2+10]', 1.0), ('NCCNCCNCC[NH+61][NH2+106]', 1.0), ('NCCNCCNCC[NH+61][NH2+103]', 1.0), ('NCCNCCNCC[NH+61][FH4+121]', 1.0), ('NCCNCCNCC[NH+61][FH3+111]', 1.0), ('NCCNCCNCC[NH+61][FH2+52]', 1.0), ('NCCNCCNCC[NH+61][FH2+122]', 1.0), ('NCCNCCNCC[NH+61][FH2+111]', 1.0), ('NCCNCCNCC[NH+61][FH2+110]', 1.0), ('NCCNCCNCC[NH+61][FH+62]', 1.0), ('NCCNCCNCC[NH+61][FH+61]', 1.0), ('NCCNCCNCC[NH+61][FH+56]', 1.0), ('NCCNCCNCC[NH+61][FH+24]', 1.0), ('NCCNCCNCC[NH+61][FH+101]', 1.0), ('NCCNCCNCC[NH+61][F+99]', 1.0), ('NCCNCCNCC[NH+61][F+92]', 1.0), ('NCCNCCNCC[NH+61][F+91]', 1.0), ('NCCNCCNCC[NH+61][F+88]', 1.0), ('NCCNCCNCC[NH+61][F+54]', 1.0), ('NCCNCCNCC[NH+61][F+52]', 1.0), ('NCCNCCNCC[NH+61][F+51]', 1.0), ('NCCNCCNCC[NH+61][F+50]', 1.0), ('NCCNCCNCC[NH+61][F+26]', 1.0), ('NCCNCCNCC[NH+61][F+22]', 1.0), ('NCCNCCNCC[NH+61][F+19]', 1.0), ('NCCNCCNCC[NH+61][F+15]', 1.0), ('NCCNCCNCC[NH+61][F+14]', 1.0), ('NCCNCCNCC[NH+61][F+13]', 1.0), ('NCCNCCNCC[NH+61][F+110]', 1.0), ('NCCNCCNCC[NH+61][F+10]', 1.0), ('NCCNCCNCC[NH+61][F+101]', 1.0), ('NCCNCCNCC[NH+61][Cl+107]', 1.0), ('NCCNCCNCC[NH+61][BrH7+106]', 1.0), ('NCCNCCNCC[NH+61][BrH6+74]', 1.0), ('NCCNCCNCC[NH+61][BrH6+51]', 1.0), ('NCCNCCNCC[NH+61][BrH6+31]', 1.0), ('NCCNCCNCC[NH+61][BrH6+28]', 1.0), ('NCCNCCNCC[NH+61][BrH6+116]', 1.0), ('NCCNCCNCC[NH+61][BrH5+119]', 1.0), ('NCCNCCNCC[NH+61][BrH5+107]', 1.0), ('NCCNCCNCC[NH+61][BrH4+55]', 1.0), ('NCCNCCNCC[NH+61][BrH3+22]', 1.0), ('NCCNCCNCC[NH+61][BrH3+21]', 1.0), ('NCCNCCNCC[NH+61][BrH3+20]', 1.0), ('NCCNCCNCC[NH+61][BrH3+107]', 1.0), ('NCCNCCNCC[NH+61][BrH2+53]', 1.0), ('NCCNCCNCC[NH+61][BrH2+14]', 1.0), ('NCCNCCNCC[NH+61][BrH2+11]', 1.0), ('NCCNCCNCC[NH+61][BrH+]', 1.0), ('NCCNCCNCC[NH+61][BrH+78]', 1.0), ('NCCNCCNCC[NH+61][BrH+71]', 1.0), ('NCCNCCNCC[NH+61][BrH+70]', 1.0), ('NCCNCCNCC[NH+61][BrH+43]', 1.0), ('NCCNCCNCC[NH+61][BrH+23]', 1.0), ('NCCNCCNCC[NH+61][BrH+123]', 1.0), ('NCCNCCNCC[NH+61][BrH+11]', 1.0), ('NCCNCCNCC[NH+61][Br+97]', 1.0), ('NCCNCCNCC[NH+61][Br+95]', 1.0), ('NCCNCCNCC[NH+61][Br+88]', 1.0), ('NCCNCCNCC[NH+61][Br+73]', 1.0), ('NCCNCCNCC[NH+61][Br+65]', 1.0), ('NCCNCCNCC[NH+61][Br+61]', 1.0), ('NCCNCCNCC[NH+61][Br+51]', 1.0), ('NCCNCCNCC[NH+61][Br+4]', 1.0), ('NCCNCCNCC[NH+61][Br+44]', 1.0), ('NCCNCCNCC[NH+61][Br+42]', 1.0), ('NCCNCCNCC[NH+61][Br+34]', 1.0), ('NCCNCCNCC[NH+61][Br+31]', 1.0), ('NCCNCCNCC[NH+61][Br+2]', 1.0), ('NCCNCCNCC[NH+61][Br+21]', 1.0), ('NCCNCCNCC[NH+61][Br+125]', 1.0), ('NCCNCCNCC[NH+61][Br+11]', 1.0), ('NCCNCCNCC[NH+61][Br+118]', 1.0), ('NCCNCCNCC[NH+61][Br+117]', 1.0), ('NCCNCCNCC[NH+61][Br+116]', 1.0), ('NCCNCCNCC[NH+61][Br+111]', 1.0), ('NCCNCCNCC[NH+61][Br+105]', 1.0), ('NCCNCCNCC[NH+61][Br+100]', 1.0), ('NCCNCCNCC[NH+61]O', 1.0), ('NCCNCCNCC[NH+61]Br', 1.0), ('NCCNCCNCCN', 1.0)]
