./results/240622_082921/
{'apprentice_load_dir': '/workspace/_ext/data/models/amine250_reduced/XTransformer/240617_0319',
 'apprentice_sampling_batch_size': 8192,
 'apprentice_training_batch_size': 256,
 'apprentice_training_steps': 8,
 'benchmark_id': 13,
 'benchmark_type': 'amine',
 'dataset': 'amine250_reduced',
 'dataset_path': '/workspace/_ext/data/datasets/amine250_reduced/all.txt',
 'expert_sampling_batch_size': 8192,
 'explainer_load_dir': None,
 'explainer_type': None,
 'genetic_experts': ['SMILES'],
 'learning_rate': 0.001,
 'logger_type': 'CommandLine',
 'max_sampling_batch_size': 1024,
 'max_smiles_length': 100,
 'model_type': 'XTransformer',
 'mutation_initial_rate': 0.01,
 'num_jobs': 8,
 'num_keep': 1024,
 'num_smiles_for_similarity': 100,
 'num_steps': 100,
 'project_qualified_name': '',
 'record_filtered': False,
 'sampling_strategy': 'softmax',
 'save_root': './results/',
 'seed': 404,
 'use_best': True,
 'use_cuda': True,
 'use_frozen_explainer': False,
 'use_initial': True}
benchmark_score
0.8511607622341674
[('CN(C)CCCCO', 1.0), ('CN(C)CCCCCO', 0.9777777777777776), ('CN(C)CCCO', 0.8717948717948718), ('CN(C)CCCCCCO', 0.8627450980392157), ('CN(C)CCCCCCCO', 0.7719298245614035), ('[CH2+83]CCCCN(C)C', 0.7311827956989246), ('[CH2+71]CCCCN(C)C', 0.7311827956989246), ('[CH2+58]CCCCN(C)C', 0.7311827956989246), ('[BH6-70]CCCCN(C)C', 0.7311827956989246), ('[BH6-36]CCCCN(C)C', 0.7311827956989246), ('[BH5-91]N(C)CCCCO', 0.7311827956989246), ('[BH5-75]N(C)CCCCO', 0.7311827956989246), ('[BH4-54]CCCCN(C)C', 0.7311827956989246), ('[BH4-47]N(C)CCCCO', 0.7311827956989246), ('[BH3-]CCCCN(C)C', 0.7311827956989246), ('[BH3-90]N(C)CCCCO', 0.7311827956989246), ('[BH3-108]CCCCN(C)C', 0.7311827956989246), ('[BH3-106]N(C)CCCCO', 0.7311827956989246), ('[BH-93]CCCCN(C)C', 0.7311827956989246), ('[B-70]CCCCN(C)C', 0.7311827956989246), ('CN([SH+124])CCCCO', 0.7311827956989246), ('CN([NH12+72])CCCCO', 0.7311827956989246), ('CN([NH12+16])CCCCO', 0.7311827956989246), ('CN([NH+31])CCCCO', 0.7311827956989246), ('CN([IH4+30])CCCCO', 0.7311827956989246), ('CN([IH24+84])CCCCO', 0.7311827956989246), ('CN([IH14+30])CCCCO', 0.7311827956989246), ('CN([I+8])CCCCO', 0.7311827956989246), ('CN([ClH12+121])CCCCO', 0.7311827956989246), ('CN([Cl+26])CCCCO', 0.7311827956989246), ('CN([CH5+54])CCCCO', 0.7311827956989246), ('CN([BrH13+80])CCCCO', 0.7311827956989246), ('CN([BrH+91])CCCCO', 0.7311827956989246), ('CN(C)CCCC[SH6+96]', 0.7311827956989246), ('CN(C)CCCC[SH2+121]', 0.7311827956989246), ('CN(C)CCCC[SH13+81]', 0.7311827956989246), ('CN(C)CCCC[S+104]', 0.7311827956989246), ('CN(C)CCCC[OH5+11]', 0.7311827956989246), ('CN(C)CCCC[OH3+98]', 0.7311827956989246), ('CN(C)CCCC[OH2+27]', 0.7311827956989246), ('CN(C)CCCC[OH11+90]', 0.7311827956989246), ('CN(C)CCCC[OH11+18]', 0.7311827956989246), ('CN(C)CCCC[OH+26]', 0.7311827956989246), ('CN(C)CCCC[NH46+111]', 0.7311827956989246), ('CN(C)CCCC[NH34+91]', 0.7311827956989246), ('CN(C)CCCC[NH3+91]', 0.7311827956989246), ('CN(C)CCCC[NH3+38]', 0.7311827956989246), ('CN(C)CCCC[NH21+19]', 0.7311827956989246), ('CN(C)CCCC[NH21+119]', 0.7311827956989246), ('CN(C)CCCC[NH+33]', 0.7311827956989246), ('CN(C)CCCC[N+124]', 0.7311827956989246), ('CN(C)CCCC[IH72+122]', 0.7311827956989246), ('CN(C)CCCC[IH63+101]', 0.7311827956989246), ('CN(C)CCCC[IH6+111]', 0.7311827956989246), ('CN(C)CCCC[IH34+52]', 0.7311827956989246), ('CN(C)CCCC[IH3+48]', 0.7311827956989246), ('CN(C)CCCC[IH3+26]', 0.7311827956989246), ('CN(C)CCCC[IH29+41]', 0.7311827956989246), ('CN(C)CCCC[IH28+91]', 0.7311827956989246), ('CN(C)CCCC[IH25+32]', 0.7311827956989246), ('CN(C)CCCC[IH23+102]', 0.7311827956989246), ('CN(C)CCCC[IH21+22]', 0.7311827956989246), ('CN(C)CCCC[IH21+112]', 0.7311827956989246), ('CN(C)CCCC[IH2+33]', 0.7311827956989246), ('CN(C)CCCC[IH2+27]', 0.7311827956989246), ('CN(C)CCCC[IH18+92]', 0.7311827956989246), ('CN(C)CCCC[IH18+61]', 0.7311827956989246), ('CN(C)CCCC[IH11+114]', 0.7311827956989246), ('CN(C)CCCC[IH11+104]', 0.7311827956989246), ('CN(C)CCCC[I-2]', 0.7311827956989246), ('CN(C)CCCC[I+79]', 0.7311827956989246), ('CN(C)CCCC[I+109]', 0.7311827956989246), ('CN(C)CCCC[Cl+37]', 0.7311827956989246), ('CN(C)CCCC[CH24+21]', 0.7311827956989246), ('CN(C)CCCC[CH24+102]', 0.7311827956989246), ('CN(C)CCCC[CH12+30]', 0.7311827956989246), ('CN(C)CCCC[BrH84+122]', 0.7311827956989246), ('CN(C)CCCC[BrH82+116]', 0.7311827956989246), ('CN(C)CCCC[BrH7+41]', 0.7311827956989246), ('CN(C)CCCC[BrH7+40]', 0.7311827956989246), ('CN(C)CCCC[BrH63+112]', 0.7311827956989246), ('CN(C)CCCC[BrH60+79]', 0.7311827956989246), ('CN(C)CCCC[BrH6+99]', 0.7311827956989246), ('CN(C)CCCC[BrH6+25]', 0.7311827956989246), ('CN(C)CCCC[BrH39+85]', 0.7311827956989246), ('CN(C)CCCC[BrH34+82]', 0.7311827956989246), ('CN(C)CCCC[BrH32+115]', 0.7311827956989246), ('CN(C)CCCC[BrH32+102]', 0.7311827956989246), ('CN(C)CCCC[BrH31+31]', 0.7311827956989246), ('CN(C)CCCC[BrH3+46]', 0.7311827956989246), ('CN(C)CCCC[BrH26+90]', 0.7311827956989246), ('CN(C)CCCC[BrH24+116]', 0.7311827956989246), ('CN(C)CCCC[BrH23+115]', 0.7311827956989246), ('CN(C)CCCC[BrH22+120]', 0.7311827956989246), ('CN(C)CCCC[BrH21+81]', 0.7311827956989246), ('CN(C)CCCC[BrH15+121]', 0.7311827956989246), ('CN(C)CCCC[BrH13+109]', 0.7311827956989246), ('CN(C)CCCC[BrH12+103]', 0.7311827956989246), ('CN(C)CCCC[BrH11+92]', 0.7311827956989246), ('CN(C)CCCC[BrH+121]', 0.7311827956989246)]
