./results/240622_223424/
{'apprentice_load_dir': '/workspace/_ext/data/models/amine250_reduced/XTransformer/240617_0319',
 'apprentice_sampling_batch_size': 8192,
 'apprentice_training_batch_size': 256,
 'apprentice_training_steps': 8,
 'benchmark_id': 23,
 'benchmark_type': 'amine',
 'dataset': 'amine250_reduced',
 'dataset_path': '/workspace/_ext/data/datasets/amine250_reduced/all.txt',
 'expert_sampling_batch_size': 8192,
 'explainer_load_dir': None,
 'explainer_type': None,
 'genetic_experts': ['SMILES'],
 'learning_rate': 0.001,
 'logger_type': 'CommandLine',
 'max_sampling_batch_size': 1024,
 'max_smiles_length': 100,
 'model_type': 'XTransformer',
 'mutation_initial_rate': 0.01,
 'num_jobs': 8,
 'num_keep': 1024,
 'num_smiles_for_similarity': 100,
 'num_steps': 100,
 'project_qualified_name': '',
 'record_filtered': False,
 'sampling_strategy': 'softmax',
 'save_root': './results/',
 'seed': 404,
 'use_best': True,
 'use_cuda': True,
 'use_frozen_explainer': False,
 'use_initial': True}
benchmark_score
0.9995591055719345
[('NCCCC[OH+]', 1.0), ('NCCCCO', 1.0), ('C[OH+][NH+]1CCC1', 1.0), ('C[OH+][NH+]1CC1C', 1.0), ('C[OH+]C[NH+]1CC1', 1.0), ('C[O+]CCCN', 1.0), ('C[O+]CC(C)N', 1.0), ('C[NH+]CCC[OH+]', 1.0), ('C[NH+]CCCO', 1.0), ('C[NH+]1[OH+]C1(C)C', 1.0), ('C[NH+]1CC[OH+]C1', 1.0), ('C[NH+]1CCC[OH+]1', 1.0), ('COCCCN', 1.0), ('COC(C)CN', 1.0), ('CNCCOC', 1.0), ('CNCCCO', 1.0), ('CC[O+]CCN', 1.0), ('CC[NH+]CC[OH+]', 1.0), ('CC[NH+]CCO', 1.0), ('CC[NH+]1[OH+]C1C', 1.0), ('CC[NH+]1C[OH+]C1', 1.0), ('CC[NH+]1CC[OH+]1', 1.0), ('CCOCNC', 1.0), ('CCOCCN', 1.0), ('CCOC(C)N', 1.0), ('CCNOCC', 1.0), ('CCNCOC', 1.0), ('CCNCCO', 1.0), ('CCC[NH+]OC', 1.0), ('CCC[NH+]C[OH+]', 1.0), ('CCC[NH+]CO', 1.0), ('CCC[NH+]1C[OH+]1', 1.0), ('CCCOCN', 1.0), ('CCCNOC', 1.0), ('CCCNC[OH+]', 1.0), ('CCCNCO', 1.0), ('CCCC[NH+][OH+]', 1.0), ('CCCC[NH+]O', 1.0), ('CCCCON', 1.0), ('CCCCN[OH+]', 1.0), ('CCCCNO', 1.0), ('CCCC(N)O', 1.0), ('CCC1[OH+][NH+]1C', 1.0), ('CCC1C[NH+]1[OH2+]', 1.0), ('CCC(O)CN', 1.0), ('CCC(N)C[OH+]', 1.0), ('CCC(N)CO', 1.0), ('CC=[NH+]C[OH+]C', 1.0), ('CC1[OH+]C[NH+]1C', 1.0), ('CC1C[OH+][NH+]1C', 1.0), ('CC(O)CCN', 1.0), ('CC(N)C(C)O', 1.0), ('CC(CN)C[OH+]', 1.0), ('CC(CN)CO', 1.0), ('CC(C)[NH+]C[OH+]', 1.0), ('C1C[PH]2(C[OH+]C2)[NH+]1', 0.9753099120283327)]
