./results/240622_213629/
{'apprentice_load_dir': '/workspace/_ext/data/models/amine250_reduced/XTransformer/240617_0319',
 'apprentice_sampling_batch_size': 8192,
 'apprentice_training_batch_size': 256,
 'apprentice_training_steps': 8,
 'benchmark_id': 22,
 'benchmark_type': 'amine',
 'dataset': 'amine250_reduced',
 'dataset_path': '/workspace/_ext/data/datasets/amine250_reduced/all.txt',
 'expert_sampling_batch_size': 8192,
 'explainer_load_dir': None,
 'explainer_type': None,
 'genetic_experts': ['SMILES'],
 'learning_rate': 0.001,
 'logger_type': 'CommandLine',
 'max_sampling_batch_size': 1024,
 'max_smiles_length': 100,
 'model_type': 'XTransformer',
 'mutation_initial_rate': 0.01,
 'num_jobs': 8,
 'num_keep': 1024,
 'num_smiles_for_similarity': 100,
 'num_steps': 100,
 'project_qualified_name': '',
 'record_filtered': False,
 'sampling_strategy': 'softmax',
 'save_root': './results/',
 'seed': 404,
 'use_best': True,
 'use_cuda': True,
 'use_frozen_explainer': False,
 'use_initial': True}
benchmark_score
0.4367034476663442
[('OCCN1CCCCC1', 0.5), ('CN1CCCCC1CO', 0.5), ('OCCN1CCCC1', 0.47073443584563585), ('CN1CCCCCC1CO', 0.4632778767618624), ('CN1CCCCC1CCO', 0.424968887345366), ('OCCN1CCCCCC1', 0.4188539082916955), ('OCN1CCCCC1', 0.4188260765425508), ('CN1CCCCCC1CCO', 0.4048966532219751), ('OCCCN1CCCCC1', 0.39970403251589476), ('OCCN1CCCCCCC1', 0.3844258722192448), ('CN1CCCCC1CCN1CCCCC1', 0.382039947410267), ('OCN1CCCC1', 0.38118124993124375), ('CCCN1CCCCC1', 0.37654087294883953), ('CN1CCCC1CO', 0.37262572358034113), ('OCC1CN1CCN1CCCCC1', 0.3718224185466297), ('CN1CCCCC1C[N+63]CO', 0.371726071333238), ('CN1CCCCC1C[ClH+16]CO', 0.371726071333238), ('CN1CCC1CCN1CCCCC1', 0.3710145844334804), ('OCCCN1CCCC1', 0.37080992435478316), ('CCN1CCCCC1', 0.36760731104690386), ('OCCCCN1CCCCC1', 0.36681261567265006), ('OCC1CN1CN1CCCCC1', 0.3658116753442703), ('OCCN1CCC1', 0.36550478793033614), ('CN1CCCC1CCN1CCCCC1', 0.3651483716701107), ('[O+100]N1CCCCC1CO', 0.3627381250550058), ('[NH8+22]N1CCCCC1CO', 0.3627381250550058), ('[NH6+73]N1CCCCC1CO', 0.3627381250550058), ('[NH6+42]N1CCCCC1CO', 0.3627381250550058), ('[NH5+67]N1CCCCC1CO', 0.3627381250550058), ('[NH5+66]N1CCCCC1CO', 0.3627381250550058), ('[NH4+68]N1CCCCC1CO', 0.3627381250550058), ('[NH4+61]N1CCCCC1CO', 0.3627381250550058), ('[NH2+70]N1CCCCC1CO', 0.3627381250550058), ('[NH2+28]N1CCCCC1CO', 0.3627381250550058), ('[NH+86]N1CCCCC1CO', 0.3627381250550058), ('[NH+3]N1CCCCC1CO', 0.3627381250550058), ('[N+95]N1CCCCC1CO', 0.3627381250550058), ('[N+26]N1CCCCC1CO', 0.3627381250550058), ('[CH9+49]N1CCCCC1CO', 0.3627381250550058), ('[CH8+79]N1CCCCC1CO', 0.3627381250550058), ('[CH8+107]N1CCCCC1CO', 0.3627381250550058), ('[CH7+91]N1CCCCC1CO', 0.3627381250550058), ('[CH6+49]N1CCCCC1CO', 0.3627381250550058), ('[CH6+46]N1CCCCC1CO', 0.3627381250550058), ('[CH6+21]N1CCCCC1CO', 0.3627381250550058), ('[CH6+114]N1CCCCC1CO', 0.3627381250550058), ('[CH5+41]N1CCCCC1CO', 0.3627381250550058), ('[CH5+29]N1CCCCC1CO', 0.3627381250550058), ('[CH5+24]N1CCCCC1CO', 0.3627381250550058), ('[CH4+8]N1CCCCC1CO', 0.3627381250550058), ('[CH4+111]N1CCCCC1CO', 0.3627381250550058), ('[CH4+107]N1CCCCC1CO', 0.3627381250550058), ('[CH2+69]N1CCCCC1CO', 0.3627381250550058), ('[C+42]N1CCCCC1CO', 0.3627381250550058), ('OCC1CCCCN1[SH6+44]', 0.3627381250550058), ('OCC1CCCCN1[SH5+48]', 0.3627381250550058), ('OCC1CCCCN1[SH2+44]', 0.3627381250550058), ('OCC1CCCCN1[SH2+36]', 0.3627381250550058), ('OCC1CCCCN1[SH2+19]', 0.3627381250550058), ('OCC1CCCCN1[SH+86]', 0.3627381250550058), ('OCC1CCCCN1[S+88]', 0.3627381250550058), ('OCC1CCCCN1[S+3]', 0.3627381250550058), ('OCC1CCCCN1[PH9+15]', 0.3627381250550058), ('OCC1CCCCN1[PH9+112]', 0.3627381250550058), ('OCC1CCCCN1[PH8+80]', 0.3627381250550058), ('OCC1CCCCN1[PH8+76]', 0.3627381250550058), ('OCC1CCCCN1[PH8+72]', 0.3627381250550058), ('OCC1CCCCN1[PH8+12]', 0.3627381250550058), ('OCC1CCCCN1[PH7+74]', 0.3627381250550058), ('OCC1CCCCN1[PH6+48]', 0.3627381250550058), ('OCC1CCCCN1[PH4+62]', 0.3627381250550058), ('OCC1CCCCN1[PH4+43]', 0.3627381250550058), ('OCC1CCCCN1[PH4+115]', 0.3627381250550058), ('OCC1CCCCN1[PH3+89]', 0.3627381250550058), ('OCC1CCCCN1[PH3+111]', 0.3627381250550058), ('OCC1CCCCN1[PH2+8]', 0.3627381250550058), ('OCC1CCCCN1[PH2+41]', 0.3627381250550058), ('OCC1CCCCN1[PH2+34]', 0.3627381250550058), ('OCC1CCCCN1[PH2+104]', 0.3627381250550058), ('OCC1CCCCN1[PH+73]', 0.3627381250550058), ('OCC1CCCCN1[PH+45]', 0.3627381250550058), ('OCC1CCCCN1[P+68]', 0.3627381250550058), ('OCC1CCCCN1[P+30]', 0.3627381250550058), ('OCC1CCCCN1[OH8+40]', 0.3627381250550058), ('OCC1CCCCN1[OH6+111]', 0.3627381250550058), ('OCC1CCCCN1[OH4+47]', 0.3627381250550058), ('OCC1CCCCN1[OH32+49]', 0.3627381250550058), ('OCC1CCCCN1[OH2+42]', 0.3627381250550058), ('OCC1CCCCN1[OH2+11]', 0.3627381250550058), ('OCC1CCCCN1[OH2+106]', 0.3627381250550058), ('OCC1CCCCN1[I+85]', 0.3627381250550058), ('OCC1CCCCN1[ClH9+38]', 0.3627381250550058), ('OCC1CCCCN1[BrH9+45]', 0.3627381250550058), ('OCC1CCCCN1[BrH4+122]', 0.3627381250550058), ('OCC1CCCCN1[BrH2+46]', 0.3627381250550058), ('OCC1CCCCN1[BrH+97]', 0.3627381250550058), ('OCC1CCCCN1[BrH+15]', 0.3627381250550058), ('OCC1CCCCN1[BrH+108]', 0.3627381250550058), ('OCC1CCCCN1[Br+51]', 0.3627381250550058), ('NN1CCCCC1CO', 0.3627381250550058)]
