./results/240622_122513/
{'apprentice_load_dir': '/workspace/_ext/data/models/amine250_reduced/XTransformer/240617_0319',
 'apprentice_sampling_batch_size': 8192,
 'apprentice_training_batch_size': 256,
 'apprentice_training_steps': 8,
 'benchmark_id': 17,
 'benchmark_type': 'amine',
 'dataset': 'amine250_reduced',
 'dataset_path': '/workspace/_ext/data/datasets/amine250_reduced/all.txt',
 'expert_sampling_batch_size': 8192,
 'explainer_load_dir': None,
 'explainer_type': None,
 'genetic_experts': ['SMILES'],
 'learning_rate': 0.001,
 'logger_type': 'CommandLine',
 'max_sampling_batch_size': 1024,
 'max_smiles_length': 100,
 'model_type': 'XTransformer',
 'mutation_initial_rate': 0.01,
 'num_jobs': 8,
 'num_keep': 1024,
 'num_smiles_for_similarity': 100,
 'num_steps': 100,
 'project_qualified_name': '',
 'record_filtered': False,
 'sampling_strategy': 'softmax',
 'save_root': './results/',
 'seed': 404,
 'use_best': True,
 'use_cuda': True,
 'use_frozen_explainer': False,
 'use_initial': True}
benchmark_score
0.7760812215724501
[('C1CNCCN1', 1.0), ('C1CNCCNC1', 0.7555555555555555), ('C1CNCNCCN1', 0.7272727272727272), ('C1CNCCNCCN1', 0.7037037037037037), ('[C+4][N+63]1CCNCCNCC1', 0.6666666666666666), ('P[N+63]1CCNCCNCC1', 0.6666666666666666), ('O[N+63]1CCNCCNCC1', 0.6666666666666666), ('N[N+63]1CCNCCNCC1', 0.6666666666666666), ('C1CCNCCNC1', 0.6666666666666666), ('B[N+63]1CCNCCNCC1', 0.6666666666666666), ('C1CNCCNNCCN1', 0.6333333333333333), ('C1CNCCNCCNC1', 0.6333333333333333), ('C1CNCN1', 0.611111111111111), ('[CH+73]1CNCCNCCN1', 0.5964912280701754), ('[C+96]1CCNCCNCC1', 0.5964912280701754), ('[C+59]1CCNCCNCC1', 0.5964912280701754), ('[C+4]1CCNCCNCC1', 0.5964912280701754), ('[C+26]1CCNCCNCC1', 0.5964912280701754), ('[C+20]1CNCCNCCN1', 0.5964912280701754), ('[BH2-4]1CCNCCNCC1', 0.5964912280701754), ('[BH-34]1CNCCNCCN1', 0.5964912280701754), ('[B-93]1CNCCNCCN1', 0.5964912280701754), ('[B-2]1CCNCCNCC1', 0.5964912280701754), ('C1CNC[SiH3+29]NCCN1', 0.5964912280701754), ('C1CNC[SiH2+91]NCCN1', 0.5964912280701754), ('C1CNC[SiH2+30]NCCN1', 0.5964912280701754), ('C1CNC[SiH2+2]NCCN1', 0.5964912280701754), ('C1CNC[Si+42]NCCN1', 0.5964912280701754), ('C1CNC[SH4+36]NCCN1', 0.5964912280701754), ('C1CNC[SH3+23]NCCN1', 0.5964912280701754), ('C1CNC[SH2+44]NCCN1', 0.5964912280701754), ('C1CNC[S+87]NCCN1', 0.5964912280701754), ('C1CNC[S+62]NCCN1', 0.5964912280701754), ('C1CNC[PH5+17]NCCN1', 0.5964912280701754), ('C1CNC[PH4+99]NCCN1', 0.5964912280701754), ('C1CNC[PH3+92]NCCN1', 0.5964912280701754), ('C1CNC[PH3+89]NCCN1', 0.5964912280701754), ('C1CNC[PH2+123]NCCN1', 0.5964912280701754), ('C1CNC[PH+52]NCCN1', 0.5964912280701754), ('C1CNC[PH+29]NCCN1', 0.5964912280701754), ('C1CNC[P+66]NCCN1', 0.5964912280701754), ('C1CNC[P+4]NCCN1', 0.5964912280701754), ('C1CNC[NH4+66]NCCN1', 0.5964912280701754), ('C1CNC[NH+74]NCCN1', 0.5964912280701754), ('C1CNC[NH+51]NCCN1', 0.5964912280701754), ('C1CNC[IH7+13]NCCN1', 0.5964912280701754), ('C1CNC[IH4+41]NCCN1', 0.5964912280701754), ('C1CNC[IH3+]NCCN1', 0.5964912280701754), ('C1CNC[IH2+59]NCCN1', 0.5964912280701754), ('C1CNC[IH2+46]NCCN1', 0.5964912280701754), ('C1CNC[I+50]NCCN1', 0.5964912280701754), ('C1CNC[ClH9+22]NCCN1', 0.5964912280701754), ('C1CNC[ClH7+81]NCCN1', 0.5964912280701754), ('C1CNC[ClH6+52]NCCN1', 0.5964912280701754), ('C1CNC[ClH6+19]NCCN1', 0.5964912280701754), ('C1CNC[ClH4+82]NCCN1', 0.5964912280701754), ('C1CNC[ClH3+28]NCCN1', 0.5964912280701754), ('C1CNC[ClH2+7]NCCN1', 0.5964912280701754), ('C1CNC[ClH+72]NCCN1', 0.5964912280701754), ('C1CNC[ClH+55]NCCN1', 0.5964912280701754), ('C1CNC[ClH+13]NCCN1', 0.5964912280701754), ('C1CNC[Cl+41]NCCN1', 0.5964912280701754), ('C1CNC[CH3+83]NCCN1', 0.5964912280701754), ('C1CNC[CH3+42]NCCN1', 0.5964912280701754), ('C1CNC[BrH9+17]NCCN1', 0.5964912280701754), ('C1CNC[BrH9+122]NCCN1', 0.5964912280701754), ('C1CNC[BrH8+27]NCCN1', 0.5964912280701754), ('C1CNC[BrH8+117]NCCN1', 0.5964912280701754), ('C1CNC[BrH8+101]NCCN1', 0.5964912280701754), ('C1CNC[BrH74+78]NCCN1', 0.5964912280701754), ('C1CNC[BrH7+16]NCCN1', 0.5964912280701754), ('C1CNC[BrH6+81]NCCN1', 0.5964912280701754), ('C1CNC[BrH6+74]NCCN1', 0.5964912280701754), ('C1CNC[BrH6+33]NCCN1', 0.5964912280701754), ('C1CNC[BrH5+125]NCCN1', 0.5964912280701754), ('C1CNC[BrH4+37]NCCN1', 0.5964912280701754), ('C1CNC[BrH4+30]NCCN1', 0.5964912280701754), ('C1CNC[BrH4+18]NCCN1', 0.5964912280701754), ('C1CNC[BrH3+127]NCCN1', 0.5964912280701754), ('C1CNC[BrH2+87]NCCN1', 0.5964912280701754), ('C1CNC[BrH2+115]NCCN1', 0.5964912280701754), ('C1CNC[BrH+115]NCCN1', 0.5964912280701754), ('C1CNC[Br+5]NCCN1', 0.5964912280701754), ('C1CNCC[SiH8+83]CCN1', 0.5964912280701754), ('C1CNCC[SiH3+77]CCN1', 0.5964912280701754), ('C1CNCC[SH4+23]CCN1', 0.5964912280701754), ('C1CNCC[SH+73]CCN1', 0.5964912280701754), ('C1CNCC[PH4+64]CCN1', 0.5964912280701754), ('C1CNCC[PH4+32]CCN1', 0.5964912280701754), ('C1CNCC[PH4+14]CCN1', 0.5964912280701754), ('C1CNCC[NH2+72]CCN1', 0.5964912280701754), ('C1CNCC[NH2+3]CCN1', 0.5964912280701754), ('C1CNCC[IH4+85]CCN1', 0.5964912280701754), ('C1CNCC[IH4+36]CCN1', 0.5964912280701754), ('C1CNCC[IH3+2]CCN1', 0.5964912280701754), ('C1CNCC[IH+79]CCN1', 0.5964912280701754), ('C1CNCC[IH+76]CCN1', 0.5964912280701754), ('C1CNCC[I+61]CCN1', 0.5964912280701754), ('C1CNCCNCC[CH4+6]1', 0.5964912280701754), ('C1CNCCNCC[CH3+42]1', 0.5964912280701754)]
