./results/240622_070312/
{'apprentice_load_dir': '/workspace/_ext/data/models/amine250_reduced/XTransformer/240617_0319',
 'apprentice_sampling_batch_size': 8192,
 'apprentice_training_batch_size': 256,
 'apprentice_training_steps': 8,
 'benchmark_id': 11,
 'benchmark_type': 'amine',
 'dataset': 'amine250_reduced',
 'dataset_path': '/workspace/_ext/data/datasets/amine250_reduced/all.txt',
 'expert_sampling_batch_size': 8192,
 'explainer_load_dir': None,
 'explainer_type': None,
 'genetic_experts': ['SMILES'],
 'learning_rate': 0.001,
 'logger_type': 'CommandLine',
 'max_sampling_batch_size': 1024,
 'max_smiles_length': 100,
 'model_type': 'XTransformer',
 'mutation_initial_rate': 0.01,
 'num_jobs': 8,
 'num_keep': 1024,
 'num_smiles_for_similarity': 100,
 'num_steps': 100,
 'project_qualified_name': '',
 'record_filtered': False,
 'sampling_strategy': 'softmax',
 'save_root': './results/',
 'seed': 404,
 'use_best': True,
 'use_cuda': True,
 'use_frozen_explainer': False,
 'use_initial': True}
benchmark_score
0.7899999999999997
[('CC(C)N', 1.0), ('[CH+47]C(C)C(C)N', 0.6666666666666666), ('CC([CH4+72])C(C)N', 0.6666666666666666), ('CC([CH23+58])C(C)N', 0.6666666666666666), ('CC(N)C(C)[SiH81+110]', 0.6666666666666666), ('CC(N)C(C)[SiH31+91]', 0.6666666666666666), ('CC(N)C(C)[SiH31+109]', 0.6666666666666666), ('CC(N)C(C)[SiH26+117]', 0.6666666666666666), ('CC(N)C(C)[SiH26+111]', 0.6666666666666666), ('CC(N)C(C)[SiH2-2]', 0.6666666666666666), ('CC(N)C(C)[SiH13+104]', 0.6666666666666666), ('CC(N)C(C)[SiH+105]', 0.6666666666666666), ('CC(N)C(C)[SH22+109]', 0.6666666666666666), ('CC(N)C(C)[SH21+51]', 0.6666666666666666), ('CC(N)C(C)[PH4+10]', 0.6666666666666666), ('CC(N)C(C)[PH21+103]', 0.6666666666666666), ('CC(N)C(C)[PH13+110]', 0.6666666666666666), ('CC(N)C(C)[PH12+81]', 0.6666666666666666), ('CC(N)C(C)[P+80]', 0.6666666666666666), ('CC(N)C(C)[OH7+111]', 0.6666666666666666), ('CC(N)C(C)[OH32+116]', 0.6666666666666666), ('CC(N)C(C)[OH31+120]', 0.6666666666666666), ('CC(N)C(C)[NH22+20]', 0.6666666666666666), ('CC(N)C(C)[NH21+90]', 0.6666666666666666), ('CC(N)C(C)[NH21+107]', 0.6666666666666666), ('CC(N)C(C)[NH12+31]', 0.6666666666666666), ('CC(N)C(C)[NH11+102]', 0.6666666666666666), ('CC(N)C(C)[IH92+111]', 0.6666666666666666), ('CC(N)C(C)[IH9+110]', 0.6666666666666666), ('CC(N)C(C)[IH31+80]', 0.6666666666666666), ('CC(N)C(C)[IH21+96]', 0.6666666666666666), ('CC(N)C(C)[IH12+31]', 0.6666666666666666), ('CC(N)C(C)[IH12+10]', 0.6666666666666666), ('CC(N)C(C)[IH11+114]', 0.6666666666666666), ('CC(N)C(C)[IH11+113]', 0.6666666666666666), ('CC(N)C(C)[I+60]', 0.6666666666666666), ('CC(N)C(C)[FH91+91]', 0.6666666666666666), ('CC(N)C(C)[FH82+111]', 0.6666666666666666), ('CC(N)C(C)[FH72+120]', 0.6666666666666666), ('CC(N)C(C)[FH112+114]', 0.6666666666666666), ('CC(N)C(C)[ClH4+19]', 0.6666666666666666), ('CC(N)C(C)[ClH4+122]', 0.6666666666666666), ('CC(N)C(C)[ClH31+97]', 0.6666666666666666), ('CC(N)C(C)[ClH3+107]', 0.6666666666666666), ('CC(N)C(C)[ClH2+120]', 0.6666666666666666), ('CC(N)C(C)[BrH82+101]', 0.6666666666666666), ('CC(N)C(C)[BrH8+122]', 0.6666666666666666), ('CC(N)C(C)[BrH8+100]', 0.6666666666666666), ('CC(N)C(C)[BrH7+91]', 0.6666666666666666), ('CC(N)C(C)[BrH51+103]', 0.6666666666666666), ('CC(N)C(C)[BrH41+119]', 0.6666666666666666), ('CC(N)C(C)[BrH31+106]', 0.6666666666666666), ('CC(N)C(C)[BrH2+66]', 0.6666666666666666), ('CC(C)C([CH3+126])N', 0.6666666666666666), ('CC(C)C(N)[SiH41+111]', 0.6666666666666666), ('CC(C)C(N)[SiH3+]', 0.6666666666666666), ('CC(C)C(N)[SiH22+88]', 0.6666666666666666), ('CC(C)C(N)[SiH2+14]', 0.6666666666666666), ('CC(C)C(N)[SiH12+111]', 0.6666666666666666), ('CC(C)C(N)[SiH+8]', 0.6666666666666666), ('CC(C)C(N)[SH11+114]', 0.6666666666666666), ('CC(C)C(N)[SH+107]', 0.6666666666666666), ('CC(C)C(N)[PH8+110]', 0.6666666666666666), ('CC(C)C(N)[PH4+113]', 0.6666666666666666), ('CC(C)C(N)[PH31+101]', 0.6666666666666666), ('CC(C)C(N)[PH21+112]', 0.6666666666666666), ('CC(C)C(N)[PH11+119]', 0.6666666666666666), ('CC(C)C(N)[PH+70]', 0.6666666666666666), ('CC(C)C(N)[OH8+124]', 0.6666666666666666), ('CC(C)C(N)[OH3+74]', 0.6666666666666666), ('CC(C)C(N)[OH3+11]', 0.6666666666666666), ('CC(C)C(N)[OH2+118]', 0.6666666666666666), ('CC(C)C(N)[OH12+112]', 0.6666666666666666), ('CC(C)C(N)[O+124]', 0.6666666666666666), ('CC(C)C(N)[NH3+16]', 0.6666666666666666), ('CC(C)C(N)[NH21+20]', 0.6666666666666666), ('CC(C)C(N)[NH12+16]', 0.6666666666666666), ('CC(C)C(N)[I+53]', 0.6666666666666666), ('CC(C)C(N)[FH81+119]', 0.6666666666666666), ('CC(C)C(N)[FH3+61]', 0.6666666666666666), ('CC(C)C(N)[FH21+116]', 0.6666666666666666), ('CC(C)C(N)[FH11+117]', 0.6666666666666666), ('CC(C)C(N)[ClH41+114]', 0.6666666666666666), ('CC(C)C(N)[ClH3+41]', 0.6666666666666666), ('CC(C)C(N)[ClH24+106]', 0.6666666666666666), ('CC(C)C(N)[ClH2+30]', 0.6666666666666666), ('CC(C)C(N)[ClH13+111]', 0.6666666666666666), ('CC(C)C(N)[ClH+]', 0.6666666666666666), ('CC(C)C(N)[ClH+28]', 0.6666666666666666), ('CC(C)C(N)[Cl+54]', 0.6666666666666666), ('CC(C)C(N)[BrH91+101]', 0.6666666666666666), ('CC(C)C(N)[BrH9+125]', 0.6666666666666666), ('CC(C)C(N)[BrH71+81]', 0.6666666666666666), ('CC(C)C(N)[BrH27+101]', 0.6666666666666666), ('CC(C)C(N)[BrH24+125]', 0.6666666666666666), ('CC(C)C(N)[BrH21+80]', 0.6666666666666666), ('CC(C)C(N)[BrH2+123]', 0.6666666666666666), ('CC(C)C(N)[BrH13+118]', 0.6666666666666666), ('CC(C)C(N)[BrH11+41]', 0.6666666666666666), ('CC(C)C(N)[Br+120]', 0.6666666666666666)]
