./results/240622_185250/
{'apprentice_load_dir': '/workspace/_ext/data/models/amine250_reduced/XTransformer/240617_0319',
 'apprentice_sampling_batch_size': 8192,
 'apprentice_training_batch_size': 256,
 'apprentice_training_steps': 8,
 'benchmark_id': 20,
 'benchmark_type': 'amine',
 'dataset': 'amine250_reduced',
 'dataset_path': '/workspace/_ext/data/datasets/amine250_reduced/all.txt',
 'expert_sampling_batch_size': 8192,
 'explainer_load_dir': None,
 'explainer_type': None,
 'genetic_experts': ['SMILES'],
 'learning_rate': 0.001,
 'logger_type': 'CommandLine',
 'max_sampling_batch_size': 1024,
 'max_smiles_length': 100,
 'model_type': 'XTransformer',
 'mutation_initial_rate': 0.01,
 'num_jobs': 8,
 'num_keep': 1024,
 'num_smiles_for_similarity': 100,
 'num_steps': 100,
 'project_qualified_name': '',
 'record_filtered': False,
 'sampling_strategy': 'softmax',
 'save_root': './results/',
 'seed': 404,
 'use_best': True,
 'use_cuda': True,
 'use_frozen_explainer': False,
 'use_initial': True}
benchmark_score
0.39518433492471233
[('CCN(CCOCCO)CC1CCCCN1C', 0.4207673668966939), ('CCN(CCOCCO)CCC1CCCCN1C', 0.39601082407963645), ('[CH2+3]CN(CCOCCO)CC1CCCCN1C', 0.3791797959944084), ('[CH+32]CN(CCOCCO)CC1CCCCN1C', 0.3791797959944084), ('[C+]CN(CCOCCO)CC1CCCCN1C', 0.3791797959944084), ('[C+99]CN(CCOCCO)CC1CCCCN1C', 0.3791797959944084), ('[C+97]CN(CCOCCO)CC1CCCCN1C', 0.3791797959944084), ('[C+88]CN(CCOCCO)CC1CCCCN1C', 0.3791797959944084), ('[C+86]CN(CCOCCO)CC1CCCCN1C', 0.3791797959944084), ('[C+85]CN(CCOCCO)CC1CCCCN1C', 0.3791797959944084), ('[C+81]CN(CCOCCO)CC1CCCCN1C', 0.3791797959944084), ('[C+80]CN(CCOCCO)CC1CCCCN1C', 0.3791797959944084), ('[C+77]CN(CCOCCO)CC1CCCCN1C', 0.3791797959944084), ('[C+72]CN(CCOCCO)CC1CCCCN1C', 0.3791797959944084), ('[C+70]CN(CCOCCO)CC1CCCCN1C', 0.3791797959944084), ('[C+63]CN(CCOCCO)CC1CCCCN1C', 0.3791797959944084), ('[C+61]CN(CCOCCO)CC1CCCCN1C', 0.3791797959944084), ('[C+60]CN(CCOCCO)CC1CCCCN1C', 0.3791797959944084), ('[C+56]CN(CCOCCO)CC1CCCCN1C', 0.3791797959944084), ('[C+51]CN(CCOCCO)CC1CCCCN1C', 0.3791797959944084), ('[C+47]CN(CCOCCO)CC1CCCCN1C', 0.3791797959944084), ('[C+46]CN(CCOCCO)CC1CCCCN1C', 0.3791797959944084), ('[C+40]CN(CCOCCO)CC1CCCCN1C', 0.3791797959944084), ('[C+3]CN(CCOCCO)CC1CCCCN1C', 0.3791797959944084), ('[C+36]CN(CCOCCO)CC1CCCCN1C', 0.3791797959944084), ('[C+35]CN(CCOCCO)CC1CCCCN1C', 0.3791797959944084), ('[C+33]CN(CCOCCO)CC1CCCCN1C', 0.3791797959944084), ('[C+2]CN(CCOCCO)CC1CCCCN1C', 0.3791797959944084), ('[C+29]CN(CCOCCO)CC1CCCCN1C', 0.3791797959944084), ('[C+28]CN(CCOCCO)CC1CCCCN1C', 0.3791797959944084), ('[C+26]CN(CCOCCO)CC1CCCCN1C', 0.3791797959944084), ('[C+25]CN(CCOCCO)CC1CCCCN1C', 0.3791797959944084), ('[C+19]CN(CCOCCO)CC1CCCCN1C', 0.3791797959944084), ('[C+17]CN(CCOCCO)CC1CCCCN1C', 0.3791797959944084), ('[C+16]CN(CCOCCO)CC1CCCCN1C', 0.3791797959944084), ('[C+15]CN(CCOCCO)CC1CCCCN1C', 0.3791797959944084), ('[C+127]CN(CCOCCO)CC1CCCCN1C', 0.3791797959944084), ('[C+121]CN(CCOCCO)CC1CCCCN1C', 0.3791797959944084), ('[C+120]CN(CCOCCO)CC1CCCCN1C', 0.3791797959944084), ('[C+111]CN(CCOCCO)CC1CCCCN1C', 0.3791797959944084), ('[C+110]CN(CCOCCO)CC1CCCCN1C', 0.3791797959944084), ('[C+106]CN(CCOCCO)CC1CCCCN1C', 0.3791797959944084), ('CN1CCCCC1CN(C[PH3+2])CCOCCO', 0.3791797959944084), ('CN1CCCCC1CN(C[O])CCOCCO', 0.3791797959944084), ('CN1CCCCC1CN(C[OH3+3])CCOCCO', 0.3791797959944084), ('CN1CCCCC1CN(C[OH3+2])CCOCCO', 0.3791797959944084), ('CN1CCCCC1CN(C[OH2+5])CCOCCO', 0.3791797959944084), ('CN1CCCCC1CN(C[OH2+3])CCOCCO', 0.3791797959944084), ('CN1CCCCC1CN(C[OH2+32])CCOCCO', 0.3791797959944084), ('CN1CCCCC1CN(C[OH2+26])CCOCCO', 0.3791797959944084), ('CN1CCCCC1CN(C[O+])CCOCCO', 0.3791797959944084), ('CN1CCCCC1CN(C[O+7])CCOCCO', 0.3791797959944084), ('CN1CCCCC1CN(C[O+73])CCOCCO', 0.3791797959944084), ('CN1CCCCC1CN(C[O+46])CCOCCO', 0.3791797959944084), ('CN1CCCCC1CN(C[O+32])CCOCCO', 0.3791797959944084), ('CN1CCCCC1CN(C[O+2])CCOCCO', 0.3791797959944084), ('CN1CCCCC1CN(C[O+28])CCOCCO', 0.3791797959944084), ('CN1CCCCC1CN(C[O+24])CCOCCO', 0.3791797959944084), ('CN1CCCCC1CN(C[N])CCOCCO', 0.3791797959944084), ('CN1CCCCC1CN(C[NH3+32])CCOCCO', 0.3791797959944084), ('CN1CCCCC1CN(C[NH3+2])CCOCCO', 0.3791797959944084), ('CN1CCCCC1CN(C[NH3+22])CCOCCO', 0.3791797959944084), ('CN1CCCCC1CN(C[NH2+32])CCOCCO', 0.3791797959944084), ('CN1CCCCC1CN(C[NH2+2])CCOCCO', 0.3791797959944084), ('CN1CCCCC1CN(C[NH2+23])CCOCCO', 0.3791797959944084), ('CN1CCCCC1CN(C[N-])CCOCCO', 0.3791797959944084), ('CN1CCCCC1CN(C[N+4])CCOCCO', 0.3791797959944084), ('CN1CCCCC1CN(C[N+33])CCOCCO', 0.3791797959944084), ('CN1CCCCC1CN(C[N+23])CCOCCO', 0.3791797959944084), ('CN1CCCCC1CN(C[IH3+2])CCOCCO', 0.3791797959944084), ('CN1CCCCC1CN(C[I+])CCOCCO', 0.3791797959944084), ('CN1CCCCC1CN(C[I+8])CCOCCO', 0.3791797959944084), ('CN1CCCCC1CN(C[I+72])CCOCCO', 0.3791797959944084), ('CN1CCCCC1CN(C[I+3])CCOCCO', 0.3791797959944084), ('CN1CCCCC1CN(C[I+39])CCOCCO', 0.3791797959944084), ('CN1CCCCC1CN(C[I+38])CCOCCO', 0.3791797959944084), ('CN1CCCCC1CN(C[I+36])CCOCCO', 0.3791797959944084), ('CN1CCCCC1CN(C[I+32])CCOCCO', 0.3791797959944084), ('CN1CCCCC1CN(C[F+8])CCOCCO', 0.3791797959944084), ('CN1CCCCC1CN(C[F+43])CCOCCO', 0.3791797959944084), ('CN1CCCCC1CN(C[F+37])CCOCCO', 0.3791797959944084), ('CN1CCCCC1CN(C[F+29])CCOCCO', 0.3791797959944084), ('CN1CCCCC1CN(C[F+22])CCOCCO', 0.3791797959944084), ('CN1CCCCC1CN(C[Cl+])CCOCCO', 0.3791797959944084), ('CN1CCCCC1CN(C[CH3+])CCOCCO', 0.3791797959944084), ('CN1CCCCC1CN(C[CH3+2])CCOCCO', 0.3791797959944084), ('CN1CCCCC1CN(C[BrH3+9])CCOCCO', 0.3791797959944084), ('CN1CCCCC1CN(C[BrH3+33])CCOCCO', 0.3791797959944084), ('CN1CCCCC1CN(C[BrH3+32])CCOCCO', 0.3791797959944084), ('CN1CCCCC1CN(C[BrH2+33])CCOCCO', 0.3791797959944084), ('CN1CCCCC1CN(C[BrH2+32])CCOCCO', 0.3791797959944084), ('CN1CCCCC1CN(C[BrH2+29])CCOCCO', 0.3791797959944084), ('CN1CCCCC1CN(C[Br+77])CCOCCO', 0.3791797959944084), ('CN1CCCCC1CN(C[Br+6])CCOCCO', 0.3791797959944084), ('CN1CCCCC1CN(C[Br+66])CCOCCO', 0.3791797959944084), ('CN1CCCCC1CN(C[Br+43])CCOCCO', 0.3791797959944084), ('CN1CCCCC1CN(C[Br+32])CCOCCO', 0.3791797959944084), ('CN1CCCCC1CN(C[Br+2])CCOCCO', 0.3791797959944084), ('CN1CCCCC1CN(C[Br+23])CCOCCO', 0.3791797959944084), ('CN1CCCCC1CN(CBr)CCOCCO', 0.3791797959944084)]
