./results/240622_074337/
{'apprentice_load_dir': '/workspace/_ext/data/models/amine250_reduced/XTransformer/240617_0319',
 'apprentice_sampling_batch_size': 8192,
 'apprentice_training_batch_size': 256,
 'apprentice_training_steps': 8,
 'benchmark_id': 12,
 'benchmark_type': 'amine',
 'dataset': 'amine250_reduced',
 'dataset_path': '/workspace/_ext/data/datasets/amine250_reduced/all.txt',
 'expert_sampling_batch_size': 8192,
 'explainer_load_dir': None,
 'explainer_type': None,
 'genetic_experts': ['SMILES'],
 'learning_rate': 0.001,
 'logger_type': 'CommandLine',
 'max_sampling_batch_size': 1024,
 'max_smiles_length': 100,
 'model_type': 'XTransformer',
 'mutation_initial_rate': 0.01,
 'num_jobs': 8,
 'num_keep': 1024,
 'num_smiles_for_similarity': 100,
 'num_steps': 100,
 'project_qualified_name': '',
 'record_filtered': False,
 'sampling_strategy': 'softmax',
 'save_root': './results/',
 'seed': 404,
 'use_best': True,
 'use_cuda': True,
 'use_frozen_explainer': False,
 'use_initial': True}
benchmark_score
0.841637860082305
[('CC(C)NCCCO', 1.0), ('CC(C)NCCCCO', 0.9032258064516128), ('CC(C)NCCCCCO', 0.7999999999999999), ('CC(C)NCCO', 0.7901234567901234), ('[C+90]CCCNC(C)C', 0.7311827956989246), ('[C+63]CCCNC(C)C', 0.7311827956989246), ('[BH3-86]C(C)NCCCO', 0.7311827956989246), ('CC([SH4+27])NCCCO', 0.7311827956989246), ('CC([SH2+16])NCCCO', 0.7311827956989246), ('CC([SH2+13])NCCCO', 0.7311827956989246), ('CC([SH+61])NCCCO', 0.7311827956989246), ('CC([S+77])NCCCO', 0.7311827956989246), ('CC([S+17])NCCCO', 0.7311827956989246), ('CC([PH9+32])NCCCO', 0.7311827956989246), ('CC([PH6+114])NCCCO', 0.7311827956989246), ('CC([PH5+9])NCCCO', 0.7311827956989246), ('CC([PH5+81])NCCCO', 0.7311827956989246), ('CC([PH5+123])NCCCO', 0.7311827956989246), ('CC([PH3+114])NCCCO', 0.7311827956989246), ('CC([PH+31])NCCCO', 0.7311827956989246), ('CC([OH+119])NCCCO', 0.7311827956989246), ('CC([OH+116])NCCCO', 0.7311827956989246), ('CC([NH6+18])NCCCO', 0.7311827956989246), ('CC([NH5+104])NCCCO', 0.7311827956989246), ('CC([NH4+90])NCCCO', 0.7311827956989246), ('CC([NH3+24])NCCCO', 0.7311827956989246), ('CC([N+8])NCCCO', 0.7311827956989246), ('CC([N+52])NCCCO', 0.7311827956989246), ('CC([N+39])NCCCO', 0.7311827956989246), ('CC([IH9+52])NCCCO', 0.7311827956989246), ('CC([IH8+86])NCCCO', 0.7311827956989246), ('CC([IH5+25])NCCCO', 0.7311827956989246), ('CC([IH4+37])NCCCO', 0.7311827956989246), ('CC([IH+45])NCCCO', 0.7311827956989246), ('CC([IH+25])NCCCO', 0.7311827956989246), ('CC([I+67])NCCCO', 0.7311827956989246), ('CC([I+31])NCCCO', 0.7311827956989246), ('CC([FH8+68])NCCCO', 0.7311827956989246), ('CC([FH5+43])NCCCO', 0.7311827956989246), ('CC([FH3+5])NCCCO', 0.7311827956989246), ('CC([FH+93])NCCCO', 0.7311827956989246), ('CC([FH+30])NCCCO', 0.7311827956989246), ('CC([F+14])NCCCO', 0.7311827956989246), ('CC([ClH+53])NCCCO', 0.7311827956989246), ('CC([Cl+115])NCCCO', 0.7311827956989246), ('CC([Cl+111])NCCCO', 0.7311827956989246), ('CC([BrH9+20])NCCCO', 0.7311827956989246), ('CC([Br+26])NCCCO', 0.7311827956989246), ('CC([Br+119])NCCCO', 0.7311827956989246), ('CC(C)NCCC[SH8+15]', 0.7311827956989246), ('CC(C)NCCC[SH5+70]', 0.7311827956989246), ('CC(C)NCCC[SH3+100]', 0.7311827956989246), ('CC(C)NCCC[SH2+67]', 0.7311827956989246), ('CC(C)NCCC[SH2+22]', 0.7311827956989246), ('CC(C)NCCC[PH9+49]', 0.7311827956989246), ('CC(C)NCCC[PH8+6]', 0.7311827956989246), ('CC(C)NCCC[PH8+118]', 0.7311827956989246), ('CC(C)NCCC[PH8+102]', 0.7311827956989246), ('CC(C)NCCC[PH5+66]', 0.7311827956989246), ('CC(C)NCCC[PH5+122]', 0.7311827956989246), ('CC(C)NCCC[PH3+70]', 0.7311827956989246), ('CC(C)NCCC[PH3+14]', 0.7311827956989246), ('CC(C)NCCC[PH2+40]', 0.7311827956989246), ('CC(C)NCCC[PH+105]', 0.7311827956989246), ('CC(C)NCCC[OH9+121]', 0.7311827956989246), ('CC(C)NCCC[OH4+117]', 0.7311827956989246), ('CC(C)NCCC[O+117]', 0.7311827956989246), ('CC(C)NCCC[NH8+118]', 0.7311827956989246), ('CC(C)NCCC[NH7+51]', 0.7311827956989246), ('CC(C)NCCC[NH7+48]', 0.7311827956989246), ('CC(C)NCCC[N+71]', 0.7311827956989246), ('CC(C)NCCC[N+107]', 0.7311827956989246), ('CC(C)NCCC[IH5+]', 0.7311827956989246), ('CC(C)NCCC[IH3+54]', 0.7311827956989246), ('CC(C)NCCC[FH9+119]', 0.7311827956989246), ('CC(C)NCCC[FH8+107]', 0.7311827956989246), ('CC(C)NCCC[FH7+99]', 0.7311827956989246), ('CC(C)NCCC[FH5+81]', 0.7311827956989246), ('CC(C)NCCC[FH4+100]', 0.7311827956989246), ('CC(C)NCCC[FH3+106]', 0.7311827956989246), ('CC(C)NCCC[FH2+33]', 0.7311827956989246), ('CC(C)NCCC[F+24]', 0.7311827956989246), ('CC(C)NCCC[ClH9+32]', 0.7311827956989246), ('CC(C)NCCC[ClH8+97]', 0.7311827956989246), ('CC(C)NCCC[ClH6+60]', 0.7311827956989246), ('CC(C)NCCC[ClH4+105]', 0.7311827956989246), ('CC(C)NCCC[ClH2+112]', 0.7311827956989246), ('CC(C)NCCC[ClH2+103]', 0.7311827956989246), ('CC(C)NCCC[ClH+61]', 0.7311827956989246), ('CC(C)NCCC[ClH+28]', 0.7311827956989246), ('CC(C)NCCC[Cl+10]', 0.7311827956989246), ('CC(C)NCCC[BrH8+97]', 0.7311827956989246), ('CC(C)NCCC[BrH8+114]', 0.7311827956989246), ('CC(C)NCCC[BrH7+89]', 0.7311827956989246), ('CC(C)NCCC[BrH5+40]', 0.7311827956989246), ('CC(C)NCCC[BrH4+31]', 0.7311827956989246), ('CC(C)NCCC[BrH3+99]', 0.7311827956989246), ('CC(C)NCCC[BrH3+71]', 0.7311827956989246), ('CC(C)NCCC[Br+96]', 0.7311827956989246), ('CC(C)NCCC[Br+115]', 0.7311827956989246)]
