./results/240622_100515/
{'apprentice_load_dir': '/workspace/_ext/data/models/amine250_reduced/XTransformer/240617_0319',
 'apprentice_sampling_batch_size': 8192,
 'apprentice_training_batch_size': 256,
 'apprentice_training_steps': 8,
 'benchmark_id': 15,
 'benchmark_type': 'amine',
 'dataset': 'amine250_reduced',
 'dataset_path': '/workspace/_ext/data/datasets/amine250_reduced/all.txt',
 'expert_sampling_batch_size': 8192,
 'explainer_load_dir': None,
 'explainer_type': None,
 'genetic_experts': ['SMILES'],
 'learning_rate': 0.001,
 'logger_type': 'CommandLine',
 'max_sampling_batch_size': 1024,
 'max_smiles_length': 100,
 'model_type': 'XTransformer',
 'mutation_initial_rate': 0.01,
 'num_jobs': 8,
 'num_keep': 1024,
 'num_smiles_for_similarity': 100,
 'num_steps': 100,
 'project_qualified_name': '',
 'record_filtered': False,
 'sampling_strategy': 'softmax',
 'save_root': './results/',
 'seed': 404,
 'use_best': True,
 'use_cuda': True,
 'use_frozen_explainer': False,
 'use_initial': True}
benchmark_score
0.8075653590208945
[('CN1CCNCC1', 1.0), ('CN1CCNCCN(C)CC1', 0.7333333333333334), ('CN1CCNCCNCC1', 0.7179487179487178), ('CN1CCNCCN(C)C1', 0.7017543859649122), ('[SeH3+65]N1CCNCC1', 0.6896551724137931), ('[SeH3+25]N1CCNCC1', 0.6896551724137931), ('[SeH+73]N1CCNCC1', 0.6896551724137931), ('[SeH+38]N1CCNCC1', 0.6896551724137931), ('[SeH+16]N1CCNCC1', 0.6896551724137931), ('[Se+120]N1CCNCC1', 0.6896551724137931), ('[Se+115]N1CCNCC1', 0.6896551724137931), ('[SH4+20]N1CCNCC1', 0.6896551724137931), ('[SH3+104]N1CCNCC1', 0.6896551724137931), ('[SH2+8]N1CCNCC1', 0.6896551724137931), ('[SH2+76]N1CCNCC1', 0.6896551724137931), ('[SH2+55]N1CCNCC1', 0.6896551724137931), ('[SH2+27]N1CCNCC1', 0.6896551724137931), ('[SH2+111]N1CCNCC1', 0.6896551724137931), ('[SH+66]N1CCNCC1', 0.6896551724137931), ('[SH+31]N1CCNCC1', 0.6896551724137931), ('[S+92]N1CCNCC1', 0.6896551724137931), ('[S+26]N1CCNCC1', 0.6896551724137931), ('[S+112]N1CCNCC1', 0.6896551724137931), ('[PH9+69]N1CCNCC1', 0.6896551724137931), ('[PH8+75]N1CCNCC1', 0.6896551724137931), ('[PH8+45]N1CCNCC1', 0.6896551724137931), ('[PH8+10]N1CCNCC1', 0.6896551724137931), ('[PH7+97]N1CCNCC1', 0.6896551724137931), ('[PH7+28]N1CCNCC1', 0.6896551724137931), ('[PH6+101]N1CCNCC1', 0.6896551724137931), ('[PH5+99]N1CCNCC1', 0.6896551724137931), ('[PH5+97]N1CCNCC1', 0.6896551724137931), ('[PH5+70]N1CCNCC1', 0.6896551724137931), ('[PH5+31]N1CCNCC1', 0.6896551724137931), ('[PH4+82]N1CCNCC1', 0.6896551724137931), ('[PH3+107]N1CCNCC1', 0.6896551724137931), ('[PH2+9]N1CCNCC1', 0.6896551724137931), ('[PH2+58]N1CCNCC1', 0.6896551724137931), ('[PH+81]N1CCNCC1', 0.6896551724137931), ('[PH+3]N1CCNCC1', 0.6896551724137931), ('[P+65]N1CCNCC1', 0.6896551724137931), ('[OH7+97]N1CCNCC1', 0.6896551724137931), ('[OH7+92]N1CCNCC1', 0.6896551724137931), ('[OH7+14]N1CCNCC1', 0.6896551724137931), ('[OH6+91]N1CCNCC1', 0.6896551724137931), ('[OH6+78]N1CCNCC1', 0.6896551724137931), ('[OH6+71]N1CCNCC1', 0.6896551724137931), ('[OH3+88]N1CCNCC1', 0.6896551724137931), ('[OH3+54]N1CCNCC1', 0.6896551724137931), ('[OH2+44]N1CCNCC1', 0.6896551724137931), ('[OH2+108]N1CCNCC1', 0.6896551724137931), ('[OH+96]N1CCNCC1', 0.6896551724137931), ('[OH+77]N1CCNCC1', 0.6896551724137931), ('[OH+6]N1CCNCC1', 0.6896551724137931), ('[OH+65]N1CCNCC1', 0.6896551724137931), ('[OH+62]N1CCNCC1', 0.6896551724137931), ('[OH+47]N1CCNCC1', 0.6896551724137931), ('[OH+20]N1CCNCC1', 0.6896551724137931), ('[O+97]N1CCNCC1', 0.6896551724137931), ('[NH7+35]N1CCNCC1', 0.6896551724137931), ('[NH6+74]N1CCNCC1', 0.6896551724137931), ('[NH3+48]N1CCNCC1', 0.6896551724137931), ('[NH+87]N1CCNCC1', 0.6896551724137931), ('[NH+45]N1CCNCC1', 0.6896551724137931), ('[NH+32]N1CCNCC1', 0.6896551724137931), ('[NH+14]N1CCNCC1', 0.6896551724137931), ('[NH+116]N1CCNCC1', 0.6896551724137931), ('[N+13]N1CCNCC1', 0.6896551724137931), ('[IH3+88]N1CCNCC1', 0.6896551724137931), ('[IH2+74]N1CCNCC1', 0.6896551724137931), ('[IH+9]N1CCNCC1', 0.6896551724137931), ('[IH+64]N1CCNCC1', 0.6896551724137931), ('[IH+32]N1CCNCC1', 0.6896551724137931), ('[I+111]N1CCNCC1', 0.6896551724137931), ('[FH+91]N1CCNCC1', 0.6896551724137931), ('[FH+79]N1CCNCC1', 0.6896551724137931), ('[F+54]N1CCNCC1', 0.6896551724137931), ('[F+18]N1CCNCC1', 0.6896551724137931), ('[F+119]N1CCNCC1', 0.6896551724137931), ('[ClH3+77]N1CCNCC1', 0.6896551724137931), ('[ClH3+49]N1CCNCC1', 0.6896551724137931), ('[ClH3+3]N1CCNCC1', 0.6896551724137931), ('[ClH2+53]N1CCNCC1', 0.6896551724137931), ('[ClH2+2]N1CCNCC1', 0.6896551724137931), ('[ClH+72]N1CCNCC1', 0.6896551724137931), ('[ClH+55]N1CCNCC1', 0.6896551724137931), ('[CH7+4]N1CCNCC1', 0.6896551724137931), ('[CH7+103]N1CCNCC1', 0.6896551724137931), ('[CH4+17]N1CCNCC1', 0.6896551724137931), ('[CH3+3]N1CCNCC1', 0.6896551724137931), ('[CH3+26]N1CCNCC1', 0.6896551724137931), ('[CH3+24]N1CCNCC1', 0.6896551724137931), ('[CH3+10]N1CCNCC1', 0.6896551724137931), ('[CH2+33]N1CCNCC1', 0.6896551724137931), ('[CH+96]N1CCNCC1', 0.6896551724137931), ('[CH+64]N1CCNCC1', 0.6896551724137931), ('[C+76]N1CCNCC1', 0.6896551724137931), ('[C+28]N1CCNCC1', 0.6896551724137931), ('[BrH5+75]N1CCNCC1', 0.6896551724137931), ('[BrH2+21]N1CCNCC1', 0.6896551724137931)]
