./results/240622_061435/
{'apprentice_load_dir': '/workspace/_ext/data/models/amine250_reduced/XTransformer/240617_0319',
 'apprentice_sampling_batch_size': 8192,
 'apprentice_training_batch_size': 256,
 'apprentice_training_steps': 8,
 'benchmark_id': 10,
 'benchmark_type': 'amine',
 'dataset': 'amine250_reduced',
 'dataset_path': '/workspace/_ext/data/datasets/amine250_reduced/all.txt',
 'expert_sampling_batch_size': 8192,
 'explainer_load_dir': None,
 'explainer_type': None,
 'genetic_experts': ['SMILES'],
 'learning_rate': 0.001,
 'logger_type': 'CommandLine',
 'max_sampling_batch_size': 1024,
 'max_smiles_length': 100,
 'model_type': 'XTransformer',
 'mutation_initial_rate': 0.01,
 'num_jobs': 8,
 'num_keep': 1024,
 'num_smiles_for_similarity': 100,
 'num_steps': 100,
 'project_qualified_name': '',
 'record_filtered': False,
 'sampling_strategy': 'softmax',
 'save_root': './results/',
 'seed': 404,
 'use_best': True,
 'use_cuda': True,
 'use_frozen_explainer': False,
 'use_initial': True}
benchmark_score
0.8173193441119134
[('CC(C)(N)CO', 1.0), ('CC(C)(N)CCO', 0.7719298245614035), ('CC(C)(N)O', 0.711111111111111), ('[CH2+58]C(C)(N)CO', 0.7058823529411764), ('[CH2+115]CC(C)(C)N', 0.7058823529411764), ('[CH+84]C(C)(C)CO', 0.7058823529411764), ('[CH+78]CC(C)(C)N', 0.7058823529411764), ('[CH+127]C(C)(C)CO', 0.7058823529411764), ('[BH9-85]C(C)(C)CO', 0.7058823529411764), ('[BH9-45]C(C)(C)CO', 0.7058823529411764), ('[BH9-29]C(C)(N)CO', 0.7058823529411764), ('[BH9-16]C(C)(N)CO', 0.7058823529411764), ('[BH9-14]C(C)(C)CO', 0.7058823529411764), ('[BH8-91]C(C)(N)CO', 0.7058823529411764), ('[BH8-65]C(C)(C)CO', 0.7058823529411764), ('[BH8-118]C(C)(C)CO', 0.7058823529411764), ('[BH7-36]C(C)(N)CO', 0.7058823529411764), ('[BH6-51]C(C)(N)CO', 0.7058823529411764), ('[BH6-31]CC(C)(C)N', 0.7058823529411764), ('[BH5-118]C(C)(C)CO', 0.7058823529411764), ('[BH4-54]CC(C)(C)N', 0.7058823529411764), ('[BH4-14]C(C)(N)CO', 0.7058823529411764), ('[BH3-98]C(C)(N)CO', 0.7058823529411764), ('[BH3-77]C(C)(C)CO', 0.7058823529411764), ('[BH3-68]C(C)(C)CO', 0.7058823529411764), ('[BH3-107]CC(C)(C)N', 0.7058823529411764), ('[BH2-92]C(C)(N)CO', 0.7058823529411764), ('[BH2-84]C(C)(C)CO', 0.7058823529411764), ('[BH2-81]C(C)(C)CO', 0.7058823529411764), ('[BH2-68]C(C)(N)CO', 0.7058823529411764), ('[BH2-59]C(C)(C)CO', 0.7058823529411764), ('[BH2-46]C(C)(N)CO', 0.7058823529411764), ('[BH2-41]C(C)(C)CO', 0.7058823529411764), ('[BH2-33]C(C)(C)CO', 0.7058823529411764), ('[BH2-22]C(C)(C)CO', 0.7058823529411764), ('[BH2-21]C(C)(N)CO', 0.7058823529411764), ('[BH2-16]C(C)(C)CO', 0.7058823529411764), ('[BH2-104]C(C)(C)CO', 0.7058823529411764), ('[BH-76]C(C)(C)CO', 0.7058823529411764), ('[BH-2]CC(C)(C)N', 0.7058823529411764), ('[BH-111]C(C)(C)CO', 0.7058823529411764), ('[B-51]C(C)(C)CO', 0.7058823529411764), ('CC([CH5+63])(N)CO', 0.7058823529411764), ('CC(N)([SiH2+121])CO', 0.7058823529411764), ('CC(N)([PH3+112])CO', 0.7058823529411764), ('CC(N)([PH2+41])CO', 0.7058823529411764), ('CC(N)([PH+18])CO', 0.7058823529411764), ('CC(N)([IH7+119])CO', 0.7058823529411764), ('CC(N)([IH3+71])CO', 0.7058823529411764), ('CC(N)([IH2+101])CO', 0.7058823529411764), ('CC(N)([IH+27])CO', 0.7058823529411764), ('CC(N)([I+116])CO', 0.7058823529411764), ('CC(N)([I+115])CO', 0.7058823529411764), ('CC(N)([FH3+115])CO', 0.7058823529411764), ('CC(N)([FH2+126])CO', 0.7058823529411764), ('CC(N)([F+126])CO', 0.7058823529411764), ('CC(N)([ClH3+88])CO', 0.7058823529411764), ('CC(N)([ClH3+18])CO', 0.7058823529411764), ('CC(N)([ClH3+11])CO', 0.7058823529411764), ('CC(N)([BrH7+122])CO', 0.7058823529411764), ('CC(N)([BrH3+8])CO', 0.7058823529411764), ('CC(N)([BrH3+106])CO', 0.7058823529411764), ('CC(N)([BrH2+53])CO', 0.7058823529411764), ('CC(N)([BrH2+45])CO', 0.7058823529411764), ('CC(N)([BrH2+29])CO', 0.7058823529411764), ('CC(N)([BrH2+28])CO', 0.7058823529411764), ('CC(N)([Br+76])CO', 0.7058823529411764), ('CC(C)([SiH3+111])CO', 0.7058823529411764), ('CC(C)([SeH2+111])CO', 0.7058823529411764), ('CC(C)([SH4+22])CO', 0.7058823529411764), ('CC(C)([SH2+121])CO', 0.7058823529411764), ('CC(C)([P+61])CO', 0.7058823529411764), ('CC(C)([P+123])CO', 0.7058823529411764), ('CC(C)([I+21])CO', 0.7058823529411764), ('CC(C)([FH+8])CO', 0.7058823529411764), ('CC(C)([ClH+29])CO', 0.7058823529411764), ('CC(C)([ClH+19])CO', 0.7058823529411764), ('CC(C)([CH9+41])CO', 0.7058823529411764), ('CC(C)([CH8+23])CO', 0.7058823529411764), ('CC(C)([CH8+111])CO', 0.7058823529411764), ('CC(C)([CH4+70])CO', 0.7058823529411764), ('CC(C)([CH3+115])CO', 0.7058823529411764), ('CC(C)([BrH6+109])CO', 0.7058823529411764), ('CC(C)([BrH3+113])CO', 0.7058823529411764), ('CC(C)([BrH+117])CO', 0.7058823529411764), ('CC(C)([Br+94])CO', 0.7058823529411764), ('CC(C)([Br+102])CO', 0.7058823529411764), ('CC(C)(N)C[SiH2+120]', 0.7058823529411764), ('CC(C)(N)C[SeH5+76]', 0.7058823529411764), ('CC(C)(N)C[PH2+39]', 0.7058823529411764), ('CC(C)(N)C[PH+]', 0.7058823529411764), ('CC(C)(N)C[PH+114]', 0.7058823529411764), ('CC(C)(N)C[IH5+121]', 0.7058823529411764), ('CC(C)(N)C[FH2+41]', 0.7058823529411764), ('CC(C)(N)C[CH3+34]', 0.7058823529411764), ('CC(C)(N)C[CH3+116]', 0.7058823529411764), ('CC(C)(N)C[BrH5+21]', 0.7058823529411764), ('CC(C)(N)C[BrH4+30]', 0.7058823529411764), ('CC(C)(N)C[BrH3+115]', 0.7058823529411764), ('CC(C)(N)C[BrH2+98]', 0.7058823529411764)]
