./results/240622_091621/
{'apprentice_load_dir': '/workspace/_ext/data/models/amine250_reduced/XTransformer/240617_0319',
 'apprentice_sampling_batch_size': 8192,
 'apprentice_training_batch_size': 256,
 'apprentice_training_steps': 8,
 'benchmark_id': 14,
 'benchmark_type': 'amine',
 'dataset': 'amine250_reduced',
 'dataset_path': '/workspace/_ext/data/datasets/amine250_reduced/all.txt',
 'expert_sampling_batch_size': 8192,
 'explainer_load_dir': None,
 'explainer_type': None,
 'genetic_experts': ['SMILES'],
 'learning_rate': 0.001,
 'logger_type': 'CommandLine',
 'max_sampling_batch_size': 1024,
 'max_smiles_length': 100,
 'model_type': 'XTransformer',
 'mutation_initial_rate': 0.01,
 'num_jobs': 8,
 'num_keep': 1024,
 'num_smiles_for_similarity': 100,
 'num_steps': 100,
 'project_qualified_name': '',
 'record_filtered': False,
 'sampling_strategy': 'softmax',
 'save_root': './results/',
 'seed': 404,
 'use_best': True,
 'use_cuda': True,
 'use_frozen_explainer': False,
 'use_initial': True}
benchmark_score
0.8281818181818182
[('CC(O)CN(C)C', 1.0), ('[CH2+95]N(C)CC(C)O', 0.7272727272727272), ('[CH2+125]C(O)CN(C)C', 0.7272727272727272), ('[C+31]C(O)CN(C)C', 0.7272727272727272), ('[C+114]N(C)CC(C)O', 0.7272727272727272), ('[C+102]C(C)CN(C)C', 0.7272727272727272), ('CN(C)CC([O+88])O', 0.7272727272727272), ('CN(C)CC([NH7+110])O', 0.7272727272727272), ('CN(C)CC([NH+22])O', 0.7272727272727272), ('CN(C)CC([N+61])O', 0.7272727272727272), ('CN(C)CC([N+32])O', 0.7272727272727272), ('CN(C)CC([CH7+73])O', 0.7272727272727272), ('CN(C)CC([CH7+14])O', 0.7272727272727272), ('CN(C)CC([CH5+23])O', 0.7272727272727272), ('CN(C)CC([CH5+118])O', 0.7272727272727272), ('CN(C)CC([CH5+114])O', 0.7272727272727272), ('CN(C)CC([CH4+69])O', 0.7272727272727272), ('CN(C)CC([CH4+24])O', 0.7272727272727272), ('CN(C)CC([CH3+54])O', 0.7272727272727272), ('CN(C)CC(O)[PH+117]', 0.7272727272727272), ('CN(C)CC(O)[OH7+121]', 0.7272727272727272), ('CN(C)CC(O)[IH7+111]', 0.7272727272727272), ('CN(C)CC(O)[IH4+114]', 0.7272727272727272), ('CN(C)CC(O)[I+79]', 0.7272727272727272), ('CN(C)CC(O)[FH4+110]', 0.7272727272727272), ('CN(C)CC(O)[FH3+64]', 0.7272727272727272), ('CN(C)CC(O)[FH+41]', 0.7272727272727272), ('CN(C)CC(O)[F+119]', 0.7272727272727272), ('CN(C)CC(O)[ClH9+126]', 0.7272727272727272), ('CN(C)CC(O)[ClH4+111]', 0.7272727272727272), ('CN(C)CC(O)[ClH2+60]', 0.7272727272727272), ('CN(C)CC(O)[Cl+94]', 0.7272727272727272), ('CN(C)CC(O)[BrH9+15]', 0.7272727272727272), ('CN(C)CC(O)[BrH8+106]', 0.7272727272727272), ('CN(C)CC(O)[BrH3+67]', 0.7272727272727272), ('CN(C)CC(O)[BrH2+82]', 0.7272727272727272), ('CN(C)CC(O)[Br+87]', 0.7272727272727272), ('CN(C)CC(O)[Br+121]', 0.7272727272727272), ('CC([SH3+110])CN(C)C', 0.7272727272727272), ('CC([SH2+114])CN(C)C', 0.7272727272727272), ('CC([PH9+90])CN(C)C', 0.7272727272727272), ('CC([PH3+106])CN(C)C', 0.7272727272727272), ('CC([OH4+30])CN(C)C', 0.7272727272727272), ('CC([NH2+120])CN(C)C', 0.7272727272727272), ('CC([IH+117])CN(C)C', 0.7272727272727272), ('CC([ClH3+12])CN(C)C', 0.7272727272727272), ('CC([CH7+62])CN(C)C', 0.7272727272727272), ('CC([CH7+21])CN(C)C', 0.7272727272727272), ('CC([CH6+63])CN(C)C', 0.7272727272727272), ('CC([CH5+81])CN(C)C', 0.7272727272727272), ('CC([CH5+47])CN(C)C', 0.7272727272727272), ('CC([CH4+6])CN(C)C', 0.7272727272727272), ('CC([BrH5+21])CN(C)C', 0.7272727272727272), ('CC([Br+54])CN(C)C', 0.7272727272727272), ('CC(O)CN(C)[SiH7+21]', 0.7272727272727272), ('CC(O)CN(C)[SiH2+20]', 0.7272727272727272), ('CC(O)CN(C)[SiH+114]', 0.7272727272727272), ('CC(O)CN(C)[Si+109]', 0.7272727272727272), ('CC(O)CN(C)[PH7+121]', 0.7272727272727272), ('CC(O)CN(C)[PH6+117]', 0.7272727272727272), ('CC(O)CN(C)[PH3+61]', 0.7272727272727272), ('CC(O)CN(C)[PH+106]', 0.7272727272727272), ('CC(O)CN(C)[OH3+15]', 0.7272727272727272), ('CC(O)CN(C)[OH2+110]', 0.7272727272727272), ('CC(O)CN(C)[O+51]', 0.7272727272727272), ('CC(O)CN(C)[O+107]', 0.7272727272727272), ('CC(O)CN(C)[NH8+21]', 0.7272727272727272), ('CC(O)CN(C)[NH8+116]', 0.7272727272727272), ('CC(O)CN(C)[NH7+125]', 0.7272727272727272), ('CC(O)CN(C)[NH7+122]', 0.7272727272727272), ('CC(O)CN(C)[NH7+113]', 0.7272727272727272), ('CC(O)CN(C)[NH4+13]', 0.7272727272727272), ('CC(O)CN(C)[NH2+51]', 0.7272727272727272), ('CC(O)CN(C)[NH2+104]', 0.7272727272727272), ('CC(O)CN(C)[NH+31]', 0.7272727272727272), ('CC(O)CN(C)[N+92]', 0.7272727272727272), ('CC(O)CN(C)[IH7+111]', 0.7272727272727272), ('CC(O)CN(C)[IH5+111]', 0.7272727272727272), ('CC(O)CN(C)[IH3+119]', 0.7272727272727272), ('CC(O)CN(C)[IH2+21]', 0.7272727272727272), ('CC(O)CN(C)[IH2+104]', 0.7272727272727272), ('CC(O)CN(C)[IH+118]', 0.7272727272727272), ('CC(O)CN(C)[I+114]', 0.7272727272727272), ('CC(O)CN(C)[FH5+117]', 0.7272727272727272), ('CC(O)CN(C)[FH5+107]', 0.7272727272727272), ('CC(O)CN(C)[FH3+42]', 0.7272727272727272), ('CC(O)CN(C)[FH3+22]', 0.7272727272727272), ('CC(O)CN(C)[FH3+18]', 0.7272727272727272), ('CC(O)CN(C)[FH3+13]', 0.7272727272727272), ('CC(O)CN(C)[FH+41]', 0.7272727272727272), ('CC(O)CN(C)[ClH9+112]', 0.7272727272727272), ('CC(O)CN(C)[ClH2+117]', 0.7272727272727272), ('CC(O)CN(C)[ClH2+111]', 0.7272727272727272), ('CC(O)CN(C)[Cl+86]', 0.7272727272727272), ('CC(O)CN(C)[CH9+31]', 0.7272727272727272), ('CC(O)CN(C)[BrH7+37]', 0.7272727272727272), ('CC(O)CN(C)[BrH6+62]', 0.7272727272727272), ('CC(O)CN(C)[BrH4+10]', 0.7272727272727272), ('CC(O)CN(C)[BrH2+89]', 0.7272727272727272), ('CC(O)CN(C)[BrH+47]', 0.7272727272727272)]
