./results/240621_094139/
{'apprentice_load_dir': '/workspace/_ext/data/models/amine250_reduced/TransformerDecoder/240616_1504',
 'apprentice_sampling_batch_size': 8192,
 'apprentice_training_batch_size': 256,
 'apprentice_training_steps': 8,
 'benchmark_id': 11,
 'benchmark_type': 'amine',
 'dataset': 'amine250_reduced',
 'dataset_path': '/workspace/_ext/data/datasets/amine250_reduced/all.txt',
 'expert_sampling_batch_size': 8192,
 'explainer_load_dir': None,
 'explainer_type': None,
 'genetic_experts': ['SMILES'],
 'learning_rate': 0.001,
 'logger_type': 'CommandLine',
 'max_sampling_batch_size': 1024,
 'max_smiles_length': 100,
 'model_type': 'TransformerDecoder',
 'mutation_initial_rate': 0.01,
 'num_jobs': 8,
 'num_keep': 1024,
 'num_smiles_for_similarity': 100,
 'num_steps': 100,
 'project_qualified_name': '',
 'record_filtered': False,
 'sampling_strategy': 'softmax',
 'save_root': './results/',
 'seed': 404,
 'use_best': True,
 'use_cuda': True,
 'use_frozen_explainer': False,
 'use_initial': True}
benchmark_score
0.7899999999999997
[('CC(C)N', 1.0), ('[CH]C(C)C(C)N', 0.6666666666666666), ('[CH2]C(N)C(C)C', 0.6666666666666666), ('[CH2]C(C)C(C)N', 0.6666666666666666), ('[CH2-]C(N)C(C)C', 0.6666666666666666), ('[CH2-]C(C)C(C)N', 0.6666666666666666), ('[CH-]C(N)C(C)C', 0.6666666666666666), ('[CH+]C(C)C(C)N', 0.6666666666666666), ('[C+]C(C)C(C)N', 0.6666666666666666), ('[B]C(N)C(C)C', 0.6666666666666666), ('[B]C(C)C(C)N', 0.6666666666666666), ('[BH]C(N)C(C)C', 0.6666666666666666), ('[BH3-]C(C)C(C)N', 0.6666666666666666), ('[BH2-]C(N)C(C)C', 0.6666666666666666), ('[BH-]C(C)C(C)N', 0.6666666666666666), ('[BH+]C(N)C(C)C', 0.6666666666666666), ('[B-]C(N)C(C)C', 0.6666666666666666), ('[B+]C(N)C(C)C', 0.6666666666666666), ('CC([N])C(C)N', 0.6666666666666666), ('CC([NH])C(C)N', 0.6666666666666666), ('CC([NH-])C(C)N', 0.6666666666666666), ('CC([N+])C(C)N', 0.6666666666666666), ('CC(N)C(C)[Si-]', 0.6666666666666666), ('CC(N)C(C)[Se]', 0.6666666666666666), ('CC(N)C(C)[SeH2+]', 0.6666666666666666), ('CC(N)C(C)[Se+]', 0.6666666666666666), ('CC(N)C(C)[SH3-]', 0.6666666666666666), ('CC(N)C(C)[SH2-]', 0.6666666666666666), ('CC(N)C(C)[SH2-2]', 0.6666666666666666), ('CC(N)C(C)[S+]', 0.6666666666666666), ('CC(N)C(C)[P]', 0.6666666666666666), ('CC(N)C(C)[PH]', 0.6666666666666666), ('CC(N)C(C)[PH3-]', 0.6666666666666666), ('CC(N)C(C)[PH3-2]', 0.6666666666666666), ('CC(N)C(C)[PH-]', 0.6666666666666666), ('CC(N)C(C)[PH+]', 0.6666666666666666), ('CC(N)C(C)[P-]', 0.6666666666666666), ('CC(N)C(C)[OH2+]', 0.6666666666666666), ('CC(N)C(C)[OH+]', 0.6666666666666666), ('CC(N)C(C)[O+]', 0.6666666666666666), ('CC(N)C(C)[NH3+]', 0.6666666666666666), ('CC(N)C(C)[NH2+]', 0.6666666666666666), ('CC(N)C(C)[IH]', 0.6666666666666666), ('CC(N)C(C)[IH3-]', 0.6666666666666666), ('CC(N)C(C)[IH2+]', 0.6666666666666666), ('CC(N)C(C)[IH-2]', 0.6666666666666666), ('CC(N)C(C)[IH+]', 0.6666666666666666), ('CC(N)C(C)[I+]', 0.6666666666666666), ('CC(N)C(C)[FH+]', 0.6666666666666666), ('CC(N)C(C)[Cl+]', 0.6666666666666666), ('CC(N)C(C)[BrH+]', 0.6666666666666666), ('CC(N)C(C)S', 0.6666666666666666), ('CC(N)C(C)P', 0.6666666666666666), ('CC(N)C(C)O', 0.6666666666666666), ('CC(N)C(C)N', 0.6666666666666666), ('CC(N)C(C)Cl', 0.6666666666666666), ('CC(C)C([N])N', 0.6666666666666666), ('CC(C)C([NH-])N', 0.6666666666666666), ('CC(C)C([NH+])N', 0.6666666666666666), ('CC(C)C([CH3+])N', 0.6666666666666666), ('CC(C)C(N)[Si+]', 0.6666666666666666), ('CC(C)C(N)[Se]', 0.6666666666666666), ('CC(C)C(N)[SeH]', 0.6666666666666666), ('CC(C)C(N)[SeH3]', 0.6666666666666666), ('CC(C)C(N)[SeH2]', 0.6666666666666666), ('CC(C)C(N)[SeH-2]', 0.6666666666666666), ('CC(C)C(N)[SeH+]', 0.6666666666666666), ('CC(C)C(N)[S]', 0.6666666666666666), ('CC(C)C(N)[SH3-]', 0.6666666666666666), ('CC(C)C(N)[SH3+]', 0.6666666666666666), ('CC(C)C(N)[SH2-]', 0.6666666666666666), ('CC(C)C(N)[SH2-2]', 0.6666666666666666), ('CC(C)C(N)[SH-]', 0.6666666666666666), ('CC(C)C(N)[SH-2]', 0.6666666666666666), ('CC(C)C(N)[SH+]', 0.6666666666666666), ('CC(C)C(N)[S-]', 0.6666666666666666), ('CC(C)C(N)[P]', 0.6666666666666666), ('CC(C)C(N)[PH]', 0.6666666666666666), ('CC(C)C(N)[PH3-2]', 0.6666666666666666), ('CC(C)C(N)[PH2-]', 0.6666666666666666), ('CC(C)C(N)[PH+]', 0.6666666666666666), ('CC(C)C(N)[P-]', 0.6666666666666666), ('CC(C)C(N)[P+]', 0.6666666666666666), ('CC(C)C(N)[O]', 0.6666666666666666), ('CC(C)C(N)[IH3+]', 0.6666666666666666), ('CC(C)C(N)[IH2]', 0.6666666666666666), ('CC(C)C(N)[IH2-]', 0.6666666666666666), ('CC(C)C(N)[IH2-2]', 0.6666666666666666), ('CC(C)C(N)[IH-]', 0.6666666666666666), ('CC(C)C(N)[IH+]', 0.6666666666666666), ('CC(C)C(N)[I-]', 0.6666666666666666), ('CC(C)C(N)[I+]', 0.6666666666666666), ('CC(C)C(N)[FH+]', 0.6666666666666666), ('CC(C)C(N)[F+]', 0.6666666666666666), ('CC(C)C(N)[ClH+]', 0.6666666666666666), ('CC(C)C(N)[Br+]', 0.6666666666666666), ('CC(C)C(N)P', 0.6666666666666666), ('CC(C)C(N)F', 0.6666666666666666), ('CC(C)C(N)Br', 0.6666666666666666), ('CC(C)C(C)N', 0.6666666666666666)]
