./results/240621_091512/
{'apprentice_load_dir': '/workspace/_ext/data/models/amine250_reduced/TransformerDecoder/240616_1504',
 'apprentice_sampling_batch_size': 8192,
 'apprentice_training_batch_size': 256,
 'apprentice_training_steps': 8,
 'benchmark_id': 10,
 'benchmark_type': 'amine',
 'dataset': 'amine250_reduced',
 'dataset_path': '/workspace/_ext/data/datasets/amine250_reduced/all.txt',
 'expert_sampling_batch_size': 8192,
 'explainer_load_dir': None,
 'explainer_type': None,
 'genetic_experts': ['SMILES'],
 'learning_rate': 0.001,
 'logger_type': 'CommandLine',
 'max_sampling_batch_size': 1024,
 'max_smiles_length': 100,
 'model_type': 'TransformerDecoder',
 'mutation_initial_rate': 0.01,
 'num_jobs': 8,
 'num_keep': 1024,
 'num_smiles_for_similarity': 100,
 'num_steps': 100,
 'project_qualified_name': '',
 'record_filtered': False,
 'sampling_strategy': 'softmax',
 'save_root': './results/',
 'seed': 404,
 'use_best': True,
 'use_cuda': True,
 'use_frozen_explainer': False,
 'use_initial': True}
benchmark_score
0.8173193441119134
[('CC(C)(N)CO', 1.0), ('CC(C)(N)CCO', 0.7719298245614035), ('CC(C)(N)O', 0.711111111111111), ('[C]C(C)(N)CO', 0.7058823529411764), ('[CH]CC(C)(C)N', 0.7058823529411764), ('[CH]C(C)(C)CO', 0.7058823529411764), ('[CH2]C(C)(N)CO', 0.7058823529411764), ('[CH2-]CC(C)(C)N', 0.7058823529411764), ('[CH2+]CC(C)(C)N', 0.7058823529411764), ('[CH-]CC(C)(C)N', 0.7058823529411764), ('[CH+]C(C)(N)CO', 0.7058823529411764), ('[C-]CC(C)(C)N', 0.7058823529411764), ('[B]CC(C)(C)N', 0.7058823529411764), ('[B]C(C)(N)CO', 0.7058823529411764), ('[B]C(C)(C)CO', 0.7058823529411764), ('[BH]CC(C)(C)N', 0.7058823529411764), ('[BH]C(C)(C)CO', 0.7058823529411764), ('[BH3-]C(C)(N)CO', 0.7058823529411764), ('[BH2-]C(C)(C)CO', 0.7058823529411764), ('[B-]CC(C)(C)N', 0.7058823529411764), ('[B-]C(C)(N)CO', 0.7058823529411764), ('CC([N])(N)CO', 0.7058823529411764), ('CC(N)([SeH3])CO', 0.7058823529411764), ('CC(N)([SeH3-])CO', 0.7058823529411764), ('CC(N)([SeH3+])CO', 0.7058823529411764), ('CC(N)([SeH2])CO', 0.7058823529411764), ('CC(N)([SeH2-])CO', 0.7058823529411764), ('CC(N)([SeH+])CO', 0.7058823529411764), ('CC(N)([SH3+])CO', 0.7058823529411764), ('CC(N)([SH-])CO', 0.7058823529411764), ('CC(N)([S-])CO', 0.7058823529411764), ('CC(N)([PH3+])CO', 0.7058823529411764), ('CC(N)([PH2+])CO', 0.7058823529411764), ('CC(N)([PH+])CO', 0.7058823529411764), ('CC(N)([O])CO', 0.7058823529411764), ('CC(N)([OH2+])CO', 0.7058823529411764), ('CC(N)([NH3+])CO', 0.7058823529411764), ('CC(N)([NH2+])CO', 0.7058823529411764), ('CC(N)([IH])CO', 0.7058823529411764), ('CC(N)([IH3-])CO', 0.7058823529411764), ('CC(N)([IH2+])CO', 0.7058823529411764), ('CC(N)([IH-])CO', 0.7058823529411764), ('CC(N)([I-])CO', 0.7058823529411764), ('CC(N)([F+])CO', 0.7058823529411764), ('CC(N)([Cl+])CO', 0.7058823529411764), ('CC(N)([Br+])CO', 0.7058823529411764), ('CC(N)(S)CO', 0.7058823529411764), ('CC(N)(O)CO', 0.7058823529411764), ('CC(N)(Br)CO', 0.7058823529411764), ('CC(C)([Si])CO', 0.7058823529411764), ('CC(C)([SeH3])CO', 0.7058823529411764), ('CC(C)([SeH3-])CO', 0.7058823529411764), ('CC(C)([SeH3+])CO', 0.7058823529411764), ('CC(C)([SeH2-])CO', 0.7058823529411764), ('CC(C)([SeH2+])CO', 0.7058823529411764), ('CC(C)([PH3])CO', 0.7058823529411764), ('CC(C)([PH-])CO', 0.7058823529411764), ('CC(C)([P+])CO', 0.7058823529411764), ('CC(C)([OH2+])CO', 0.7058823529411764), ('CC(C)([O-])CO', 0.7058823529411764), ('CC(C)([NH])CO', 0.7058823529411764), ('CC(C)([NH3+])CO', 0.7058823529411764), ('CC(C)([N-])CO', 0.7058823529411764), ('CC(C)([N+])CO', 0.7058823529411764), ('CC(C)([IH])CO', 0.7058823529411764), ('CC(C)([IH-])CO', 0.7058823529411764), ('CC(C)([I+])CO', 0.7058823529411764), ('CC(C)([BrH+])CO', 0.7058823529411764), ('CC(C)(O)CO', 0.7058823529411764), ('CC(C)(N)C[SeH3]', 0.7058823529411764), ('CC(C)(N)C[SeH3+]', 0.7058823529411764), ('CC(C)(N)C[SeH2]', 0.7058823529411764), ('CC(C)(N)C[SeH2+]', 0.7058823529411764), ('CC(C)(N)C[SeH-]', 0.7058823529411764), ('CC(C)(N)C[SeH+]', 0.7058823529411764), ('CC(C)(N)C[SH3+]', 0.7058823529411764), ('CC(C)(N)C[SH2]', 0.7058823529411764), ('CC(C)(N)C[SH2-]', 0.7058823529411764), ('CC(C)(N)C[SH2+]', 0.7058823529411764), ('CC(C)(N)C[SH+]', 0.7058823529411764), ('CC(C)(N)C[PH]', 0.7058823529411764), ('CC(C)(N)C[PH+]', 0.7058823529411764), ('CC(C)(N)C[P-]', 0.7058823529411764), ('CC(C)(N)C[N]', 0.7058823529411764), ('CC(C)(N)C[NH2+]', 0.7058823529411764), ('CC(C)(N)C[NH-]', 0.7058823529411764), ('CC(C)(N)C[N-]', 0.7058823529411764), ('CC(C)(N)C[IH3-]', 0.7058823529411764), ('CC(C)(N)C[IH2]', 0.7058823529411764), ('CC(C)(N)C[IH2-]', 0.7058823529411764), ('CC(C)(N)C[I-]', 0.7058823529411764), ('CC(C)(N)C[I+]', 0.7058823529411764), ('CC(C)(N)C[ClH+]', 0.7058823529411764), ('CC(C)(N)C[Cl+]', 0.7058823529411764), ('CC(C)(N)C[CH3+]', 0.7058823529411764), ('CC(C)(N)CP', 0.7058823529411764), ('CC(C)(N)CI', 0.7058823529411764), ('CC(C)(Cl)CO', 0.7058823529411764), ('BCC(C)(C)N', 0.7058823529411764), ('BC(C)(C)CO', 0.7058823529411764)]
