./results/240622_045018/
{'apprentice_load_dir': '/workspace/_ext/data/models/amine250_reduced/TransformerDecoder/240616_1504',
 'apprentice_sampling_batch_size': 8192,
 'apprentice_training_batch_size': 256,
 'apprentice_training_steps': 8,
 'benchmark_id': 22,
 'benchmark_type': 'amine',
 'dataset': 'amine250_reduced',
 'dataset_path': '/workspace/_ext/data/datasets/amine250_reduced/all.txt',
 'expert_sampling_batch_size': 8192,
 'explainer_load_dir': None,
 'explainer_type': None,
 'genetic_experts': ['SMILES'],
 'learning_rate': 0.001,
 'logger_type': 'CommandLine',
 'max_sampling_batch_size': 1024,
 'max_smiles_length': 100,
 'model_type': 'TransformerDecoder',
 'mutation_initial_rate': 0.01,
 'num_jobs': 8,
 'num_keep': 1024,
 'num_smiles_for_similarity': 100,
 'num_steps': 100,
 'project_qualified_name': '',
 'record_filtered': False,
 'sampling_strategy': 'softmax',
 'save_root': './results/',
 'seed': 404,
 'use_best': True,
 'use_cuda': True,
 'use_frozen_explainer': False,
 'use_initial': True}
benchmark_score
0.4406704285793454
[('OCCN1CCCCC1', 0.5), ('CN1CCCCC1CO', 0.5), ('OCCN1CCCC1', 0.47073443584563585), ('CN1CCCCCC1CO', 0.4632778767618624), ('CN1CCCCC1CCO', 0.424968887345366), ('CN1CCCCCCC1CO', 0.42379344841321), ('OCCN1CCCCCC1', 0.4188539082916955), ('OCN1CCCCC1', 0.4188260765425508), ('CN1CCCCCC1CCO', 0.4048966532219751), ('OCCCN1CCCCC1', 0.39970403251589476), ('CN1CCCCCCCC1CO', 0.3905667329424716), ('CN1CCCCC1CCCO', 0.38924947208076144), ('CN1CCCCC1CCN1CCCCC1', 0.382039947410267), ('OCN1CCCC1', 0.38118124993124375), ('CCCN1CCCCC1', 0.37654087294883953), ('CN1CCCCCCC1CCO', 0.37415616958826103), ('CN1CCCCCC1CCCO', 0.37415616958826103), ('CN1CCCCC1CCN1CCC1', 0.3741115235443591), ('CN1CCCCC1CCN1CCCC1', 0.3727101499963041), ('CN1CCCC1CO', 0.37262572358034113), ('OCC1CN1CCN1CCCCC1', 0.3718224185466297), ('CN1CCCCC1C[SeH3+125]CO', 0.371726071333238), ('CN1CCCCC1C[SeH3+101]CO', 0.371726071333238), ('CN1CCCCC1C[SeH2+9]CO', 0.371726071333238), ('CN1CCCCC1C[SeH+40]CO', 0.371726071333238), ('CN1CCCCC1C[SeH+31]CO', 0.371726071333238), ('CN1CCCCC1C[SeH+118]CO', 0.371726071333238), ('CN1CCCCC1C[SeH+110]CO', 0.371726071333238), ('CN1CCCCC1C[Se+29]CO', 0.371726071333238), ('CN1CCCCC1C[SH3]CO', 0.371726071333238), ('CN1CCCCC1C[SH3+55]CO', 0.371726071333238), ('CN1CCCCC1C[SH3+21]CO', 0.371726071333238), ('CN1CCCCC1C[SH3+19]CO', 0.371726071333238), ('CN1CCCCC1C[SH2+23]CO', 0.371726071333238), ('CN1CCCCC1C[SH2+16]CO', 0.371726071333238), ('CN1CCCCC1C[SH+70]CO', 0.371726071333238), ('CN1CCCCC1C[SH+6]CO', 0.371726071333238), ('CN1CCCCC1C[SH+121]CO', 0.371726071333238), ('CN1CCCCC1C[S+63]CO', 0.371726071333238), ('CN1CCCCC1C[S+118]CO', 0.371726071333238), ('CN1CCCCC1C[PH2+44]CO', 0.371726071333238), ('CN1CCCCC1C[PH+28]CO', 0.371726071333238), ('CN1CCCCC1C[P+118]CO', 0.371726071333238), ('CN1CCCCC1C[P+10]CO', 0.371726071333238), ('CN1CCCCC1C[OH3+47]CO', 0.371726071333238), ('CN1CCCCC1C[OH3+24]CO', 0.371726071333238), ('CN1CCCCC1C[OH3+19]CO', 0.371726071333238), ('CN1CCCCC1C[OH2+23]CO', 0.371726071333238), ('CN1CCCCC1C[OH+114]CO', 0.371726071333238), ('CN1CCCCC1C[O+83]CO', 0.371726071333238), ('CN1CCCCC1C[O+53]CO', 0.371726071333238), ('CN1CCCCC1C[NH2+92]CO', 0.371726071333238), ('CN1CCCCC1C[NH2+22]CO', 0.371726071333238), ('CN1CCCCC1C[NH2+11]CO', 0.371726071333238), ('CN1CCCCC1C[N+19]CO', 0.371726071333238), ('CN1CCCCC1C[IH3+54]CO', 0.371726071333238), ('CN1CCCCC1C[IH3+32]CO', 0.371726071333238), ('CN1CCCCC1C[IH22+60]CO', 0.371726071333238), ('CN1CCCCC1C[IH2+121]CO', 0.371726071333238), ('CN1CCCCC1C[I+59]CO', 0.371726071333238), ('CN1CCCCC1C[I+58]CO', 0.371726071333238), ('CN1CCCCC1C[FH3+48]CO', 0.371726071333238), ('CN1CCCCC1C[FH3+30]CO', 0.371726071333238), ('CN1CCCCC1C[FH2+21]CO', 0.371726071333238), ('CN1CCCCC1C[F+92]CO', 0.371726071333238), ('CN1CCCCC1C[F+78]CO', 0.371726071333238), ('CN1CCCCC1C[F+50]CO', 0.371726071333238), ('CN1CCCCC1C[F+102]CO', 0.371726071333238), ('CN1CCCCC1C[ClH3+54]CO', 0.371726071333238), ('CN1CCCCC1C[ClH3+44]CO', 0.371726071333238), ('CN1CCCCC1C[ClH3+33]CO', 0.371726071333238), ('CN1CCCCC1C[ClH2+7]CO', 0.371726071333238), ('CN1CCCCC1C[ClH2+30]CO', 0.371726071333238), ('CN1CCCCC1C[ClH2+11]CO', 0.371726071333238), ('CN1CCCCC1C[ClH2+108]CO', 0.371726071333238), ('CN1CCCCC1C[ClH+119]CO', 0.371726071333238), ('CN1CCCCC1C[ClH+113]CO', 0.371726071333238), ('CN1CCCCC1C[ClH+106]CO', 0.371726071333238), ('CN1CCCCC1C[ClH+102]CO', 0.371726071333238), ('CN1CCCCC1C[Cl+4]CO', 0.371726071333238), ('CN1CCCCC1C[Cl+11]CO', 0.371726071333238), ('CN1CCCCC1C[CH2+72]CO', 0.371726071333238), ('CN1CCCCC1C[CH2+53]CO', 0.371726071333238), ('CN1CCCCC1C[CH+58]CO', 0.371726071333238), ('CN1CCCCC1C[CH+121]CO', 0.371726071333238), ('CN1CCCCC1C[CH+117]CO', 0.371726071333238), ('CN1CCCCC1C[C+59]CO', 0.371726071333238), ('CN1CCCCC1C[C+107]CO', 0.371726071333238), ('CN1CCCCC1C[BrH2+47]CO', 0.371726071333238), ('CN1CCCCC1C[BrH+47]CO', 0.371726071333238), ('CN1CCCCC1C[BrH+18]CO', 0.371726071333238), ('CN1CCCCC1C[BrH+16]CO', 0.371726071333238), ('CN1CCCCC1C[BrH+108]CO', 0.371726071333238), ('CN1CCCCC1C[Br+48]CO', 0.371726071333238), ('CN1CCCCC1C[Br+44]CO', 0.371726071333238), ('CN1CCCCC1C[Br+28]CO', 0.371726071333238), ('CN1CCCCC1C[Br+118]CO', 0.371726071333238), ('CN1CCCCC1C[BH2-124]CO', 0.371726071333238), ('CN1CCCCC1C[B-48]CO', 0.371726071333238), ('CN1CCCCC1C[B-10]CO', 0.371726071333238)]
