./results/240622_035627/
{'apprentice_load_dir': '/workspace/_ext/data/models/amine250_reduced/TransformerDecoder/240616_1504',
 'apprentice_sampling_batch_size': 8192,
 'apprentice_training_batch_size': 256,
 'apprentice_training_steps': 8,
 'benchmark_id': 21,
 'benchmark_type': 'amine',
 'dataset': 'amine250_reduced',
 'dataset_path': '/workspace/_ext/data/datasets/amine250_reduced/all.txt',
 'expert_sampling_batch_size': 8192,
 'explainer_load_dir': None,
 'explainer_type': None,
 'genetic_experts': ['SMILES'],
 'learning_rate': 0.001,
 'logger_type': 'CommandLine',
 'max_sampling_batch_size': 1024,
 'max_smiles_length': 100,
 'model_type': 'TransformerDecoder',
 'mutation_initial_rate': 0.01,
 'num_jobs': 8,
 'num_keep': 1024,
 'num_smiles_for_similarity': 100,
 'num_steps': 100,
 'project_qualified_name': '',
 'record_filtered': False,
 'sampling_strategy': 'softmax',
 'save_root': './results/',
 'seed': 404,
 'use_best': True,
 'use_cuda': True,
 'use_frozen_explainer': False,
 'use_initial': True}
benchmark_score
0.39768642572014484
[('CCN(CCOCCO)CCN1CCCCC1', 0.41988804478009817), ('CCN(CCOCCO)CN1CCCCC1', 0.41147559989891175), ('CCN(CC)CCOCCN1CCCCC1', 0.41147559989891175), ('CCN(CCCN1CCCCC1)CCOCCO', 0.39571022010214635), ('CCN(CCOCCO)CCN1CCCC1', 0.38784964925515975), ('CCN(CC)CCOCCCN1CCCCC1', 0.3869098924422603), ('CCN(CCOCCO)CN(CC)CCN1CCCCC1', 0.3842418923703637), ('CCN(CC)CN(CCOCCO)CCN1CCCCC1', 0.3842418923703637), ('CCN(CO)CCOCCN1CCCCC1', 0.37969180010442427), ('[O+36]CN(CCOCCO)CCN1CCCCC1', 0.3776316112335101), ('[NH3+87]CN(CCOCCO)CCN1CCCCC1', 0.3776316112335101), ('[NH3+73]CN(CCOCCO)CCN1CCCCC1', 0.3776316112335101), ('[NH3+116]CN(CCOCCO)CCN1CCCCC1', 0.3776316112335101), ('[NH3+109]CN(CCOCCO)CCN1CCCCC1', 0.3776316112335101), ('[NH2+105]CN(CCOCCO)CCN1CCCCC1', 0.3776316112335101), ('[NH+80]CN(CCOCCO)CCN1CCCCC1', 0.3776316112335101), ('[NH+68]CN(CCOCCO)CCN1CCCCC1', 0.3776316112335101), ('[NH+4]CN(CCOCCO)CCN1CCCCC1', 0.3776316112335101), ('[N+86]CN(CCOCCO)CCN1CCCCC1', 0.3776316112335101), ('[N+76]CN(CCOCCO)CCN1CCCCC1', 0.3776316112335101), ('[N+118]CN(CCOCCO)CCN1CCCCC1', 0.3776316112335101), ('[CH4+32]CN(CCOCCO)CCN1CCCCC1', 0.3776316112335101), ('[CH4+10]CN(CCOCCO)CCN1CCCCC1', 0.3776316112335101), ('[CH3+65]CN(CCOCCO)CCN1CCCCC1', 0.3776316112335101), ('[CH3+45]CN(CCOCCO)CCN1CCCCC1', 0.3776316112335101), ('[CH3+12]CN(CCOCCO)CCN1CCCCC1', 0.3776316112335101), ('[CH2+87]CN(CCOCCO)CCN1CCCCC1', 0.3776316112335101), ('[CH2+7]CN(CCOCCO)CCN1CCCCC1', 0.3776316112335101), ('[CH2+65]CN(CCOCCO)CCN1CCCCC1', 0.3776316112335101), ('[CH2+27]CN(CCOCCO)CCN1CCCCC1', 0.3776316112335101), ('[CH2+107]CN(CCOCCO)CCN1CCCCC1', 0.3776316112335101), ('OCCOCCN(C[SH4+113])CCN1CCCCC1', 0.3776316112335101), ('OCCOCCN(C[SH3+81])CCN1CCCCC1', 0.3776316112335101), ('OCCOCCN(C[SH2+112])CCN1CCCCC1', 0.3776316112335101), ('OCCOCCN(C[SH+77])CCN1CCCCC1', 0.3776316112335101), ('OCCOCCN(C[SH+4])CCN1CCCCC1', 0.3776316112335101), ('OCCOCCN(C[SH+49])CCN1CCCCC1', 0.3776316112335101), ('OCCOCCN(C[S+95])CCN1CCCCC1', 0.3776316112335101), ('OCCOCCN(C[PH4+32])CCN1CCCCC1', 0.3776316112335101), ('OCCOCCN(C[PH3+57])CCN1CCCCC1', 0.3776316112335101), ('OCCOCCN(C[PH2+86])CCN1CCCCC1', 0.3776316112335101), ('OCCOCCN(C[PH2+72])CCN1CCCCC1', 0.3776316112335101), ('OCCOCCN(C[PH2+40])CCN1CCCCC1', 0.3776316112335101), ('OCCOCCN(C[PH2+16])CCN1CCCCC1', 0.3776316112335101), ('OCCOCCN(C[PH2+14])CCN1CCCCC1', 0.3776316112335101), ('OCCOCCN(C[PH+52])CCN1CCCCC1', 0.3776316112335101), ('OCCOCCN(C[PH+34])CCN1CCCCC1', 0.3776316112335101), ('OCCOCCN(C[P+64])CCN1CCCCC1', 0.3776316112335101), ('OCCOCCN(C[P+20])CCN1CCCCC1', 0.3776316112335101), ('OCCOCCN(C[OH4+68])CCN1CCCCC1', 0.3776316112335101), ('OCCOCCN(C[OH3+61])CCN1CCCCC1', 0.3776316112335101), ('OCCOCCN(C[OH+13])CCN1CCCCC1', 0.3776316112335101), ('OCCOCCN(C[IH4+6])CCN1CCCCC1', 0.3776316112335101), ('OCCOCCN(C[IH3+23])CCN1CCCCC1', 0.3776316112335101), ('OCCOCCN(C[IH3+112])CCN1CCCCC1', 0.3776316112335101), ('OCCOCCN(C[IH2+34])CCN1CCCCC1', 0.3776316112335101), ('OCCOCCN(C[IH2+26])CCN1CCCCC1', 0.3776316112335101), ('OCCOCCN(C[IH-2])CCN1CCCCC1', 0.3776316112335101), ('OCCOCCN(C[IH+82])CCN1CCCCC1', 0.3776316112335101), ('OCCOCCN(C[IH+57])CCN1CCCCC1', 0.3776316112335101), ('OCCOCCN(C[IH+117])CCN1CCCCC1', 0.3776316112335101), ('OCCOCCN(C[I+52])CCN1CCCCC1', 0.3776316112335101), ('OCCOCCN(C[I+117])CCN1CCCCC1', 0.3776316112335101), ('OCCOCCN(C[FH4+82])CCN1CCCCC1', 0.3776316112335101), ('OCCOCCN(C[FH4+68])CCN1CCCCC1', 0.3776316112335101), ('OCCOCCN(C[FH3+33])CCN1CCCCC1', 0.3776316112335101), ('OCCOCCN(C[FH3+28])CCN1CCCCC1', 0.3776316112335101), ('OCCOCCN(C[FH2+67])CCN1CCCCC1', 0.3776316112335101), ('OCCOCCN(C[FH2+114])CCN1CCCCC1', 0.3776316112335101), ('OCCOCCN(C[FH+73])CCN1CCCCC1', 0.3776316112335101), ('OCCOCCN(C[FH+10])CCN1CCCCC1', 0.3776316112335101), ('OCCOCCN(C[F+56])CCN1CCCCC1', 0.3776316112335101), ('OCCOCCN(C[F+46])CCN1CCCCC1', 0.3776316112335101), ('OCCOCCN(C[ClH4+72])CCN1CCCCC1', 0.3776316112335101), ('OCCOCCN(C[ClH4+69])CCN1CCCCC1', 0.3776316112335101), ('OCCOCCN(C[ClH2+8])CCN1CCCCC1', 0.3776316112335101), ('OCCOCCN(C[ClH2+68])CCN1CCCCC1', 0.3776316112335101), ('OCCOCCN(C[ClH+99])CCN1CCCCC1', 0.3776316112335101), ('OCCOCCN(C[ClH+65])CCN1CCCCC1', 0.3776316112335101), ('OCCOCCN(C[ClH+2])CCN1CCCCC1', 0.3776316112335101), ('OCCOCCN(C[ClH+25])CCN1CCCCC1', 0.3776316112335101), ('OCCOCCN(C[ClH+119])CCN1CCCCC1', 0.3776316112335101), ('OCCOCCN(C[Cl+15])CCN1CCCCC1', 0.3776316112335101), ('OCCOCCN(C[BrH4+5])CCN1CCCCC1', 0.3776316112335101), ('OCCOCCN(C[BrH4+14])CCN1CCCCC1', 0.3776316112335101), ('OCCOCCN(C[BrH3+99])CCN1CCCCC1', 0.3776316112335101), ('OCCOCCN(C[BrH3+97])CCN1CCCCC1', 0.3776316112335101), ('OCCOCCN(C[BrH3+53])CCN1CCCCC1', 0.3776316112335101), ('OCCOCCN(C[BrH3+3])CCN1CCCCC1', 0.3776316112335101), ('OCCOCCN(C[BrH3+11])CCN1CCCCC1', 0.3776316112335101), ('OCCOCCN(C[BrH2+92])CCN1CCCCC1', 0.3776316112335101), ('OCCOCCN(C[BrH2+74])CCN1CCCCC1', 0.3776316112335101), ('OCCOCCN(C[BrH2+124])CCN1CCCCC1', 0.3776316112335101), ('OCCOCCN(C[BrH2+116])CCN1CCCCC1', 0.3776316112335101), ('OCCOCCN(C[BrH+48])CCN1CCCCC1', 0.3776316112335101), ('OCCOCCN(C[BrH+17])CCN1CCCCC1', 0.3776316112335101), ('OCCOCCN(C[BrH+13])CCN1CCCCC1', 0.3776316112335101), ('OCCOCCN(C[BrH+101])CCN1CCCCC1', 0.3776316112335101), ('OCCOCCN(C[Br+49])CCN1CCCCC1', 0.3776316112335101), ('OCCOCCN(C[Br+18])CCN1CCCCC1', 0.3776316112335101)]
