./results/240621_102719/
{'apprentice_load_dir': '/workspace/_ext/data/models/amine250_reduced/TransformerDecoder/240616_1504',
 'apprentice_sampling_batch_size': 8192,
 'apprentice_training_batch_size': 256,
 'apprentice_training_steps': 8,
 'benchmark_id': 13,
 'benchmark_type': 'amine',
 'dataset': 'amine250_reduced',
 'dataset_path': '/workspace/_ext/data/datasets/amine250_reduced/all.txt',
 'expert_sampling_batch_size': 8192,
 'explainer_load_dir': None,
 'explainer_type': None,
 'genetic_experts': ['SMILES'],
 'learning_rate': 0.001,
 'logger_type': 'CommandLine',
 'max_sampling_batch_size': 1024,
 'max_smiles_length': 100,
 'model_type': 'TransformerDecoder',
 'mutation_initial_rate': 0.01,
 'num_jobs': 8,
 'num_keep': 1024,
 'num_smiles_for_similarity': 100,
 'num_steps': 100,
 'project_qualified_name': '',
 'record_filtered': False,
 'sampling_strategy': 'softmax',
 'save_root': './results/',
 'seed': 404,
 'use_best': True,
 'use_cuda': True,
 'use_frozen_explainer': False,
 'use_initial': True}
benchmark_score
0.8511607622341674
[('CN(C)CCCCO', 1.0), ('CN(C)CCCCCO', 0.9777777777777776), ('CN(C)CCCO', 0.8717948717948718), ('CN(C)CCCCCCO', 0.8627450980392157), ('CN(C)CCCCCCCO', 0.7719298245614035), ('[C]CCCCN(C)C', 0.7311827956989246), ('[CH]N(C)CCCCO', 0.7311827956989246), ('[CH]CCCCN(C)C', 0.7311827956989246), ('[CH2]CCCCN(C)C', 0.7311827956989246), ('[CH2-]N(C)CCCCO', 0.7311827956989246), ('[CH2-]CCCCN(C)C', 0.7311827956989246), ('[CH2+]CCCCN(C)C', 0.7311827956989246), ('[CH+]CCCCN(C)C', 0.7311827956989246), ('[C+]N(C)CCCCO', 0.7311827956989246), ('[C+]CCCCN(C)C', 0.7311827956989246), ('[B]N(C)CCCCO', 0.7311827956989246), ('[B]CCCCN(C)C', 0.7311827956989246), ('[BH]N(C)CCCCO', 0.7311827956989246), ('[BH]CCCCN(C)C', 0.7311827956989246), ('[BH3-]N(C)CCCCO', 0.7311827956989246), ('[BH2-]CCCCN(C)C', 0.7311827956989246), ('[BH-]CCCCN(C)C', 0.7311827956989246), ('[BH+]N(C)CCCCO', 0.7311827956989246), ('[B-]N(C)CCCCO', 0.7311827956989246), ('[B+]N(C)CCCCO', 0.7311827956989246), ('CN([Si])CCCCO', 0.7311827956989246), ('CN([SeH3])CCCCO', 0.7311827956989246), ('CN([SeH3-])CCCCO', 0.7311827956989246), ('CN([SeH3+])CCCCO', 0.7311827956989246), ('CN([SeH2])CCCCO', 0.7311827956989246), ('CN([SeH2-])CCCCO', 0.7311827956989246), ('CN([Se+])CCCCO', 0.7311827956989246), ('CN([SH3])CCCCO', 0.7311827956989246), ('CN([SH3-])CCCCO', 0.7311827956989246), ('CN([SH2-])CCCCO', 0.7311827956989246), ('CN([SH-])CCCCO', 0.7311827956989246), ('CN([S-])CCCCO', 0.7311827956989246), ('CN([PH3])CCCCO', 0.7311827956989246), ('CN([PH3-])CCCCO', 0.7311827956989246), ('CN([PH3+])CCCCO', 0.7311827956989246), ('CN([PH2+])CCCCO', 0.7311827956989246), ('CN([PH-])CCCCO', 0.7311827956989246), ('CN([OH2+])CCCCO', 0.7311827956989246), ('CN([O+])CCCCO', 0.7311827956989246), ('CN([N])CCCCO', 0.7311827956989246), ('CN([NH])CCCCO', 0.7311827956989246), ('CN([NH3+])CCCCO', 0.7311827956989246), ('CN([NH-])CCCCO', 0.7311827956989246), ('CN([N+])CCCCO', 0.7311827956989246), ('CN([IH])CCCCO', 0.7311827956989246), ('CN([IH2-])CCCCO', 0.7311827956989246), ('CN([IH2+])CCCCO', 0.7311827956989246), ('CN([IH-])CCCCO', 0.7311827956989246), ('CN([IH+])CCCCO', 0.7311827956989246), ('CN([I-])CCCCO', 0.7311827956989246), ('CN([FH+])CCCCO', 0.7311827956989246), ('CN([Cl+])CCCCO', 0.7311827956989246), ('CN(S)CCCCO', 0.7311827956989246), ('CN(N)CCCCO', 0.7311827956989246), ('CN(Cl)CCCCO', 0.7311827956989246), ('CN(C)CCCC[Si]', 0.7311827956989246), ('CN(C)CCCC[SeH]', 0.7311827956989246), ('CN(C)CCCC[SeH3+]', 0.7311827956989246), ('CN(C)CCCC[SeH2-]', 0.7311827956989246), ('CN(C)CCCC[SeH2+]', 0.7311827956989246), ('CN(C)CCCC[SeH+]', 0.7311827956989246), ('CN(C)CCCC[S]', 0.7311827956989246), ('CN(C)CCCC[SH3]', 0.7311827956989246), ('CN(C)CCCC[SH3+]', 0.7311827956989246), ('CN(C)CCCC[SH2+]', 0.7311827956989246), ('CN(C)CCCC[SH+]', 0.7311827956989246), ('CN(C)CCCC[PH]', 0.7311827956989246), ('CN(C)CCCC[PH3]', 0.7311827956989246), ('CN(C)CCCC[PH2+]', 0.7311827956989246), ('CN(C)CCCC[P-]', 0.7311827956989246), ('CN(C)CCCC[O]', 0.7311827956989246), ('CN(C)CCCC[OH2+]', 0.7311827956989246), ('CN(C)CCCC[OH+]', 0.7311827956989246), ('CN(C)CCCC[N]', 0.7311827956989246), ('CN(C)CCCC[NH3+]', 0.7311827956989246), ('CN(C)CCCC[NH2+]', 0.7311827956989246), ('CN(C)CCCC[N-]', 0.7311827956989246), ('CN(C)CCCC[IH]', 0.7311827956989246), ('CN(C)CCCC[IH3-]', 0.7311827956989246), ('CN(C)CCCC[IH2]', 0.7311827956989246), ('CN(C)CCCC[IH2-]', 0.7311827956989246), ('CN(C)CCCC[IH2+]', 0.7311827956989246), ('CN(C)CCCC[IH-]', 0.7311827956989246), ('CN(C)CCCC[I-]', 0.7311827956989246), ('CN(C)CCCC[FH+]', 0.7311827956989246), ('CN(C)CCCC[F+]', 0.7311827956989246), ('CN(C)CCCC[ClH+]', 0.7311827956989246), ('CN(C)CCCC[Cl+]', 0.7311827956989246), ('CN(C)CCCC[BrH+]', 0.7311827956989246), ('CN(C)CCCC[Br+]', 0.7311827956989246), ('CN(C)CCCCP', 0.7311827956989246), ('CN(C)CCCCN', 0.7311827956989246), ('CN(C)CCCCF', 0.7311827956989246), ('BN(C)CCCCO', 0.7311827956989246), ('BCCCCN(C)C', 0.7311827956989246)]
