./results/240622_031507/
{'apprentice_load_dir': '/workspace/_ext/data/models/amine250_reduced/TransformerDecoder/240616_1504',
 'apprentice_sampling_batch_size': 8192,
 'apprentice_training_batch_size': 256,
 'apprentice_training_steps': 8,
 'benchmark_id': 20,
 'benchmark_type': 'amine',
 'dataset': 'amine250_reduced',
 'dataset_path': '/workspace/_ext/data/datasets/amine250_reduced/all.txt',
 'expert_sampling_batch_size': 8192,
 'explainer_load_dir': None,
 'explainer_type': None,
 'genetic_experts': ['SMILES'],
 'learning_rate': 0.001,
 'logger_type': 'CommandLine',
 'max_sampling_batch_size': 1024,
 'max_smiles_length': 100,
 'model_type': 'TransformerDecoder',
 'mutation_initial_rate': 0.01,
 'num_jobs': 8,
 'num_keep': 1024,
 'num_smiles_for_similarity': 100,
 'num_steps': 100,
 'project_qualified_name': '',
 'record_filtered': False,
 'sampling_strategy': 'softmax',
 'save_root': './results/',
 'seed': 404,
 'use_best': True,
 'use_cuda': True,
 'use_frozen_explainer': False,
 'use_initial': True}
benchmark_score
0.39506950925871415
[('CCN(CCOCCO)CC1CCCCN1C', 0.4207673668966939), ('CCN(CCOCCO)CCC1CCCCN1C', 0.39601082407963645), ('CCN(CC)CCOCCC1CCCCN1C', 0.387448770957594), ('[C]CN(CCOCCO)CC1CCCCN1C', 0.3791797959944084), ('[CH]CN(CCOCCO)CC1CCCCN1C', 0.3791797959944084), ('[CH2]CN(CCOCCO)CC1CCCCN1C', 0.3791797959944084), ('[CH2-]CN(CCOCCO)CC1CCCCN1C', 0.3791797959944084), ('[CH2+]CN(CCOCCO)CC1CCCCN1C', 0.3791797959944084), ('[CH-]CN(CCOCCO)CC1CCCCN1C', 0.3791797959944084), ('[CH+]CN(CCOCCO)CC1CCCCN1C', 0.3791797959944084), ('[C-]CN(CCOCCO)CC1CCCCN1C', 0.3791797959944084), ('[C+]CN(CCOCCO)CC1CCCCN1C', 0.3791797959944084), ('CN1CCCCC1CN(C[Si])CCOCCO', 0.3791797959944084), ('CN1CCCCC1CN(C[S])CCOCCO', 0.3791797959944084), ('CN1CCCCC1CN(C[SH3])CCOCCO', 0.3791797959944084), ('CN1CCCCC1CN(C[SH3-])CCOCCO', 0.3791797959944084), ('CN1CCCCC1CN(C[SH3+])CCOCCO', 0.3791797959944084), ('CN1CCCCC1CN(C[SH2])CCOCCO', 0.3791797959944084), ('CN1CCCCC1CN(C[SH2-])CCOCCO', 0.3791797959944084), ('CN1CCCCC1CN(C[SH2+])CCOCCO', 0.3791797959944084), ('CN1CCCCC1CN(C[SH-])CCOCCO', 0.3791797959944084), ('CN1CCCCC1CN(C[SH+])CCOCCO', 0.3791797959944084), ('CN1CCCCC1CN(C[S-])CCOCCO', 0.3791797959944084), ('CN1CCCCC1CN(C[S+])CCOCCO', 0.3791797959944084), ('CN1CCCCC1CN(C[P])CCOCCO', 0.3791797959944084), ('CN1CCCCC1CN(C[PH])CCOCCO', 0.3791797959944084), ('CN1CCCCC1CN(C[PH3])CCOCCO', 0.3791797959944084), ('CN1CCCCC1CN(C[PH3-])CCOCCO', 0.3791797959944084), ('CN1CCCCC1CN(C[PH3+])CCOCCO', 0.3791797959944084), ('CN1CCCCC1CN(C[PH2-])CCOCCO', 0.3791797959944084), ('CN1CCCCC1CN(C[PH2+])CCOCCO', 0.3791797959944084), ('CN1CCCCC1CN(C[PH-])CCOCCO', 0.3791797959944084), ('CN1CCCCC1CN(C[PH+])CCOCCO', 0.3791797959944084), ('CN1CCCCC1CN(C[P-])CCOCCO', 0.3791797959944084), ('CN1CCCCC1CN(C[P+])CCOCCO', 0.3791797959944084), ('CN1CCCCC1CN(C[O])CCOCCO', 0.3791797959944084), ('CN1CCCCC1CN(C[OH2+])CCOCCO', 0.3791797959944084), ('CN1CCCCC1CN(C[OH+])CCOCCO', 0.3791797959944084), ('CN1CCCCC1CN(C[O-])CCOCCO', 0.3791797959944084), ('CN1CCCCC1CN(C[O+])CCOCCO', 0.3791797959944084), ('CN1CCCCC1CN(C[N])CCOCCO', 0.3791797959944084), ('CN1CCCCC1CN(C[NH])CCOCCO', 0.3791797959944084), ('CN1CCCCC1CN(C[NH3+])CCOCCO', 0.3791797959944084), ('CN1CCCCC1CN(C[NH2+])CCOCCO', 0.3791797959944084), ('CN1CCCCC1CN(C[NH-])CCOCCO', 0.3791797959944084), ('CN1CCCCC1CN(C[NH+])CCOCCO', 0.3791797959944084), ('CN1CCCCC1CN(C[N-])CCOCCO', 0.3791797959944084), ('CN1CCCCC1CN(C[N+])CCOCCO', 0.3791797959944084), ('CN1CCCCC1CN(C[IH])CCOCCO', 0.3791797959944084), ('CN1CCCCC1CN(C[IH3])CCOCCO', 0.3791797959944084), ('CN1CCCCC1CN(C[IH3-])CCOCCO', 0.3791797959944084), ('CN1CCCCC1CN(C[IH3+])CCOCCO', 0.3791797959944084), ('CN1CCCCC1CN(C[IH2])CCOCCO', 0.3791797959944084), ('CN1CCCCC1CN(C[IH2-])CCOCCO', 0.3791797959944084), ('CN1CCCCC1CN(C[IH2+])CCOCCO', 0.3791797959944084), ('CN1CCCCC1CN(C[IH-])CCOCCO', 0.3791797959944084), ('CN1CCCCC1CN(C[IH+])CCOCCO', 0.3791797959944084), ('CN1CCCCC1CN(C[I-])CCOCCO', 0.3791797959944084), ('CN1CCCCC1CN(C[I+])CCOCCO', 0.3791797959944084), ('CN1CCCCC1CN(C[FH+])CCOCCO', 0.3791797959944084), ('CN1CCCCC1CN(C[F+])CCOCCO', 0.3791797959944084), ('CN1CCCCC1CN(C[ClH+])CCOCCO', 0.3791797959944084), ('CN1CCCCC1CN(C[Cl+])CCOCCO', 0.3791797959944084), ('CN1CCCCC1CN(C[CH3+])CCOCCO', 0.3791797959944084), ('CN1CCCCC1CN(C[BrH+])CCOCCO', 0.3791797959944084), ('CN1CCCCC1CN(C[Br+])CCOCCO', 0.3791797959944084), ('CN1CCCCC1CN(CS)CCOCCO', 0.3791797959944084), ('CN1CCCCC1CN(CP)CCOCCO', 0.3791797959944084), ('CN1CCCCC1CN(CO)CCOCCO', 0.3791797959944084), ('CN1CCCCC1CN(CN)CCOCCO', 0.3791797959944084), ('CN1CCCCC1CN(CI)CCOCCO', 0.3791797959944084), ('CN1CCCCC1CN(CF)CCOCCO', 0.3791797959944084), ('CN1CCCCC1CN(CCl)CCOCCO', 0.3791797959944084), ('CN1CCCCC1CN(CBr)CCOCCO', 0.3791797959944084), ('BCN(CCOCCO)CC1CCCCN1C', 0.3791797959944084), ('CCCN(CCOCCO)CC1CCCCN1C', 0.3766910578147944), ('CCN(CCOCCO)CN(CC)CC1CCCCN1C', 0.3746343246326776), ('CCN(CC)CN(CCOCCO)CC1CCCCN1C', 0.3746343246326776), ('CCN(C[CH]CC1CCCCN1C)CCOCCO', 0.37400585310843354), ('CCN(CCOCCO)C[Si]CC1CCCCN1C', 0.37400585310843354), ('CCN(CCOCCO)C[SH]CC1CCCCN1C', 0.37400585310843354), ('CCN(CCOCCO)C[SH2]CC1CCCCN1C', 0.37400585310843354), ('CCN(CCOCCO)C[SH-]CC1CCCCN1C', 0.37400585310843354), ('CCN(CCOCCO)C[S-]CC1CCCCN1C', 0.37400585310843354), ('CCN(CCOCCO)C[PH3-]CC1CCCCN1C', 0.37400585310843354), ('CCN(CCOCCO)C[PH+]CC1CCCCN1C', 0.37400585310843354), ('CCN(CCOCCO)C[P+]CC1CCCCN1C', 0.37400585310843354), ('CCN(CCOCCO)C[O+]CC1CCCCN1C', 0.37400585310843354), ('CCN(CCOCCO)C[NH2+]CC1CCCCN1C', 0.37400585310843354), ('CCN(CCOCCO)C[NH+]CC1CCCCN1C', 0.37400585310843354), ('CCN(CCOCCO)C[N-]CC1CCCCN1C', 0.37400585310843354), ('CCN(CCOCCO)C[N+]CC1CCCCN1C', 0.37400585310843354), ('CCN(CCOCCO)C[IH3+]CC1CCCCN1C', 0.37400585310843354), ('CCN(CCOCCO)C[IH2]CC1CCCCN1C', 0.37400585310843354), ('CCN(CCOCCO)C[IH-]CC1CCCCN1C', 0.37400585310843354), ('CCN(CCOCCO)C[IH+]CC1CCCCN1C', 0.37400585310843354), ('CCN(CCOCCO)C[CH3+]CC1CCCCN1C', 0.37400585310843354), ('CCN(CCOCCO)C[Br+]CC1CCCCN1C', 0.37400585310843354), ('CCN(CCOCCO)COCC1CCCCN1C', 0.37400585310843354), ('CCN(CCOCCO)CNCC1CCCCN1C', 0.37400585310843354)]
