./results/240621_123447/
{'apprentice_load_dir': '/workspace/_ext/data/models/amine250_reduced/TransformerDecoder/240616_1504',
 'apprentice_sampling_batch_size': 8192,
 'apprentice_training_batch_size': 256,
 'apprentice_training_steps': 8,
 'benchmark_id': 17,
 'benchmark_type': 'amine',
 'dataset': 'amine250_reduced',
 'dataset_path': '/workspace/_ext/data/datasets/amine250_reduced/all.txt',
 'expert_sampling_batch_size': 8192,
 'explainer_load_dir': None,
 'explainer_type': None,
 'genetic_experts': ['SMILES'],
 'learning_rate': 0.001,
 'logger_type': 'CommandLine',
 'max_sampling_batch_size': 1024,
 'max_smiles_length': 100,
 'model_type': 'TransformerDecoder',
 'mutation_initial_rate': 0.01,
 'num_jobs': 8,
 'num_keep': 1024,
 'num_smiles_for_similarity': 100,
 'num_steps': 100,
 'project_qualified_name': '',
 'record_filtered': False,
 'sampling_strategy': 'softmax',
 'save_root': './results/',
 'seed': 404,
 'use_best': True,
 'use_cuda': True,
 'use_frozen_explainer': False,
 'use_initial': True}
benchmark_score
0.7641708901884344
[('C1CNCCN1', 1.0), ('C1CNCCNC1', 0.7555555555555555), ('C1CNCNCCN1', 0.7272727272727272), ('C1CNCCNCCN1', 0.7037037037037037), ('C1CCNCCNC1', 0.6666666666666666), ('C1CNCCNNCCN1', 0.6333333333333333), ('C1CNCCNCCNC1', 0.6333333333333333), ('C1CNCN1', 0.611111111111111), ('[C]1CNCCNCCN1', 0.5964912280701754), ('[CH]1CNCCNCCN1', 0.5964912280701754), ('[CH-]1CNCCNCCN1', 0.5964912280701754), ('[CH-]1CCNCCNCC1', 0.5964912280701754), ('[CH+]1CNCCNCCN1', 0.5964912280701754), ('[CH+]1CCNCCNCC1', 0.5964912280701754), ('[B]1CCNCCNCC1', 0.5964912280701754), ('[BH2-]1CNCCNCCN1', 0.5964912280701754), ('[BH2-]1CCNCCNCC1', 0.5964912280701754), ('[BH-]1CNCCNCCN1', 0.5964912280701754), ('[B-]1CNCCNCCN1', 0.5964912280701754), ('[B+]1CNCCNCCN1', 0.5964912280701754), ('C1CNC[Si]NCCN1', 0.5964912280701754), ('C1CNC[Se]NCCN1', 0.5964912280701754), ('C1CNC[SeH]NCCN1', 0.5964912280701754), ('C1CNC[SeH4+]NCCN1', 0.5964912280701754), ('C1CNC[SeH3]NCCN1', 0.5964912280701754), ('C1CNC[SeH3-]NCCN1', 0.5964912280701754), ('C1CNC[SeH3+]NCCN1', 0.5964912280701754), ('C1CNC[SeH2+]NCCN1', 0.5964912280701754), ('C1CNC[SeH-]NCCN1', 0.5964912280701754), ('C1CNC[Se-]NCCN1', 0.5964912280701754), ('C1CNC[Se+]NCCN1', 0.5964912280701754), ('C1CNC[SH3]NCCN1', 0.5964912280701754), ('C1CNC[SH3-]NCCN1', 0.5964912280701754), ('C1CNC[SH3+]NCCN1', 0.5964912280701754), ('C1CNC[SH2+]NCCN1', 0.5964912280701754), ('C1CNC[SH-]NCCN1', 0.5964912280701754), ('C1CNC[SH+]NCCN1', 0.5964912280701754), ('C1CNC[S-]NCCN1', 0.5964912280701754), ('C1CNC[P]NCCN1', 0.5964912280701754), ('C1CNC[PH4]NCCN1', 0.5964912280701754), ('C1CNC[PH4-]NCCN1', 0.5964912280701754), ('C1CNC[PH4+]NCCN1', 0.5964912280701754), ('C1CNC[PH3]NCCN1', 0.5964912280701754), ('C1CNC[PH2-]NCCN1', 0.5964912280701754), ('C1CNC[PH2+]NCCN1', 0.5964912280701754), ('C1CNC[P-]NCCN1', 0.5964912280701754), ('C1CNC[P+]NCCN1', 0.5964912280701754), ('C1CNC[NH+]NCCN1', 0.5964912280701754), ('C1CNC[N-]NCCN1', 0.5964912280701754), ('C1CNC[N+]NCCN1', 0.5964912280701754), ('C1CNC[IH4+]NCCN1', 0.5964912280701754), ('C1CNC[IH2-]NCCN1', 0.5964912280701754), ('C1CNC[IH-]NCCN1', 0.5964912280701754), ('C1CNC[IH+]NCCN1', 0.5964912280701754), ('C1CNC[I+]NCCN1', 0.5964912280701754), ('C1CNC[F+]NCCN1', 0.5964912280701754), ('C1CNC[CH2+]NCCN1', 0.5964912280701754), ('C1CNC[Br+]NCCN1', 0.5964912280701754), ('C1CNCSNCCN1', 0.5964912280701754), ('C1CNCONCCN1', 0.5964912280701754), ('C1CNCC[Se]CCN1', 0.5964912280701754), ('C1CNCC[SeH]CCN1', 0.5964912280701754), ('C1CNCC[SeH4]CCN1', 0.5964912280701754), ('C1CNCC[SeH3]CCN1', 0.5964912280701754), ('C1CNCC[SeH3+]CCN1', 0.5964912280701754), ('C1CNCC[SeH2]CCN1', 0.5964912280701754), ('C1CNCC[SeH2-]CCN1', 0.5964912280701754), ('C1CNCC[SeH2+]CCN1', 0.5964912280701754), ('C1CNCC[SH4]CCN1', 0.5964912280701754), ('C1CNCC[SH4+]CCN1', 0.5964912280701754), ('C1CNCC[SH3]CCN1', 0.5964912280701754), ('C1CNCC[SH2]CCN1', 0.5964912280701754), ('C1CNCC[SH2-]CCN1', 0.5964912280701754), ('C1CNCC[SH-]CCN1', 0.5964912280701754), ('C1CNCC[SH+]CCN1', 0.5964912280701754), ('C1CNCC[S+]CCN1', 0.5964912280701754), ('C1CNCC[P]CCN1', 0.5964912280701754), ('C1CNCC[PH4+]CCN1', 0.5964912280701754), ('C1CNCC[PH3]CCN1', 0.5964912280701754), ('C1CNCC[PH2]CCN1', 0.5964912280701754), ('C1CNCC[PH2-]CCN1', 0.5964912280701754), ('C1CNCC[PH2+]CCN1', 0.5964912280701754), ('C1CNCC[PH-]CCN1', 0.5964912280701754), ('C1CNCC[P-]CCN1', 0.5964912280701754), ('C1CNCC[P+]CCN1', 0.5964912280701754), ('C1CNCC[O+]CCN1', 0.5964912280701754), ('C1CNCC[I]CCN1', 0.5964912280701754), ('C1CNCC[IH3]CCN1', 0.5964912280701754), ('C1CNCC[IH2]CCN1', 0.5964912280701754), ('C1CNCC[IH2+]CCN1', 0.5964912280701754), ('C1CNCC[IH+]CCN1', 0.5964912280701754), ('C1CNCC[I+]CCN1', 0.5964912280701754), ('C1CNCC[Cl+]CCN1', 0.5964912280701754), ('C1CNCCPCCN1', 0.5964912280701754), ('C1CNCCNCC[N]1', 0.5964912280701754), ('C1CNCCNCC[N-]1', 0.5964912280701754), ('C1CNCCNCC[CH3+]1', 0.5964912280701754), ('B1CNCCNCCN1', 0.5964912280701754), ('B1CCNCCNCC1', 0.5964912280701754)]
