./results/240622_052549/
{'apprentice_load_dir': '/workspace/_ext/data/models/amine250_reduced/TransformerDecoder/240616_1504',
 'apprentice_sampling_batch_size': 8192,
 'apprentice_training_batch_size': 256,
 'apprentice_training_steps': 8,
 'benchmark_id': 23,
 'benchmark_type': 'amine',
 'dataset': 'amine250_reduced',
 'dataset_path': '/workspace/_ext/data/datasets/amine250_reduced/all.txt',
 'expert_sampling_batch_size': 8192,
 'explainer_load_dir': None,
 'explainer_type': None,
 'genetic_experts': ['SMILES'],
 'learning_rate': 0.001,
 'logger_type': 'CommandLine',
 'max_sampling_batch_size': 1024,
 'max_smiles_length': 100,
 'model_type': 'TransformerDecoder',
 'mutation_initial_rate': 0.01,
 'num_jobs': 8,
 'num_keep': 1024,
 'num_smiles_for_similarity': 100,
 'num_steps': 100,
 'project_qualified_name': '',
 'record_filtered': False,
 'sampling_strategy': 'softmax',
 'save_root': './results/',
 'seed': 404,
 'use_best': True,
 'use_cuda': True,
 'use_frozen_explainer': False,
 'use_initial': True}
benchmark_score
1.0
[('NCCCCO', 1.0), ('CONC(C)C', 1.0), ('COCN(C)C', 1.0), ('COCCCN', 1.0), ('COCC(C)N', 1.0), ('COC(C)CN', 1.0), ('COC(C)(C)N', 1.0), ('CNOC(C)C', 1.0), ('CNCCOC', 1.0), ('CNCCCO', 1.0), ('CNCC(C)O', 1.0), ('CNC(C)OC', 1.0), ('CNC(C)CO', 1.0), ('CNC(C)(C)O', 1.0), ('CN(C)CCO', 1.0), ('CCON(C)C', 1.0), ('CCOCNC', 1.0), ('CCOCCN', 1.0), ('CCOC(C)N', 1.0), ('CCNOCC', 1.0), ('CCNCOC', 1.0), ('CCNCCO', 1.0), ('CCNC(C)O', 1.0), ('CCN(O)CC', 1.0), ('CCN(C)OC', 1.0), ('CCN(C)CO', 1.0), ('CCCONC', 1.0), ('CCCOCN', 1.0), ('CCCNOC', 1.0), ('CCCNCO', 1.0), ('CCCN(C)O', 1.0), ('CCCCON', 1.0), ('CCCCNO', 1.0), ('CCCC(N)O', 1.0), ('CCC(O)NC', 1.0), ('CCC(O)CN', 1.0), ('CCC(N)OC', 1.0), ('CCC(N)CO', 1.0), ('CCC(C)ON', 1.0), ('CCC(C)NO', 1.0), ('CCC(C)(N)O', 1.0), ('CC(O)N(C)C', 1.0), ('CC(O)CCN', 1.0), ('CC(N)CCO', 1.0), ('CC(N)C(C)O', 1.0), ('CC(CN)CO', 1.0), ('CC(C)OCN', 1.0), ('CC(C)NCO', 1.0), ('CC(C)N(C)O', 1.0), ('CC(C)CON', 1.0), ('CC(C)CNO', 1.0), ('CC(C)C(N)O', 1.0), ('CC(C)(O)CN', 1.0), ('CC(C)(N)CO', 1.0), ('CC(C)(C)ON', 1.0), ('CC(C)(C)NO', 1.0)]
