./results/240621_105120/
{'apprentice_load_dir': '/workspace/_ext/data/models/amine250_reduced/TransformerDecoder/240616_1504',
 'apprentice_sampling_batch_size': 8192,
 'apprentice_training_batch_size': 256,
 'apprentice_training_steps': 8,
 'benchmark_id': 14,
 'benchmark_type': 'amine',
 'dataset': 'amine250_reduced',
 'dataset_path': '/workspace/_ext/data/datasets/amine250_reduced/all.txt',
 'expert_sampling_batch_size': 8192,
 'explainer_load_dir': None,
 'explainer_type': None,
 'genetic_experts': ['SMILES'],
 'learning_rate': 0.001,
 'logger_type': 'CommandLine',
 'max_sampling_batch_size': 1024,
 'max_smiles_length': 100,
 'model_type': 'TransformerDecoder',
 'mutation_initial_rate': 0.01,
 'num_jobs': 8,
 'num_keep': 1024,
 'num_smiles_for_similarity': 100,
 'num_steps': 100,
 'project_qualified_name': '',
 'record_filtered': False,
 'sampling_strategy': 'softmax',
 'save_root': './results/',
 'seed': 404,
 'use_best': True,
 'use_cuda': True,
 'use_frozen_explainer': False,
 'use_initial': True}
benchmark_score
0.8281818181818182
[('CC(O)CN(C)C', 1.0), ('[CH]C(O)CN(C)C', 0.7272727272727272), ('[CH2]N(C)CC(C)O', 0.7272727272727272), ('[CH2]C(O)CN(C)C', 0.7272727272727272), ('[CH2-]N(C)CC(C)O', 0.7272727272727272), ('[CH2-]C(O)CN(C)C', 0.7272727272727272), ('[CH-]N(C)CC(C)O', 0.7272727272727272), ('[CH-]C(C)CN(C)C', 0.7272727272727272), ('[CH+]C(O)CN(C)C', 0.7272727272727272), ('[C-]N(C)CC(C)O', 0.7272727272727272), ('[C-]C(O)CN(C)C', 0.7272727272727272), ('[C+]N(C)CC(C)O', 0.7272727272727272), ('[C+]C(O)CN(C)C', 0.7272727272727272), ('[B]N(C)CC(C)O', 0.7272727272727272), ('[B]C(O)CN(C)C', 0.7272727272727272), ('[BH]N(C)CC(C)O', 0.7272727272727272), ('[BH]C(O)CN(C)C', 0.7272727272727272), ('[BH3-]C(O)CN(C)C', 0.7272727272727272), ('[BH2-]C(C)CN(C)C', 0.7272727272727272), ('[BH-]N(C)CC(C)O', 0.7272727272727272), ('[BH-]C(O)CN(C)C', 0.7272727272727272), ('[BH+]C(O)CN(C)C', 0.7272727272727272), ('[BH+]C(C)CN(C)C', 0.7272727272727272), ('[B-]C(O)CN(C)C', 0.7272727272727272), ('[B-]C(C)CN(C)C', 0.7272727272727272), ('[B+]N(C)CC(C)O', 0.7272727272727272), ('[B+]C(C)CN(C)C', 0.7272727272727272), ('CN(C)CC([O-])O', 0.7272727272727272), ('CN(C)CC([NH-])O', 0.7272727272727272), ('CN(C)CC([N-])O', 0.7272727272727272), ('CN(C)CC(O)[SH4]', 0.7272727272727272), ('CN(C)CC(O)[SH3-]', 0.7272727272727272), ('CN(C)CC(O)[SH3+]', 0.7272727272727272), ('CN(C)CC(O)[SH2]', 0.7272727272727272), ('CN(C)CC(O)[SH2-]', 0.7272727272727272), ('CN(C)CC(O)[SH+]', 0.7272727272727272), ('CN(C)CC(O)[S-]', 0.7272727272727272), ('CN(C)CC(O)[P]', 0.7272727272727272), ('CN(C)CC(O)[PH4]', 0.7272727272727272), ('CN(C)CC(O)[PH4-]', 0.7272727272727272), ('CN(C)CC(O)[PH4+]', 0.7272727272727272), ('CN(C)CC(O)[OH2+]', 0.7272727272727272), ('CN(C)CC(O)[OH+]', 0.7272727272727272), ('CN(C)CC(O)[IH4+]', 0.7272727272727272), ('CN(C)CC(O)[IH2-]', 0.7272727272727272), ('CN(C)CC(O)[FH+]', 0.7272727272727272), ('CN(C)CC(O)[Cl+]', 0.7272727272727272), ('CN(C)CC(O)Br', 0.7272727272727272), ('CC([Si])CN(C)C', 0.7272727272727272), ('CC([SH4-])CN(C)C', 0.7272727272727272), ('CC([SH3-])CN(C)C', 0.7272727272727272), ('CC([S-])CN(C)C', 0.7272727272727272), ('CC([PH4])CN(C)C', 0.7272727272727272), ('CC([PH4-])CN(C)C', 0.7272727272727272), ('CC([PH3-])CN(C)C', 0.7272727272727272), ('CC([PH-])CN(C)C', 0.7272727272727272), ('CC([P+])CN(C)C', 0.7272727272727272), ('CC([O])CN(C)C', 0.7272727272727272), ('CC([O-])CN(C)C', 0.7272727272727272), ('CC([NH])CN(C)C', 0.7272727272727272), ('CC([NH3+])CN(C)C', 0.7272727272727272), ('CC([N+])CN(C)C', 0.7272727272727272), ('CC([IH4])CN(C)C', 0.7272727272727272), ('CC([IH3-])CN(C)C', 0.7272727272727272), ('CC([IH3+])CN(C)C', 0.7272727272727272), ('CC([IH-])CN(C)C', 0.7272727272727272), ('CC([IH+])CN(C)C', 0.7272727272727272), ('CC([I-])CN(C)C', 0.7272727272727272), ('CC([FH+])CN(C)C', 0.7272727272727272), ('CC([F+])CN(C)C', 0.7272727272727272), ('CC([ClH+])CN(C)C', 0.7272727272727272), ('CC([CH4+])CN(C)C', 0.7272727272727272), ('CC([CH3+])CN(C)C', 0.7272727272727272), ('CC(O)CN(C)[Si]', 0.7272727272727272), ('CC(O)CN(C)[SH4]', 0.7272727272727272), ('CC(O)CN(C)[SH3]', 0.7272727272727272), ('CC(O)CN(C)[SH3-]', 0.7272727272727272), ('CC(O)CN(C)[SH2]', 0.7272727272727272), ('CC(O)CN(C)[SH2+]', 0.7272727272727272), ('CC(O)CN(C)[PH4]', 0.7272727272727272), ('CC(O)CN(C)[PH4+]', 0.7272727272727272), ('CC(O)CN(C)[PH3]', 0.7272727272727272), ('CC(O)CN(C)[P-]', 0.7272727272727272), ('CC(O)CN(C)[O-]', 0.7272727272727272), ('CC(O)CN(C)[O+]', 0.7272727272727272), ('CC(O)CN(C)[NH3+]', 0.7272727272727272), ('CC(O)CN(C)[N+]', 0.7272727272727272), ('CC(O)CN(C)[IH4]', 0.7272727272727272), ('CC(O)CN(C)[IH3-]', 0.7272727272727272), ('CC(O)CN(C)[IH2]', 0.7272727272727272), ('CC(O)CN(C)[IH2-]', 0.7272727272727272), ('CC(O)CN(C)[IH+]', 0.7272727272727272), ('CC(O)CN(C)[I-]', 0.7272727272727272), ('CC(O)CN(C)[FH+]', 0.7272727272727272), ('CC(O)CN(C)[F+]', 0.7272727272727272), ('CC(O)CN(C)[ClH+]', 0.7272727272727272), ('CC(O)CN(C)[CH3+]', 0.7272727272727272), ('CC(O)CN(C)N', 0.7272727272727272), ('CC(N)CN(C)C', 0.7272727272727272), ('CC(Br)CN(C)C', 0.7272727272727272)]
