./results/240622_024840/
{'apprentice_load_dir': '/workspace/_ext/data/models/amine250_reduced/TransformerDecoder/240616_1504',
 'apprentice_sampling_batch_size': 8192,
 'apprentice_training_batch_size': 256,
 'apprentice_training_steps': 8,
 'benchmark_id': 19,
 'benchmark_type': 'amine',
 'dataset': 'amine250_reduced',
 'dataset_path': '/workspace/_ext/data/datasets/amine250_reduced/all.txt',
 'expert_sampling_batch_size': 8192,
 'explainer_load_dir': None,
 'explainer_type': None,
 'genetic_experts': ['SMILES'],
 'learning_rate': 0.001,
 'logger_type': 'CommandLine',
 'max_sampling_batch_size': 1024,
 'max_smiles_length': 100,
 'model_type': 'TransformerDecoder',
 'mutation_initial_rate': 0.01,
 'num_jobs': 8,
 'num_keep': 1024,
 'num_smiles_for_similarity': 100,
 'num_steps': 100,
 'project_qualified_name': '',
 'record_filtered': False,
 'sampling_strategy': 'softmax',
 'save_root': './results/',
 'seed': 404,
 'use_best': True,
 'use_cuda': True,
 'use_frozen_explainer': False,
 'use_initial': True}
benchmark_score
0.9392850772686954
[('NCCNCCNCCN', 1.0), ('N.NCCNCCNCCN', 1.0), ('NCCNCCNCCNCCN', 0.9855072463768115), ('N.NCCNCCNCCNCCN', 0.9645390070921986), ('NCCCNCCNCCN', 0.9523809523809523), ('N.NCCCNCCNCCN', 0.9302325581395349), ('[N]CCNCCNCCN', 0.8780487804878049), ('[NH]CCNCCNCCN', 0.8780487804878049), ('[NH-]CCNCCNCCN', 0.8780487804878049), ('[NH+]CCNCCNCCN', 0.8780487804878049), ('[N-]CCNCCNCCN', 0.8780487804878049), ('[N+]CCNCCNCCN', 0.8780487804878049), ('[C]CCNCCNCCN', 0.8780487804878049), ('[CH]CCNCCNCCN', 0.8780487804878049), ('[CH3+]CCNCCNCCN', 0.8780487804878049), ('[CH2]CCNCCNCCN', 0.8780487804878049), ('[CH2-]CCNCCNCCN', 0.8780487804878049), ('[CH2+]CCNCCNCCN', 0.8780487804878049), ('[CH-]CCNCCNCCN', 0.8780487804878049), ('[CH+]CCNCCNCCN', 0.8780487804878049), ('[C-]CCNCCNCCN', 0.8780487804878049), ('[C+]CCNCCNCCN', 0.8780487804878049), ('[B]CCNCCNCCN', 0.8780487804878049), ('[BH]CCNCCNCCN', 0.8780487804878049), ('[BH3-]CCNCCNCCN', 0.8780487804878049), ('[BH2-]CCNCCNCCN', 0.8780487804878049), ('[BH-]CCNCCNCCN', 0.8780487804878049), ('[BH+]CCNCCNCCN', 0.8780487804878049), ('[B-]CCNCCNCCN', 0.8780487804878049), ('[B+]CCNCCNCCN', 0.8780487804878049), ('NCCNCCNCC[Si]', 0.8780487804878049), ('NCCNCCNCC[Si-]', 0.8780487804878049), ('NCCNCCNCC[Si+]', 0.8780487804878049), ('NCCNCCNCC[Se]', 0.8780487804878049), ('NCCNCCNCC[SeH]', 0.8780487804878049), ('NCCNCCNCC[SeH3]', 0.8780487804878049), ('NCCNCCNCC[SeH3-]', 0.8780487804878049), ('NCCNCCNCC[SeH3+]', 0.8780487804878049), ('NCCNCCNCC[SeH2]', 0.8780487804878049), ('NCCNCCNCC[SeH2-]', 0.8780487804878049), ('NCCNCCNCC[SeH2+]', 0.8780487804878049), ('NCCNCCNCC[SeH-]', 0.8780487804878049), ('NCCNCCNCC[SeH+]', 0.8780487804878049), ('NCCNCCNCC[Se-]', 0.8780487804878049), ('NCCNCCNCC[Se+]', 0.8780487804878049), ('NCCNCCNCC[S]', 0.8780487804878049), ('NCCNCCNCC[SH3]', 0.8780487804878049), ('NCCNCCNCC[SH3-]', 0.8780487804878049), ('NCCNCCNCC[SH3+]', 0.8780487804878049), ('NCCNCCNCC[SH2]', 0.8780487804878049), ('NCCNCCNCC[SH2-]', 0.8780487804878049), ('NCCNCCNCC[SH2+]', 0.8780487804878049), ('NCCNCCNCC[SH-]', 0.8780487804878049), ('NCCNCCNCC[SH+]', 0.8780487804878049), ('NCCNCCNCC[S-]', 0.8780487804878049), ('NCCNCCNCC[S+]', 0.8780487804878049), ('NCCNCCNCC[P]', 0.8780487804878049), ('NCCNCCNCC[PH]', 0.8780487804878049), ('NCCNCCNCC[PH3]', 0.8780487804878049), ('NCCNCCNCC[PH3-]', 0.8780487804878049), ('NCCNCCNCC[PH3+]', 0.8780487804878049), ('NCCNCCNCC[PH2-]', 0.8780487804878049), ('NCCNCCNCC[PH2+]', 0.8780487804878049), ('NCCNCCNCC[PH-]', 0.8780487804878049), ('NCCNCCNCC[PH+]', 0.8780487804878049), ('NCCNCCNCC[P-]', 0.8780487804878049), ('NCCNCCNCC[P+]', 0.8780487804878049), ('NCCNCCNCC[O]', 0.8780487804878049), ('NCCNCCNCC[OH+]', 0.8780487804878049), ('NCCNCCNCC[O-]', 0.8780487804878049), ('NCCNCCNCC[O+]', 0.8780487804878049), ('NCCNCCNCC[NH3+]', 0.8780487804878049), ('NCCNCCNCC[NH2+]', 0.8780487804878049), ('NCCNCCNCC[IH]', 0.8780487804878049), ('NCCNCCNCC[IH3]', 0.8780487804878049), ('NCCNCCNCC[IH3-]', 0.8780487804878049), ('NCCNCCNCC[IH3+]', 0.8780487804878049), ('NCCNCCNCC[IH2]', 0.8780487804878049), ('NCCNCCNCC[IH2-]', 0.8780487804878049), ('NCCNCCNCC[IH2+]', 0.8780487804878049), ('NCCNCCNCC[IH-]', 0.8780487804878049), ('NCCNCCNCC[IH+]', 0.8780487804878049), ('NCCNCCNCC[I-]', 0.8780487804878049), ('NCCNCCNCC[I+]', 0.8780487804878049), ('NCCNCCNCC[F+]', 0.8780487804878049), ('NCCNCCNCC[Cl+]', 0.8780487804878049), ('NCCNCCNCC[Br+]', 0.8780487804878049), ('NCCNCCNCC[Br+2]', 0.8780487804878049), ('NCCNCCNCCS', 0.8780487804878049), ('NCCNCCNCCP', 0.8780487804878049), ('NCCNCCNCCO', 0.8780487804878049), ('NCCNCCNCCI', 0.8780487804878049), ('NCCNCCNCCF', 0.8780487804878049), ('NCCNCCNCCCl', 0.8780487804878049), ('NCCNCCNCCBr', 0.8780487804878049), ('CCCNCCNCCN', 0.8780487804878049), ('BCCNCCNCCN', 0.8780487804878049), ('NCCNCCNCNCCN', 0.8695652173913043), ('NCCCCNCCNCCN', 0.8695652173913043), ('NCCNCCCNCCNCCN', 0.8627450980392157)]
